[2023-10-20 23:22:17,227] {taskinstance.py:1179} INFO - Dependencies all met for <TaskInstance: mi_primer_dag_v3.segunda_tarea scheduled__2023-03-24T00:00:00+00:00 [queued]>
[2023-10-20 23:22:17,238] {taskinstance.py:1179} INFO - Dependencies all met for <TaskInstance: mi_primer_dag_v3.segunda_tarea scheduled__2023-03-24T00:00:00+00:00 [queued]>
[2023-10-20 23:22:17,239] {taskinstance.py:1376} INFO - 
--------------------------------------------------------------------------------
[2023-10-20 23:22:17,240] {taskinstance.py:1377} INFO - Starting attempt 1 of 6
[2023-10-20 23:22:17,240] {taskinstance.py:1378} INFO - 
--------------------------------------------------------------------------------
[2023-10-20 23:22:17,255] {taskinstance.py:1397} INFO - Executing <Task(BashOperator): segunda_tarea> on 2023-03-24 00:00:00+00:00
[2023-10-20 23:22:17,260] {standard_task_runner.py:52} INFO - Started process 2382 to run task
[2023-10-20 23:22:17,264] {standard_task_runner.py:79} INFO - Running: ['***', 'tasks', 'run', 'mi_primer_dag_v3', 'segunda_tarea', 'scheduled__2023-03-24T00:00:00+00:00', '--job-id', '707', '--raw', '--subdir', 'DAGS_FOLDER/primer_dag_v3.py', '--cfg-path', '/tmp/tmpkdwbjflo', '--error-file', '/tmp/tmpdgbojwcb']
[2023-10-20 23:22:17,265] {standard_task_runner.py:80} INFO - Job 707: Subtask segunda_tarea
[2023-10-20 23:22:17,334] {task_command.py:371} INFO - Running <TaskInstance: mi_primer_dag_v3.segunda_tarea scheduled__2023-03-24T00:00:00+00:00 [running]> on host dfdda228c9fc
[2023-10-20 23:22:17,410] {taskinstance.py:1591} INFO - Exporting the following env vars:
AIRFLOW_CTX_DAG_OWNER=DavidBU
AIRFLOW_CTX_DAG_ID=mi_primer_dag_v3
AIRFLOW_CTX_TASK_ID=segunda_tarea
AIRFLOW_CTX_EXECUTION_DATE=2023-03-24T00:00:00+00:00
AIRFLOW_CTX_TRY_NUMBER=1
AIRFLOW_CTX_DAG_RUN_ID=scheduled__2023-03-24T00:00:00+00:00
[2023-10-20 23:22:17,412] {subprocess.py:62} INFO - Tmp dir root location: 
 /tmp
[2023-10-20 23:22:17,413] {subprocess.py:74} INFO - Running command: ['bash', '-c', 'echo hola, soy la tarea 2 y sere corrida luego de la Tarea 1']
[2023-10-20 23:22:17,421] {subprocess.py:85} INFO - Output:
[2023-10-20 23:22:17,422] {subprocess.py:92} INFO - hola, soy la tarea 2 y sere corrida luego de la Tarea 1
[2023-10-20 23:22:17,423] {subprocess.py:96} INFO - Command exited with return code 0
[2023-10-20 23:22:17,453] {taskinstance.py:1420} INFO - Marking task as SUCCESS. dag_id=mi_primer_dag_v3, task_id=segunda_tarea, execution_date=20230324T000000, start_date=20231020T232217, end_date=20231020T232217
[2023-10-20 23:22:17,476] {local_task_job.py:156} INFO - Task exited with return code 0
[2023-10-20 23:22:17,515] {local_task_job.py:273} INFO - 0 downstream tasks scheduled from follow-on schedule check
