[2023-10-20 23:20:47,542] {taskinstance.py:1179} INFO - Dependencies all met for <TaskInstance: mi_primer_dag_v3.primera_tarea scheduled__2022-09-27T00:00:00+00:00 [queued]>
[2023-10-20 23:20:47,558] {taskinstance.py:1179} INFO - Dependencies all met for <TaskInstance: mi_primer_dag_v3.primera_tarea scheduled__2022-09-27T00:00:00+00:00 [queued]>
[2023-10-20 23:20:47,559] {taskinstance.py:1376} INFO - 
--------------------------------------------------------------------------------
[2023-10-20 23:20:47,560] {taskinstance.py:1377} INFO - Starting attempt 1 of 6
[2023-10-20 23:20:47,561] {taskinstance.py:1378} INFO - 
--------------------------------------------------------------------------------
[2023-10-20 23:20:47,589] {taskinstance.py:1397} INFO - Executing <Task(BashOperator): primera_tarea> on 2022-09-27 00:00:00+00:00
[2023-10-20 23:20:47,597] {standard_task_runner.py:52} INFO - Started process 723 to run task
[2023-10-20 23:20:47,602] {standard_task_runner.py:79} INFO - Running: ['***', 'tasks', 'run', 'mi_primer_dag_v3', 'primera_tarea', 'scheduled__2022-09-27T00:00:00+00:00', '--job-id', '170', '--raw', '--subdir', 'DAGS_FOLDER/primer_dag_v3.py', '--cfg-path', '/tmp/tmpxb57_fad', '--error-file', '/tmp/tmpayqk38t2']
[2023-10-20 23:20:47,604] {standard_task_runner.py:80} INFO - Job 170: Subtask primera_tarea
[2023-10-20 23:20:47,721] {task_command.py:371} INFO - Running <TaskInstance: mi_primer_dag_v3.primera_tarea scheduled__2022-09-27T00:00:00+00:00 [running]> on host dfdda228c9fc
[2023-10-20 23:20:47,827] {taskinstance.py:1591} INFO - Exporting the following env vars:
AIRFLOW_CTX_DAG_OWNER=DavidBU
AIRFLOW_CTX_DAG_ID=mi_primer_dag_v3
AIRFLOW_CTX_TASK_ID=primera_tarea
AIRFLOW_CTX_EXECUTION_DATE=2022-09-27T00:00:00+00:00
AIRFLOW_CTX_TRY_NUMBER=1
AIRFLOW_CTX_DAG_RUN_ID=scheduled__2022-09-27T00:00:00+00:00
[2023-10-20 23:20:47,829] {subprocess.py:62} INFO - Tmp dir root location: 
 /tmp
[2023-10-20 23:20:47,830] {subprocess.py:74} INFO - Running command: ['bash', '-c', 'echo hola mundo, esta es nuestra primera tarea!']
[2023-10-20 23:20:47,840] {subprocess.py:85} INFO - Output:
[2023-10-20 23:20:47,842] {subprocess.py:92} INFO - hola mundo, esta es nuestra primera tarea!
[2023-10-20 23:20:47,843] {subprocess.py:96} INFO - Command exited with return code 0
[2023-10-20 23:20:47,881] {taskinstance.py:1420} INFO - Marking task as SUCCESS. dag_id=mi_primer_dag_v3, task_id=primera_tarea, execution_date=20220927T000000, start_date=20231020T232047, end_date=20231020T232047
[2023-10-20 23:20:47,935] {local_task_job.py:156} INFO - Task exited with return code 0
[2023-10-20 23:20:48,117] {local_task_job.py:273} INFO - 0 downstream tasks scheduled from follow-on schedule check
