[2023-10-20 23:28:09,771] {taskinstance.py:1179} INFO - Dependencies all met for <TaskInstance: mi_primer_dag_v3.primera_tarea scheduled__2023-08-26T00:00:00+00:00 [queued]>
[2023-10-20 23:28:09,787] {taskinstance.py:1179} INFO - Dependencies all met for <TaskInstance: mi_primer_dag_v3.primera_tarea scheduled__2023-08-26T00:00:00+00:00 [queued]>
[2023-10-20 23:28:09,787] {taskinstance.py:1376} INFO - 
--------------------------------------------------------------------------------
[2023-10-20 23:28:09,788] {taskinstance.py:1377} INFO - Starting attempt 1 of 6
[2023-10-20 23:28:09,789] {taskinstance.py:1378} INFO - 
--------------------------------------------------------------------------------
[2023-10-20 23:28:09,816] {taskinstance.py:1397} INFO - Executing <Task(BashOperator): primera_tarea> on 2023-08-26 00:00:00+00:00
[2023-10-20 23:28:09,822] {standard_task_runner.py:52} INFO - Started process 263 to run task
[2023-10-20 23:28:09,827] {standard_task_runner.py:79} INFO - Running: ['***', 'tasks', 'run', 'mi_primer_dag_v3', 'primera_tarea', 'scheduled__2023-08-26T00:00:00+00:00', '--job-id', '1178', '--raw', '--subdir', 'DAGS_FOLDER/primer_dag_v3.py', '--cfg-path', '/tmp/tmpgvpsmmzj', '--error-file', '/tmp/tmpmgs2tp4m']
[2023-10-20 23:28:09,830] {standard_task_runner.py:80} INFO - Job 1178: Subtask primera_tarea
[2023-10-20 23:28:09,939] {task_command.py:371} INFO - Running <TaskInstance: mi_primer_dag_v3.primera_tarea scheduled__2023-08-26T00:00:00+00:00 [running]> on host dfdda228c9fc
[2023-10-20 23:28:10,077] {taskinstance.py:1591} INFO - Exporting the following env vars:
AIRFLOW_CTX_DAG_OWNER=DavidBU
AIRFLOW_CTX_DAG_ID=mi_primer_dag_v3
AIRFLOW_CTX_TASK_ID=primera_tarea
AIRFLOW_CTX_EXECUTION_DATE=2023-08-26T00:00:00+00:00
AIRFLOW_CTX_TRY_NUMBER=1
AIRFLOW_CTX_DAG_RUN_ID=scheduled__2023-08-26T00:00:00+00:00
[2023-10-20 23:28:10,078] {subprocess.py:62} INFO - Tmp dir root location: 
 /tmp
[2023-10-20 23:28:10,079] {subprocess.py:74} INFO - Running command: ['bash', '-c', 'echo hola mundo, esta es nuestra primera tarea!']
[2023-10-20 23:28:10,089] {subprocess.py:85} INFO - Output:
[2023-10-20 23:28:10,091] {subprocess.py:92} INFO - hola mundo, esta es nuestra primera tarea!
[2023-10-20 23:28:10,092] {subprocess.py:96} INFO - Command exited with return code 0
[2023-10-20 23:28:10,134] {taskinstance.py:1420} INFO - Marking task as SUCCESS. dag_id=mi_primer_dag_v3, task_id=primera_tarea, execution_date=20230826T000000, start_date=20231020T232809, end_date=20231020T232810
[2023-10-20 23:28:10,201] {local_task_job.py:156} INFO - Task exited with return code 0
[2023-10-20 23:28:10,320] {local_task_job.py:273} INFO - 0 downstream tasks scheduled from follow-on schedule check
