[2023-10-20 23:34:29,263] {taskinstance.py:1179} INFO - Dependencies all met for <TaskInstance: mi_primer_dar_con_PythonOperator.aloha_david scheduled__2023-05-14T00:00:00+00:00 [queued]>
[2023-10-20 23:34:29,277] {taskinstance.py:1179} INFO - Dependencies all met for <TaskInstance: mi_primer_dar_con_PythonOperator.aloha_david scheduled__2023-05-14T00:00:00+00:00 [queued]>
[2023-10-20 23:34:29,278] {taskinstance.py:1376} INFO - 
--------------------------------------------------------------------------------
[2023-10-20 23:34:29,279] {taskinstance.py:1377} INFO - Starting attempt 1 of 6
[2023-10-20 23:34:29,280] {taskinstance.py:1378} INFO - 
--------------------------------------------------------------------------------
[2023-10-20 23:34:29,299] {taskinstance.py:1397} INFO - Executing <Task(PythonOperator): aloha_david> on 2023-05-14 00:00:00+00:00
[2023-10-20 23:34:29,305] {standard_task_runner.py:52} INFO - Started process 1073 to run task
[2023-10-20 23:34:29,308] {standard_task_runner.py:79} INFO - Running: ['***', 'tasks', 'run', 'mi_primer_dar_con_PythonOperator', 'aloha_david', 'scheduled__2023-05-14T00:00:00+00:00', '--job-id', '1899', '--raw', '--subdir', 'DAGS_FOLDER/mi_primer_dag_pythonoperator.py', '--cfg-path', '/tmp/tmpef2hqgth', '--error-file', '/tmp/tmpwzdr8mcx']
[2023-10-20 23:34:29,310] {standard_task_runner.py:80} INFO - Job 1899: Subtask aloha_david
[2023-10-20 23:34:29,389] {task_command.py:371} INFO - Running <TaskInstance: mi_primer_dar_con_PythonOperator.aloha_david scheduled__2023-05-14T00:00:00+00:00 [running]> on host dfdda228c9fc
[2023-10-20 23:34:29,471] {taskinstance.py:1591} INFO - Exporting the following env vars:
AIRFLOW_CTX_DAG_OWNER=DavidBU
AIRFLOW_CTX_DAG_ID=mi_primer_dar_con_PythonOperator
AIRFLOW_CTX_TASK_ID=aloha_david
AIRFLOW_CTX_EXECUTION_DATE=2023-05-14T00:00:00+00:00
AIRFLOW_CTX_TRY_NUMBER=1
AIRFLOW_CTX_DAG_RUN_ID=scheduled__2023-05-14T00:00:00+00:00
[2023-10-20 23:34:29,473] {logging_mixin.py:115} INFO - Aloha Mundo soy yo!
[2023-10-20 23:34:29,473] {python.py:173} INFO - Done. Returned value was: None
[2023-10-20 23:34:29,486] {taskinstance.py:1420} INFO - Marking task as SUCCESS. dag_id=mi_primer_dar_con_PythonOperator, task_id=aloha_david, execution_date=20230514T000000, start_date=20231020T233429, end_date=20231020T233429
[2023-10-20 23:34:29,522] {local_task_job.py:156} INFO - Task exited with return code 0
[2023-10-20 23:34:29,555] {local_task_job.py:273} INFO - 0 downstream tasks scheduled from follow-on schedule check
