[2023-10-20 23:20:33,257] {taskinstance.py:1179} INFO - Dependencies all met for <TaskInstance: mi_primer_dag_v3.primera_tarea scheduled__2022-08-29T00:00:00+00:00 [queued]>
[2023-10-20 23:20:33,269] {taskinstance.py:1179} INFO - Dependencies all met for <TaskInstance: mi_primer_dag_v3.primera_tarea scheduled__2022-08-29T00:00:00+00:00 [queued]>
[2023-10-20 23:20:33,270] {taskinstance.py:1376} INFO - 
--------------------------------------------------------------------------------
[2023-10-20 23:20:33,270] {taskinstance.py:1377} INFO - Starting attempt 1 of 6
[2023-10-20 23:20:33,271] {taskinstance.py:1378} INFO - 
--------------------------------------------------------------------------------
[2023-10-20 23:20:33,294] {taskinstance.py:1397} INFO - Executing <Task(BashOperator): primera_tarea> on 2022-08-29 00:00:00+00:00
[2023-10-20 23:20:33,300] {standard_task_runner.py:52} INFO - Started process 448 to run task
[2023-10-20 23:20:33,304] {standard_task_runner.py:79} INFO - Running: ['***', 'tasks', 'run', 'mi_primer_dag_v3', 'primera_tarea', 'scheduled__2022-08-29T00:00:00+00:00', '--job-id', '79', '--raw', '--subdir', 'DAGS_FOLDER/primer_dag_v3.py', '--cfg-path', '/tmp/tmpdmrp56xi', '--error-file', '/tmp/tmpmy2c8rd0']
[2023-10-20 23:20:33,306] {standard_task_runner.py:80} INFO - Job 79: Subtask primera_tarea
[2023-10-20 23:20:33,388] {task_command.py:371} INFO - Running <TaskInstance: mi_primer_dag_v3.primera_tarea scheduled__2022-08-29T00:00:00+00:00 [running]> on host dfdda228c9fc
[2023-10-20 23:20:33,484] {taskinstance.py:1591} INFO - Exporting the following env vars:
AIRFLOW_CTX_DAG_OWNER=DavidBU
AIRFLOW_CTX_DAG_ID=mi_primer_dag_v3
AIRFLOW_CTX_TASK_ID=primera_tarea
AIRFLOW_CTX_EXECUTION_DATE=2022-08-29T00:00:00+00:00
AIRFLOW_CTX_TRY_NUMBER=1
AIRFLOW_CTX_DAG_RUN_ID=scheduled__2022-08-29T00:00:00+00:00
[2023-10-20 23:20:33,486] {subprocess.py:62} INFO - Tmp dir root location: 
 /tmp
[2023-10-20 23:20:33,487] {subprocess.py:74} INFO - Running command: ['bash', '-c', 'echo hola mundo, esta es nuestra primera tarea!']
[2023-10-20 23:20:33,496] {subprocess.py:85} INFO - Output:
[2023-10-20 23:20:33,497] {subprocess.py:92} INFO - hola mundo, esta es nuestra primera tarea!
[2023-10-20 23:20:33,498] {subprocess.py:96} INFO - Command exited with return code 0
[2023-10-20 23:20:33,543] {taskinstance.py:1420} INFO - Marking task as SUCCESS. dag_id=mi_primer_dag_v3, task_id=primera_tarea, execution_date=20220829T000000, start_date=20231020T232033, end_date=20231020T232033
[2023-10-20 23:20:33,596] {local_task_job.py:156} INFO - Task exited with return code 0
[2023-10-20 23:20:33,634] {local_task_job.py:273} INFO - 0 downstream tasks scheduled from follow-on schedule check
