[2023-10-20 23:28:42,501] {taskinstance.py:1179} INFO - Dependencies all met for <TaskInstance: mi_primer_dag.primer_task scheduled__2022-08-20T00:00:00+00:00 [queued]>
[2023-10-20 23:28:42,532] {taskinstance.py:1179} INFO - Dependencies all met for <TaskInstance: mi_primer_dag.primer_task scheduled__2022-08-20T00:00:00+00:00 [queued]>
[2023-10-20 23:28:42,534] {taskinstance.py:1376} INFO - 
--------------------------------------------------------------------------------
[2023-10-20 23:28:42,535] {taskinstance.py:1377} INFO - Starting attempt 1 of 6
[2023-10-20 23:28:42,537] {taskinstance.py:1378} INFO - 
--------------------------------------------------------------------------------
[2023-10-20 23:28:42,579] {taskinstance.py:1397} INFO - Executing <Task(BashOperator): primer_task> on 2022-08-20 00:00:00+00:00
[2023-10-20 23:28:42,587] {standard_task_runner.py:52} INFO - Started process 807 to run task
[2023-10-20 23:28:42,592] {standard_task_runner.py:79} INFO - Running: ['***', 'tasks', 'run', 'mi_primer_dag', 'primer_task', 'scheduled__2022-08-20T00:00:00+00:00', '--job-id', '1349', '--raw', '--subdir', 'DAGS_FOLDER/mi_primer_dag.py', '--cfg-path', '/tmp/tmpdg8dollz', '--error-file', '/tmp/tmpcr_2coyh']
[2023-10-20 23:28:42,594] {standard_task_runner.py:80} INFO - Job 1349: Subtask primer_task
[2023-10-20 23:28:42,694] {task_command.py:371} INFO - Running <TaskInstance: mi_primer_dag.primer_task scheduled__2022-08-20T00:00:00+00:00 [running]> on host dfdda228c9fc
[2023-10-20 23:28:42,832] {taskinstance.py:1591} INFO - Exporting the following env vars:
AIRFLOW_CTX_DAG_OWNER=DavidBU
AIRFLOW_CTX_DAG_ID=mi_primer_dag
AIRFLOW_CTX_TASK_ID=primer_task
AIRFLOW_CTX_EXECUTION_DATE=2022-08-20T00:00:00+00:00
AIRFLOW_CTX_TRY_NUMBER=1
AIRFLOW_CTX_DAG_RUN_ID=scheduled__2022-08-20T00:00:00+00:00
[2023-10-20 23:28:42,833] {subprocess.py:62} INFO - Tmp dir root location: 
 /tmp
[2023-10-20 23:28:42,834] {subprocess.py:74} INFO - Running command: ['bash', '-c', 'echo hola mundo, esta es nuestra primera tarea usando bash operator!']
[2023-10-20 23:28:42,845] {subprocess.py:85} INFO - Output:
[2023-10-20 23:28:42,847] {subprocess.py:92} INFO - hola mundo, esta es nuestra primera tarea usando bash operator!
[2023-10-20 23:28:42,848] {subprocess.py:96} INFO - Command exited with return code 0
[2023-10-20 23:28:42,893] {taskinstance.py:1420} INFO - Marking task as SUCCESS. dag_id=mi_primer_dag, task_id=primer_task, execution_date=20220820T000000, start_date=20231020T232842, end_date=20231020T232842
[2023-10-20 23:28:42,926] {local_task_job.py:156} INFO - Task exited with return code 0
[2023-10-20 23:28:42,968] {local_task_job.py:273} INFO - 0 downstream tasks scheduled from follow-on schedule check
