[2023-10-20 23:20:43,471] {taskinstance.py:1179} INFO - Dependencies all met for <TaskInstance: mi_primer_dag_v3.segunda_tarea scheduled__2022-09-16T00:00:00+00:00 [queued]>
[2023-10-20 23:20:43,491] {taskinstance.py:1179} INFO - Dependencies all met for <TaskInstance: mi_primer_dag_v3.segunda_tarea scheduled__2022-09-16T00:00:00+00:00 [queued]>
[2023-10-20 23:20:43,491] {taskinstance.py:1376} INFO - 
--------------------------------------------------------------------------------
[2023-10-20 23:20:43,493] {taskinstance.py:1377} INFO - Starting attempt 1 of 6
[2023-10-20 23:20:43,494] {taskinstance.py:1378} INFO - 
--------------------------------------------------------------------------------
[2023-10-20 23:20:43,524] {taskinstance.py:1397} INFO - Executing <Task(BashOperator): segunda_tarea> on 2022-09-16 00:00:00+00:00
[2023-10-20 23:20:43,530] {standard_task_runner.py:52} INFO - Started process 650 to run task
[2023-10-20 23:20:43,534] {standard_task_runner.py:79} INFO - Running: ['***', 'tasks', 'run', 'mi_primer_dag_v3', 'segunda_tarea', 'scheduled__2022-09-16T00:00:00+00:00', '--job-id', '146', '--raw', '--subdir', 'DAGS_FOLDER/primer_dag_v3.py', '--cfg-path', '/tmp/tmpz0waqatm', '--error-file', '/tmp/tmpwnss0ut6']
[2023-10-20 23:20:43,536] {standard_task_runner.py:80} INFO - Job 146: Subtask segunda_tarea
[2023-10-20 23:20:43,650] {task_command.py:371} INFO - Running <TaskInstance: mi_primer_dag_v3.segunda_tarea scheduled__2022-09-16T00:00:00+00:00 [running]> on host dfdda228c9fc
[2023-10-20 23:20:43,799] {taskinstance.py:1591} INFO - Exporting the following env vars:
AIRFLOW_CTX_DAG_OWNER=DavidBU
AIRFLOW_CTX_DAG_ID=mi_primer_dag_v3
AIRFLOW_CTX_TASK_ID=segunda_tarea
AIRFLOW_CTX_EXECUTION_DATE=2022-09-16T00:00:00+00:00
AIRFLOW_CTX_TRY_NUMBER=1
AIRFLOW_CTX_DAG_RUN_ID=scheduled__2022-09-16T00:00:00+00:00
[2023-10-20 23:20:43,801] {subprocess.py:62} INFO - Tmp dir root location: 
 /tmp
[2023-10-20 23:20:43,802] {subprocess.py:74} INFO - Running command: ['bash', '-c', 'echo hola, soy la tarea 2 y sere corrida luego de la Tarea 1']
[2023-10-20 23:20:43,820] {subprocess.py:85} INFO - Output:
[2023-10-20 23:20:43,823] {subprocess.py:92} INFO - hola, soy la tarea 2 y sere corrida luego de la Tarea 1
[2023-10-20 23:20:43,823] {subprocess.py:96} INFO - Command exited with return code 0
[2023-10-20 23:20:43,872] {taskinstance.py:1420} INFO - Marking task as SUCCESS. dag_id=mi_primer_dag_v3, task_id=segunda_tarea, execution_date=20220916T000000, start_date=20231020T232043, end_date=20231020T232043
[2023-10-20 23:20:43,952] {local_task_job.py:156} INFO - Task exited with return code 0
[2023-10-20 23:20:44,013] {local_task_job.py:273} INFO - 0 downstream tasks scheduled from follow-on schedule check
