[2023-10-20 23:23:25,253] {taskinstance.py:1179} INFO - Dependencies all met for <TaskInstance: mi_primer_dag_v3.tercera_tarea scheduled__2023-08-14T00:00:00+00:00 [queued]>
[2023-10-20 23:23:25,280] {taskinstance.py:1179} INFO - Dependencies all met for <TaskInstance: mi_primer_dag_v3.tercera_tarea scheduled__2023-08-14T00:00:00+00:00 [queued]>
[2023-10-20 23:23:25,287] {taskinstance.py:1376} INFO - 
--------------------------------------------------------------------------------
[2023-10-20 23:23:25,290] {taskinstance.py:1377} INFO - Starting attempt 1 of 6
[2023-10-20 23:23:25,290] {taskinstance.py:1378} INFO - 
--------------------------------------------------------------------------------
[2023-10-20 23:23:25,319] {taskinstance.py:1397} INFO - Executing <Task(BashOperator): tercera_tarea> on 2023-08-14 00:00:00+00:00
[2023-10-20 23:23:25,324] {standard_task_runner.py:52} INFO - Started process 3731 to run task
[2023-10-20 23:23:25,329] {standard_task_runner.py:79} INFO - Running: ['***', 'tasks', 'run', 'mi_primer_dag_v3', 'tercera_tarea', 'scheduled__2023-08-14T00:00:00+00:00', '--job-id', '1144', '--raw', '--subdir', 'DAGS_FOLDER/primer_dag_v3.py', '--cfg-path', '/tmp/tmpxnar8lur', '--error-file', '/tmp/tmppo14_fws']
[2023-10-20 23:23:25,331] {standard_task_runner.py:80} INFO - Job 1144: Subtask tercera_tarea
[2023-10-20 23:23:25,433] {task_command.py:371} INFO - Running <TaskInstance: mi_primer_dag_v3.tercera_tarea scheduled__2023-08-14T00:00:00+00:00 [running]> on host dfdda228c9fc
[2023-10-20 23:23:25,597] {taskinstance.py:1591} INFO - Exporting the following env vars:
AIRFLOW_CTX_DAG_OWNER=DavidBU
AIRFLOW_CTX_DAG_ID=mi_primer_dag_v3
AIRFLOW_CTX_TASK_ID=tercera_tarea
AIRFLOW_CTX_EXECUTION_DATE=2023-08-14T00:00:00+00:00
AIRFLOW_CTX_TRY_NUMBER=1
AIRFLOW_CTX_DAG_RUN_ID=scheduled__2023-08-14T00:00:00+00:00
[2023-10-20 23:23:25,600] {subprocess.py:62} INFO - Tmp dir root location: 
 /tmp
[2023-10-20 23:23:25,601] {subprocess.py:74} INFO - Running command: ['bash', '-c', 'echo hola, soy la tarea 3 y sere corrida luego de Tarea 1 al mismo tiempo que Tarea 2']
[2023-10-20 23:23:25,613] {subprocess.py:85} INFO - Output:
[2023-10-20 23:23:25,614] {subprocess.py:92} INFO - hola, soy la tarea 3 y sere corrida luego de Tarea 1 al mismo tiempo que Tarea 2
[2023-10-20 23:23:25,615] {subprocess.py:96} INFO - Command exited with return code 0
[2023-10-20 23:23:25,657] {taskinstance.py:1420} INFO - Marking task as SUCCESS. dag_id=mi_primer_dag_v3, task_id=tercera_tarea, execution_date=20230814T000000, start_date=20231020T232325, end_date=20231020T232325
[2023-10-20 23:23:25,705] {local_task_job.py:156} INFO - Task exited with return code 0
[2023-10-20 23:23:25,760] {local_task_job.py:273} INFO - 0 downstream tasks scheduled from follow-on schedule check
[2023-10-20 23:23:25,798] {local_task_job.py:84} ERROR - Received SIGTERM. Terminating subprocesses
[2023-10-20 23:23:25,809] {local_task_job.py:156} INFO - Task exited with return code 143
[2023-10-20 23:23:25,875] {local_task_job.py:273} INFO - 0 downstream tasks scheduled from follow-on schedule check
