[2023-10-20 23:21:45,963] {taskinstance.py:1179} INFO - Dependencies all met for <TaskInstance: mi_primer_dag_v3.segunda_tarea scheduled__2023-01-20T00:00:00+00:00 [queued]>
[2023-10-20 23:21:45,982] {taskinstance.py:1179} INFO - Dependencies all met for <TaskInstance: mi_primer_dag_v3.segunda_tarea scheduled__2023-01-20T00:00:00+00:00 [queued]>
[2023-10-20 23:21:45,983] {taskinstance.py:1376} INFO - 
--------------------------------------------------------------------------------
[2023-10-20 23:21:45,984] {taskinstance.py:1377} INFO - Starting attempt 1 of 6
[2023-10-20 23:21:45,985] {taskinstance.py:1378} INFO - 
--------------------------------------------------------------------------------
[2023-10-20 23:21:46,007] {taskinstance.py:1397} INFO - Executing <Task(BashOperator): segunda_tarea> on 2023-01-20 00:00:00+00:00
[2023-10-20 23:21:46,013] {standard_task_runner.py:52} INFO - Started process 1812 to run task
[2023-10-20 23:21:46,018] {standard_task_runner.py:79} INFO - Running: ['***', 'tasks', 'run', 'mi_primer_dag_v3', 'segunda_tarea', 'scheduled__2023-01-20T00:00:00+00:00', '--job-id', '523', '--raw', '--subdir', 'DAGS_FOLDER/primer_dag_v3.py', '--cfg-path', '/tmp/tmp_8zssu8u', '--error-file', '/tmp/tmpud15s0c3']
[2023-10-20 23:21:46,021] {standard_task_runner.py:80} INFO - Job 523: Subtask segunda_tarea
[2023-10-20 23:21:46,130] {task_command.py:371} INFO - Running <TaskInstance: mi_primer_dag_v3.segunda_tarea scheduled__2023-01-20T00:00:00+00:00 [running]> on host dfdda228c9fc
[2023-10-20 23:21:46,239] {taskinstance.py:1591} INFO - Exporting the following env vars:
AIRFLOW_CTX_DAG_OWNER=DavidBU
AIRFLOW_CTX_DAG_ID=mi_primer_dag_v3
AIRFLOW_CTX_TASK_ID=segunda_tarea
AIRFLOW_CTX_EXECUTION_DATE=2023-01-20T00:00:00+00:00
AIRFLOW_CTX_TRY_NUMBER=1
AIRFLOW_CTX_DAG_RUN_ID=scheduled__2023-01-20T00:00:00+00:00
[2023-10-20 23:21:46,240] {subprocess.py:62} INFO - Tmp dir root location: 
 /tmp
[2023-10-20 23:21:46,241] {subprocess.py:74} INFO - Running command: ['bash', '-c', 'echo hola, soy la tarea 2 y sere corrida luego de la Tarea 1']
[2023-10-20 23:21:46,251] {subprocess.py:85} INFO - Output:
[2023-10-20 23:21:46,252] {subprocess.py:92} INFO - hola, soy la tarea 2 y sere corrida luego de la Tarea 1
[2023-10-20 23:21:46,253] {subprocess.py:96} INFO - Command exited with return code 0
[2023-10-20 23:21:46,285] {taskinstance.py:1420} INFO - Marking task as SUCCESS. dag_id=mi_primer_dag_v3, task_id=segunda_tarea, execution_date=20230120T000000, start_date=20231020T232145, end_date=20231020T232146
[2023-10-20 23:21:46,311] {local_task_job.py:156} INFO - Task exited with return code 0
[2023-10-20 23:21:46,352] {local_task_job.py:273} INFO - 0 downstream tasks scheduled from follow-on schedule check
