[2023-10-20 23:20:33,837] {taskinstance.py:1179} INFO - Dependencies all met for <TaskInstance: mi_primer_dag_v3.segunda_tarea scheduled__2022-08-28T00:00:00+00:00 [queued]>
[2023-10-20 23:20:33,852] {taskinstance.py:1179} INFO - Dependencies all met for <TaskInstance: mi_primer_dag_v3.segunda_tarea scheduled__2022-08-28T00:00:00+00:00 [queued]>
[2023-10-20 23:20:33,852] {taskinstance.py:1376} INFO - 
--------------------------------------------------------------------------------
[2023-10-20 23:20:33,853] {taskinstance.py:1377} INFO - Starting attempt 1 of 6
[2023-10-20 23:20:33,853] {taskinstance.py:1378} INFO - 
--------------------------------------------------------------------------------
[2023-10-20 23:20:33,874] {taskinstance.py:1397} INFO - Executing <Task(BashOperator): segunda_tarea> on 2022-08-28 00:00:00+00:00
[2023-10-20 23:20:33,879] {standard_task_runner.py:52} INFO - Started process 470 to run task
[2023-10-20 23:20:33,883] {standard_task_runner.py:79} INFO - Running: ['***', 'tasks', 'run', 'mi_primer_dag_v3', 'segunda_tarea', 'scheduled__2022-08-28T00:00:00+00:00', '--job-id', '87', '--raw', '--subdir', 'DAGS_FOLDER/primer_dag_v3.py', '--cfg-path', '/tmp/tmpclowfn6j', '--error-file', '/tmp/tmpr1vuaoae']
[2023-10-20 23:20:33,885] {standard_task_runner.py:80} INFO - Job 87: Subtask segunda_tarea
[2023-10-20 23:20:33,977] {task_command.py:371} INFO - Running <TaskInstance: mi_primer_dag_v3.segunda_tarea scheduled__2022-08-28T00:00:00+00:00 [running]> on host dfdda228c9fc
[2023-10-20 23:20:34,068] {taskinstance.py:1591} INFO - Exporting the following env vars:
AIRFLOW_CTX_DAG_OWNER=DavidBU
AIRFLOW_CTX_DAG_ID=mi_primer_dag_v3
AIRFLOW_CTX_TASK_ID=segunda_tarea
AIRFLOW_CTX_EXECUTION_DATE=2022-08-28T00:00:00+00:00
AIRFLOW_CTX_TRY_NUMBER=1
AIRFLOW_CTX_DAG_RUN_ID=scheduled__2022-08-28T00:00:00+00:00
[2023-10-20 23:20:34,069] {subprocess.py:62} INFO - Tmp dir root location: 
 /tmp
[2023-10-20 23:20:34,070] {subprocess.py:74} INFO - Running command: ['bash', '-c', 'echo hola, soy la tarea 2 y sere corrida luego de la Tarea 1']
[2023-10-20 23:20:34,085] {subprocess.py:85} INFO - Output:
[2023-10-20 23:20:34,088] {subprocess.py:92} INFO - hola, soy la tarea 2 y sere corrida luego de la Tarea 1
[2023-10-20 23:20:34,088] {subprocess.py:96} INFO - Command exited with return code 0
[2023-10-20 23:20:34,121] {taskinstance.py:1420} INFO - Marking task as SUCCESS. dag_id=mi_primer_dag_v3, task_id=segunda_tarea, execution_date=20220828T000000, start_date=20231020T232033, end_date=20231020T232034
[2023-10-20 23:20:34,176] {local_task_job.py:156} INFO - Task exited with return code 0
[2023-10-20 23:20:34,208] {local_task_job.py:273} INFO - 0 downstream tasks scheduled from follow-on schedule check
