[2023-10-20 23:22:21,973] {taskinstance.py:1179} INFO - Dependencies all met for <TaskInstance: mi_primer_dag_v3.primera_tarea scheduled__2023-04-03T00:00:00+00:00 [queued]>
[2023-10-20 23:22:21,995] {taskinstance.py:1179} INFO - Dependencies all met for <TaskInstance: mi_primer_dag_v3.primera_tarea scheduled__2023-04-03T00:00:00+00:00 [queued]>
[2023-10-20 23:22:21,996] {taskinstance.py:1376} INFO - 
--------------------------------------------------------------------------------
[2023-10-20 23:22:21,998] {taskinstance.py:1377} INFO - Starting attempt 1 of 6
[2023-10-20 23:22:21,999] {taskinstance.py:1378} INFO - 
--------------------------------------------------------------------------------
[2023-10-20 23:22:22,037] {taskinstance.py:1397} INFO - Executing <Task(BashOperator): primera_tarea> on 2023-04-03 00:00:00+00:00
[2023-10-20 23:22:22,043] {standard_task_runner.py:52} INFO - Started process 2455 to run task
[2023-10-20 23:22:22,051] {standard_task_runner.py:79} INFO - Running: ['***', 'tasks', 'run', 'mi_primer_dag_v3', 'primera_tarea', 'scheduled__2023-04-03T00:00:00+00:00', '--job-id', '730', '--raw', '--subdir', 'DAGS_FOLDER/primer_dag_v3.py', '--cfg-path', '/tmp/tmpc_6hdgkd', '--error-file', '/tmp/tmpngwq2vmu']
[2023-10-20 23:22:22,053] {standard_task_runner.py:80} INFO - Job 730: Subtask primera_tarea
[2023-10-20 23:22:22,170] {task_command.py:371} INFO - Running <TaskInstance: mi_primer_dag_v3.primera_tarea scheduled__2023-04-03T00:00:00+00:00 [running]> on host dfdda228c9fc
[2023-10-20 23:22:22,285] {taskinstance.py:1591} INFO - Exporting the following env vars:
AIRFLOW_CTX_DAG_OWNER=DavidBU
AIRFLOW_CTX_DAG_ID=mi_primer_dag_v3
AIRFLOW_CTX_TASK_ID=primera_tarea
AIRFLOW_CTX_EXECUTION_DATE=2023-04-03T00:00:00+00:00
AIRFLOW_CTX_TRY_NUMBER=1
AIRFLOW_CTX_DAG_RUN_ID=scheduled__2023-04-03T00:00:00+00:00
[2023-10-20 23:22:22,287] {subprocess.py:62} INFO - Tmp dir root location: 
 /tmp
[2023-10-20 23:22:22,288] {subprocess.py:74} INFO - Running command: ['bash', '-c', 'echo hola mundo, esta es nuestra primera tarea!']
[2023-10-20 23:22:22,299] {subprocess.py:85} INFO - Output:
[2023-10-20 23:22:22,301] {subprocess.py:92} INFO - hola mundo, esta es nuestra primera tarea!
[2023-10-20 23:22:22,302] {subprocess.py:96} INFO - Command exited with return code 0
[2023-10-20 23:22:22,341] {taskinstance.py:1420} INFO - Marking task as SUCCESS. dag_id=mi_primer_dag_v3, task_id=primera_tarea, execution_date=20230403T000000, start_date=20231020T232221, end_date=20231020T232222
[2023-10-20 23:22:22,388] {local_task_job.py:156} INFO - Task exited with return code 0
[2023-10-20 23:22:22,440] {local_task_job.py:273} INFO - 2 downstream tasks scheduled from follow-on schedule check
