[2023-10-20 23:20:27,763] {taskinstance.py:1179} INFO - Dependencies all met for <TaskInstance: mi_primer_dag_v3.tercera_tarea scheduled__2022-08-15T00:00:00+00:00 [queued]>
[2023-10-20 23:20:27,776] {taskinstance.py:1179} INFO - Dependencies all met for <TaskInstance: mi_primer_dag_v3.tercera_tarea scheduled__2022-08-15T00:00:00+00:00 [queued]>
[2023-10-20 23:20:27,776] {taskinstance.py:1376} INFO - 
--------------------------------------------------------------------------------
[2023-10-20 23:20:27,777] {taskinstance.py:1377} INFO - Starting attempt 1 of 6
[2023-10-20 23:20:27,778] {taskinstance.py:1378} INFO - 
--------------------------------------------------------------------------------
[2023-10-20 23:20:27,794] {taskinstance.py:1397} INFO - Executing <Task(BashOperator): tercera_tarea> on 2022-08-15 00:00:00+00:00
[2023-10-20 23:20:27,798] {standard_task_runner.py:52} INFO - Started process 350 to run task
[2023-10-20 23:20:27,801] {standard_task_runner.py:79} INFO - Running: ['***', 'tasks', 'run', 'mi_primer_dag_v3', 'tercera_tarea', 'scheduled__2022-08-15T00:00:00+00:00', '--job-id', '50', '--raw', '--subdir', 'DAGS_FOLDER/primer_dag_v3.py', '--cfg-path', '/tmp/tmp_th1ee38', '--error-file', '/tmp/tmp1fnrqono']
[2023-10-20 23:20:27,803] {standard_task_runner.py:80} INFO - Job 50: Subtask tercera_tarea
[2023-10-20 23:20:27,866] {task_command.py:371} INFO - Running <TaskInstance: mi_primer_dag_v3.tercera_tarea scheduled__2022-08-15T00:00:00+00:00 [running]> on host dfdda228c9fc
[2023-10-20 23:20:27,942] {taskinstance.py:1591} INFO - Exporting the following env vars:
AIRFLOW_CTX_DAG_OWNER=DavidBU
AIRFLOW_CTX_DAG_ID=mi_primer_dag_v3
AIRFLOW_CTX_TASK_ID=tercera_tarea
AIRFLOW_CTX_EXECUTION_DATE=2022-08-15T00:00:00+00:00
AIRFLOW_CTX_TRY_NUMBER=1
AIRFLOW_CTX_DAG_RUN_ID=scheduled__2022-08-15T00:00:00+00:00
[2023-10-20 23:20:27,944] {subprocess.py:62} INFO - Tmp dir root location: 
 /tmp
[2023-10-20 23:20:27,945] {subprocess.py:74} INFO - Running command: ['bash', '-c', 'echo hola, soy la tarea 3 y sere corrida luego de Tarea 1 al mismo tiempo que Tarea 2']
[2023-10-20 23:20:27,952] {subprocess.py:85} INFO - Output:
[2023-10-20 23:20:27,953] {subprocess.py:92} INFO - hola, soy la tarea 3 y sere corrida luego de Tarea 1 al mismo tiempo que Tarea 2
[2023-10-20 23:20:27,954] {subprocess.py:96} INFO - Command exited with return code 0
[2023-10-20 23:20:27,981] {taskinstance.py:1420} INFO - Marking task as SUCCESS. dag_id=mi_primer_dag_v3, task_id=tercera_tarea, execution_date=20220815T000000, start_date=20231020T232027, end_date=20231020T232027
[2023-10-20 23:20:28,013] {local_task_job.py:156} INFO - Task exited with return code 0
[2023-10-20 23:20:28,045] {local_task_job.py:273} INFO - 0 downstream tasks scheduled from follow-on schedule check
