[2023-10-20 23:29:36,038] {taskinstance.py:1179} INFO - Dependencies all met for <TaskInstance: mi_primer_dag.primer_task scheduled__2022-12-15T00:00:00+00:00 [queued]>
[2023-10-20 23:29:36,060] {taskinstance.py:1179} INFO - Dependencies all met for <TaskInstance: mi_primer_dag.primer_task scheduled__2022-12-15T00:00:00+00:00 [queued]>
[2023-10-20 23:29:36,061] {taskinstance.py:1376} INFO - 
--------------------------------------------------------------------------------
[2023-10-20 23:29:36,061] {taskinstance.py:1377} INFO - Starting attempt 1 of 6
[2023-10-20 23:29:36,062] {taskinstance.py:1378} INFO - 
--------------------------------------------------------------------------------
[2023-10-20 23:29:36,083] {taskinstance.py:1397} INFO - Executing <Task(BashOperator): primer_task> on 2022-12-15 00:00:00+00:00
[2023-10-20 23:29:36,089] {standard_task_runner.py:52} INFO - Started process 1213 to run task
[2023-10-20 23:29:36,092] {standard_task_runner.py:79} INFO - Running: ['***', 'tasks', 'run', 'mi_primer_dag', 'primer_task', 'scheduled__2022-12-15T00:00:00+00:00', '--job-id', '1467', '--raw', '--subdir', 'DAGS_FOLDER/mi_primer_dag.py', '--cfg-path', '/tmp/tmpx33v1bh1', '--error-file', '/tmp/tmp0vm81t8w']
[2023-10-20 23:29:36,093] {standard_task_runner.py:80} INFO - Job 1467: Subtask primer_task
[2023-10-20 23:29:36,183] {task_command.py:371} INFO - Running <TaskInstance: mi_primer_dag.primer_task scheduled__2022-12-15T00:00:00+00:00 [running]> on host dfdda228c9fc
[2023-10-20 23:29:36,296] {taskinstance.py:1591} INFO - Exporting the following env vars:
AIRFLOW_CTX_DAG_OWNER=DavidBU
AIRFLOW_CTX_DAG_ID=mi_primer_dag
AIRFLOW_CTX_TASK_ID=primer_task
AIRFLOW_CTX_EXECUTION_DATE=2022-12-15T00:00:00+00:00
AIRFLOW_CTX_TRY_NUMBER=1
AIRFLOW_CTX_DAG_RUN_ID=scheduled__2022-12-15T00:00:00+00:00
[2023-10-20 23:29:36,298] {subprocess.py:62} INFO - Tmp dir root location: 
 /tmp
[2023-10-20 23:29:36,300] {subprocess.py:74} INFO - Running command: ['bash', '-c', 'echo hola mundo, esta es nuestra primera tarea usando bash operator!']
[2023-10-20 23:29:36,312] {subprocess.py:85} INFO - Output:
[2023-10-20 23:29:36,313] {subprocess.py:92} INFO - hola mundo, esta es nuestra primera tarea usando bash operator!
[2023-10-20 23:29:36,314] {subprocess.py:96} INFO - Command exited with return code 0
[2023-10-20 23:29:36,353] {taskinstance.py:1420} INFO - Marking task as SUCCESS. dag_id=mi_primer_dag, task_id=primer_task, execution_date=20221215T000000, start_date=20231020T232936, end_date=20231020T232936
[2023-10-20 23:29:36,385] {local_task_job.py:156} INFO - Task exited with return code 0
[2023-10-20 23:29:36,467] {local_task_job.py:273} INFO - 0 downstream tasks scheduled from follow-on schedule check
