[2023-10-20 23:28:04,698] {taskinstance.py:1179} INFO - Dependencies all met for <TaskInstance: mi_primer_dag_v3.segunda_tarea scheduled__2023-08-18T00:00:00+00:00 [queued]>
[2023-10-20 23:28:04,716] {taskinstance.py:1179} INFO - Dependencies all met for <TaskInstance: mi_primer_dag_v3.segunda_tarea scheduled__2023-08-18T00:00:00+00:00 [queued]>
[2023-10-20 23:28:04,717] {taskinstance.py:1376} INFO - 
--------------------------------------------------------------------------------
[2023-10-20 23:28:04,717] {taskinstance.py:1377} INFO - Starting attempt 1 of 6
[2023-10-20 23:28:04,718] {taskinstance.py:1378} INFO - 
--------------------------------------------------------------------------------
[2023-10-20 23:28:04,739] {taskinstance.py:1397} INFO - Executing <Task(BashOperator): segunda_tarea> on 2023-08-18 00:00:00+00:00
[2023-10-20 23:28:04,744] {standard_task_runner.py:52} INFO - Started process 203 to run task
[2023-10-20 23:28:04,751] {standard_task_runner.py:79} INFO - Running: ['***', 'tasks', 'run', 'mi_primer_dag_v3', 'segunda_tarea', 'scheduled__2023-08-18T00:00:00+00:00', '--job-id', '1154', '--raw', '--subdir', 'DAGS_FOLDER/primer_dag_v3.py', '--cfg-path', '/tmp/tmp2izbzzzh', '--error-file', '/tmp/tmp2uiaa_kq']
[2023-10-20 23:28:04,754] {standard_task_runner.py:80} INFO - Job 1154: Subtask segunda_tarea
[2023-10-20 23:28:04,890] {task_command.py:371} INFO - Running <TaskInstance: mi_primer_dag_v3.segunda_tarea scheduled__2023-08-18T00:00:00+00:00 [running]> on host dfdda228c9fc
[2023-10-20 23:28:05,054] {taskinstance.py:1591} INFO - Exporting the following env vars:
AIRFLOW_CTX_DAG_OWNER=DavidBU
AIRFLOW_CTX_DAG_ID=mi_primer_dag_v3
AIRFLOW_CTX_TASK_ID=segunda_tarea
AIRFLOW_CTX_EXECUTION_DATE=2023-08-18T00:00:00+00:00
AIRFLOW_CTX_TRY_NUMBER=1
AIRFLOW_CTX_DAG_RUN_ID=scheduled__2023-08-18T00:00:00+00:00
[2023-10-20 23:28:05,056] {subprocess.py:62} INFO - Tmp dir root location: 
 /tmp
[2023-10-20 23:28:05,057] {subprocess.py:74} INFO - Running command: ['bash', '-c', 'echo hola, soy la tarea 2 y sere corrida luego de la Tarea 1']
[2023-10-20 23:28:05,070] {subprocess.py:85} INFO - Output:
[2023-10-20 23:28:05,072] {subprocess.py:92} INFO - hola, soy la tarea 2 y sere corrida luego de la Tarea 1
[2023-10-20 23:28:05,073] {subprocess.py:96} INFO - Command exited with return code 0
[2023-10-20 23:28:05,130] {taskinstance.py:1420} INFO - Marking task as SUCCESS. dag_id=mi_primer_dag_v3, task_id=segunda_tarea, execution_date=20230818T000000, start_date=20231020T232804, end_date=20231020T232805
[2023-10-20 23:28:05,164] {local_task_job.py:156} INFO - Task exited with return code 0
[2023-10-20 23:28:05,245] {local_task_job.py:273} INFO - 0 downstream tasks scheduled from follow-on schedule check
