[2023-10-20 23:33:33,437] {taskinstance.py:1179} INFO - Dependencies all met for <TaskInstance: mi_primer_dar_con_PythonOperator.aloha_david scheduled__2023-01-30T00:00:00+00:00 [queued]>
[2023-10-20 23:33:33,449] {taskinstance.py:1179} INFO - Dependencies all met for <TaskInstance: mi_primer_dar_con_PythonOperator.aloha_david scheduled__2023-01-30T00:00:00+00:00 [queued]>
[2023-10-20 23:33:33,450] {taskinstance.py:1376} INFO - 
--------------------------------------------------------------------------------
[2023-10-20 23:33:33,452] {taskinstance.py:1377} INFO - Starting attempt 1 of 6
[2023-10-20 23:33:33,452] {taskinstance.py:1378} INFO - 
--------------------------------------------------------------------------------
[2023-10-20 23:33:33,469] {taskinstance.py:1397} INFO - Executing <Task(PythonOperator): aloha_david> on 2023-01-30 00:00:00+00:00
[2023-10-20 23:33:33,473] {standard_task_runner.py:52} INFO - Started process 783 to run task
[2023-10-20 23:33:33,476] {standard_task_runner.py:79} INFO - Running: ['***', 'tasks', 'run', 'mi_primer_dar_con_PythonOperator', 'aloha_david', 'scheduled__2023-01-30T00:00:00+00:00', '--job-id', '1795', '--raw', '--subdir', 'DAGS_FOLDER/mi_primer_dag_pythonoperator.py', '--cfg-path', '/tmp/tmpcxbyzv6e', '--error-file', '/tmp/tmputzpiamg']
[2023-10-20 23:33:33,478] {standard_task_runner.py:80} INFO - Job 1795: Subtask aloha_david
[2023-10-20 23:33:33,547] {task_command.py:371} INFO - Running <TaskInstance: mi_primer_dar_con_PythonOperator.aloha_david scheduled__2023-01-30T00:00:00+00:00 [running]> on host dfdda228c9fc
[2023-10-20 23:33:33,620] {taskinstance.py:1591} INFO - Exporting the following env vars:
AIRFLOW_CTX_DAG_OWNER=DavidBU
AIRFLOW_CTX_DAG_ID=mi_primer_dar_con_PythonOperator
AIRFLOW_CTX_TASK_ID=aloha_david
AIRFLOW_CTX_EXECUTION_DATE=2023-01-30T00:00:00+00:00
AIRFLOW_CTX_TRY_NUMBER=1
AIRFLOW_CTX_DAG_RUN_ID=scheduled__2023-01-30T00:00:00+00:00
[2023-10-20 23:33:33,621] {logging_mixin.py:115} INFO - Aloha Mundo soy yo!
[2023-10-20 23:33:33,622] {python.py:173} INFO - Done. Returned value was: None
[2023-10-20 23:33:33,635] {taskinstance.py:1420} INFO - Marking task as SUCCESS. dag_id=mi_primer_dar_con_PythonOperator, task_id=aloha_david, execution_date=20230130T000000, start_date=20231020T233333, end_date=20231020T233333
[2023-10-20 23:33:33,689] {local_task_job.py:156} INFO - Task exited with return code 0
[2023-10-20 23:33:33,741] {local_task_job.py:273} INFO - 0 downstream tasks scheduled from follow-on schedule check
