[2023-10-20 23:22:02,373] {taskinstance.py:1179} INFO - Dependencies all met for <TaskInstance: mi_primer_dag_v3.segunda_tarea scheduled__2023-02-25T00:00:00+00:00 [queued]>
[2023-10-20 23:22:02,394] {taskinstance.py:1179} INFO - Dependencies all met for <TaskInstance: mi_primer_dag_v3.segunda_tarea scheduled__2023-02-25T00:00:00+00:00 [queued]>
[2023-10-20 23:22:02,395] {taskinstance.py:1376} INFO - 
--------------------------------------------------------------------------------
[2023-10-20 23:22:02,396] {taskinstance.py:1377} INFO - Starting attempt 1 of 6
[2023-10-20 23:22:02,397] {taskinstance.py:1378} INFO - 
--------------------------------------------------------------------------------
[2023-10-20 23:22:02,422] {taskinstance.py:1397} INFO - Executing <Task(BashOperator): segunda_tarea> on 2023-02-25 00:00:00+00:00
[2023-10-20 23:22:02,427] {standard_task_runner.py:52} INFO - Started process 2142 to run task
[2023-10-20 23:22:02,432] {standard_task_runner.py:79} INFO - Running: ['***', 'tasks', 'run', 'mi_primer_dag_v3', 'segunda_tarea', 'scheduled__2023-02-25T00:00:00+00:00', '--job-id', '629', '--raw', '--subdir', 'DAGS_FOLDER/primer_dag_v3.py', '--cfg-path', '/tmp/tmpn2n4d3y3', '--error-file', '/tmp/tmpi3_wfkq2']
[2023-10-20 23:22:02,434] {standard_task_runner.py:80} INFO - Job 629: Subtask segunda_tarea
[2023-10-20 23:22:02,543] {task_command.py:371} INFO - Running <TaskInstance: mi_primer_dag_v3.segunda_tarea scheduled__2023-02-25T00:00:00+00:00 [running]> on host dfdda228c9fc
[2023-10-20 23:22:02,640] {taskinstance.py:1591} INFO - Exporting the following env vars:
AIRFLOW_CTX_DAG_OWNER=DavidBU
AIRFLOW_CTX_DAG_ID=mi_primer_dag_v3
AIRFLOW_CTX_TASK_ID=segunda_tarea
AIRFLOW_CTX_EXECUTION_DATE=2023-02-25T00:00:00+00:00
AIRFLOW_CTX_TRY_NUMBER=1
AIRFLOW_CTX_DAG_RUN_ID=scheduled__2023-02-25T00:00:00+00:00
[2023-10-20 23:22:02,641] {subprocess.py:62} INFO - Tmp dir root location: 
 /tmp
[2023-10-20 23:22:02,643] {subprocess.py:74} INFO - Running command: ['bash', '-c', 'echo hola, soy la tarea 2 y sere corrida luego de la Tarea 1']
[2023-10-20 23:22:02,652] {subprocess.py:85} INFO - Output:
[2023-10-20 23:22:02,654] {subprocess.py:92} INFO - hola, soy la tarea 2 y sere corrida luego de la Tarea 1
[2023-10-20 23:22:02,655] {subprocess.py:96} INFO - Command exited with return code 0
[2023-10-20 23:22:02,692] {taskinstance.py:1420} INFO - Marking task as SUCCESS. dag_id=mi_primer_dag_v3, task_id=segunda_tarea, execution_date=20230225T000000, start_date=20231020T232202, end_date=20231020T232202
[2023-10-20 23:22:02,724] {local_task_job.py:156} INFO - Task exited with return code 0
[2023-10-20 23:22:02,762] {local_task_job.py:273} INFO - 0 downstream tasks scheduled from follow-on schedule check
