[2023-10-20 23:33:00,015] {taskinstance.py:1179} INFO - Dependencies all met for <TaskInstance: mi_primer_dar_con_PythonOperator.aloha_david scheduled__2022-12-01T00:00:00+00:00 [queued]>
[2023-10-20 23:33:00,031] {taskinstance.py:1179} INFO - Dependencies all met for <TaskInstance: mi_primer_dar_con_PythonOperator.aloha_david scheduled__2022-12-01T00:00:00+00:00 [queued]>
[2023-10-20 23:33:00,032] {taskinstance.py:1376} INFO - 
--------------------------------------------------------------------------------
[2023-10-20 23:33:00,035] {taskinstance.py:1377} INFO - Starting attempt 1 of 6
[2023-10-20 23:33:00,035] {taskinstance.py:1378} INFO - 
--------------------------------------------------------------------------------
[2023-10-20 23:33:00,058] {taskinstance.py:1397} INFO - Executing <Task(PythonOperator): aloha_david> on 2022-12-01 00:00:00+00:00
[2023-10-20 23:33:00,063] {standard_task_runner.py:52} INFO - Started process 611 to run task
[2023-10-20 23:33:00,067] {standard_task_runner.py:79} INFO - Running: ['***', 'tasks', 'run', 'mi_primer_dar_con_PythonOperator', 'aloha_david', 'scheduled__2022-12-01T00:00:00+00:00', '--job-id', '1735', '--raw', '--subdir', 'DAGS_FOLDER/mi_primer_dag_pythonoperator.py', '--cfg-path', '/tmp/tmpszma6l6c', '--error-file', '/tmp/tmpk4ky7kxv']
[2023-10-20 23:33:00,068] {standard_task_runner.py:80} INFO - Job 1735: Subtask aloha_david
[2023-10-20 23:33:00,156] {task_command.py:371} INFO - Running <TaskInstance: mi_primer_dar_con_PythonOperator.aloha_david scheduled__2022-12-01T00:00:00+00:00 [running]> on host dfdda228c9fc
[2023-10-20 23:33:00,243] {taskinstance.py:1591} INFO - Exporting the following env vars:
AIRFLOW_CTX_DAG_OWNER=DavidBU
AIRFLOW_CTX_DAG_ID=mi_primer_dar_con_PythonOperator
AIRFLOW_CTX_TASK_ID=aloha_david
AIRFLOW_CTX_EXECUTION_DATE=2022-12-01T00:00:00+00:00
AIRFLOW_CTX_TRY_NUMBER=1
AIRFLOW_CTX_DAG_RUN_ID=scheduled__2022-12-01T00:00:00+00:00
[2023-10-20 23:33:00,244] {logging_mixin.py:115} INFO - Aloha Mundo soy yo!
[2023-10-20 23:33:00,245] {python.py:173} INFO - Done. Returned value was: None
[2023-10-20 23:33:00,258] {taskinstance.py:1420} INFO - Marking task as SUCCESS. dag_id=mi_primer_dar_con_PythonOperator, task_id=aloha_david, execution_date=20221201T000000, start_date=20231020T233300, end_date=20231020T233300
[2023-10-20 23:33:00,279] {local_task_job.py:156} INFO - Task exited with return code 0
[2023-10-20 23:33:00,312] {local_task_job.py:273} INFO - 0 downstream tasks scheduled from follow-on schedule check
