[2023-10-20 23:22:35,608] {taskinstance.py:1179} INFO - Dependencies all met for <TaskInstance: mi_primer_dag_v3.primera_tarea scheduled__2023-04-29T00:00:00+00:00 [queued]>
[2023-10-20 23:22:35,621] {taskinstance.py:1179} INFO - Dependencies all met for <TaskInstance: mi_primer_dag_v3.primera_tarea scheduled__2023-04-29T00:00:00+00:00 [queued]>
[2023-10-20 23:22:35,621] {taskinstance.py:1376} INFO - 
--------------------------------------------------------------------------------
[2023-10-20 23:22:35,622] {taskinstance.py:1377} INFO - Starting attempt 1 of 6
[2023-10-20 23:22:35,623] {taskinstance.py:1378} INFO - 
--------------------------------------------------------------------------------
[2023-10-20 23:22:35,642] {taskinstance.py:1397} INFO - Executing <Task(BashOperator): primera_tarea> on 2023-04-29 00:00:00+00:00
[2023-10-20 23:22:35,646] {standard_task_runner.py:52} INFO - Started process 2711 to run task
[2023-10-20 23:22:35,649] {standard_task_runner.py:79} INFO - Running: ['***', 'tasks', 'run', 'mi_primer_dag_v3', 'primera_tarea', 'scheduled__2023-04-29T00:00:00+00:00', '--job-id', '814', '--raw', '--subdir', 'DAGS_FOLDER/primer_dag_v3.py', '--cfg-path', '/tmp/tmpd1rj6pyh', '--error-file', '/tmp/tmpr1c299vy']
[2023-10-20 23:22:35,651] {standard_task_runner.py:80} INFO - Job 814: Subtask primera_tarea
[2023-10-20 23:22:35,726] {task_command.py:371} INFO - Running <TaskInstance: mi_primer_dag_v3.primera_tarea scheduled__2023-04-29T00:00:00+00:00 [running]> on host dfdda228c9fc
[2023-10-20 23:22:35,810] {taskinstance.py:1591} INFO - Exporting the following env vars:
AIRFLOW_CTX_DAG_OWNER=DavidBU
AIRFLOW_CTX_DAG_ID=mi_primer_dag_v3
AIRFLOW_CTX_TASK_ID=primera_tarea
AIRFLOW_CTX_EXECUTION_DATE=2023-04-29T00:00:00+00:00
AIRFLOW_CTX_TRY_NUMBER=1
AIRFLOW_CTX_DAG_RUN_ID=scheduled__2023-04-29T00:00:00+00:00
[2023-10-20 23:22:35,811] {subprocess.py:62} INFO - Tmp dir root location: 
 /tmp
[2023-10-20 23:22:35,812] {subprocess.py:74} INFO - Running command: ['bash', '-c', 'echo hola mundo, esta es nuestra primera tarea!']
[2023-10-20 23:22:35,820] {subprocess.py:85} INFO - Output:
[2023-10-20 23:22:35,821] {subprocess.py:92} INFO - hola mundo, esta es nuestra primera tarea!
[2023-10-20 23:22:35,822] {subprocess.py:96} INFO - Command exited with return code 0
[2023-10-20 23:22:35,856] {taskinstance.py:1420} INFO - Marking task as SUCCESS. dag_id=mi_primer_dag_v3, task_id=primera_tarea, execution_date=20230429T000000, start_date=20231020T232235, end_date=20231020T232235
[2023-10-20 23:22:35,903] {local_task_job.py:156} INFO - Task exited with return code 0
[2023-10-20 23:22:35,942] {local_task_job.py:273} INFO - 2 downstream tasks scheduled from follow-on schedule check
