[2023-10-20 23:21:24,398] {taskinstance.py:1179} INFO - Dependencies all met for <TaskInstance: mi_primer_dag_v3.primera_tarea scheduled__2022-12-19T00:00:00+00:00 [queued]>
[2023-10-20 23:21:24,416] {taskinstance.py:1179} INFO - Dependencies all met for <TaskInstance: mi_primer_dag_v3.primera_tarea scheduled__2022-12-19T00:00:00+00:00 [queued]>
[2023-10-20 23:21:24,417] {taskinstance.py:1376} INFO - 
--------------------------------------------------------------------------------
[2023-10-20 23:21:24,418] {taskinstance.py:1377} INFO - Starting attempt 1 of 6
[2023-10-20 23:21:24,419] {taskinstance.py:1378} INFO - 
--------------------------------------------------------------------------------
[2023-10-20 23:21:24,449] {taskinstance.py:1397} INFO - Executing <Task(BashOperator): primera_tarea> on 2022-12-19 00:00:00+00:00
[2023-10-20 23:21:24,456] {standard_task_runner.py:52} INFO - Started process 1479 to run task
[2023-10-20 23:21:24,460] {standard_task_runner.py:79} INFO - Running: ['***', 'tasks', 'run', 'mi_primer_dag_v3', 'primera_tarea', 'scheduled__2022-12-19T00:00:00+00:00', '--job-id', '413', '--raw', '--subdir', 'DAGS_FOLDER/primer_dag_v3.py', '--cfg-path', '/tmp/tmp2ns9f_rl', '--error-file', '/tmp/tmp7szyy4ys']
[2023-10-20 23:21:24,463] {standard_task_runner.py:80} INFO - Job 413: Subtask primera_tarea
[2023-10-20 23:21:24,567] {task_command.py:371} INFO - Running <TaskInstance: mi_primer_dag_v3.primera_tarea scheduled__2022-12-19T00:00:00+00:00 [running]> on host dfdda228c9fc
[2023-10-20 23:21:24,692] {taskinstance.py:1591} INFO - Exporting the following env vars:
AIRFLOW_CTX_DAG_OWNER=DavidBU
AIRFLOW_CTX_DAG_ID=mi_primer_dag_v3
AIRFLOW_CTX_TASK_ID=primera_tarea
AIRFLOW_CTX_EXECUTION_DATE=2022-12-19T00:00:00+00:00
AIRFLOW_CTX_TRY_NUMBER=1
AIRFLOW_CTX_DAG_RUN_ID=scheduled__2022-12-19T00:00:00+00:00
[2023-10-20 23:21:24,695] {subprocess.py:62} INFO - Tmp dir root location: 
 /tmp
[2023-10-20 23:21:24,697] {subprocess.py:74} INFO - Running command: ['bash', '-c', 'echo hola mundo, esta es nuestra primera tarea!']
[2023-10-20 23:21:24,724] {subprocess.py:85} INFO - Output:
[2023-10-20 23:21:24,726] {subprocess.py:92} INFO - hola mundo, esta es nuestra primera tarea!
[2023-10-20 23:21:24,727] {subprocess.py:96} INFO - Command exited with return code 0
[2023-10-20 23:21:24,836] {taskinstance.py:1420} INFO - Marking task as SUCCESS. dag_id=mi_primer_dag_v3, task_id=primera_tarea, execution_date=20221219T000000, start_date=20231020T232124, end_date=20231020T232124
[2023-10-20 23:21:24,875] {local_task_job.py:156} INFO - Task exited with return code 0
[2023-10-20 23:21:24,947] {local_task_job.py:273} INFO - 2 downstream tasks scheduled from follow-on schedule check
