[2023-10-20 23:22:00,517] {taskinstance.py:1179} INFO - Dependencies all met for <TaskInstance: mi_primer_dag_v3.segunda_tarea scheduled__2023-02-17T00:00:00+00:00 [queued]>
[2023-10-20 23:22:00,535] {taskinstance.py:1179} INFO - Dependencies all met for <TaskInstance: mi_primer_dag_v3.segunda_tarea scheduled__2023-02-17T00:00:00+00:00 [queued]>
[2023-10-20 23:22:00,535] {taskinstance.py:1376} INFO - 
--------------------------------------------------------------------------------
[2023-10-20 23:22:00,537] {taskinstance.py:1377} INFO - Starting attempt 1 of 6
[2023-10-20 23:22:00,537] {taskinstance.py:1378} INFO - 
--------------------------------------------------------------------------------
[2023-10-20 23:22:00,563] {taskinstance.py:1397} INFO - Executing <Task(BashOperator): segunda_tarea> on 2023-02-17 00:00:00+00:00
[2023-10-20 23:22:00,568] {standard_task_runner.py:52} INFO - Started process 2087 to run task
[2023-10-20 23:22:00,573] {standard_task_runner.py:79} INFO - Running: ['***', 'tasks', 'run', 'mi_primer_dag_v3', 'segunda_tarea', 'scheduled__2023-02-17T00:00:00+00:00', '--job-id', '611', '--raw', '--subdir', 'DAGS_FOLDER/primer_dag_v3.py', '--cfg-path', '/tmp/tmphcf90rxi', '--error-file', '/tmp/tmpw4am8x8j']
[2023-10-20 23:22:00,574] {standard_task_runner.py:80} INFO - Job 611: Subtask segunda_tarea
[2023-10-20 23:22:00,675] {task_command.py:371} INFO - Running <TaskInstance: mi_primer_dag_v3.segunda_tarea scheduled__2023-02-17T00:00:00+00:00 [running]> on host dfdda228c9fc
[2023-10-20 23:22:00,809] {taskinstance.py:1591} INFO - Exporting the following env vars:
AIRFLOW_CTX_DAG_OWNER=DavidBU
AIRFLOW_CTX_DAG_ID=mi_primer_dag_v3
AIRFLOW_CTX_TASK_ID=segunda_tarea
AIRFLOW_CTX_EXECUTION_DATE=2023-02-17T00:00:00+00:00
AIRFLOW_CTX_TRY_NUMBER=1
AIRFLOW_CTX_DAG_RUN_ID=scheduled__2023-02-17T00:00:00+00:00
[2023-10-20 23:22:00,810] {subprocess.py:62} INFO - Tmp dir root location: 
 /tmp
[2023-10-20 23:22:00,811] {subprocess.py:74} INFO - Running command: ['bash', '-c', 'echo hola, soy la tarea 2 y sere corrida luego de la Tarea 1']
[2023-10-20 23:22:00,820] {subprocess.py:85} INFO - Output:
[2023-10-20 23:22:00,822] {subprocess.py:92} INFO - hola, soy la tarea 2 y sere corrida luego de la Tarea 1
[2023-10-20 23:22:00,822] {subprocess.py:96} INFO - Command exited with return code 0
[2023-10-20 23:22:00,861] {taskinstance.py:1420} INFO - Marking task as SUCCESS. dag_id=mi_primer_dag_v3, task_id=segunda_tarea, execution_date=20230217T000000, start_date=20231020T232200, end_date=20231020T232200
[2023-10-20 23:22:00,906] {local_task_job.py:156} INFO - Task exited with return code 0
[2023-10-20 23:22:00,992] {local_task_job.py:273} INFO - 0 downstream tasks scheduled from follow-on schedule check
