[2023-10-20 23:21:15,239] {taskinstance.py:1179} INFO - Dependencies all met for <TaskInstance: mi_primer_dag_v3.tercera_tarea scheduled__2022-11-27T00:00:00+00:00 [queued]>
[2023-10-20 23:21:15,258] {taskinstance.py:1179} INFO - Dependencies all met for <TaskInstance: mi_primer_dag_v3.tercera_tarea scheduled__2022-11-27T00:00:00+00:00 [queued]>
[2023-10-20 23:21:15,259] {taskinstance.py:1376} INFO - 
--------------------------------------------------------------------------------
[2023-10-20 23:21:15,259] {taskinstance.py:1377} INFO - Starting attempt 1 of 6
[2023-10-20 23:21:15,260] {taskinstance.py:1378} INFO - 
--------------------------------------------------------------------------------
[2023-10-20 23:21:15,289] {taskinstance.py:1397} INFO - Executing <Task(BashOperator): tercera_tarea> on 2022-11-27 00:00:00+00:00
[2023-10-20 23:21:15,296] {standard_task_runner.py:52} INFO - Started process 1316 to run task
[2023-10-20 23:21:15,300] {standard_task_runner.py:79} INFO - Running: ['***', 'tasks', 'run', 'mi_primer_dag_v3', 'tercera_tarea', 'scheduled__2022-11-27T00:00:00+00:00', '--job-id', '364', '--raw', '--subdir', 'DAGS_FOLDER/primer_dag_v3.py', '--cfg-path', '/tmp/tmpi9tp2z2w', '--error-file', '/tmp/tmpb8l3u6xq']
[2023-10-20 23:21:15,303] {standard_task_runner.py:80} INFO - Job 364: Subtask tercera_tarea
[2023-10-20 23:21:15,393] {task_command.py:371} INFO - Running <TaskInstance: mi_primer_dag_v3.tercera_tarea scheduled__2022-11-27T00:00:00+00:00 [running]> on host dfdda228c9fc
[2023-10-20 23:21:15,494] {taskinstance.py:1591} INFO - Exporting the following env vars:
AIRFLOW_CTX_DAG_OWNER=DavidBU
AIRFLOW_CTX_DAG_ID=mi_primer_dag_v3
AIRFLOW_CTX_TASK_ID=tercera_tarea
AIRFLOW_CTX_EXECUTION_DATE=2022-11-27T00:00:00+00:00
AIRFLOW_CTX_TRY_NUMBER=1
AIRFLOW_CTX_DAG_RUN_ID=scheduled__2022-11-27T00:00:00+00:00
[2023-10-20 23:21:15,495] {subprocess.py:62} INFO - Tmp dir root location: 
 /tmp
[2023-10-20 23:21:15,496] {subprocess.py:74} INFO - Running command: ['bash', '-c', 'echo hola, soy la tarea 3 y sere corrida luego de Tarea 1 al mismo tiempo que Tarea 2']
[2023-10-20 23:21:15,506] {subprocess.py:85} INFO - Output:
[2023-10-20 23:21:15,508] {subprocess.py:92} INFO - hola, soy la tarea 3 y sere corrida luego de Tarea 1 al mismo tiempo que Tarea 2
[2023-10-20 23:21:15,509] {subprocess.py:96} INFO - Command exited with return code 0
[2023-10-20 23:21:15,547] {taskinstance.py:1420} INFO - Marking task as SUCCESS. dag_id=mi_primer_dag_v3, task_id=tercera_tarea, execution_date=20221127T000000, start_date=20231020T232115, end_date=20231020T232115
[2023-10-20 23:21:15,592] {local_task_job.py:156} INFO - Task exited with return code 0
[2023-10-20 23:21:15,630] {local_task_job.py:273} INFO - 0 downstream tasks scheduled from follow-on schedule check
