[2023-10-20 23:21:32,582] {taskinstance.py:1179} INFO - Dependencies all met for <TaskInstance: mi_primer_dag_v3.tercera_tarea scheduled__2022-12-29T00:00:00+00:00 [queued]>
[2023-10-20 23:21:32,608] {taskinstance.py:1179} INFO - Dependencies all met for <TaskInstance: mi_primer_dag_v3.tercera_tarea scheduled__2022-12-29T00:00:00+00:00 [queued]>
[2023-10-20 23:21:32,610] {taskinstance.py:1376} INFO - 
--------------------------------------------------------------------------------
[2023-10-20 23:21:32,611] {taskinstance.py:1377} INFO - Starting attempt 1 of 6
[2023-10-20 23:21:32,612] {taskinstance.py:1378} INFO - 
--------------------------------------------------------------------------------
[2023-10-20 23:21:32,645] {taskinstance.py:1397} INFO - Executing <Task(BashOperator): tercera_tarea> on 2022-12-29 00:00:00+00:00
[2023-10-20 23:21:32,653] {standard_task_runner.py:52} INFO - Started process 1616 to run task
[2023-10-20 23:21:32,659] {standard_task_runner.py:79} INFO - Running: ['***', 'tasks', 'run', 'mi_primer_dag_v3', 'tercera_tarea', 'scheduled__2022-12-29T00:00:00+00:00', '--job-id', '459', '--raw', '--subdir', 'DAGS_FOLDER/primer_dag_v3.py', '--cfg-path', '/tmp/tmpsvse04fj', '--error-file', '/tmp/tmp8vtczfo2']
[2023-10-20 23:21:32,661] {standard_task_runner.py:80} INFO - Job 459: Subtask tercera_tarea
[2023-10-20 23:21:32,789] {task_command.py:371} INFO - Running <TaskInstance: mi_primer_dag_v3.tercera_tarea scheduled__2022-12-29T00:00:00+00:00 [running]> on host dfdda228c9fc
[2023-10-20 23:21:32,933] {taskinstance.py:1591} INFO - Exporting the following env vars:
AIRFLOW_CTX_DAG_OWNER=DavidBU
AIRFLOW_CTX_DAG_ID=mi_primer_dag_v3
AIRFLOW_CTX_TASK_ID=tercera_tarea
AIRFLOW_CTX_EXECUTION_DATE=2022-12-29T00:00:00+00:00
AIRFLOW_CTX_TRY_NUMBER=1
AIRFLOW_CTX_DAG_RUN_ID=scheduled__2022-12-29T00:00:00+00:00
[2023-10-20 23:21:32,936] {subprocess.py:62} INFO - Tmp dir root location: 
 /tmp
[2023-10-20 23:21:32,938] {subprocess.py:74} INFO - Running command: ['bash', '-c', 'echo hola, soy la tarea 3 y sere corrida luego de Tarea 1 al mismo tiempo que Tarea 2']
[2023-10-20 23:21:32,959] {subprocess.py:85} INFO - Output:
[2023-10-20 23:21:32,962] {subprocess.py:92} INFO - hola, soy la tarea 3 y sere corrida luego de Tarea 1 al mismo tiempo que Tarea 2
[2023-10-20 23:21:32,967] {subprocess.py:96} INFO - Command exited with return code 0
[2023-10-20 23:21:33,094] {taskinstance.py:1420} INFO - Marking task as SUCCESS. dag_id=mi_primer_dag_v3, task_id=tercera_tarea, execution_date=20221229T000000, start_date=20231020T232132, end_date=20231020T232133
[2023-10-20 23:21:33,154] {local_task_job.py:156} INFO - Task exited with return code 0
[2023-10-20 23:21:33,217] {local_task_job.py:273} INFO - 0 downstream tasks scheduled from follow-on schedule check
