[2023-10-20 23:22:42,560] {taskinstance.py:1179} INFO - Dependencies all met for <TaskInstance: mi_primer_dag_v3.tercera_tarea scheduled__2023-05-17T00:00:00+00:00 [queued]>
[2023-10-20 23:22:42,574] {taskinstance.py:1179} INFO - Dependencies all met for <TaskInstance: mi_primer_dag_v3.tercera_tarea scheduled__2023-05-17T00:00:00+00:00 [queued]>
[2023-10-20 23:22:42,575] {taskinstance.py:1376} INFO - 
--------------------------------------------------------------------------------
[2023-10-20 23:22:42,575] {taskinstance.py:1377} INFO - Starting attempt 1 of 6
[2023-10-20 23:22:42,576] {taskinstance.py:1378} INFO - 
--------------------------------------------------------------------------------
[2023-10-20 23:22:42,594] {taskinstance.py:1397} INFO - Executing <Task(BashOperator): tercera_tarea> on 2023-05-17 00:00:00+00:00
[2023-10-20 23:22:42,599] {standard_task_runner.py:52} INFO - Started process 2897 to run task
[2023-10-20 23:22:42,602] {standard_task_runner.py:79} INFO - Running: ['***', 'tasks', 'run', 'mi_primer_dag_v3', 'tercera_tarea', 'scheduled__2023-05-17T00:00:00+00:00', '--job-id', '875', '--raw', '--subdir', 'DAGS_FOLDER/primer_dag_v3.py', '--cfg-path', '/tmp/tmpdhihbog3', '--error-file', '/tmp/tmpr4i29q0x']
[2023-10-20 23:22:42,604] {standard_task_runner.py:80} INFO - Job 875: Subtask tercera_tarea
[2023-10-20 23:22:42,686] {task_command.py:371} INFO - Running <TaskInstance: mi_primer_dag_v3.tercera_tarea scheduled__2023-05-17T00:00:00+00:00 [running]> on host dfdda228c9fc
[2023-10-20 23:22:42,773] {taskinstance.py:1591} INFO - Exporting the following env vars:
AIRFLOW_CTX_DAG_OWNER=DavidBU
AIRFLOW_CTX_DAG_ID=mi_primer_dag_v3
AIRFLOW_CTX_TASK_ID=tercera_tarea
AIRFLOW_CTX_EXECUTION_DATE=2023-05-17T00:00:00+00:00
AIRFLOW_CTX_TRY_NUMBER=1
AIRFLOW_CTX_DAG_RUN_ID=scheduled__2023-05-17T00:00:00+00:00
[2023-10-20 23:22:42,774] {subprocess.py:62} INFO - Tmp dir root location: 
 /tmp
[2023-10-20 23:22:42,775] {subprocess.py:74} INFO - Running command: ['bash', '-c', 'echo hola, soy la tarea 3 y sere corrida luego de Tarea 1 al mismo tiempo que Tarea 2']
[2023-10-20 23:22:42,784] {subprocess.py:85} INFO - Output:
[2023-10-20 23:22:42,785] {subprocess.py:92} INFO - hola, soy la tarea 3 y sere corrida luego de Tarea 1 al mismo tiempo que Tarea 2
[2023-10-20 23:22:42,786] {subprocess.py:96} INFO - Command exited with return code 0
[2023-10-20 23:22:42,816] {taskinstance.py:1420} INFO - Marking task as SUCCESS. dag_id=mi_primer_dag_v3, task_id=tercera_tarea, execution_date=20230517T000000, start_date=20231020T232242, end_date=20231020T232242
[2023-10-20 23:22:42,855] {local_task_job.py:156} INFO - Task exited with return code 0
[2023-10-20 23:22:42,888] {local_task_job.py:273} INFO - 0 downstream tasks scheduled from follow-on schedule check
