[2023-10-20 23:29:49,685] {taskinstance.py:1179} INFO - Dependencies all met for <TaskInstance: mi_primer_dag.primer_task scheduled__2023-01-26T00:00:00+00:00 [queued]>
[2023-10-20 23:29:49,701] {taskinstance.py:1179} INFO - Dependencies all met for <TaskInstance: mi_primer_dag.primer_task scheduled__2023-01-26T00:00:00+00:00 [queued]>
[2023-10-20 23:29:49,702] {taskinstance.py:1376} INFO - 
--------------------------------------------------------------------------------
[2023-10-20 23:29:49,702] {taskinstance.py:1377} INFO - Starting attempt 1 of 6
[2023-10-20 23:29:49,703] {taskinstance.py:1378} INFO - 
--------------------------------------------------------------------------------
[2023-10-20 23:29:49,723] {taskinstance.py:1397} INFO - Executing <Task(BashOperator): primer_task> on 2023-01-26 00:00:00+00:00
[2023-10-20 23:29:49,727] {standard_task_runner.py:52} INFO - Started process 1357 to run task
[2023-10-20 23:29:49,731] {standard_task_runner.py:79} INFO - Running: ['***', 'tasks', 'run', 'mi_primer_dag', 'primer_task', 'scheduled__2023-01-26T00:00:00+00:00', '--job-id', '1509', '--raw', '--subdir', 'DAGS_FOLDER/mi_primer_dag.py', '--cfg-path', '/tmp/tmpqer9uh4e', '--error-file', '/tmp/tmp5ndbwgpo']
[2023-10-20 23:29:49,733] {standard_task_runner.py:80} INFO - Job 1509: Subtask primer_task
[2023-10-20 23:29:49,816] {task_command.py:371} INFO - Running <TaskInstance: mi_primer_dag.primer_task scheduled__2023-01-26T00:00:00+00:00 [running]> on host dfdda228c9fc
[2023-10-20 23:29:49,897] {taskinstance.py:1591} INFO - Exporting the following env vars:
AIRFLOW_CTX_DAG_OWNER=DavidBU
AIRFLOW_CTX_DAG_ID=mi_primer_dag
AIRFLOW_CTX_TASK_ID=primer_task
AIRFLOW_CTX_EXECUTION_DATE=2023-01-26T00:00:00+00:00
AIRFLOW_CTX_TRY_NUMBER=1
AIRFLOW_CTX_DAG_RUN_ID=scheduled__2023-01-26T00:00:00+00:00
[2023-10-20 23:29:49,898] {subprocess.py:62} INFO - Tmp dir root location: 
 /tmp
[2023-10-20 23:29:49,899] {subprocess.py:74} INFO - Running command: ['bash', '-c', 'echo hola mundo, esta es nuestra primera tarea usando bash operator!']
[2023-10-20 23:29:49,907] {subprocess.py:85} INFO - Output:
[2023-10-20 23:29:49,908] {subprocess.py:92} INFO - hola mundo, esta es nuestra primera tarea usando bash operator!
[2023-10-20 23:29:49,909] {subprocess.py:96} INFO - Command exited with return code 0
[2023-10-20 23:29:49,940] {taskinstance.py:1420} INFO - Marking task as SUCCESS. dag_id=mi_primer_dag, task_id=primer_task, execution_date=20230126T000000, start_date=20231020T232949, end_date=20231020T232949
[2023-10-20 23:29:49,984] {local_task_job.py:156} INFO - Task exited with return code 0
[2023-10-20 23:29:50,017] {local_task_job.py:273} INFO - 0 downstream tasks scheduled from follow-on schedule check
