[2023-10-20 23:20:30,098] {taskinstance.py:1179} INFO - Dependencies all met for <TaskInstance: mi_primer_dag_v3.primera_tarea scheduled__2022-08-18T00:00:00+00:00 [queued]>
[2023-10-20 23:20:30,110] {taskinstance.py:1179} INFO - Dependencies all met for <TaskInstance: mi_primer_dag_v3.primera_tarea scheduled__2022-08-18T00:00:00+00:00 [queued]>
[2023-10-20 23:20:30,111] {taskinstance.py:1376} INFO - 
--------------------------------------------------------------------------------
[2023-10-20 23:20:30,112] {taskinstance.py:1377} INFO - Starting attempt 1 of 6
[2023-10-20 23:20:30,112] {taskinstance.py:1378} INFO - 
--------------------------------------------------------------------------------
[2023-10-20 23:20:30,129] {taskinstance.py:1397} INFO - Executing <Task(BashOperator): primera_tarea> on 2022-08-18 00:00:00+00:00
[2023-10-20 23:20:30,135] {standard_task_runner.py:52} INFO - Started process 370 to run task
[2023-10-20 23:20:30,138] {standard_task_runner.py:79} INFO - Running: ['***', 'tasks', 'run', 'mi_primer_dag_v3', 'primera_tarea', 'scheduled__2022-08-18T00:00:00+00:00', '--job-id', '54', '--raw', '--subdir', 'DAGS_FOLDER/primer_dag_v3.py', '--cfg-path', '/tmp/tmptjwoac6y', '--error-file', '/tmp/tmp00kc8x3j']
[2023-10-20 23:20:30,139] {standard_task_runner.py:80} INFO - Job 54: Subtask primera_tarea
[2023-10-20 23:20:30,221] {task_command.py:371} INFO - Running <TaskInstance: mi_primer_dag_v3.primera_tarea scheduled__2022-08-18T00:00:00+00:00 [running]> on host dfdda228c9fc
[2023-10-20 23:20:30,314] {taskinstance.py:1591} INFO - Exporting the following env vars:
AIRFLOW_CTX_DAG_OWNER=DavidBU
AIRFLOW_CTX_DAG_ID=mi_primer_dag_v3
AIRFLOW_CTX_TASK_ID=primera_tarea
AIRFLOW_CTX_EXECUTION_DATE=2022-08-18T00:00:00+00:00
AIRFLOW_CTX_TRY_NUMBER=1
AIRFLOW_CTX_DAG_RUN_ID=scheduled__2022-08-18T00:00:00+00:00
[2023-10-20 23:20:30,315] {subprocess.py:62} INFO - Tmp dir root location: 
 /tmp
[2023-10-20 23:20:30,316] {subprocess.py:74} INFO - Running command: ['bash', '-c', 'echo hola mundo, esta es nuestra primera tarea!']
[2023-10-20 23:20:30,330] {subprocess.py:85} INFO - Output:
[2023-10-20 23:20:30,331] {subprocess.py:92} INFO - hola mundo, esta es nuestra primera tarea!
[2023-10-20 23:20:30,332] {subprocess.py:96} INFO - Command exited with return code 0
[2023-10-20 23:20:30,380] {taskinstance.py:1420} INFO - Marking task as SUCCESS. dag_id=mi_primer_dag_v3, task_id=primera_tarea, execution_date=20220818T000000, start_date=20231020T232030, end_date=20231020T232030
[2023-10-20 23:20:30,432] {local_task_job.py:156} INFO - Task exited with return code 0
[2023-10-20 23:20:30,542] {local_task_job.py:273} INFO - 0 downstream tasks scheduled from follow-on schedule check
