[2023-10-20 23:22:46,765] {taskinstance.py:1179} INFO - Dependencies all met for <TaskInstance: mi_primer_dag_v3.segunda_tarea scheduled__2023-05-25T00:00:00+00:00 [queued]>
[2023-10-20 23:22:46,786] {taskinstance.py:1179} INFO - Dependencies all met for <TaskInstance: mi_primer_dag_v3.segunda_tarea scheduled__2023-05-25T00:00:00+00:00 [queued]>
[2023-10-20 23:22:46,787] {taskinstance.py:1376} INFO - 
--------------------------------------------------------------------------------
[2023-10-20 23:22:46,788] {taskinstance.py:1377} INFO - Starting attempt 1 of 6
[2023-10-20 23:22:46,788] {taskinstance.py:1378} INFO - 
--------------------------------------------------------------------------------
[2023-10-20 23:22:46,818] {taskinstance.py:1397} INFO - Executing <Task(BashOperator): segunda_tarea> on 2023-05-25 00:00:00+00:00
[2023-10-20 23:22:46,827] {standard_task_runner.py:52} INFO - Started process 2973 to run task
[2023-10-20 23:22:46,832] {standard_task_runner.py:79} INFO - Running: ['***', 'tasks', 'run', 'mi_primer_dag_v3', 'segunda_tarea', 'scheduled__2023-05-25T00:00:00+00:00', '--job-id', '900', '--raw', '--subdir', 'DAGS_FOLDER/primer_dag_v3.py', '--cfg-path', '/tmp/tmp9if940lp', '--error-file', '/tmp/tmp234yyf28']
[2023-10-20 23:22:46,833] {standard_task_runner.py:80} INFO - Job 900: Subtask segunda_tarea
[2023-10-20 23:22:46,958] {task_command.py:371} INFO - Running <TaskInstance: mi_primer_dag_v3.segunda_tarea scheduled__2023-05-25T00:00:00+00:00 [running]> on host dfdda228c9fc
[2023-10-20 23:22:47,079] {taskinstance.py:1591} INFO - Exporting the following env vars:
AIRFLOW_CTX_DAG_OWNER=DavidBU
AIRFLOW_CTX_DAG_ID=mi_primer_dag_v3
AIRFLOW_CTX_TASK_ID=segunda_tarea
AIRFLOW_CTX_EXECUTION_DATE=2023-05-25T00:00:00+00:00
AIRFLOW_CTX_TRY_NUMBER=1
AIRFLOW_CTX_DAG_RUN_ID=scheduled__2023-05-25T00:00:00+00:00
[2023-10-20 23:22:47,081] {subprocess.py:62} INFO - Tmp dir root location: 
 /tmp
[2023-10-20 23:22:47,082] {subprocess.py:74} INFO - Running command: ['bash', '-c', 'echo hola, soy la tarea 2 y sere corrida luego de la Tarea 1']
[2023-10-20 23:22:47,094] {subprocess.py:85} INFO - Output:
[2023-10-20 23:22:47,096] {subprocess.py:92} INFO - hola, soy la tarea 2 y sere corrida luego de la Tarea 1
[2023-10-20 23:22:47,097] {subprocess.py:96} INFO - Command exited with return code 0
[2023-10-20 23:22:47,142] {taskinstance.py:1420} INFO - Marking task as SUCCESS. dag_id=mi_primer_dag_v3, task_id=segunda_tarea, execution_date=20230525T000000, start_date=20231020T232246, end_date=20231020T232247
[2023-10-20 23:22:47,175] {local_task_job.py:156} INFO - Task exited with return code 0
[2023-10-20 23:22:47,240] {local_task_job.py:273} INFO - 0 downstream tasks scheduled from follow-on schedule check
