[2023-10-20 23:22:22,176] {taskinstance.py:1179} INFO - Dependencies all met for <TaskInstance: mi_primer_dag_v3.tercera_tarea scheduled__2023-03-31T00:00:00+00:00 [queued]>
[2023-10-20 23:22:22,194] {taskinstance.py:1179} INFO - Dependencies all met for <TaskInstance: mi_primer_dag_v3.tercera_tarea scheduled__2023-03-31T00:00:00+00:00 [queued]>
[2023-10-20 23:22:22,195] {taskinstance.py:1376} INFO - 
--------------------------------------------------------------------------------
[2023-10-20 23:22:22,196] {taskinstance.py:1377} INFO - Starting attempt 1 of 6
[2023-10-20 23:22:22,196] {taskinstance.py:1378} INFO - 
--------------------------------------------------------------------------------
[2023-10-20 23:22:22,220] {taskinstance.py:1397} INFO - Executing <Task(BashOperator): tercera_tarea> on 2023-03-31 00:00:00+00:00
[2023-10-20 23:22:22,225] {standard_task_runner.py:52} INFO - Started process 2461 to run task
[2023-10-20 23:22:22,230] {standard_task_runner.py:79} INFO - Running: ['***', 'tasks', 'run', 'mi_primer_dag_v3', 'tercera_tarea', 'scheduled__2023-03-31T00:00:00+00:00', '--job-id', '735', '--raw', '--subdir', 'DAGS_FOLDER/primer_dag_v3.py', '--cfg-path', '/tmp/tmp6i_rc0jc', '--error-file', '/tmp/tmpif6p17zx']
[2023-10-20 23:22:22,232] {standard_task_runner.py:80} INFO - Job 735: Subtask tercera_tarea
[2023-10-20 23:22:22,323] {task_command.py:371} INFO - Running <TaskInstance: mi_primer_dag_v3.tercera_tarea scheduled__2023-03-31T00:00:00+00:00 [running]> on host dfdda228c9fc
[2023-10-20 23:22:22,422] {taskinstance.py:1591} INFO - Exporting the following env vars:
AIRFLOW_CTX_DAG_OWNER=DavidBU
AIRFLOW_CTX_DAG_ID=mi_primer_dag_v3
AIRFLOW_CTX_TASK_ID=tercera_tarea
AIRFLOW_CTX_EXECUTION_DATE=2023-03-31T00:00:00+00:00
AIRFLOW_CTX_TRY_NUMBER=1
AIRFLOW_CTX_DAG_RUN_ID=scheduled__2023-03-31T00:00:00+00:00
[2023-10-20 23:22:22,424] {subprocess.py:62} INFO - Tmp dir root location: 
 /tmp
[2023-10-20 23:22:22,425] {subprocess.py:74} INFO - Running command: ['bash', '-c', 'echo hola, soy la tarea 3 y sere corrida luego de Tarea 1 al mismo tiempo que Tarea 2']
[2023-10-20 23:22:22,435] {subprocess.py:85} INFO - Output:
[2023-10-20 23:22:22,437] {subprocess.py:92} INFO - hola, soy la tarea 3 y sere corrida luego de Tarea 1 al mismo tiempo que Tarea 2
[2023-10-20 23:22:22,438] {subprocess.py:96} INFO - Command exited with return code 0
[2023-10-20 23:22:22,483] {taskinstance.py:1420} INFO - Marking task as SUCCESS. dag_id=mi_primer_dag_v3, task_id=tercera_tarea, execution_date=20230331T000000, start_date=20231020T232222, end_date=20231020T232222
[2023-10-20 23:22:22,521] {local_task_job.py:156} INFO - Task exited with return code 0
[2023-10-20 23:22:22,563] {local_task_job.py:273} INFO - 0 downstream tasks scheduled from follow-on schedule check
