[2023-10-20 23:28:22,729] {taskinstance.py:1179} INFO - Dependencies all met for <TaskInstance: mi_primer_dag_v3.segunda_tarea scheduled__2023-09-24T00:00:00+00:00 [queued]>
[2023-10-20 23:28:22,745] {taskinstance.py:1179} INFO - Dependencies all met for <TaskInstance: mi_primer_dag_v3.segunda_tarea scheduled__2023-09-24T00:00:00+00:00 [queued]>
[2023-10-20 23:28:22,746] {taskinstance.py:1376} INFO - 
--------------------------------------------------------------------------------
[2023-10-20 23:28:22,746] {taskinstance.py:1377} INFO - Starting attempt 1 of 6
[2023-10-20 23:28:22,747] {taskinstance.py:1378} INFO - 
--------------------------------------------------------------------------------
[2023-10-20 23:28:22,767] {taskinstance.py:1397} INFO - Executing <Task(BashOperator): segunda_tarea> on 2023-09-24 00:00:00+00:00
[2023-10-20 23:28:22,772] {standard_task_runner.py:52} INFO - Started process 546 to run task
[2023-10-20 23:28:22,776] {standard_task_runner.py:79} INFO - Running: ['***', 'tasks', 'run', 'mi_primer_dag_v3', 'segunda_tarea', 'scheduled__2023-09-24T00:00:00+00:00', '--job-id', '1270', '--raw', '--subdir', 'DAGS_FOLDER/primer_dag_v3.py', '--cfg-path', '/tmp/tmpit3vjt38', '--error-file', '/tmp/tmpac53wi1r']
[2023-10-20 23:28:22,778] {standard_task_runner.py:80} INFO - Job 1270: Subtask segunda_tarea
[2023-10-20 23:28:22,860] {task_command.py:371} INFO - Running <TaskInstance: mi_primer_dag_v3.segunda_tarea scheduled__2023-09-24T00:00:00+00:00 [running]> on host dfdda228c9fc
[2023-10-20 23:28:22,951] {taskinstance.py:1591} INFO - Exporting the following env vars:
AIRFLOW_CTX_DAG_OWNER=DavidBU
AIRFLOW_CTX_DAG_ID=mi_primer_dag_v3
AIRFLOW_CTX_TASK_ID=segunda_tarea
AIRFLOW_CTX_EXECUTION_DATE=2023-09-24T00:00:00+00:00
AIRFLOW_CTX_TRY_NUMBER=1
AIRFLOW_CTX_DAG_RUN_ID=scheduled__2023-09-24T00:00:00+00:00
[2023-10-20 23:28:22,953] {subprocess.py:62} INFO - Tmp dir root location: 
 /tmp
[2023-10-20 23:28:22,953] {subprocess.py:74} INFO - Running command: ['bash', '-c', 'echo hola, soy la tarea 2 y sere corrida luego de la Tarea 1']
[2023-10-20 23:28:22,961] {subprocess.py:85} INFO - Output:
[2023-10-20 23:28:22,963] {subprocess.py:92} INFO - hola, soy la tarea 2 y sere corrida luego de la Tarea 1
[2023-10-20 23:28:22,963] {subprocess.py:96} INFO - Command exited with return code 0
[2023-10-20 23:28:23,003] {taskinstance.py:1420} INFO - Marking task as SUCCESS. dag_id=mi_primer_dag_v3, task_id=segunda_tarea, execution_date=20230924T000000, start_date=20231020T232822, end_date=20231020T232823
[2023-10-20 23:28:23,108] {local_task_job.py:156} INFO - Task exited with return code 0
[2023-10-20 23:28:23,166] {local_task_job.py:273} INFO - 0 downstream tasks scheduled from follow-on schedule check
