[2023-10-20 23:23:10,108] {taskinstance.py:1179} INFO - Dependencies all met for <TaskInstance: mi_primer_dag_v3.segunda_tarea scheduled__2023-07-16T00:00:00+00:00 [queued]>
[2023-10-20 23:23:10,120] {taskinstance.py:1179} INFO - Dependencies all met for <TaskInstance: mi_primer_dag_v3.segunda_tarea scheduled__2023-07-16T00:00:00+00:00 [queued]>
[2023-10-20 23:23:10,121] {taskinstance.py:1376} INFO - 
--------------------------------------------------------------------------------
[2023-10-20 23:23:10,122] {taskinstance.py:1377} INFO - Starting attempt 1 of 6
[2023-10-20 23:23:10,123] {taskinstance.py:1378} INFO - 
--------------------------------------------------------------------------------
[2023-10-20 23:23:10,141] {taskinstance.py:1397} INFO - Executing <Task(BashOperator): segunda_tarea> on 2023-07-16 00:00:00+00:00
[2023-10-20 23:23:10,146] {standard_task_runner.py:52} INFO - Started process 3444 to run task
[2023-10-20 23:23:10,150] {standard_task_runner.py:79} INFO - Running: ['***', 'tasks', 'run', 'mi_primer_dag_v3', 'segunda_tarea', 'scheduled__2023-07-16T00:00:00+00:00', '--job-id', '1053', '--raw', '--subdir', 'DAGS_FOLDER/primer_dag_v3.py', '--cfg-path', '/tmp/tmpczz1tkvi', '--error-file', '/tmp/tmp7ozxbolz']
[2023-10-20 23:23:10,151] {standard_task_runner.py:80} INFO - Job 1053: Subtask segunda_tarea
[2023-10-20 23:23:10,226] {task_command.py:371} INFO - Running <TaskInstance: mi_primer_dag_v3.segunda_tarea scheduled__2023-07-16T00:00:00+00:00 [running]> on host dfdda228c9fc
[2023-10-20 23:23:10,312] {taskinstance.py:1591} INFO - Exporting the following env vars:
AIRFLOW_CTX_DAG_OWNER=DavidBU
AIRFLOW_CTX_DAG_ID=mi_primer_dag_v3
AIRFLOW_CTX_TASK_ID=segunda_tarea
AIRFLOW_CTX_EXECUTION_DATE=2023-07-16T00:00:00+00:00
AIRFLOW_CTX_TRY_NUMBER=1
AIRFLOW_CTX_DAG_RUN_ID=scheduled__2023-07-16T00:00:00+00:00
[2023-10-20 23:23:10,313] {subprocess.py:62} INFO - Tmp dir root location: 
 /tmp
[2023-10-20 23:23:10,314] {subprocess.py:74} INFO - Running command: ['bash', '-c', 'echo hola, soy la tarea 2 y sere corrida luego de la Tarea 1']
[2023-10-20 23:23:10,323] {subprocess.py:85} INFO - Output:
[2023-10-20 23:23:10,324] {subprocess.py:92} INFO - hola, soy la tarea 2 y sere corrida luego de la Tarea 1
[2023-10-20 23:23:10,325] {subprocess.py:96} INFO - Command exited with return code 0
[2023-10-20 23:23:10,355] {taskinstance.py:1420} INFO - Marking task as SUCCESS. dag_id=mi_primer_dag_v3, task_id=segunda_tarea, execution_date=20230716T000000, start_date=20231020T232310, end_date=20231020T232310
[2023-10-20 23:23:10,402] {local_task_job.py:156} INFO - Task exited with return code 0
[2023-10-20 23:23:10,446] {local_task_job.py:273} INFO - 0 downstream tasks scheduled from follow-on schedule check
