[2023-10-20 23:21:16,572] {taskinstance.py:1179} INFO - Dependencies all met for <TaskInstance: mi_primer_dag_v3.tercera_tarea scheduled__2022-12-01T00:00:00+00:00 [queued]>
[2023-10-20 23:21:16,587] {taskinstance.py:1179} INFO - Dependencies all met for <TaskInstance: mi_primer_dag_v3.tercera_tarea scheduled__2022-12-01T00:00:00+00:00 [queued]>
[2023-10-20 23:21:16,587] {taskinstance.py:1376} INFO - 
--------------------------------------------------------------------------------
[2023-10-20 23:21:16,588] {taskinstance.py:1377} INFO - Starting attempt 1 of 6
[2023-10-20 23:21:16,589] {taskinstance.py:1378} INFO - 
--------------------------------------------------------------------------------
[2023-10-20 23:21:16,610] {taskinstance.py:1397} INFO - Executing <Task(BashOperator): tercera_tarea> on 2022-12-01 00:00:00+00:00
[2023-10-20 23:21:16,615] {standard_task_runner.py:52} INFO - Started process 1342 to run task
[2023-10-20 23:21:16,619] {standard_task_runner.py:79} INFO - Running: ['***', 'tasks', 'run', 'mi_primer_dag_v3', 'tercera_tarea', 'scheduled__2022-12-01T00:00:00+00:00', '--job-id', '374', '--raw', '--subdir', 'DAGS_FOLDER/primer_dag_v3.py', '--cfg-path', '/tmp/tmpu8dv_i3z', '--error-file', '/tmp/tmprf2r1pwm']
[2023-10-20 23:21:16,621] {standard_task_runner.py:80} INFO - Job 374: Subtask tercera_tarea
[2023-10-20 23:21:16,702] {task_command.py:371} INFO - Running <TaskInstance: mi_primer_dag_v3.tercera_tarea scheduled__2022-12-01T00:00:00+00:00 [running]> on host dfdda228c9fc
[2023-10-20 23:21:16,791] {taskinstance.py:1591} INFO - Exporting the following env vars:
AIRFLOW_CTX_DAG_OWNER=DavidBU
AIRFLOW_CTX_DAG_ID=mi_primer_dag_v3
AIRFLOW_CTX_TASK_ID=tercera_tarea
AIRFLOW_CTX_EXECUTION_DATE=2022-12-01T00:00:00+00:00
AIRFLOW_CTX_TRY_NUMBER=1
AIRFLOW_CTX_DAG_RUN_ID=scheduled__2022-12-01T00:00:00+00:00
[2023-10-20 23:21:16,792] {subprocess.py:62} INFO - Tmp dir root location: 
 /tmp
[2023-10-20 23:21:16,794] {subprocess.py:74} INFO - Running command: ['bash', '-c', 'echo hola, soy la tarea 3 y sere corrida luego de Tarea 1 al mismo tiempo que Tarea 2']
[2023-10-20 23:21:16,804] {subprocess.py:85} INFO - Output:
[2023-10-20 23:21:16,805] {subprocess.py:92} INFO - hola, soy la tarea 3 y sere corrida luego de Tarea 1 al mismo tiempo que Tarea 2
[2023-10-20 23:21:16,806] {subprocess.py:96} INFO - Command exited with return code 0
[2023-10-20 23:21:16,841] {taskinstance.py:1420} INFO - Marking task as SUCCESS. dag_id=mi_primer_dag_v3, task_id=tercera_tarea, execution_date=20221201T000000, start_date=20231020T232116, end_date=20231020T232116
[2023-10-20 23:21:16,871] {local_task_job.py:156} INFO - Task exited with return code 0
[2023-10-20 23:21:16,912] {local_task_job.py:273} INFO - 0 downstream tasks scheduled from follow-on schedule check
