[2023-10-20 23:22:21,153] {taskinstance.py:1179} INFO - Dependencies all met for <TaskInstance: mi_primer_dag_v3.segunda_tarea scheduled__2023-03-26T00:00:00+00:00 [queued]>
[2023-10-20 23:22:21,169] {taskinstance.py:1179} INFO - Dependencies all met for <TaskInstance: mi_primer_dag_v3.segunda_tarea scheduled__2023-03-26T00:00:00+00:00 [queued]>
[2023-10-20 23:22:21,170] {taskinstance.py:1376} INFO - 
--------------------------------------------------------------------------------
[2023-10-20 23:22:21,171] {taskinstance.py:1377} INFO - Starting attempt 1 of 6
[2023-10-20 23:22:21,172] {taskinstance.py:1378} INFO - 
--------------------------------------------------------------------------------
[2023-10-20 23:22:21,196] {taskinstance.py:1397} INFO - Executing <Task(BashOperator): segunda_tarea> on 2023-03-26 00:00:00+00:00
[2023-10-20 23:22:21,202] {standard_task_runner.py:52} INFO - Started process 2424 to run task
[2023-10-20 23:22:21,207] {standard_task_runner.py:79} INFO - Running: ['***', 'tasks', 'run', 'mi_primer_dag_v3', 'segunda_tarea', 'scheduled__2023-03-26T00:00:00+00:00', '--job-id', '721', '--raw', '--subdir', 'DAGS_FOLDER/primer_dag_v3.py', '--cfg-path', '/tmp/tmp7y92hbsq', '--error-file', '/tmp/tmpm6s_0wyz']
[2023-10-20 23:22:21,209] {standard_task_runner.py:80} INFO - Job 721: Subtask segunda_tarea
[2023-10-20 23:22:21,342] {task_command.py:371} INFO - Running <TaskInstance: mi_primer_dag_v3.segunda_tarea scheduled__2023-03-26T00:00:00+00:00 [running]> on host dfdda228c9fc
[2023-10-20 23:22:21,454] {taskinstance.py:1591} INFO - Exporting the following env vars:
AIRFLOW_CTX_DAG_OWNER=DavidBU
AIRFLOW_CTX_DAG_ID=mi_primer_dag_v3
AIRFLOW_CTX_TASK_ID=segunda_tarea
AIRFLOW_CTX_EXECUTION_DATE=2023-03-26T00:00:00+00:00
AIRFLOW_CTX_TRY_NUMBER=1
AIRFLOW_CTX_DAG_RUN_ID=scheduled__2023-03-26T00:00:00+00:00
[2023-10-20 23:22:21,456] {subprocess.py:62} INFO - Tmp dir root location: 
 /tmp
[2023-10-20 23:22:21,457] {subprocess.py:74} INFO - Running command: ['bash', '-c', 'echo hola, soy la tarea 2 y sere corrida luego de la Tarea 1']
[2023-10-20 23:22:21,475] {subprocess.py:85} INFO - Output:
[2023-10-20 23:22:21,476] {subprocess.py:92} INFO - hola, soy la tarea 2 y sere corrida luego de la Tarea 1
[2023-10-20 23:22:21,480] {subprocess.py:96} INFO - Command exited with return code 0
[2023-10-20 23:22:21,559] {taskinstance.py:1420} INFO - Marking task as SUCCESS. dag_id=mi_primer_dag_v3, task_id=segunda_tarea, execution_date=20230326T000000, start_date=20231020T232221, end_date=20231020T232221
[2023-10-20 23:22:21,620] {local_task_job.py:156} INFO - Task exited with return code 0
[2023-10-20 23:22:21,679] {local_task_job.py:273} INFO - 0 downstream tasks scheduled from follow-on schedule check
