[2023-10-20 23:31:50,788] {processor.py:153} INFO - Started process (PID=180) to work on /opt/airflow/dags/mi_primer_dag_pythonoperator.py
[2023-10-20 23:31:50,789] {processor.py:641} INFO - Processing file /opt/airflow/dags/mi_primer_dag_pythonoperator.py for tasks to queue
[2023-10-20 23:31:50,790] {logging_mixin.py:115} INFO - [2023-10-20 23:31:50,790] {dagbag.py:508} INFO - Filling up the DagBag from /opt/airflow/dags/mi_primer_dag_pythonoperator.py
[2023-10-20 23:31:50,839] {processor.py:651} INFO - DAG(s) dict_keys(['mi_primer_dar_con_PythonOperator']) retrieved from /opt/airflow/dags/mi_primer_dag_pythonoperator.py
[2023-10-20 23:31:50,933] {logging_mixin.py:115} INFO - [2023-10-20 23:31:50,932] {manager.py:508} INFO - Created Permission View: can edit on DAG:mi_primer_dar_con_PythonOperator
[2023-10-20 23:31:50,950] {logging_mixin.py:115} INFO - [2023-10-20 23:31:50,950] {manager.py:508} INFO - Created Permission View: can delete on DAG:mi_primer_dar_con_PythonOperator
[2023-10-20 23:31:50,963] {logging_mixin.py:115} INFO - [2023-10-20 23:31:50,962] {manager.py:508} INFO - Created Permission View: can read on DAG:mi_primer_dar_con_PythonOperator
[2023-10-20 23:31:50,963] {logging_mixin.py:115} INFO - [2023-10-20 23:31:50,963] {dag.py:2420} INFO - Sync 1 DAGs
[2023-10-20 23:31:50,975] {logging_mixin.py:115} INFO - [2023-10-20 23:31:50,975] {dag.py:2439} INFO - Creating ORM DAG for mi_primer_dar_con_PythonOperator
[2023-10-20 23:31:50,991] {logging_mixin.py:115} INFO - [2023-10-20 23:31:50,991] {dag.py:2972} INFO - Setting next_dagrun for mi_primer_dar_con_PythonOperator to 2022-08-02T00:00:00+00:00, run_after=2022-08-03T00:00:00+00:00
[2023-10-20 23:31:51,013] {processor.py:161} INFO - Processing /opt/airflow/dags/mi_primer_dag_pythonoperator.py took 0.229 seconds
[2023-10-20 23:32:01,137] {processor.py:153} INFO - Started process (PID=274) to work on /opt/airflow/dags/mi_primer_dag_pythonoperator.py
[2023-10-20 23:32:01,138] {processor.py:641} INFO - Processing file /opt/airflow/dags/mi_primer_dag_pythonoperator.py for tasks to queue
[2023-10-20 23:32:01,139] {logging_mixin.py:115} INFO - [2023-10-20 23:32:01,139] {dagbag.py:508} INFO - Filling up the DagBag from /opt/airflow/dags/mi_primer_dag_pythonoperator.py
[2023-10-20 23:32:01,160] {processor.py:651} INFO - DAG(s) dict_keys(['mi_primer_dar_con_PythonOperator']) retrieved from /opt/airflow/dags/mi_primer_dag_pythonoperator.py
[2023-10-20 23:32:01,174] {logging_mixin.py:115} INFO - [2023-10-20 23:32:01,174] {dag.py:2420} INFO - Sync 1 DAGs
[2023-10-20 23:32:01,198] {logging_mixin.py:115} INFO - [2023-10-20 23:32:01,198] {dag.py:2972} INFO - Setting next_dagrun for mi_primer_dar_con_PythonOperator to 2022-08-02T00:00:00+00:00, run_after=2022-08-03T00:00:00+00:00
[2023-10-20 23:32:01,213] {processor.py:161} INFO - Processing /opt/airflow/dags/mi_primer_dag_pythonoperator.py took 0.079 seconds
[2023-10-20 23:32:11,337] {processor.py:153} INFO - Started process (PID=337) to work on /opt/airflow/dags/mi_primer_dag_pythonoperator.py
[2023-10-20 23:32:11,337] {processor.py:641} INFO - Processing file /opt/airflow/dags/mi_primer_dag_pythonoperator.py for tasks to queue
[2023-10-20 23:32:11,338] {logging_mixin.py:115} INFO - [2023-10-20 23:32:11,338] {dagbag.py:508} INFO - Filling up the DagBag from /opt/airflow/dags/mi_primer_dag_pythonoperator.py
[2023-10-20 23:32:11,359] {processor.py:651} INFO - DAG(s) dict_keys(['mi_primer_dar_con_PythonOperator']) retrieved from /opt/airflow/dags/mi_primer_dag_pythonoperator.py
[2023-10-20 23:32:11,372] {logging_mixin.py:115} INFO - [2023-10-20 23:32:11,371] {dag.py:2420} INFO - Sync 1 DAGs
[2023-10-20 23:32:11,394] {logging_mixin.py:115} INFO - [2023-10-20 23:32:11,394] {dag.py:2972} INFO - Setting next_dagrun for mi_primer_dar_con_PythonOperator to 2022-08-25T00:00:00+00:00, run_after=2022-08-26T00:00:00+00:00
[2023-10-20 23:32:11,408] {processor.py:161} INFO - Processing /opt/airflow/dags/mi_primer_dag_pythonoperator.py took 0.074 seconds
[2023-10-20 23:32:21,678] {processor.py:153} INFO - Started process (PID=410) to work on /opt/airflow/dags/mi_primer_dag_pythonoperator.py
[2023-10-20 23:32:21,679] {processor.py:641} INFO - Processing file /opt/airflow/dags/mi_primer_dag_pythonoperator.py for tasks to queue
[2023-10-20 23:32:21,680] {logging_mixin.py:115} INFO - [2023-10-20 23:32:21,680] {dagbag.py:508} INFO - Filling up the DagBag from /opt/airflow/dags/mi_primer_dag_pythonoperator.py
[2023-10-20 23:32:21,699] {processor.py:651} INFO - DAG(s) dict_keys(['mi_primer_dar_con_PythonOperator']) retrieved from /opt/airflow/dags/mi_primer_dag_pythonoperator.py
[2023-10-20 23:32:21,723] {logging_mixin.py:115} INFO - [2023-10-20 23:32:21,723] {dag.py:2420} INFO - Sync 1 DAGs
[2023-10-20 23:32:21,744] {logging_mixin.py:115} INFO - [2023-10-20 23:32:21,744] {dag.py:2972} INFO - Setting next_dagrun for mi_primer_dar_con_PythonOperator to 2022-09-23T00:00:00+00:00, run_after=2022-09-24T00:00:00+00:00
[2023-10-20 23:32:21,759] {processor.py:161} INFO - Processing /opt/airflow/dags/mi_primer_dag_pythonoperator.py took 0.085 seconds
[2023-10-20 23:32:31,874] {processor.py:153} INFO - Started process (PID=450) to work on /opt/airflow/dags/mi_primer_dag_pythonoperator.py
[2023-10-20 23:32:31,875] {processor.py:641} INFO - Processing file /opt/airflow/dags/mi_primer_dag_pythonoperator.py for tasks to queue
[2023-10-20 23:32:31,876] {logging_mixin.py:115} INFO - [2023-10-20 23:32:31,876] {dagbag.py:508} INFO - Filling up the DagBag from /opt/airflow/dags/mi_primer_dag_pythonoperator.py
[2023-10-20 23:32:31,904] {processor.py:651} INFO - DAG(s) dict_keys(['mi_primer_dar_con_PythonOperator']) retrieved from /opt/airflow/dags/mi_primer_dag_pythonoperator.py
[2023-10-20 23:32:31,933] {logging_mixin.py:115} INFO - [2023-10-20 23:32:31,932] {dag.py:2420} INFO - Sync 1 DAGs
[2023-10-20 23:32:31,957] {logging_mixin.py:115} INFO - [2023-10-20 23:32:31,957] {dag.py:2972} INFO - Setting next_dagrun for mi_primer_dar_con_PythonOperator to 2022-10-06T00:00:00+00:00, run_after=2022-10-07T00:00:00+00:00
[2023-10-20 23:32:31,972] {processor.py:161} INFO - Processing /opt/airflow/dags/mi_primer_dag_pythonoperator.py took 0.102 seconds
[2023-10-20 23:32:42,094] {processor.py:153} INFO - Started process (PID=508) to work on /opt/airflow/dags/mi_primer_dag_pythonoperator.py
[2023-10-20 23:32:42,095] {processor.py:641} INFO - Processing file /opt/airflow/dags/mi_primer_dag_pythonoperator.py for tasks to queue
[2023-10-20 23:32:42,095] {logging_mixin.py:115} INFO - [2023-10-20 23:32:42,095] {dagbag.py:508} INFO - Filling up the DagBag from /opt/airflow/dags/mi_primer_dag_pythonoperator.py
[2023-10-20 23:32:42,124] {processor.py:651} INFO - DAG(s) dict_keys(['mi_primer_dar_con_PythonOperator']) retrieved from /opt/airflow/dags/mi_primer_dag_pythonoperator.py
[2023-10-20 23:32:42,146] {logging_mixin.py:115} INFO - [2023-10-20 23:32:42,146] {dag.py:2420} INFO - Sync 1 DAGs
[2023-10-20 23:32:42,169] {logging_mixin.py:115} INFO - [2023-10-20 23:32:42,169] {dag.py:2972} INFO - Setting next_dagrun for mi_primer_dar_con_PythonOperator to 2022-10-27T00:00:00+00:00, run_after=2022-10-28T00:00:00+00:00
[2023-10-20 23:32:42,185] {processor.py:161} INFO - Processing /opt/airflow/dags/mi_primer_dag_pythonoperator.py took 0.095 seconds
[2023-10-20 23:32:52,340] {processor.py:153} INFO - Started process (PID=569) to work on /opt/airflow/dags/mi_primer_dag_pythonoperator.py
[2023-10-20 23:32:52,342] {processor.py:641} INFO - Processing file /opt/airflow/dags/mi_primer_dag_pythonoperator.py for tasks to queue
[2023-10-20 23:32:52,343] {logging_mixin.py:115} INFO - [2023-10-20 23:32:52,343] {dagbag.py:508} INFO - Filling up the DagBag from /opt/airflow/dags/mi_primer_dag_pythonoperator.py
[2023-10-20 23:32:52,381] {processor.py:651} INFO - DAG(s) dict_keys(['mi_primer_dar_con_PythonOperator']) retrieved from /opt/airflow/dags/mi_primer_dag_pythonoperator.py
[2023-10-20 23:32:52,415] {logging_mixin.py:115} INFO - [2023-10-20 23:32:52,415] {dag.py:2420} INFO - Sync 1 DAGs
[2023-10-20 23:32:52,439] {logging_mixin.py:115} INFO - [2023-10-20 23:32:52,439] {dag.py:2972} INFO - Setting next_dagrun for mi_primer_dar_con_PythonOperator to 2022-11-19T00:00:00+00:00, run_after=2022-11-20T00:00:00+00:00
[2023-10-20 23:32:52,456] {processor.py:161} INFO - Processing /opt/airflow/dags/mi_primer_dag_pythonoperator.py took 0.119 seconds
[2023-10-20 23:33:02,609] {processor.py:153} INFO - Started process (PID=628) to work on /opt/airflow/dags/mi_primer_dag_pythonoperator.py
[2023-10-20 23:33:02,610] {processor.py:641} INFO - Processing file /opt/airflow/dags/mi_primer_dag_pythonoperator.py for tasks to queue
[2023-10-20 23:33:02,612] {logging_mixin.py:115} INFO - [2023-10-20 23:33:02,612] {dagbag.py:508} INFO - Filling up the DagBag from /opt/airflow/dags/mi_primer_dag_pythonoperator.py
[2023-10-20 23:33:02,640] {processor.py:651} INFO - DAG(s) dict_keys(['mi_primer_dar_con_PythonOperator']) retrieved from /opt/airflow/dags/mi_primer_dag_pythonoperator.py
[2023-10-20 23:33:02,672] {logging_mixin.py:115} INFO - [2023-10-20 23:33:02,672] {dag.py:2420} INFO - Sync 1 DAGs
[2023-10-20 23:33:02,697] {logging_mixin.py:115} INFO - [2023-10-20 23:33:02,697] {dag.py:2972} INFO - Setting next_dagrun for mi_primer_dar_con_PythonOperator to 2022-12-12T00:00:00+00:00, run_after=2022-12-13T00:00:00+00:00
[2023-10-20 23:33:02,713] {processor.py:161} INFO - Processing /opt/airflow/dags/mi_primer_dag_pythonoperator.py took 0.107 seconds
[2023-10-20 23:33:12,895] {processor.py:153} INFO - Started process (PID=663) to work on /opt/airflow/dags/mi_primer_dag_pythonoperator.py
[2023-10-20 23:33:12,897] {processor.py:641} INFO - Processing file /opt/airflow/dags/mi_primer_dag_pythonoperator.py for tasks to queue
[2023-10-20 23:33:12,898] {logging_mixin.py:115} INFO - [2023-10-20 23:33:12,898] {dagbag.py:508} INFO - Filling up the DagBag from /opt/airflow/dags/mi_primer_dag_pythonoperator.py
[2023-10-20 23:33:12,943] {processor.py:651} INFO - DAG(s) dict_keys(['mi_primer_dar_con_PythonOperator']) retrieved from /opt/airflow/dags/mi_primer_dag_pythonoperator.py
[2023-10-20 23:33:12,977] {logging_mixin.py:115} INFO - [2023-10-20 23:33:12,977] {dag.py:2420} INFO - Sync 1 DAGs
[2023-10-20 23:33:13,001] {logging_mixin.py:115} INFO - [2023-10-20 23:33:13,001] {dag.py:2972} INFO - Setting next_dagrun for mi_primer_dar_con_PythonOperator to 2022-12-21T00:00:00+00:00, run_after=2022-12-22T00:00:00+00:00
[2023-10-20 23:33:13,018] {processor.py:161} INFO - Processing /opt/airflow/dags/mi_primer_dag_pythonoperator.py took 0.126 seconds
[2023-10-20 23:33:23,149] {processor.py:153} INFO - Started process (PID=720) to work on /opt/airflow/dags/mi_primer_dag_pythonoperator.py
[2023-10-20 23:33:23,151] {processor.py:641} INFO - Processing file /opt/airflow/dags/mi_primer_dag_pythonoperator.py for tasks to queue
[2023-10-20 23:33:23,151] {logging_mixin.py:115} INFO - [2023-10-20 23:33:23,151] {dagbag.py:508} INFO - Filling up the DagBag from /opt/airflow/dags/mi_primer_dag_pythonoperator.py
[2023-10-20 23:33:23,172] {processor.py:651} INFO - DAG(s) dict_keys(['mi_primer_dar_con_PythonOperator']) retrieved from /opt/airflow/dags/mi_primer_dag_pythonoperator.py
[2023-10-20 23:33:23,196] {logging_mixin.py:115} INFO - [2023-10-20 23:33:23,196] {dag.py:2420} INFO - Sync 1 DAGs
[2023-10-20 23:33:23,217] {logging_mixin.py:115} INFO - [2023-10-20 23:33:23,217] {dag.py:2972} INFO - Setting next_dagrun for mi_primer_dar_con_PythonOperator to 2023-01-11T00:00:00+00:00, run_after=2023-01-12T00:00:00+00:00
[2023-10-20 23:33:23,236] {processor.py:161} INFO - Processing /opt/airflow/dags/mi_primer_dag_pythonoperator.py took 0.090 seconds
[2023-10-20 23:33:33,370] {processor.py:153} INFO - Started process (PID=773) to work on /opt/airflow/dags/mi_primer_dag_pythonoperator.py
[2023-10-20 23:33:33,371] {processor.py:641} INFO - Processing file /opt/airflow/dags/mi_primer_dag_pythonoperator.py for tasks to queue
[2023-10-20 23:33:33,372] {logging_mixin.py:115} INFO - [2023-10-20 23:33:33,372] {dagbag.py:508} INFO - Filling up the DagBag from /opt/airflow/dags/mi_primer_dag_pythonoperator.py
[2023-10-20 23:33:33,400] {processor.py:651} INFO - DAG(s) dict_keys(['mi_primer_dar_con_PythonOperator']) retrieved from /opt/airflow/dags/mi_primer_dag_pythonoperator.py
[2023-10-20 23:33:33,430] {logging_mixin.py:115} INFO - [2023-10-20 23:33:33,429] {dag.py:2420} INFO - Sync 1 DAGs
[2023-10-20 23:33:33,455] {logging_mixin.py:115} INFO - [2023-10-20 23:33:33,455] {dag.py:2972} INFO - Setting next_dagrun for mi_primer_dar_con_PythonOperator to 2023-01-31T00:00:00+00:00, run_after=2023-02-01T00:00:00+00:00
[2023-10-20 23:33:33,470] {processor.py:161} INFO - Processing /opt/airflow/dags/mi_primer_dag_pythonoperator.py took 0.105 seconds
[2023-10-20 23:33:43,591] {processor.py:153} INFO - Started process (PID=831) to work on /opt/airflow/dags/mi_primer_dag_pythonoperator.py
[2023-10-20 23:33:43,593] {processor.py:641} INFO - Processing file /opt/airflow/dags/mi_primer_dag_pythonoperator.py for tasks to queue
[2023-10-20 23:33:43,594] {logging_mixin.py:115} INFO - [2023-10-20 23:33:43,594] {dagbag.py:508} INFO - Filling up the DagBag from /opt/airflow/dags/mi_primer_dag_pythonoperator.py
[2023-10-20 23:33:43,623] {processor.py:651} INFO - DAG(s) dict_keys(['mi_primer_dar_con_PythonOperator']) retrieved from /opt/airflow/dags/mi_primer_dag_pythonoperator.py
[2023-10-20 23:33:43,662] {logging_mixin.py:115} INFO - [2023-10-20 23:33:43,662] {dag.py:2420} INFO - Sync 1 DAGs
[2023-10-20 23:33:43,692] {logging_mixin.py:115} INFO - [2023-10-20 23:33:43,692] {dag.py:2972} INFO - Setting next_dagrun for mi_primer_dar_con_PythonOperator to 2023-02-22T00:00:00+00:00, run_after=2023-02-23T00:00:00+00:00
[2023-10-20 23:33:43,710] {processor.py:161} INFO - Processing /opt/airflow/dags/mi_primer_dag_pythonoperator.py took 0.124 seconds
[2023-10-20 23:33:53,833] {processor.py:153} INFO - Started process (PID=869) to work on /opt/airflow/dags/mi_primer_dag_pythonoperator.py
[2023-10-20 23:33:53,834] {processor.py:641} INFO - Processing file /opt/airflow/dags/mi_primer_dag_pythonoperator.py for tasks to queue
[2023-10-20 23:33:53,835] {logging_mixin.py:115} INFO - [2023-10-20 23:33:53,835] {dagbag.py:508} INFO - Filling up the DagBag from /opt/airflow/dags/mi_primer_dag_pythonoperator.py
[2023-10-20 23:33:53,861] {processor.py:651} INFO - DAG(s) dict_keys(['mi_primer_dar_con_PythonOperator']) retrieved from /opt/airflow/dags/mi_primer_dag_pythonoperator.py
[2023-10-20 23:33:53,889] {logging_mixin.py:115} INFO - [2023-10-20 23:33:53,888] {dag.py:2420} INFO - Sync 1 DAGs
[2023-10-20 23:33:53,915] {logging_mixin.py:115} INFO - [2023-10-20 23:33:53,915] {dag.py:2972} INFO - Setting next_dagrun for mi_primer_dar_con_PythonOperator to 2023-03-04T00:00:00+00:00, run_after=2023-03-05T00:00:00+00:00
[2023-10-20 23:33:53,932] {processor.py:161} INFO - Processing /opt/airflow/dags/mi_primer_dag_pythonoperator.py took 0.103 seconds
[2023-10-20 23:34:04,065] {processor.py:153} INFO - Started process (PID=938) to work on /opt/airflow/dags/mi_primer_dag_pythonoperator.py
[2023-10-20 23:34:04,066] {processor.py:641} INFO - Processing file /opt/airflow/dags/mi_primer_dag_pythonoperator.py for tasks to queue
[2023-10-20 23:34:04,067] {logging_mixin.py:115} INFO - [2023-10-20 23:34:04,067] {dagbag.py:508} INFO - Filling up the DagBag from /opt/airflow/dags/mi_primer_dag_pythonoperator.py
[2023-10-20 23:34:04,097] {processor.py:651} INFO - DAG(s) dict_keys(['mi_primer_dar_con_PythonOperator']) retrieved from /opt/airflow/dags/mi_primer_dag_pythonoperator.py
[2023-10-20 23:34:04,121] {logging_mixin.py:115} INFO - [2023-10-20 23:34:04,121] {dag.py:2420} INFO - Sync 1 DAGs
[2023-10-20 23:34:04,145] {logging_mixin.py:115} INFO - [2023-10-20 23:34:04,145] {dag.py:2972} INFO - Setting next_dagrun for mi_primer_dar_con_PythonOperator to 2023-03-31T00:00:00+00:00, run_after=2023-04-01T00:00:00+00:00
[2023-10-20 23:34:04,159] {processor.py:161} INFO - Processing /opt/airflow/dags/mi_primer_dag_pythonoperator.py took 0.098 seconds
[2023-10-20 23:34:14,332] {processor.py:153} INFO - Started process (PID=1005) to work on /opt/airflow/dags/mi_primer_dag_pythonoperator.py
[2023-10-20 23:34:14,333] {processor.py:641} INFO - Processing file /opt/airflow/dags/mi_primer_dag_pythonoperator.py for tasks to queue
[2023-10-20 23:34:14,334] {logging_mixin.py:115} INFO - [2023-10-20 23:34:14,334] {dagbag.py:508} INFO - Filling up the DagBag from /opt/airflow/dags/mi_primer_dag_pythonoperator.py
[2023-10-20 23:34:14,359] {processor.py:651} INFO - DAG(s) dict_keys(['mi_primer_dar_con_PythonOperator']) retrieved from /opt/airflow/dags/mi_primer_dag_pythonoperator.py
[2023-10-20 23:34:14,392] {logging_mixin.py:115} INFO - [2023-10-20 23:34:14,392] {dag.py:2420} INFO - Sync 1 DAGs
[2023-10-20 23:34:14,424] {logging_mixin.py:115} INFO - [2023-10-20 23:34:14,424] {dag.py:2972} INFO - Setting next_dagrun for mi_primer_dar_con_PythonOperator to 2023-04-27T00:00:00+00:00, run_after=2023-04-28T00:00:00+00:00
[2023-10-20 23:34:14,442] {processor.py:161} INFO - Processing /opt/airflow/dags/mi_primer_dag_pythonoperator.py took 0.113 seconds
[2023-10-20 23:34:24,730] {processor.py:153} INFO - Started process (PID=1044) to work on /opt/airflow/dags/mi_primer_dag_pythonoperator.py
[2023-10-20 23:34:24,731] {processor.py:641} INFO - Processing file /opt/airflow/dags/mi_primer_dag_pythonoperator.py for tasks to queue
[2023-10-20 23:34:24,735] {logging_mixin.py:115} INFO - [2023-10-20 23:34:24,735] {dagbag.py:508} INFO - Filling up the DagBag from /opt/airflow/dags/mi_primer_dag_pythonoperator.py
[2023-10-20 23:34:24,779] {processor.py:651} INFO - DAG(s) dict_keys(['mi_primer_dar_con_PythonOperator']) retrieved from /opt/airflow/dags/mi_primer_dag_pythonoperator.py
[2023-10-20 23:34:24,811] {logging_mixin.py:115} INFO - [2023-10-20 23:34:24,811] {dag.py:2420} INFO - Sync 1 DAGs
[2023-10-20 23:34:24,837] {logging_mixin.py:115} INFO - [2023-10-20 23:34:24,837] {dag.py:2972} INFO - Setting next_dagrun for mi_primer_dar_con_PythonOperator to 2023-05-08T00:00:00+00:00, run_after=2023-05-09T00:00:00+00:00
[2023-10-20 23:34:24,854] {processor.py:161} INFO - Processing /opt/airflow/dags/mi_primer_dag_pythonoperator.py took 0.129 seconds
[2023-10-20 23:34:35,073] {processor.py:153} INFO - Started process (PID=1104) to work on /opt/airflow/dags/mi_primer_dag_pythonoperator.py
[2023-10-20 23:34:35,074] {processor.py:641} INFO - Processing file /opt/airflow/dags/mi_primer_dag_pythonoperator.py for tasks to queue
[2023-10-20 23:34:35,075] {logging_mixin.py:115} INFO - [2023-10-20 23:34:35,075] {dagbag.py:508} INFO - Filling up the DagBag from /opt/airflow/dags/mi_primer_dag_pythonoperator.py
[2023-10-20 23:34:35,105] {processor.py:651} INFO - DAG(s) dict_keys(['mi_primer_dar_con_PythonOperator']) retrieved from /opt/airflow/dags/mi_primer_dag_pythonoperator.py
[2023-10-20 23:34:35,135] {logging_mixin.py:115} INFO - [2023-10-20 23:34:35,134] {dag.py:2420} INFO - Sync 1 DAGs
[2023-10-20 23:34:35,163] {logging_mixin.py:115} INFO - [2023-10-20 23:34:35,163] {dag.py:2972} INFO - Setting next_dagrun for mi_primer_dar_con_PythonOperator to 2023-05-31T00:00:00+00:00, run_after=2023-06-01T00:00:00+00:00
[2023-10-20 23:34:35,179] {processor.py:161} INFO - Processing /opt/airflow/dags/mi_primer_dag_pythonoperator.py took 0.110 seconds
[2023-10-20 23:34:45,328] {processor.py:153} INFO - Started process (PID=1152) to work on /opt/airflow/dags/mi_primer_dag_pythonoperator.py
[2023-10-20 23:34:45,329] {processor.py:641} INFO - Processing file /opt/airflow/dags/mi_primer_dag_pythonoperator.py for tasks to queue
[2023-10-20 23:34:45,330] {logging_mixin.py:115} INFO - [2023-10-20 23:34:45,330] {dagbag.py:508} INFO - Filling up the DagBag from /opt/airflow/dags/mi_primer_dag_pythonoperator.py
[2023-10-20 23:34:45,368] {processor.py:651} INFO - DAG(s) dict_keys(['mi_primer_dar_con_PythonOperator']) retrieved from /opt/airflow/dags/mi_primer_dag_pythonoperator.py
[2023-10-20 23:34:45,397] {logging_mixin.py:115} INFO - [2023-10-20 23:34:45,397] {dag.py:2420} INFO - Sync 1 DAGs
[2023-10-20 23:34:45,424] {logging_mixin.py:115} INFO - [2023-10-20 23:34:45,424] {dag.py:2972} INFO - Setting next_dagrun for mi_primer_dar_con_PythonOperator to 2023-06-16T00:00:00+00:00, run_after=2023-06-17T00:00:00+00:00
[2023-10-20 23:34:45,441] {processor.py:161} INFO - Processing /opt/airflow/dags/mi_primer_dag_pythonoperator.py took 0.116 seconds
[2023-10-20 23:34:55,583] {processor.py:153} INFO - Started process (PID=1205) to work on /opt/airflow/dags/mi_primer_dag_pythonoperator.py
[2023-10-20 23:34:55,584] {processor.py:641} INFO - Processing file /opt/airflow/dags/mi_primer_dag_pythonoperator.py for tasks to queue
[2023-10-20 23:34:55,585] {logging_mixin.py:115} INFO - [2023-10-20 23:34:55,585] {dagbag.py:508} INFO - Filling up the DagBag from /opt/airflow/dags/mi_primer_dag_pythonoperator.py
[2023-10-20 23:34:55,614] {processor.py:651} INFO - DAG(s) dict_keys(['mi_primer_dar_con_PythonOperator']) retrieved from /opt/airflow/dags/mi_primer_dag_pythonoperator.py
[2023-10-20 23:34:55,640] {logging_mixin.py:115} INFO - [2023-10-20 23:34:55,640] {dag.py:2420} INFO - Sync 1 DAGs
[2023-10-20 23:34:55,663] {logging_mixin.py:115} INFO - [2023-10-20 23:34:55,663] {dag.py:2972} INFO - Setting next_dagrun for mi_primer_dar_con_PythonOperator to 2023-07-05T00:00:00+00:00, run_after=2023-07-06T00:00:00+00:00
[2023-10-20 23:34:55,682] {processor.py:161} INFO - Processing /opt/airflow/dags/mi_primer_dag_pythonoperator.py took 0.102 seconds
[2023-10-20 23:39:02,833] {processor.py:153} INFO - Started process (PID=183) to work on /opt/airflow/dags/mi_primer_dag_pythonoperator.py
[2023-10-20 23:39:02,834] {processor.py:641} INFO - Processing file /opt/airflow/dags/mi_primer_dag_pythonoperator.py for tasks to queue
[2023-10-20 23:39:02,835] {logging_mixin.py:115} INFO - [2023-10-20 23:39:02,834] {dagbag.py:508} INFO - Filling up the DagBag from /opt/airflow/dags/mi_primer_dag_pythonoperator.py
[2023-10-20 23:39:02,858] {processor.py:651} INFO - DAG(s) dict_keys(['mi_primer_dar_con_PythonOperator']) retrieved from /opt/airflow/dags/mi_primer_dag_pythonoperator.py
[2023-10-20 23:39:02,888] {logging_mixin.py:115} INFO - [2023-10-20 23:39:02,888] {dag.py:2420} INFO - Sync 1 DAGs
[2023-10-20 23:39:02,914] {logging_mixin.py:115} INFO - [2023-10-20 23:39:02,914] {dag.py:2972} INFO - Setting next_dagrun for mi_primer_dar_con_PythonOperator to 2023-07-09T00:00:00+00:00, run_after=2023-07-10T00:00:00+00:00
[2023-10-20 23:39:02,930] {processor.py:161} INFO - Processing /opt/airflow/dags/mi_primer_dag_pythonoperator.py took 0.100 seconds
[2023-10-20 23:39:13,208] {processor.py:153} INFO - Started process (PID=242) to work on /opt/airflow/dags/mi_primer_dag_pythonoperator.py
[2023-10-20 23:39:13,209] {processor.py:641} INFO - Processing file /opt/airflow/dags/mi_primer_dag_pythonoperator.py for tasks to queue
[2023-10-20 23:39:13,211] {logging_mixin.py:115} INFO - [2023-10-20 23:39:13,211] {dagbag.py:508} INFO - Filling up the DagBag from /opt/airflow/dags/mi_primer_dag_pythonoperator.py
[2023-10-20 23:39:13,237] {processor.py:651} INFO - DAG(s) dict_keys(['mi_primer_dar_con_PythonOperator']) retrieved from /opt/airflow/dags/mi_primer_dag_pythonoperator.py
[2023-10-20 23:39:13,271] {logging_mixin.py:115} INFO - [2023-10-20 23:39:13,271] {dag.py:2420} INFO - Sync 1 DAGs
[2023-10-20 23:39:13,302] {logging_mixin.py:115} INFO - [2023-10-20 23:39:13,302] {dag.py:2972} INFO - Setting next_dagrun for mi_primer_dar_con_PythonOperator to 2023-07-30T00:00:00+00:00, run_after=2023-07-31T00:00:00+00:00
[2023-10-20 23:39:13,330] {processor.py:161} INFO - Processing /opt/airflow/dags/mi_primer_dag_pythonoperator.py took 0.126 seconds
[2023-10-20 23:39:23,640] {processor.py:153} INFO - Started process (PID=322) to work on /opt/airflow/dags/mi_primer_dag_pythonoperator.py
[2023-10-20 23:39:23,641] {processor.py:641} INFO - Processing file /opt/airflow/dags/mi_primer_dag_pythonoperator.py for tasks to queue
[2023-10-20 23:39:23,642] {logging_mixin.py:115} INFO - [2023-10-20 23:39:23,642] {dagbag.py:508} INFO - Filling up the DagBag from /opt/airflow/dags/mi_primer_dag_pythonoperator.py
[2023-10-20 23:39:23,675] {processor.py:651} INFO - DAG(s) dict_keys(['mi_primer_dar_con_PythonOperator']) retrieved from /opt/airflow/dags/mi_primer_dag_pythonoperator.py
[2023-10-20 23:39:23,707] {logging_mixin.py:115} INFO - [2023-10-20 23:39:23,707] {dag.py:2420} INFO - Sync 1 DAGs
[2023-10-20 23:39:23,738] {logging_mixin.py:115} INFO - [2023-10-20 23:39:23,738] {dag.py:2972} INFO - Setting next_dagrun for mi_primer_dar_con_PythonOperator to 2023-08-27T00:00:00+00:00, run_after=2023-08-28T00:00:00+00:00
[2023-10-20 23:39:23,755] {processor.py:161} INFO - Processing /opt/airflow/dags/mi_primer_dag_pythonoperator.py took 0.119 seconds
[2023-10-20 23:39:34,071] {processor.py:153} INFO - Started process (PID=351) to work on /opt/airflow/dags/mi_primer_dag_pythonoperator.py
[2023-10-20 23:39:34,072] {processor.py:641} INFO - Processing file /opt/airflow/dags/mi_primer_dag_pythonoperator.py for tasks to queue
[2023-10-20 23:39:34,074] {logging_mixin.py:115} INFO - [2023-10-20 23:39:34,073] {dagbag.py:508} INFO - Filling up the DagBag from /opt/airflow/dags/mi_primer_dag_pythonoperator.py
[2023-10-20 23:39:34,098] {processor.py:651} INFO - DAG(s) dict_keys(['mi_primer_dar_con_PythonOperator']) retrieved from /opt/airflow/dags/mi_primer_dag_pythonoperator.py
[2023-10-20 23:39:34,123] {logging_mixin.py:115} INFO - [2023-10-20 23:39:34,123] {dag.py:2420} INFO - Sync 1 DAGs
[2023-10-20 23:39:34,143] {logging_mixin.py:115} INFO - [2023-10-20 23:39:34,143] {dag.py:2972} INFO - Setting next_dagrun for mi_primer_dar_con_PythonOperator to 2023-08-27T00:00:00+00:00, run_after=2023-08-28T00:00:00+00:00
[2023-10-20 23:39:34,158] {processor.py:161} INFO - Processing /opt/airflow/dags/mi_primer_dag_pythonoperator.py took 0.093 seconds
[2023-10-20 23:39:44,554] {processor.py:153} INFO - Started process (PID=372) to work on /opt/airflow/dags/mi_primer_dag_pythonoperator.py
[2023-10-20 23:39:44,556] {processor.py:641} INFO - Processing file /opt/airflow/dags/mi_primer_dag_pythonoperator.py for tasks to queue
[2023-10-20 23:39:44,557] {logging_mixin.py:115} INFO - [2023-10-20 23:39:44,557] {dagbag.py:508} INFO - Filling up the DagBag from /opt/airflow/dags/mi_primer_dag_pythonoperator.py
[2023-10-20 23:39:44,626] {processor.py:651} INFO - DAG(s) dict_keys(['mi_primer_dar_con_PythonOperator']) retrieved from /opt/airflow/dags/mi_primer_dag_pythonoperator.py
[2023-10-20 23:39:44,657] {logging_mixin.py:115} INFO - [2023-10-20 23:39:44,657] {dag.py:2420} INFO - Sync 1 DAGs
[2023-10-20 23:39:44,680] {logging_mixin.py:115} INFO - [2023-10-20 23:39:44,679] {dag.py:2972} INFO - Setting next_dagrun for mi_primer_dar_con_PythonOperator to 2023-08-27T00:00:00+00:00, run_after=2023-08-28T00:00:00+00:00
[2023-10-20 23:39:44,695] {processor.py:161} INFO - Processing /opt/airflow/dags/mi_primer_dag_pythonoperator.py took 0.145 seconds
[2023-10-20 23:39:55,047] {processor.py:153} INFO - Started process (PID=391) to work on /opt/airflow/dags/mi_primer_dag_pythonoperator.py
[2023-10-20 23:39:55,049] {processor.py:641} INFO - Processing file /opt/airflow/dags/mi_primer_dag_pythonoperator.py for tasks to queue
[2023-10-20 23:39:55,051] {logging_mixin.py:115} INFO - [2023-10-20 23:39:55,050] {dagbag.py:508} INFO - Filling up the DagBag from /opt/airflow/dags/mi_primer_dag_pythonoperator.py
[2023-10-20 23:39:55,086] {processor.py:651} INFO - DAG(s) dict_keys(['mi_primer_dar_con_PythonOperator']) retrieved from /opt/airflow/dags/mi_primer_dag_pythonoperator.py
[2023-10-20 23:39:55,116] {logging_mixin.py:115} INFO - [2023-10-20 23:39:55,116] {dag.py:2420} INFO - Sync 1 DAGs
[2023-10-20 23:39:55,139] {logging_mixin.py:115} INFO - [2023-10-20 23:39:55,139] {dag.py:2972} INFO - Setting next_dagrun for mi_primer_dar_con_PythonOperator to 2023-08-27T00:00:00+00:00, run_after=2023-08-28T00:00:00+00:00
[2023-10-20 23:39:55,156] {processor.py:161} INFO - Processing /opt/airflow/dags/mi_primer_dag_pythonoperator.py took 0.114 seconds
[2023-10-20 23:40:05,542] {processor.py:153} INFO - Started process (PID=411) to work on /opt/airflow/dags/mi_primer_dag_pythonoperator.py
[2023-10-20 23:40:05,543] {processor.py:641} INFO - Processing file /opt/airflow/dags/mi_primer_dag_pythonoperator.py for tasks to queue
[2023-10-20 23:40:05,544] {logging_mixin.py:115} INFO - [2023-10-20 23:40:05,544] {dagbag.py:508} INFO - Filling up the DagBag from /opt/airflow/dags/mi_primer_dag_pythonoperator.py
[2023-10-20 23:40:05,571] {processor.py:651} INFO - DAG(s) dict_keys(['mi_primer_dar_con_PythonOperator']) retrieved from /opt/airflow/dags/mi_primer_dag_pythonoperator.py
[2023-10-20 23:40:05,595] {logging_mixin.py:115} INFO - [2023-10-20 23:40:05,594] {dag.py:2420} INFO - Sync 1 DAGs
[2023-10-20 23:40:05,615] {logging_mixin.py:115} INFO - [2023-10-20 23:40:05,615] {dag.py:2972} INFO - Setting next_dagrun for mi_primer_dar_con_PythonOperator to 2023-08-27T00:00:00+00:00, run_after=2023-08-28T00:00:00+00:00
[2023-10-20 23:40:05,629] {processor.py:161} INFO - Processing /opt/airflow/dags/mi_primer_dag_pythonoperator.py took 0.092 seconds
[2023-10-20 23:40:16,013] {processor.py:153} INFO - Started process (PID=431) to work on /opt/airflow/dags/mi_primer_dag_pythonoperator.py
[2023-10-20 23:40:16,015] {processor.py:641} INFO - Processing file /opt/airflow/dags/mi_primer_dag_pythonoperator.py for tasks to queue
[2023-10-20 23:40:16,016] {logging_mixin.py:115} INFO - [2023-10-20 23:40:16,016] {dagbag.py:508} INFO - Filling up the DagBag from /opt/airflow/dags/mi_primer_dag_pythonoperator.py
[2023-10-20 23:40:16,060] {processor.py:651} INFO - DAG(s) dict_keys(['mi_primer_dar_con_PythonOperator']) retrieved from /opt/airflow/dags/mi_primer_dag_pythonoperator.py
[2023-10-20 23:40:16,084] {logging_mixin.py:115} INFO - [2023-10-20 23:40:16,084] {dag.py:2420} INFO - Sync 1 DAGs
[2023-10-20 23:40:16,106] {logging_mixin.py:115} INFO - [2023-10-20 23:40:16,106] {dag.py:2972} INFO - Setting next_dagrun for mi_primer_dar_con_PythonOperator to 2023-08-27T00:00:00+00:00, run_after=2023-08-28T00:00:00+00:00
[2023-10-20 23:40:16,122] {processor.py:161} INFO - Processing /opt/airflow/dags/mi_primer_dag_pythonoperator.py took 0.115 seconds
[2023-10-20 23:40:26,444] {processor.py:153} INFO - Started process (PID=451) to work on /opt/airflow/dags/mi_primer_dag_pythonoperator.py
[2023-10-20 23:40:26,446] {processor.py:641} INFO - Processing file /opt/airflow/dags/mi_primer_dag_pythonoperator.py for tasks to queue
[2023-10-20 23:40:26,448] {logging_mixin.py:115} INFO - [2023-10-20 23:40:26,448] {dagbag.py:508} INFO - Filling up the DagBag from /opt/airflow/dags/mi_primer_dag_pythonoperator.py
[2023-10-20 23:40:26,506] {processor.py:651} INFO - DAG(s) dict_keys(['mi_primer_dar_con_PythonOperator']) retrieved from /opt/airflow/dags/mi_primer_dag_pythonoperator.py
[2023-10-20 23:40:26,541] {logging_mixin.py:115} INFO - [2023-10-20 23:40:26,540] {dag.py:2420} INFO - Sync 1 DAGs
[2023-10-20 23:40:26,562] {logging_mixin.py:115} INFO - [2023-10-20 23:40:26,562] {dag.py:2972} INFO - Setting next_dagrun for mi_primer_dar_con_PythonOperator to 2023-08-27T00:00:00+00:00, run_after=2023-08-28T00:00:00+00:00
[2023-10-20 23:40:26,577] {processor.py:161} INFO - Processing /opt/airflow/dags/mi_primer_dag_pythonoperator.py took 0.138 seconds
[2023-10-20 23:40:37,005] {processor.py:153} INFO - Started process (PID=471) to work on /opt/airflow/dags/mi_primer_dag_pythonoperator.py
[2023-10-20 23:40:37,007] {processor.py:641} INFO - Processing file /opt/airflow/dags/mi_primer_dag_pythonoperator.py for tasks to queue
[2023-10-20 23:40:37,008] {logging_mixin.py:115} INFO - [2023-10-20 23:40:37,008] {dagbag.py:508} INFO - Filling up the DagBag from /opt/airflow/dags/mi_primer_dag_pythonoperator.py
[2023-10-20 23:40:37,042] {processor.py:651} INFO - DAG(s) dict_keys(['mi_primer_dar_con_PythonOperator']) retrieved from /opt/airflow/dags/mi_primer_dag_pythonoperator.py
[2023-10-20 23:40:37,064] {logging_mixin.py:115} INFO - [2023-10-20 23:40:37,064] {dag.py:2420} INFO - Sync 1 DAGs
[2023-10-20 23:40:37,084] {logging_mixin.py:115} INFO - [2023-10-20 23:40:37,084] {dag.py:2972} INFO - Setting next_dagrun for mi_primer_dar_con_PythonOperator to 2023-08-27T00:00:00+00:00, run_after=2023-08-28T00:00:00+00:00
[2023-10-20 23:40:37,100] {processor.py:161} INFO - Processing /opt/airflow/dags/mi_primer_dag_pythonoperator.py took 0.100 seconds
[2023-10-20 23:40:47,507] {processor.py:153} INFO - Started process (PID=491) to work on /opt/airflow/dags/mi_primer_dag_pythonoperator.py
[2023-10-20 23:40:47,508] {processor.py:641} INFO - Processing file /opt/airflow/dags/mi_primer_dag_pythonoperator.py for tasks to queue
[2023-10-20 23:40:47,508] {logging_mixin.py:115} INFO - [2023-10-20 23:40:47,508] {dagbag.py:508} INFO - Filling up the DagBag from /opt/airflow/dags/mi_primer_dag_pythonoperator.py
[2023-10-20 23:40:47,530] {processor.py:651} INFO - DAG(s) dict_keys(['mi_primer_dar_con_PythonOperator']) retrieved from /opt/airflow/dags/mi_primer_dag_pythonoperator.py
[2023-10-20 23:40:47,553] {logging_mixin.py:115} INFO - [2023-10-20 23:40:47,553] {dag.py:2420} INFO - Sync 1 DAGs
[2023-10-20 23:40:47,574] {logging_mixin.py:115} INFO - [2023-10-20 23:40:47,573] {dag.py:2972} INFO - Setting next_dagrun for mi_primer_dar_con_PythonOperator to 2023-08-27T00:00:00+00:00, run_after=2023-08-28T00:00:00+00:00
[2023-10-20 23:40:47,587] {processor.py:161} INFO - Processing /opt/airflow/dags/mi_primer_dag_pythonoperator.py took 0.083 seconds
[2023-10-20 23:40:57,981] {processor.py:153} INFO - Started process (PID=512) to work on /opt/airflow/dags/mi_primer_dag_pythonoperator.py
[2023-10-20 23:40:57,982] {processor.py:641} INFO - Processing file /opt/airflow/dags/mi_primer_dag_pythonoperator.py for tasks to queue
[2023-10-20 23:40:57,983] {logging_mixin.py:115} INFO - [2023-10-20 23:40:57,983] {dagbag.py:508} INFO - Filling up the DagBag from /opt/airflow/dags/mi_primer_dag_pythonoperator.py
[2023-10-20 23:40:58,019] {processor.py:651} INFO - DAG(s) dict_keys(['mi_primer_dar_con_PythonOperator']) retrieved from /opt/airflow/dags/mi_primer_dag_pythonoperator.py
[2023-10-20 23:40:58,044] {logging_mixin.py:115} INFO - [2023-10-20 23:40:58,044] {dag.py:2420} INFO - Sync 1 DAGs
[2023-10-20 23:40:58,065] {logging_mixin.py:115} INFO - [2023-10-20 23:40:58,065] {dag.py:2972} INFO - Setting next_dagrun for mi_primer_dar_con_PythonOperator to 2023-08-27T00:00:00+00:00, run_after=2023-08-28T00:00:00+00:00
[2023-10-20 23:40:58,081] {processor.py:161} INFO - Processing /opt/airflow/dags/mi_primer_dag_pythonoperator.py took 0.105 seconds
[2023-10-20 23:41:08,414] {processor.py:153} INFO - Started process (PID=531) to work on /opt/airflow/dags/mi_primer_dag_pythonoperator.py
[2023-10-20 23:41:08,416] {processor.py:641} INFO - Processing file /opt/airflow/dags/mi_primer_dag_pythonoperator.py for tasks to queue
[2023-10-20 23:41:08,417] {logging_mixin.py:115} INFO - [2023-10-20 23:41:08,417] {dagbag.py:508} INFO - Filling up the DagBag from /opt/airflow/dags/mi_primer_dag_pythonoperator.py
[2023-10-20 23:41:08,467] {processor.py:651} INFO - DAG(s) dict_keys(['mi_primer_dar_con_PythonOperator']) retrieved from /opt/airflow/dags/mi_primer_dag_pythonoperator.py
[2023-10-20 23:41:08,491] {logging_mixin.py:115} INFO - [2023-10-20 23:41:08,491] {dag.py:2420} INFO - Sync 1 DAGs
[2023-10-20 23:41:08,511] {logging_mixin.py:115} INFO - [2023-10-20 23:41:08,511] {dag.py:2972} INFO - Setting next_dagrun for mi_primer_dar_con_PythonOperator to 2023-08-27T00:00:00+00:00, run_after=2023-08-28T00:00:00+00:00
[2023-10-20 23:41:08,527] {processor.py:161} INFO - Processing /opt/airflow/dags/mi_primer_dag_pythonoperator.py took 0.118 seconds
[2023-10-20 23:41:18,863] {processor.py:153} INFO - Started process (PID=551) to work on /opt/airflow/dags/mi_primer_dag_pythonoperator.py
[2023-10-20 23:41:18,865] {processor.py:641} INFO - Processing file /opt/airflow/dags/mi_primer_dag_pythonoperator.py for tasks to queue
[2023-10-20 23:41:18,866] {logging_mixin.py:115} INFO - [2023-10-20 23:41:18,866] {dagbag.py:508} INFO - Filling up the DagBag from /opt/airflow/dags/mi_primer_dag_pythonoperator.py
[2023-10-20 23:41:18,892] {processor.py:651} INFO - DAG(s) dict_keys(['mi_primer_dar_con_PythonOperator']) retrieved from /opt/airflow/dags/mi_primer_dag_pythonoperator.py
[2023-10-20 23:41:18,915] {logging_mixin.py:115} INFO - [2023-10-20 23:41:18,915] {dag.py:2420} INFO - Sync 1 DAGs
[2023-10-20 23:41:18,935] {logging_mixin.py:115} INFO - [2023-10-20 23:41:18,935] {dag.py:2972} INFO - Setting next_dagrun for mi_primer_dar_con_PythonOperator to 2023-08-27T00:00:00+00:00, run_after=2023-08-28T00:00:00+00:00
[2023-10-20 23:41:18,949] {processor.py:161} INFO - Processing /opt/airflow/dags/mi_primer_dag_pythonoperator.py took 0.091 seconds
[2023-10-20 23:41:29,163] {processor.py:153} INFO - Started process (PID=572) to work on /opt/airflow/dags/mi_primer_dag_pythonoperator.py
[2023-10-20 23:41:29,164] {processor.py:641} INFO - Processing file /opt/airflow/dags/mi_primer_dag_pythonoperator.py for tasks to queue
[2023-10-20 23:41:29,165] {logging_mixin.py:115} INFO - [2023-10-20 23:41:29,164] {dagbag.py:508} INFO - Filling up the DagBag from /opt/airflow/dags/mi_primer_dag_pythonoperator.py
[2023-10-20 23:41:29,184] {processor.py:651} INFO - DAG(s) dict_keys(['mi_primer_dar_con_PythonOperator']) retrieved from /opt/airflow/dags/mi_primer_dag_pythonoperator.py
[2023-10-20 23:41:29,206] {logging_mixin.py:115} INFO - [2023-10-20 23:41:29,206] {dag.py:2420} INFO - Sync 1 DAGs
[2023-10-20 23:41:29,226] {logging_mixin.py:115} INFO - [2023-10-20 23:41:29,226] {dag.py:2972} INFO - Setting next_dagrun for mi_primer_dar_con_PythonOperator to 2023-08-27T00:00:00+00:00, run_after=2023-08-28T00:00:00+00:00
[2023-10-20 23:41:29,240] {processor.py:161} INFO - Processing /opt/airflow/dags/mi_primer_dag_pythonoperator.py took 0.080 seconds
[2023-10-20 23:41:39,539] {processor.py:153} INFO - Started process (PID=592) to work on /opt/airflow/dags/mi_primer_dag_pythonoperator.py
[2023-10-20 23:41:39,541] {processor.py:641} INFO - Processing file /opt/airflow/dags/mi_primer_dag_pythonoperator.py for tasks to queue
[2023-10-20 23:41:39,542] {logging_mixin.py:115} INFO - [2023-10-20 23:41:39,542] {dagbag.py:508} INFO - Filling up the DagBag from /opt/airflow/dags/mi_primer_dag_pythonoperator.py
[2023-10-20 23:41:39,575] {processor.py:651} INFO - DAG(s) dict_keys(['mi_primer_dar_con_PythonOperator']) retrieved from /opt/airflow/dags/mi_primer_dag_pythonoperator.py
[2023-10-20 23:41:39,600] {logging_mixin.py:115} INFO - [2023-10-20 23:41:39,600] {dag.py:2420} INFO - Sync 1 DAGs
[2023-10-20 23:41:39,621] {logging_mixin.py:115} INFO - [2023-10-20 23:41:39,620] {dag.py:2972} INFO - Setting next_dagrun for mi_primer_dar_con_PythonOperator to 2023-08-27T00:00:00+00:00, run_after=2023-08-28T00:00:00+00:00
[2023-10-20 23:41:39,637] {processor.py:161} INFO - Processing /opt/airflow/dags/mi_primer_dag_pythonoperator.py took 0.102 seconds
