[2023-10-20 23:28:04,209] {processor.py:153} INFO - Started process (PID=180) to work on /opt/airflow/dags/mi_primer_dag.py
[2023-10-20 23:28:04,209] {processor.py:641} INFO - Processing file /opt/airflow/dags/mi_primer_dag.py for tasks to queue
[2023-10-20 23:28:04,210] {logging_mixin.py:115} INFO - [2023-10-20 23:28:04,210] {dagbag.py:508} INFO - Filling up the DagBag from /opt/airflow/dags/mi_primer_dag.py
[2023-10-20 23:28:04,246] {processor.py:651} INFO - DAG(s) dict_keys(['mi_primer_dag']) retrieved from /opt/airflow/dags/mi_primer_dag.py
[2023-10-20 23:28:04,401] {logging_mixin.py:115} INFO - [2023-10-20 23:28:04,400] {manager.py:508} INFO - Created Permission View: can read on DAG:mi_primer_dag
[2023-10-20 23:28:04,422] {logging_mixin.py:115} INFO - [2023-10-20 23:28:04,422] {manager.py:508} INFO - Created Permission View: can edit on DAG:mi_primer_dag
[2023-10-20 23:28:04,442] {logging_mixin.py:115} INFO - [2023-10-20 23:28:04,442] {manager.py:508} INFO - Created Permission View: can delete on DAG:mi_primer_dag
[2023-10-20 23:28:04,443] {logging_mixin.py:115} INFO - [2023-10-20 23:28:04,443] {dag.py:2420} INFO - Sync 1 DAGs
[2023-10-20 23:28:04,464] {logging_mixin.py:115} INFO - [2023-10-20 23:28:04,464] {dag.py:2439} INFO - Creating ORM DAG for mi_primer_dag
[2023-10-20 23:28:04,491] {logging_mixin.py:115} INFO - [2023-10-20 23:28:04,491] {dag.py:2972} INFO - Setting next_dagrun for mi_primer_dag to 2022-08-02T00:00:00+00:00, run_after=2022-08-03T00:00:00+00:00
[2023-10-20 23:28:04,521] {processor.py:161} INFO - Processing /opt/airflow/dags/mi_primer_dag.py took 0.316 seconds
[2023-10-20 23:28:14,626] {processor.py:153} INFO - Started process (PID=370) to work on /opt/airflow/dags/mi_primer_dag.py
[2023-10-20 23:28:14,627] {processor.py:641} INFO - Processing file /opt/airflow/dags/mi_primer_dag.py for tasks to queue
[2023-10-20 23:28:14,628] {logging_mixin.py:115} INFO - [2023-10-20 23:28:14,628] {dagbag.py:508} INFO - Filling up the DagBag from /opt/airflow/dags/mi_primer_dag.py
[2023-10-20 23:28:14,665] {processor.py:651} INFO - DAG(s) dict_keys(['mi_primer_dag']) retrieved from /opt/airflow/dags/mi_primer_dag.py
[2023-10-20 23:28:14,686] {logging_mixin.py:115} INFO - [2023-10-20 23:28:14,686] {dag.py:2420} INFO - Sync 1 DAGs
[2023-10-20 23:28:14,717] {logging_mixin.py:115} INFO - [2023-10-20 23:28:14,716] {dag.py:2972} INFO - Setting next_dagrun for mi_primer_dag to 2022-08-02T00:00:00+00:00, run_after=2022-08-03T00:00:00+00:00
[2023-10-20 23:28:14,736] {processor.py:161} INFO - Processing /opt/airflow/dags/mi_primer_dag.py took 0.114 seconds
[2023-10-20 23:28:24,846] {processor.py:153} INFO - Started process (PID=571) to work on /opt/airflow/dags/mi_primer_dag.py
[2023-10-20 23:28:24,847] {processor.py:641} INFO - Processing file /opt/airflow/dags/mi_primer_dag.py for tasks to queue
[2023-10-20 23:28:24,848] {logging_mixin.py:115} INFO - [2023-10-20 23:28:24,848] {dagbag.py:508} INFO - Filling up the DagBag from /opt/airflow/dags/mi_primer_dag.py
[2023-10-20 23:28:24,875] {processor.py:651} INFO - DAG(s) dict_keys(['mi_primer_dag']) retrieved from /opt/airflow/dags/mi_primer_dag.py
[2023-10-20 23:28:24,900] {logging_mixin.py:115} INFO - [2023-10-20 23:28:24,900] {dag.py:2420} INFO - Sync 1 DAGs
[2023-10-20 23:28:24,964] {logging_mixin.py:115} INFO - [2023-10-20 23:28:24,964] {dag.py:2972} INFO - Setting next_dagrun for mi_primer_dag to 2022-08-02T00:00:00+00:00, run_after=2022-08-03T00:00:00+00:00
[2023-10-20 23:28:24,988] {processor.py:161} INFO - Processing /opt/airflow/dags/mi_primer_dag.py took 0.146 seconds
[2023-10-20 23:28:35,096] {processor.py:153} INFO - Started process (PID=745) to work on /opt/airflow/dags/mi_primer_dag.py
[2023-10-20 23:28:35,098] {processor.py:641} INFO - Processing file /opt/airflow/dags/mi_primer_dag.py for tasks to queue
[2023-10-20 23:28:35,099] {logging_mixin.py:115} INFO - [2023-10-20 23:28:35,099] {dagbag.py:508} INFO - Filling up the DagBag from /opt/airflow/dags/mi_primer_dag.py
[2023-10-20 23:28:35,125] {processor.py:651} INFO - DAG(s) dict_keys(['mi_primer_dag']) retrieved from /opt/airflow/dags/mi_primer_dag.py
[2023-10-20 23:28:35,161] {logging_mixin.py:115} INFO - [2023-10-20 23:28:35,160] {dag.py:2420} INFO - Sync 1 DAGs
[2023-10-20 23:28:35,194] {logging_mixin.py:115} INFO - [2023-10-20 23:28:35,194] {dag.py:2972} INFO - Setting next_dagrun for mi_primer_dag to 2022-08-02T00:00:00+00:00, run_after=2022-08-03T00:00:00+00:00
[2023-10-20 23:28:35,214] {processor.py:161} INFO - Processing /opt/airflow/dags/mi_primer_dag.py took 0.122 seconds
[2023-10-20 23:28:45,307] {processor.py:153} INFO - Started process (PID=827) to work on /opt/airflow/dags/mi_primer_dag.py
[2023-10-20 23:28:45,308] {processor.py:641} INFO - Processing file /opt/airflow/dags/mi_primer_dag.py for tasks to queue
[2023-10-20 23:28:45,309] {logging_mixin.py:115} INFO - [2023-10-20 23:28:45,309] {dagbag.py:508} INFO - Filling up the DagBag from /opt/airflow/dags/mi_primer_dag.py
[2023-10-20 23:28:45,334] {processor.py:651} INFO - DAG(s) dict_keys(['mi_primer_dag']) retrieved from /opt/airflow/dags/mi_primer_dag.py
[2023-10-20 23:28:45,362] {logging_mixin.py:115} INFO - [2023-10-20 23:28:45,362] {dag.py:2420} INFO - Sync 1 DAGs
[2023-10-20 23:28:45,387] {logging_mixin.py:115} INFO - [2023-10-20 23:28:45,386] {dag.py:2972} INFO - Setting next_dagrun for mi_primer_dag to 2022-08-26T00:00:00+00:00, run_after=2022-08-27T00:00:00+00:00
[2023-10-20 23:28:45,403] {processor.py:161} INFO - Processing /opt/airflow/dags/mi_primer_dag.py took 0.100 seconds
[2023-10-20 23:28:55,508] {processor.py:153} INFO - Started process (PID=923) to work on /opt/airflow/dags/mi_primer_dag.py
[2023-10-20 23:28:55,509] {processor.py:641} INFO - Processing file /opt/airflow/dags/mi_primer_dag.py for tasks to queue
[2023-10-20 23:28:55,510] {logging_mixin.py:115} INFO - [2023-10-20 23:28:55,510] {dagbag.py:508} INFO - Filling up the DagBag from /opt/airflow/dags/mi_primer_dag.py
[2023-10-20 23:28:55,534] {processor.py:651} INFO - DAG(s) dict_keys(['mi_primer_dag']) retrieved from /opt/airflow/dags/mi_primer_dag.py
[2023-10-20 23:28:55,560] {logging_mixin.py:115} INFO - [2023-10-20 23:28:55,560] {dag.py:2420} INFO - Sync 1 DAGs
[2023-10-20 23:28:55,582] {logging_mixin.py:115} INFO - [2023-10-20 23:28:55,582] {dag.py:2972} INFO - Setting next_dagrun for mi_primer_dag to 2022-09-25T00:00:00+00:00, run_after=2022-09-26T00:00:00+00:00
[2023-10-20 23:28:55,596] {processor.py:161} INFO - Processing /opt/airflow/dags/mi_primer_dag.py took 0.092 seconds
[2023-10-20 23:29:05,633] {processor.py:153} INFO - Started process (PID=985) to work on /opt/airflow/dags/mi_primer_dag.py
[2023-10-20 23:29:05,634] {processor.py:641} INFO - Processing file /opt/airflow/dags/mi_primer_dag.py for tasks to queue
[2023-10-20 23:29:05,635] {logging_mixin.py:115} INFO - [2023-10-20 23:29:05,635] {dagbag.py:508} INFO - Filling up the DagBag from /opt/airflow/dags/mi_primer_dag.py
[2023-10-20 23:29:05,665] {processor.py:651} INFO - DAG(s) dict_keys(['mi_primer_dag']) retrieved from /opt/airflow/dags/mi_primer_dag.py
[2023-10-20 23:29:05,699] {logging_mixin.py:115} INFO - [2023-10-20 23:29:05,699] {dag.py:2420} INFO - Sync 1 DAGs
[2023-10-20 23:29:05,726] {logging_mixin.py:115} INFO - [2023-10-20 23:29:05,726] {dag.py:2972} INFO - Setting next_dagrun for mi_primer_dag to 2022-10-16T00:00:00+00:00, run_after=2022-10-17T00:00:00+00:00
[2023-10-20 23:29:05,748] {processor.py:161} INFO - Processing /opt/airflow/dags/mi_primer_dag.py took 0.119 seconds
[2023-10-20 23:29:15,884] {processor.py:153} INFO - Started process (PID=1088) to work on /opt/airflow/dags/mi_primer_dag.py
[2023-10-20 23:29:15,885] {processor.py:641} INFO - Processing file /opt/airflow/dags/mi_primer_dag.py for tasks to queue
[2023-10-20 23:29:15,886] {logging_mixin.py:115} INFO - [2023-10-20 23:29:15,886] {dagbag.py:508} INFO - Filling up the DagBag from /opt/airflow/dags/mi_primer_dag.py
[2023-10-20 23:29:15,914] {processor.py:651} INFO - DAG(s) dict_keys(['mi_primer_dag']) retrieved from /opt/airflow/dags/mi_primer_dag.py
[2023-10-20 23:29:15,939] {logging_mixin.py:115} INFO - [2023-10-20 23:29:15,939] {dag.py:2420} INFO - Sync 1 DAGs
[2023-10-20 23:29:15,961] {logging_mixin.py:115} INFO - [2023-10-20 23:29:15,961] {dag.py:2972} INFO - Setting next_dagrun for mi_primer_dag to 2022-11-11T00:00:00+00:00, run_after=2022-11-12T00:00:00+00:00
[2023-10-20 23:29:15,975] {processor.py:161} INFO - Processing /opt/airflow/dags/mi_primer_dag.py took 0.097 seconds
[2023-10-20 23:29:26,074] {processor.py:153} INFO - Started process (PID=1161) to work on /opt/airflow/dags/mi_primer_dag.py
[2023-10-20 23:29:26,076] {processor.py:641} INFO - Processing file /opt/airflow/dags/mi_primer_dag.py for tasks to queue
[2023-10-20 23:29:26,081] {logging_mixin.py:115} INFO - [2023-10-20 23:29:26,081] {dagbag.py:508} INFO - Filling up the DagBag from /opt/airflow/dags/mi_primer_dag.py
[2023-10-20 23:29:26,120] {processor.py:651} INFO - DAG(s) dict_keys(['mi_primer_dag']) retrieved from /opt/airflow/dags/mi_primer_dag.py
[2023-10-20 23:29:26,144] {logging_mixin.py:115} INFO - [2023-10-20 23:29:26,144] {dag.py:2420} INFO - Sync 1 DAGs
[2023-10-20 23:29:26,170] {logging_mixin.py:115} INFO - [2023-10-20 23:29:26,170] {dag.py:2972} INFO - Setting next_dagrun for mi_primer_dag to 2022-12-02T00:00:00+00:00, run_after=2022-12-03T00:00:00+00:00
[2023-10-20 23:29:26,189] {processor.py:161} INFO - Processing /opt/airflow/dags/mi_primer_dag.py took 0.120 seconds
[2023-10-20 23:29:36,283] {processor.py:153} INFO - Started process (PID=1217) to work on /opt/airflow/dags/mi_primer_dag.py
[2023-10-20 23:29:36,284] {processor.py:641} INFO - Processing file /opt/airflow/dags/mi_primer_dag.py for tasks to queue
[2023-10-20 23:29:36,285] {logging_mixin.py:115} INFO - [2023-10-20 23:29:36,285] {dagbag.py:508} INFO - Filling up the DagBag from /opt/airflow/dags/mi_primer_dag.py
[2023-10-20 23:29:36,319] {processor.py:651} INFO - DAG(s) dict_keys(['mi_primer_dag']) retrieved from /opt/airflow/dags/mi_primer_dag.py
[2023-10-20 23:29:36,353] {logging_mixin.py:115} INFO - [2023-10-20 23:29:36,353] {dag.py:2420} INFO - Sync 1 DAGs
[2023-10-20 23:29:36,395] {logging_mixin.py:115} INFO - [2023-10-20 23:29:36,395] {dag.py:2972} INFO - Setting next_dagrun for mi_primer_dag to 2022-12-22T00:00:00+00:00, run_after=2022-12-23T00:00:00+00:00
[2023-10-20 23:29:36,416] {processor.py:161} INFO - Processing /opt/airflow/dags/mi_primer_dag.py took 0.138 seconds
[2023-10-20 23:29:46,514] {processor.py:153} INFO - Started process (PID=1319) to work on /opt/airflow/dags/mi_primer_dag.py
[2023-10-20 23:29:46,516] {processor.py:641} INFO - Processing file /opt/airflow/dags/mi_primer_dag.py for tasks to queue
[2023-10-20 23:29:46,517] {logging_mixin.py:115} INFO - [2023-10-20 23:29:46,517] {dagbag.py:508} INFO - Filling up the DagBag from /opt/airflow/dags/mi_primer_dag.py
[2023-10-20 23:29:46,544] {processor.py:651} INFO - DAG(s) dict_keys(['mi_primer_dag']) retrieved from /opt/airflow/dags/mi_primer_dag.py
[2023-10-20 23:29:46,578] {logging_mixin.py:115} INFO - [2023-10-20 23:29:46,578] {dag.py:2420} INFO - Sync 1 DAGs
[2023-10-20 23:29:46,615] {logging_mixin.py:115} INFO - [2023-10-20 23:29:46,615] {dag.py:2972} INFO - Setting next_dagrun for mi_primer_dag to 2023-01-21T00:00:00+00:00, run_after=2023-01-22T00:00:00+00:00
[2023-10-20 23:29:46,639] {processor.py:161} INFO - Processing /opt/airflow/dags/mi_primer_dag.py took 0.128 seconds
[2023-10-20 23:29:56,758] {processor.py:153} INFO - Started process (PID=1407) to work on /opt/airflow/dags/mi_primer_dag.py
[2023-10-20 23:29:56,760] {processor.py:641} INFO - Processing file /opt/airflow/dags/mi_primer_dag.py for tasks to queue
[2023-10-20 23:29:56,761] {logging_mixin.py:115} INFO - [2023-10-20 23:29:56,761] {dagbag.py:508} INFO - Filling up the DagBag from /opt/airflow/dags/mi_primer_dag.py
[2023-10-20 23:29:56,805] {processor.py:651} INFO - DAG(s) dict_keys(['mi_primer_dag']) retrieved from /opt/airflow/dags/mi_primer_dag.py
[2023-10-20 23:29:56,840] {logging_mixin.py:115} INFO - [2023-10-20 23:29:56,839] {dag.py:2420} INFO - Sync 1 DAGs
[2023-10-20 23:29:56,861] {logging_mixin.py:115} INFO - [2023-10-20 23:29:56,861] {dag.py:2972} INFO - Setting next_dagrun for mi_primer_dag to 2023-02-12T00:00:00+00:00, run_after=2023-02-13T00:00:00+00:00
[2023-10-20 23:29:56,889] {processor.py:161} INFO - Processing /opt/airflow/dags/mi_primer_dag.py took 0.136 seconds
[2023-10-20 23:30:06,998] {processor.py:153} INFO - Started process (PID=1511) to work on /opt/airflow/dags/mi_primer_dag.py
[2023-10-20 23:30:06,999] {processor.py:641} INFO - Processing file /opt/airflow/dags/mi_primer_dag.py for tasks to queue
[2023-10-20 23:30:07,000] {logging_mixin.py:115} INFO - [2023-10-20 23:30:07,000] {dagbag.py:508} INFO - Filling up the DagBag from /opt/airflow/dags/mi_primer_dag.py
[2023-10-20 23:30:07,025] {processor.py:651} INFO - DAG(s) dict_keys(['mi_primer_dag']) retrieved from /opt/airflow/dags/mi_primer_dag.py
[2023-10-20 23:30:07,052] {logging_mixin.py:115} INFO - [2023-10-20 23:30:07,052] {dag.py:2420} INFO - Sync 1 DAGs
[2023-10-20 23:30:07,074] {logging_mixin.py:115} INFO - [2023-10-20 23:30:07,074] {dag.py:2972} INFO - Setting next_dagrun for mi_primer_dag to 2023-03-16T00:00:00+00:00, run_after=2023-03-17T00:00:00+00:00
[2023-10-20 23:30:07,091] {processor.py:161} INFO - Processing /opt/airflow/dags/mi_primer_dag.py took 0.096 seconds
[2023-10-20 23:30:17,196] {processor.py:153} INFO - Started process (PID=1559) to work on /opt/airflow/dags/mi_primer_dag.py
[2023-10-20 23:30:17,197] {processor.py:641} INFO - Processing file /opt/airflow/dags/mi_primer_dag.py for tasks to queue
[2023-10-20 23:30:17,198] {logging_mixin.py:115} INFO - [2023-10-20 23:30:17,198] {dagbag.py:508} INFO - Filling up the DagBag from /opt/airflow/dags/mi_primer_dag.py
[2023-10-20 23:30:17,231] {processor.py:651} INFO - DAG(s) dict_keys(['mi_primer_dag']) retrieved from /opt/airflow/dags/mi_primer_dag.py
[2023-10-20 23:30:17,259] {logging_mixin.py:115} INFO - [2023-10-20 23:30:17,259] {dag.py:2420} INFO - Sync 1 DAGs
[2023-10-20 23:30:17,281] {logging_mixin.py:115} INFO - [2023-10-20 23:30:17,281] {dag.py:2972} INFO - Setting next_dagrun for mi_primer_dag to 2023-03-28T00:00:00+00:00, run_after=2023-03-29T00:00:00+00:00
[2023-10-20 23:30:17,295] {processor.py:161} INFO - Processing /opt/airflow/dags/mi_primer_dag.py took 0.102 seconds
[2023-10-20 23:30:27,461] {processor.py:153} INFO - Started process (PID=1617) to work on /opt/airflow/dags/mi_primer_dag.py
[2023-10-20 23:30:27,463] {processor.py:641} INFO - Processing file /opt/airflow/dags/mi_primer_dag.py for tasks to queue
[2023-10-20 23:30:27,464] {logging_mixin.py:115} INFO - [2023-10-20 23:30:27,464] {dagbag.py:508} INFO - Filling up the DagBag from /opt/airflow/dags/mi_primer_dag.py
[2023-10-20 23:30:27,510] {processor.py:651} INFO - DAG(s) dict_keys(['mi_primer_dag']) retrieved from /opt/airflow/dags/mi_primer_dag.py
[2023-10-20 23:30:27,545] {logging_mixin.py:115} INFO - [2023-10-20 23:30:27,545] {dag.py:2420} INFO - Sync 1 DAGs
[2023-10-20 23:30:27,566] {logging_mixin.py:115} INFO - [2023-10-20 23:30:27,565] {dag.py:2972} INFO - Setting next_dagrun for mi_primer_dag to 2023-04-13T00:00:00+00:00, run_after=2023-04-14T00:00:00+00:00
[2023-10-20 23:30:27,581] {processor.py:161} INFO - Processing /opt/airflow/dags/mi_primer_dag.py took 0.125 seconds
[2023-10-20 23:31:50,791] {processor.py:153} INFO - Started process (PID=182) to work on /opt/airflow/dags/mi_primer_dag.py
[2023-10-20 23:31:50,792] {processor.py:641} INFO - Processing file /opt/airflow/dags/mi_primer_dag.py for tasks to queue
[2023-10-20 23:31:50,793] {logging_mixin.py:115} INFO - [2023-10-20 23:31:50,793] {dagbag.py:508} INFO - Filling up the DagBag from /opt/airflow/dags/mi_primer_dag.py
[2023-10-20 23:31:50,825] {processor.py:651} INFO - DAG(s) dict_keys(['mi_primer_dag']) retrieved from /opt/airflow/dags/mi_primer_dag.py
[2023-10-20 23:31:50,862] {logging_mixin.py:115} INFO - [2023-10-20 23:31:50,861] {dag.py:2420} INFO - Sync 1 DAGs
[2023-10-20 23:31:50,892] {logging_mixin.py:115} INFO - [2023-10-20 23:31:50,892] {dag.py:2972} INFO - Setting next_dagrun for mi_primer_dag to 2023-04-18T00:00:00+00:00, run_after=2023-04-19T00:00:00+00:00
[2023-10-20 23:31:50,910] {processor.py:161} INFO - Processing /opt/airflow/dags/mi_primer_dag.py took 0.122 seconds
[2023-10-20 23:32:01,138] {processor.py:153} INFO - Started process (PID=277) to work on /opt/airflow/dags/mi_primer_dag.py
[2023-10-20 23:32:01,138] {processor.py:641} INFO - Processing file /opt/airflow/dags/mi_primer_dag.py for tasks to queue
[2023-10-20 23:32:01,139] {logging_mixin.py:115} INFO - [2023-10-20 23:32:01,139] {dagbag.py:508} INFO - Filling up the DagBag from /opt/airflow/dags/mi_primer_dag.py
[2023-10-20 23:32:01,159] {processor.py:651} INFO - DAG(s) dict_keys(['mi_primer_dag']) retrieved from /opt/airflow/dags/mi_primer_dag.py
[2023-10-20 23:32:01,185] {logging_mixin.py:115} INFO - [2023-10-20 23:32:01,185] {dag.py:2420} INFO - Sync 1 DAGs
[2023-10-20 23:32:01,207] {logging_mixin.py:115} INFO - [2023-10-20 23:32:01,207] {dag.py:2972} INFO - Setting next_dagrun for mi_primer_dag to 2023-05-09T00:00:00+00:00, run_after=2023-05-10T00:00:00+00:00
[2023-10-20 23:32:01,220] {processor.py:161} INFO - Processing /opt/airflow/dags/mi_primer_dag.py took 0.085 seconds
[2023-10-20 23:32:11,336] {processor.py:153} INFO - Started process (PID=339) to work on /opt/airflow/dags/mi_primer_dag.py
[2023-10-20 23:32:11,337] {processor.py:641} INFO - Processing file /opt/airflow/dags/mi_primer_dag.py for tasks to queue
[2023-10-20 23:32:11,338] {logging_mixin.py:115} INFO - [2023-10-20 23:32:11,338] {dagbag.py:508} INFO - Filling up the DagBag from /opt/airflow/dags/mi_primer_dag.py
[2023-10-20 23:32:11,358] {processor.py:651} INFO - DAG(s) dict_keys(['mi_primer_dag']) retrieved from /opt/airflow/dags/mi_primer_dag.py
[2023-10-20 23:32:11,382] {logging_mixin.py:115} INFO - [2023-10-20 23:32:11,382] {dag.py:2420} INFO - Sync 1 DAGs
[2023-10-20 23:32:11,402] {logging_mixin.py:115} INFO - [2023-10-20 23:32:11,402] {dag.py:2972} INFO - Setting next_dagrun for mi_primer_dag to 2023-05-09T00:00:00+00:00, run_after=2023-05-10T00:00:00+00:00
[2023-10-20 23:32:11,415] {processor.py:161} INFO - Processing /opt/airflow/dags/mi_primer_dag.py took 0.082 seconds
[2023-10-20 23:32:21,678] {processor.py:153} INFO - Started process (PID=413) to work on /opt/airflow/dags/mi_primer_dag.py
[2023-10-20 23:32:21,679] {processor.py:641} INFO - Processing file /opt/airflow/dags/mi_primer_dag.py for tasks to queue
[2023-10-20 23:32:21,680] {logging_mixin.py:115} INFO - [2023-10-20 23:32:21,680] {dagbag.py:508} INFO - Filling up the DagBag from /opt/airflow/dags/mi_primer_dag.py
[2023-10-20 23:32:21,698] {processor.py:651} INFO - DAG(s) dict_keys(['mi_primer_dag']) retrieved from /opt/airflow/dags/mi_primer_dag.py
[2023-10-20 23:32:21,723] {logging_mixin.py:115} INFO - [2023-10-20 23:32:21,723] {dag.py:2420} INFO - Sync 1 DAGs
[2023-10-20 23:32:21,745] {logging_mixin.py:115} INFO - [2023-10-20 23:32:21,745] {dag.py:2972} INFO - Setting next_dagrun for mi_primer_dag to 2023-05-09T00:00:00+00:00, run_after=2023-05-10T00:00:00+00:00
[2023-10-20 23:32:21,760] {processor.py:161} INFO - Processing /opt/airflow/dags/mi_primer_dag.py took 0.086 seconds
[2023-10-20 23:32:31,876] {processor.py:153} INFO - Started process (PID=452) to work on /opt/airflow/dags/mi_primer_dag.py
[2023-10-20 23:32:31,877] {processor.py:641} INFO - Processing file /opt/airflow/dags/mi_primer_dag.py for tasks to queue
[2023-10-20 23:32:31,879] {logging_mixin.py:115} INFO - [2023-10-20 23:32:31,879] {dagbag.py:508} INFO - Filling up the DagBag from /opt/airflow/dags/mi_primer_dag.py
[2023-10-20 23:32:31,904] {processor.py:651} INFO - DAG(s) dict_keys(['mi_primer_dag']) retrieved from /opt/airflow/dags/mi_primer_dag.py
[2023-10-20 23:32:31,931] {logging_mixin.py:115} INFO - [2023-10-20 23:32:31,931] {dag.py:2420} INFO - Sync 1 DAGs
[2023-10-20 23:32:31,954] {logging_mixin.py:115} INFO - [2023-10-20 23:32:31,954] {dag.py:2972} INFO - Setting next_dagrun for mi_primer_dag to 2023-05-09T00:00:00+00:00, run_after=2023-05-10T00:00:00+00:00
[2023-10-20 23:32:31,969] {processor.py:161} INFO - Processing /opt/airflow/dags/mi_primer_dag.py took 0.098 seconds
[2023-10-20 23:32:42,093] {processor.py:153} INFO - Started process (PID=511) to work on /opt/airflow/dags/mi_primer_dag.py
[2023-10-20 23:32:42,094] {processor.py:641} INFO - Processing file /opt/airflow/dags/mi_primer_dag.py for tasks to queue
[2023-10-20 23:32:42,095] {logging_mixin.py:115} INFO - [2023-10-20 23:32:42,095] {dagbag.py:508} INFO - Filling up the DagBag from /opt/airflow/dags/mi_primer_dag.py
[2023-10-20 23:32:42,121] {processor.py:651} INFO - DAG(s) dict_keys(['mi_primer_dag']) retrieved from /opt/airflow/dags/mi_primer_dag.py
[2023-10-20 23:32:42,146] {logging_mixin.py:115} INFO - [2023-10-20 23:32:42,146] {dag.py:2420} INFO - Sync 1 DAGs
[2023-10-20 23:32:42,169] {logging_mixin.py:115} INFO - [2023-10-20 23:32:42,169] {dag.py:2972} INFO - Setting next_dagrun for mi_primer_dag to 2023-05-09T00:00:00+00:00, run_after=2023-05-10T00:00:00+00:00
[2023-10-20 23:32:42,184] {processor.py:161} INFO - Processing /opt/airflow/dags/mi_primer_dag.py took 0.095 seconds
[2023-10-20 23:32:52,340] {processor.py:153} INFO - Started process (PID=572) to work on /opt/airflow/dags/mi_primer_dag.py
[2023-10-20 23:32:52,342] {processor.py:641} INFO - Processing file /opt/airflow/dags/mi_primer_dag.py for tasks to queue
[2023-10-20 23:32:52,343] {logging_mixin.py:115} INFO - [2023-10-20 23:32:52,343] {dagbag.py:508} INFO - Filling up the DagBag from /opt/airflow/dags/mi_primer_dag.py
[2023-10-20 23:32:52,377] {processor.py:651} INFO - DAG(s) dict_keys(['mi_primer_dag']) retrieved from /opt/airflow/dags/mi_primer_dag.py
[2023-10-20 23:32:52,411] {logging_mixin.py:115} INFO - [2023-10-20 23:32:52,411] {dag.py:2420} INFO - Sync 1 DAGs
[2023-10-20 23:32:52,435] {logging_mixin.py:115} INFO - [2023-10-20 23:32:52,434] {dag.py:2972} INFO - Setting next_dagrun for mi_primer_dag to 2023-05-09T00:00:00+00:00, run_after=2023-05-10T00:00:00+00:00
[2023-10-20 23:32:52,449] {processor.py:161} INFO - Processing /opt/airflow/dags/mi_primer_dag.py took 0.112 seconds
[2023-10-20 23:33:02,608] {processor.py:153} INFO - Started process (PID=631) to work on /opt/airflow/dags/mi_primer_dag.py
[2023-10-20 23:33:02,609] {processor.py:641} INFO - Processing file /opt/airflow/dags/mi_primer_dag.py for tasks to queue
[2023-10-20 23:33:02,610] {logging_mixin.py:115} INFO - [2023-10-20 23:33:02,610] {dagbag.py:508} INFO - Filling up the DagBag from /opt/airflow/dags/mi_primer_dag.py
[2023-10-20 23:33:02,638] {processor.py:651} INFO - DAG(s) dict_keys(['mi_primer_dag']) retrieved from /opt/airflow/dags/mi_primer_dag.py
[2023-10-20 23:33:02,672] {logging_mixin.py:115} INFO - [2023-10-20 23:33:02,672] {dag.py:2420} INFO - Sync 1 DAGs
[2023-10-20 23:33:02,698] {logging_mixin.py:115} INFO - [2023-10-20 23:33:02,697] {dag.py:2972} INFO - Setting next_dagrun for mi_primer_dag to 2023-05-09T00:00:00+00:00, run_after=2023-05-10T00:00:00+00:00
[2023-10-20 23:33:02,715] {processor.py:161} INFO - Processing /opt/airflow/dags/mi_primer_dag.py took 0.110 seconds
[2023-10-20 23:33:12,895] {processor.py:153} INFO - Started process (PID=665) to work on /opt/airflow/dags/mi_primer_dag.py
[2023-10-20 23:33:12,897] {processor.py:641} INFO - Processing file /opt/airflow/dags/mi_primer_dag.py for tasks to queue
[2023-10-20 23:33:12,898] {logging_mixin.py:115} INFO - [2023-10-20 23:33:12,898] {dagbag.py:508} INFO - Filling up the DagBag from /opt/airflow/dags/mi_primer_dag.py
[2023-10-20 23:33:12,942] {processor.py:651} INFO - DAG(s) dict_keys(['mi_primer_dag']) retrieved from /opt/airflow/dags/mi_primer_dag.py
[2023-10-20 23:33:12,982] {logging_mixin.py:115} INFO - [2023-10-20 23:33:12,982] {dag.py:2420} INFO - Sync 1 DAGs
[2023-10-20 23:33:13,007] {logging_mixin.py:115} INFO - [2023-10-20 23:33:13,007] {dag.py:2972} INFO - Setting next_dagrun for mi_primer_dag to 2023-05-09T00:00:00+00:00, run_after=2023-05-10T00:00:00+00:00
[2023-10-20 23:33:13,023] {processor.py:161} INFO - Processing /opt/airflow/dags/mi_primer_dag.py took 0.131 seconds
[2023-10-20 23:33:23,150] {processor.py:153} INFO - Started process (PID=722) to work on /opt/airflow/dags/mi_primer_dag.py
[2023-10-20 23:33:23,151] {processor.py:641} INFO - Processing file /opt/airflow/dags/mi_primer_dag.py for tasks to queue
[2023-10-20 23:33:23,152] {logging_mixin.py:115} INFO - [2023-10-20 23:33:23,152] {dagbag.py:508} INFO - Filling up the DagBag from /opt/airflow/dags/mi_primer_dag.py
[2023-10-20 23:33:23,171] {processor.py:651} INFO - DAG(s) dict_keys(['mi_primer_dag']) retrieved from /opt/airflow/dags/mi_primer_dag.py
[2023-10-20 23:33:23,196] {logging_mixin.py:115} INFO - [2023-10-20 23:33:23,196] {dag.py:2420} INFO - Sync 1 DAGs
[2023-10-20 23:33:23,218] {logging_mixin.py:115} INFO - [2023-10-20 23:33:23,218] {dag.py:2972} INFO - Setting next_dagrun for mi_primer_dag to 2023-05-09T00:00:00+00:00, run_after=2023-05-10T00:00:00+00:00
[2023-10-20 23:33:23,237] {processor.py:161} INFO - Processing /opt/airflow/dags/mi_primer_dag.py took 0.090 seconds
[2023-10-20 23:33:33,368] {processor.py:153} INFO - Started process (PID=775) to work on /opt/airflow/dags/mi_primer_dag.py
[2023-10-20 23:33:33,370] {processor.py:641} INFO - Processing file /opt/airflow/dags/mi_primer_dag.py for tasks to queue
[2023-10-20 23:33:33,371] {logging_mixin.py:115} INFO - [2023-10-20 23:33:33,370] {dagbag.py:508} INFO - Filling up the DagBag from /opt/airflow/dags/mi_primer_dag.py
[2023-10-20 23:33:33,397] {processor.py:651} INFO - DAG(s) dict_keys(['mi_primer_dag']) retrieved from /opt/airflow/dags/mi_primer_dag.py
[2023-10-20 23:33:33,425] {logging_mixin.py:115} INFO - [2023-10-20 23:33:33,425] {dag.py:2420} INFO - Sync 1 DAGs
[2023-10-20 23:33:33,449] {logging_mixin.py:115} INFO - [2023-10-20 23:33:33,449] {dag.py:2972} INFO - Setting next_dagrun for mi_primer_dag to 2023-05-09T00:00:00+00:00, run_after=2023-05-10T00:00:00+00:00
[2023-10-20 23:33:33,465] {processor.py:161} INFO - Processing /opt/airflow/dags/mi_primer_dag.py took 0.100 seconds
[2023-10-20 23:33:43,592] {processor.py:153} INFO - Started process (PID=834) to work on /opt/airflow/dags/mi_primer_dag.py
[2023-10-20 23:33:43,593] {processor.py:641} INFO - Processing file /opt/airflow/dags/mi_primer_dag.py for tasks to queue
[2023-10-20 23:33:43,595] {logging_mixin.py:115} INFO - [2023-10-20 23:33:43,594] {dagbag.py:508} INFO - Filling up the DagBag from /opt/airflow/dags/mi_primer_dag.py
[2023-10-20 23:33:43,629] {processor.py:651} INFO - DAG(s) dict_keys(['mi_primer_dag']) retrieved from /opt/airflow/dags/mi_primer_dag.py
[2023-10-20 23:33:43,665] {logging_mixin.py:115} INFO - [2023-10-20 23:33:43,664] {dag.py:2420} INFO - Sync 1 DAGs
[2023-10-20 23:33:43,697] {logging_mixin.py:115} INFO - [2023-10-20 23:33:43,697] {dag.py:2972} INFO - Setting next_dagrun for mi_primer_dag to 2023-05-09T00:00:00+00:00, run_after=2023-05-10T00:00:00+00:00
[2023-10-20 23:33:43,715] {processor.py:161} INFO - Processing /opt/airflow/dags/mi_primer_dag.py took 0.128 seconds
[2023-10-20 23:33:53,833] {processor.py:153} INFO - Started process (PID=872) to work on /opt/airflow/dags/mi_primer_dag.py
[2023-10-20 23:33:53,834] {processor.py:641} INFO - Processing file /opt/airflow/dags/mi_primer_dag.py for tasks to queue
[2023-10-20 23:33:53,835] {logging_mixin.py:115} INFO - [2023-10-20 23:33:53,835] {dagbag.py:508} INFO - Filling up the DagBag from /opt/airflow/dags/mi_primer_dag.py
[2023-10-20 23:33:53,860] {processor.py:651} INFO - DAG(s) dict_keys(['mi_primer_dag']) retrieved from /opt/airflow/dags/mi_primer_dag.py
[2023-10-20 23:33:53,889] {logging_mixin.py:115} INFO - [2023-10-20 23:33:53,889] {dag.py:2420} INFO - Sync 1 DAGs
[2023-10-20 23:33:53,915] {logging_mixin.py:115} INFO - [2023-10-20 23:33:53,914] {dag.py:2972} INFO - Setting next_dagrun for mi_primer_dag to 2023-05-09T00:00:00+00:00, run_after=2023-05-10T00:00:00+00:00
[2023-10-20 23:33:53,933] {processor.py:161} INFO - Processing /opt/airflow/dags/mi_primer_dag.py took 0.104 seconds
[2023-10-20 23:34:04,065] {processor.py:153} INFO - Started process (PID=941) to work on /opt/airflow/dags/mi_primer_dag.py
[2023-10-20 23:34:04,066] {processor.py:641} INFO - Processing file /opt/airflow/dags/mi_primer_dag.py for tasks to queue
[2023-10-20 23:34:04,067] {logging_mixin.py:115} INFO - [2023-10-20 23:34:04,067] {dagbag.py:508} INFO - Filling up the DagBag from /opt/airflow/dags/mi_primer_dag.py
[2023-10-20 23:34:04,095] {processor.py:651} INFO - DAG(s) dict_keys(['mi_primer_dag']) retrieved from /opt/airflow/dags/mi_primer_dag.py
[2023-10-20 23:34:04,121] {logging_mixin.py:115} INFO - [2023-10-20 23:34:04,121] {dag.py:2420} INFO - Sync 1 DAGs
[2023-10-20 23:34:04,146] {logging_mixin.py:115} INFO - [2023-10-20 23:34:04,145] {dag.py:2972} INFO - Setting next_dagrun for mi_primer_dag to 2023-05-09T00:00:00+00:00, run_after=2023-05-10T00:00:00+00:00
[2023-10-20 23:34:04,159] {processor.py:161} INFO - Processing /opt/airflow/dags/mi_primer_dag.py took 0.098 seconds
[2023-10-20 23:34:14,332] {processor.py:153} INFO - Started process (PID=1007) to work on /opt/airflow/dags/mi_primer_dag.py
[2023-10-20 23:34:14,333] {processor.py:641} INFO - Processing file /opt/airflow/dags/mi_primer_dag.py for tasks to queue
[2023-10-20 23:34:14,334] {logging_mixin.py:115} INFO - [2023-10-20 23:34:14,334] {dagbag.py:508} INFO - Filling up the DagBag from /opt/airflow/dags/mi_primer_dag.py
[2023-10-20 23:34:14,360] {processor.py:651} INFO - DAG(s) dict_keys(['mi_primer_dag']) retrieved from /opt/airflow/dags/mi_primer_dag.py
[2023-10-20 23:34:14,390] {logging_mixin.py:115} INFO - [2023-10-20 23:34:14,390] {dag.py:2420} INFO - Sync 1 DAGs
[2023-10-20 23:34:14,417] {logging_mixin.py:115} INFO - [2023-10-20 23:34:14,417] {dag.py:2972} INFO - Setting next_dagrun for mi_primer_dag to 2023-05-09T00:00:00+00:00, run_after=2023-05-10T00:00:00+00:00
[2023-10-20 23:34:14,434] {processor.py:161} INFO - Processing /opt/airflow/dags/mi_primer_dag.py took 0.105 seconds
[2023-10-20 23:34:24,729] {processor.py:153} INFO - Started process (PID=1047) to work on /opt/airflow/dags/mi_primer_dag.py
[2023-10-20 23:34:24,730] {processor.py:641} INFO - Processing file /opt/airflow/dags/mi_primer_dag.py for tasks to queue
[2023-10-20 23:34:24,731] {logging_mixin.py:115} INFO - [2023-10-20 23:34:24,731] {dagbag.py:508} INFO - Filling up the DagBag from /opt/airflow/dags/mi_primer_dag.py
[2023-10-20 23:34:24,775] {processor.py:651} INFO - DAG(s) dict_keys(['mi_primer_dag']) retrieved from /opt/airflow/dags/mi_primer_dag.py
[2023-10-20 23:34:24,803] {logging_mixin.py:115} INFO - [2023-10-20 23:34:24,803] {dag.py:2420} INFO - Sync 1 DAGs
[2023-10-20 23:34:24,827] {logging_mixin.py:115} INFO - [2023-10-20 23:34:24,827] {dag.py:2972} INFO - Setting next_dagrun for mi_primer_dag to 2023-05-09T00:00:00+00:00, run_after=2023-05-10T00:00:00+00:00
[2023-10-20 23:34:24,844] {processor.py:161} INFO - Processing /opt/airflow/dags/mi_primer_dag.py took 0.119 seconds
[2023-10-20 23:34:35,073] {processor.py:153} INFO - Started process (PID=1107) to work on /opt/airflow/dags/mi_primer_dag.py
[2023-10-20 23:34:35,074] {processor.py:641} INFO - Processing file /opt/airflow/dags/mi_primer_dag.py for tasks to queue
[2023-10-20 23:34:35,075] {logging_mixin.py:115} INFO - [2023-10-20 23:34:35,075] {dagbag.py:508} INFO - Filling up the DagBag from /opt/airflow/dags/mi_primer_dag.py
[2023-10-20 23:34:35,103] {processor.py:651} INFO - DAG(s) dict_keys(['mi_primer_dag']) retrieved from /opt/airflow/dags/mi_primer_dag.py
[2023-10-20 23:34:35,135] {logging_mixin.py:115} INFO - [2023-10-20 23:34:35,134] {dag.py:2420} INFO - Sync 1 DAGs
[2023-10-20 23:34:35,163] {logging_mixin.py:115} INFO - [2023-10-20 23:34:35,163] {dag.py:2972} INFO - Setting next_dagrun for mi_primer_dag to 2023-05-09T00:00:00+00:00, run_after=2023-05-10T00:00:00+00:00
[2023-10-20 23:34:35,181] {processor.py:161} INFO - Processing /opt/airflow/dags/mi_primer_dag.py took 0.112 seconds
[2023-10-20 23:34:45,328] {processor.py:153} INFO - Started process (PID=1154) to work on /opt/airflow/dags/mi_primer_dag.py
[2023-10-20 23:34:45,329] {processor.py:641} INFO - Processing file /opt/airflow/dags/mi_primer_dag.py for tasks to queue
[2023-10-20 23:34:45,331] {logging_mixin.py:115} INFO - [2023-10-20 23:34:45,330] {dagbag.py:508} INFO - Filling up the DagBag from /opt/airflow/dags/mi_primer_dag.py
[2023-10-20 23:34:45,366] {processor.py:651} INFO - DAG(s) dict_keys(['mi_primer_dag']) retrieved from /opt/airflow/dags/mi_primer_dag.py
[2023-10-20 23:34:45,401] {logging_mixin.py:115} INFO - [2023-10-20 23:34:45,401] {dag.py:2420} INFO - Sync 1 DAGs
[2023-10-20 23:34:45,432] {logging_mixin.py:115} INFO - [2023-10-20 23:34:45,431] {dag.py:2972} INFO - Setting next_dagrun for mi_primer_dag to 2023-05-09T00:00:00+00:00, run_after=2023-05-10T00:00:00+00:00
[2023-10-20 23:34:45,446] {processor.py:161} INFO - Processing /opt/airflow/dags/mi_primer_dag.py took 0.123 seconds
[2023-10-20 23:34:55,583] {processor.py:153} INFO - Started process (PID=1208) to work on /opt/airflow/dags/mi_primer_dag.py
[2023-10-20 23:34:55,584] {processor.py:641} INFO - Processing file /opt/airflow/dags/mi_primer_dag.py for tasks to queue
[2023-10-20 23:34:55,585] {logging_mixin.py:115} INFO - [2023-10-20 23:34:55,585] {dagbag.py:508} INFO - Filling up the DagBag from /opt/airflow/dags/mi_primer_dag.py
[2023-10-20 23:34:55,612] {processor.py:651} INFO - DAG(s) dict_keys(['mi_primer_dag']) retrieved from /opt/airflow/dags/mi_primer_dag.py
[2023-10-20 23:34:55,640] {logging_mixin.py:115} INFO - [2023-10-20 23:34:55,640] {dag.py:2420} INFO - Sync 1 DAGs
[2023-10-20 23:34:55,663] {logging_mixin.py:115} INFO - [2023-10-20 23:34:55,663] {dag.py:2972} INFO - Setting next_dagrun for mi_primer_dag to 2023-05-09T00:00:00+00:00, run_after=2023-05-10T00:00:00+00:00
[2023-10-20 23:34:55,680] {processor.py:161} INFO - Processing /opt/airflow/dags/mi_primer_dag.py took 0.100 seconds
[2023-10-20 23:39:02,958] {processor.py:153} INFO - Started process (PID=190) to work on /opt/airflow/dags/mi_primer_dag.py
[2023-10-20 23:39:02,959] {processor.py:641} INFO - Processing file /opt/airflow/dags/mi_primer_dag.py for tasks to queue
[2023-10-20 23:39:02,960] {logging_mixin.py:115} INFO - [2023-10-20 23:39:02,960] {dagbag.py:508} INFO - Filling up the DagBag from /opt/airflow/dags/mi_primer_dag.py
[2023-10-20 23:39:02,984] {processor.py:651} INFO - DAG(s) dict_keys(['mi_primer_dag']) retrieved from /opt/airflow/dags/mi_primer_dag.py
[2023-10-20 23:39:03,011] {logging_mixin.py:115} INFO - [2023-10-20 23:39:03,010] {dag.py:2420} INFO - Sync 1 DAGs
[2023-10-20 23:39:03,034] {logging_mixin.py:115} INFO - [2023-10-20 23:39:03,034] {dag.py:2972} INFO - Setting next_dagrun for mi_primer_dag to 2023-05-09T00:00:00+00:00, run_after=2023-05-10T00:00:00+00:00
[2023-10-20 23:39:03,051] {processor.py:161} INFO - Processing /opt/airflow/dags/mi_primer_dag.py took 0.097 seconds
[2023-10-20 23:39:13,352] {processor.py:153} INFO - Started process (PID=250) to work on /opt/airflow/dags/mi_primer_dag.py
[2023-10-20 23:39:13,353] {processor.py:641} INFO - Processing file /opt/airflow/dags/mi_primer_dag.py for tasks to queue
[2023-10-20 23:39:13,354] {logging_mixin.py:115} INFO - [2023-10-20 23:39:13,354] {dagbag.py:508} INFO - Filling up the DagBag from /opt/airflow/dags/mi_primer_dag.py
[2023-10-20 23:39:13,382] {processor.py:651} INFO - DAG(s) dict_keys(['mi_primer_dag']) retrieved from /opt/airflow/dags/mi_primer_dag.py
[2023-10-20 23:39:13,418] {logging_mixin.py:115} INFO - [2023-10-20 23:39:13,418] {dag.py:2420} INFO - Sync 1 DAGs
[2023-10-20 23:39:13,453] {logging_mixin.py:115} INFO - [2023-10-20 23:39:13,453] {dag.py:2972} INFO - Setting next_dagrun for mi_primer_dag to 2023-05-09T00:00:00+00:00, run_after=2023-05-10T00:00:00+00:00
[2023-10-20 23:39:13,471] {processor.py:161} INFO - Processing /opt/airflow/dags/mi_primer_dag.py took 0.125 seconds
[2023-10-20 23:39:23,787] {processor.py:153} INFO - Started process (PID=330) to work on /opt/airflow/dags/mi_primer_dag.py
[2023-10-20 23:39:23,788] {processor.py:641} INFO - Processing file /opt/airflow/dags/mi_primer_dag.py for tasks to queue
[2023-10-20 23:39:23,789] {logging_mixin.py:115} INFO - [2023-10-20 23:39:23,789] {dagbag.py:508} INFO - Filling up the DagBag from /opt/airflow/dags/mi_primer_dag.py
[2023-10-20 23:39:23,810] {processor.py:651} INFO - DAG(s) dict_keys(['mi_primer_dag']) retrieved from /opt/airflow/dags/mi_primer_dag.py
[2023-10-20 23:39:23,837] {logging_mixin.py:115} INFO - [2023-10-20 23:39:23,837] {dag.py:2420} INFO - Sync 1 DAGs
[2023-10-20 23:39:23,860] {logging_mixin.py:115} INFO - [2023-10-20 23:39:23,860] {dag.py:2972} INFO - Setting next_dagrun for mi_primer_dag to 2023-05-09T00:00:00+00:00, run_after=2023-05-10T00:00:00+00:00
[2023-10-20 23:39:23,875] {processor.py:161} INFO - Processing /opt/airflow/dags/mi_primer_dag.py took 0.091 seconds
[2023-10-20 23:39:34,212] {processor.py:153} INFO - Started process (PID=359) to work on /opt/airflow/dags/mi_primer_dag.py
[2023-10-20 23:39:34,214] {processor.py:641} INFO - Processing file /opt/airflow/dags/mi_primer_dag.py for tasks to queue
[2023-10-20 23:39:34,215] {logging_mixin.py:115} INFO - [2023-10-20 23:39:34,215] {dagbag.py:508} INFO - Filling up the DagBag from /opt/airflow/dags/mi_primer_dag.py
[2023-10-20 23:39:34,263] {processor.py:651} INFO - DAG(s) dict_keys(['mi_primer_dag']) retrieved from /opt/airflow/dags/mi_primer_dag.py
[2023-10-20 23:39:34,305] {logging_mixin.py:115} INFO - [2023-10-20 23:39:34,305] {dag.py:2420} INFO - Sync 1 DAGs
[2023-10-20 23:39:34,326] {logging_mixin.py:115} INFO - [2023-10-20 23:39:34,326] {dag.py:2972} INFO - Setting next_dagrun for mi_primer_dag to 2023-05-09T00:00:00+00:00, run_after=2023-05-10T00:00:00+00:00
[2023-10-20 23:39:34,345] {processor.py:161} INFO - Processing /opt/airflow/dags/mi_primer_dag.py took 0.138 seconds
[2023-10-20 23:39:44,732] {processor.py:153} INFO - Started process (PID=379) to work on /opt/airflow/dags/mi_primer_dag.py
[2023-10-20 23:39:44,734] {processor.py:641} INFO - Processing file /opt/airflow/dags/mi_primer_dag.py for tasks to queue
[2023-10-20 23:39:44,735] {logging_mixin.py:115} INFO - [2023-10-20 23:39:44,734] {dagbag.py:508} INFO - Filling up the DagBag from /opt/airflow/dags/mi_primer_dag.py
[2023-10-20 23:39:44,763] {processor.py:651} INFO - DAG(s) dict_keys(['mi_primer_dag']) retrieved from /opt/airflow/dags/mi_primer_dag.py
[2023-10-20 23:39:44,791] {logging_mixin.py:115} INFO - [2023-10-20 23:39:44,791] {dag.py:2420} INFO - Sync 1 DAGs
[2023-10-20 23:39:44,817] {logging_mixin.py:115} INFO - [2023-10-20 23:39:44,816] {dag.py:2972} INFO - Setting next_dagrun for mi_primer_dag to 2023-05-09T00:00:00+00:00, run_after=2023-05-10T00:00:00+00:00
[2023-10-20 23:39:44,836] {processor.py:161} INFO - Processing /opt/airflow/dags/mi_primer_dag.py took 0.107 seconds
[2023-10-20 23:39:55,200] {processor.py:153} INFO - Started process (PID=399) to work on /opt/airflow/dags/mi_primer_dag.py
[2023-10-20 23:39:55,201] {processor.py:641} INFO - Processing file /opt/airflow/dags/mi_primer_dag.py for tasks to queue
[2023-10-20 23:39:55,202] {logging_mixin.py:115} INFO - [2023-10-20 23:39:55,202] {dagbag.py:508} INFO - Filling up the DagBag from /opt/airflow/dags/mi_primer_dag.py
[2023-10-20 23:39:55,238] {processor.py:651} INFO - DAG(s) dict_keys(['mi_primer_dag']) retrieved from /opt/airflow/dags/mi_primer_dag.py
[2023-10-20 23:39:55,279] {logging_mixin.py:115} INFO - [2023-10-20 23:39:55,278] {dag.py:2420} INFO - Sync 1 DAGs
[2023-10-20 23:39:55,305] {logging_mixin.py:115} INFO - [2023-10-20 23:39:55,304] {dag.py:2972} INFO - Setting next_dagrun for mi_primer_dag to 2023-05-09T00:00:00+00:00, run_after=2023-05-10T00:00:00+00:00
[2023-10-20 23:39:55,324] {processor.py:161} INFO - Processing /opt/airflow/dags/mi_primer_dag.py took 0.128 seconds
[2023-10-20 23:40:05,668] {processor.py:153} INFO - Started process (PID=419) to work on /opt/airflow/dags/mi_primer_dag.py
[2023-10-20 23:40:05,669] {processor.py:641} INFO - Processing file /opt/airflow/dags/mi_primer_dag.py for tasks to queue
[2023-10-20 23:40:05,670] {logging_mixin.py:115} INFO - [2023-10-20 23:40:05,669] {dagbag.py:508} INFO - Filling up the DagBag from /opt/airflow/dags/mi_primer_dag.py
[2023-10-20 23:40:05,692] {processor.py:651} INFO - DAG(s) dict_keys(['mi_primer_dag']) retrieved from /opt/airflow/dags/mi_primer_dag.py
[2023-10-20 23:40:05,724] {logging_mixin.py:115} INFO - [2023-10-20 23:40:05,724] {dag.py:2420} INFO - Sync 1 DAGs
[2023-10-20 23:40:05,752] {logging_mixin.py:115} INFO - [2023-10-20 23:40:05,752] {dag.py:2972} INFO - Setting next_dagrun for mi_primer_dag to 2023-05-09T00:00:00+00:00, run_after=2023-05-10T00:00:00+00:00
[2023-10-20 23:40:05,767] {processor.py:161} INFO - Processing /opt/airflow/dags/mi_primer_dag.py took 0.103 seconds
[2023-10-20 23:40:16,158] {processor.py:153} INFO - Started process (PID=439) to work on /opt/airflow/dags/mi_primer_dag.py
[2023-10-20 23:40:16,159] {processor.py:641} INFO - Processing file /opt/airflow/dags/mi_primer_dag.py for tasks to queue
[2023-10-20 23:40:16,160] {logging_mixin.py:115} INFO - [2023-10-20 23:40:16,160] {dagbag.py:508} INFO - Filling up the DagBag from /opt/airflow/dags/mi_primer_dag.py
[2023-10-20 23:40:16,191] {processor.py:651} INFO - DAG(s) dict_keys(['mi_primer_dag']) retrieved from /opt/airflow/dags/mi_primer_dag.py
[2023-10-20 23:40:16,222] {logging_mixin.py:115} INFO - [2023-10-20 23:40:16,222] {dag.py:2420} INFO - Sync 1 DAGs
[2023-10-20 23:40:16,242] {logging_mixin.py:115} INFO - [2023-10-20 23:40:16,242] {dag.py:2972} INFO - Setting next_dagrun for mi_primer_dag to 2023-05-09T00:00:00+00:00, run_after=2023-05-10T00:00:00+00:00
[2023-10-20 23:40:16,256] {processor.py:161} INFO - Processing /opt/airflow/dags/mi_primer_dag.py took 0.102 seconds
[2023-10-20 23:40:26,632] {processor.py:153} INFO - Started process (PID=459) to work on /opt/airflow/dags/mi_primer_dag.py
[2023-10-20 23:40:26,634] {processor.py:641} INFO - Processing file /opt/airflow/dags/mi_primer_dag.py for tasks to queue
[2023-10-20 23:40:26,635] {logging_mixin.py:115} INFO - [2023-10-20 23:40:26,635] {dagbag.py:508} INFO - Filling up the DagBag from /opt/airflow/dags/mi_primer_dag.py
[2023-10-20 23:40:26,681] {processor.py:651} INFO - DAG(s) dict_keys(['mi_primer_dag']) retrieved from /opt/airflow/dags/mi_primer_dag.py
[2023-10-20 23:40:26,711] {logging_mixin.py:115} INFO - [2023-10-20 23:40:26,711] {dag.py:2420} INFO - Sync 1 DAGs
[2023-10-20 23:40:26,738] {logging_mixin.py:115} INFO - [2023-10-20 23:40:26,738] {dag.py:2972} INFO - Setting next_dagrun for mi_primer_dag to 2023-05-09T00:00:00+00:00, run_after=2023-05-10T00:00:00+00:00
[2023-10-20 23:40:26,756] {processor.py:161} INFO - Processing /opt/airflow/dags/mi_primer_dag.py took 0.130 seconds
[2023-10-20 23:40:37,155] {processor.py:153} INFO - Started process (PID=479) to work on /opt/airflow/dags/mi_primer_dag.py
[2023-10-20 23:40:37,157] {processor.py:641} INFO - Processing file /opt/airflow/dags/mi_primer_dag.py for tasks to queue
[2023-10-20 23:40:37,158] {logging_mixin.py:115} INFO - [2023-10-20 23:40:37,158] {dagbag.py:508} INFO - Filling up the DagBag from /opt/airflow/dags/mi_primer_dag.py
[2023-10-20 23:40:37,199] {processor.py:651} INFO - DAG(s) dict_keys(['mi_primer_dag']) retrieved from /opt/airflow/dags/mi_primer_dag.py
[2023-10-20 23:40:37,228] {logging_mixin.py:115} INFO - [2023-10-20 23:40:37,228] {dag.py:2420} INFO - Sync 1 DAGs
[2023-10-20 23:40:37,252] {logging_mixin.py:115} INFO - [2023-10-20 23:40:37,252] {dag.py:2972} INFO - Setting next_dagrun for mi_primer_dag to 2023-05-09T00:00:00+00:00, run_after=2023-05-10T00:00:00+00:00
[2023-10-20 23:40:37,270] {processor.py:161} INFO - Processing /opt/airflow/dags/mi_primer_dag.py took 0.120 seconds
[2023-10-20 23:40:47,621] {processor.py:153} INFO - Started process (PID=499) to work on /opt/airflow/dags/mi_primer_dag.py
[2023-10-20 23:40:47,622] {processor.py:641} INFO - Processing file /opt/airflow/dags/mi_primer_dag.py for tasks to queue
[2023-10-20 23:40:47,624] {logging_mixin.py:115} INFO - [2023-10-20 23:40:47,624] {dagbag.py:508} INFO - Filling up the DagBag from /opt/airflow/dags/mi_primer_dag.py
[2023-10-20 23:40:47,659] {processor.py:651} INFO - DAG(s) dict_keys(['mi_primer_dag']) retrieved from /opt/airflow/dags/mi_primer_dag.py
[2023-10-20 23:40:47,702] {logging_mixin.py:115} INFO - [2023-10-20 23:40:47,702] {dag.py:2420} INFO - Sync 1 DAGs
[2023-10-20 23:40:47,741] {logging_mixin.py:115} INFO - [2023-10-20 23:40:47,740] {dag.py:2972} INFO - Setting next_dagrun for mi_primer_dag to 2023-05-09T00:00:00+00:00, run_after=2023-05-10T00:00:00+00:00
[2023-10-20 23:40:47,767] {processor.py:161} INFO - Processing /opt/airflow/dags/mi_primer_dag.py took 0.150 seconds
[2023-10-20 23:40:58,115] {processor.py:153} INFO - Started process (PID=519) to work on /opt/airflow/dags/mi_primer_dag.py
[2023-10-20 23:40:58,116] {processor.py:641} INFO - Processing file /opt/airflow/dags/mi_primer_dag.py for tasks to queue
[2023-10-20 23:40:58,117] {logging_mixin.py:115} INFO - [2023-10-20 23:40:58,117] {dagbag.py:508} INFO - Filling up the DagBag from /opt/airflow/dags/mi_primer_dag.py
[2023-10-20 23:40:58,144] {processor.py:651} INFO - DAG(s) dict_keys(['mi_primer_dag']) retrieved from /opt/airflow/dags/mi_primer_dag.py
[2023-10-20 23:40:58,183] {logging_mixin.py:115} INFO - [2023-10-20 23:40:58,183] {dag.py:2420} INFO - Sync 1 DAGs
[2023-10-20 23:40:58,215] {logging_mixin.py:115} INFO - [2023-10-20 23:40:58,215] {dag.py:2972} INFO - Setting next_dagrun for mi_primer_dag to 2023-05-09T00:00:00+00:00, run_after=2023-05-10T00:00:00+00:00
[2023-10-20 23:40:58,229] {processor.py:161} INFO - Processing /opt/airflow/dags/mi_primer_dag.py took 0.117 seconds
[2023-10-20 23:41:08,560] {processor.py:153} INFO - Started process (PID=539) to work on /opt/airflow/dags/mi_primer_dag.py
[2023-10-20 23:41:08,561] {processor.py:641} INFO - Processing file /opt/airflow/dags/mi_primer_dag.py for tasks to queue
[2023-10-20 23:41:08,562] {logging_mixin.py:115} INFO - [2023-10-20 23:41:08,562] {dagbag.py:508} INFO - Filling up the DagBag from /opt/airflow/dags/mi_primer_dag.py
[2023-10-20 23:41:08,593] {processor.py:651} INFO - DAG(s) dict_keys(['mi_primer_dag']) retrieved from /opt/airflow/dags/mi_primer_dag.py
[2023-10-20 23:41:08,633] {logging_mixin.py:115} INFO - [2023-10-20 23:41:08,633] {dag.py:2420} INFO - Sync 1 DAGs
[2023-10-20 23:41:08,663] {logging_mixin.py:115} INFO - [2023-10-20 23:41:08,663] {dag.py:2972} INFO - Setting next_dagrun for mi_primer_dag to 2023-05-09T00:00:00+00:00, run_after=2023-05-10T00:00:00+00:00
[2023-10-20 23:41:08,680] {processor.py:161} INFO - Processing /opt/airflow/dags/mi_primer_dag.py took 0.124 seconds
[2023-10-20 23:41:18,989] {processor.py:153} INFO - Started process (PID=559) to work on /opt/airflow/dags/mi_primer_dag.py
[2023-10-20 23:41:18,990] {processor.py:641} INFO - Processing file /opt/airflow/dags/mi_primer_dag.py for tasks to queue
[2023-10-20 23:41:18,992] {logging_mixin.py:115} INFO - [2023-10-20 23:41:18,991] {dagbag.py:508} INFO - Filling up the DagBag from /opt/airflow/dags/mi_primer_dag.py
[2023-10-20 23:41:19,037] {processor.py:651} INFO - DAG(s) dict_keys(['mi_primer_dag']) retrieved from /opt/airflow/dags/mi_primer_dag.py
[2023-10-20 23:41:19,075] {logging_mixin.py:115} INFO - [2023-10-20 23:41:19,075] {dag.py:2420} INFO - Sync 1 DAGs
[2023-10-20 23:41:19,097] {logging_mixin.py:115} INFO - [2023-10-20 23:41:19,097] {dag.py:2972} INFO - Setting next_dagrun for mi_primer_dag to 2023-05-09T00:00:00+00:00, run_after=2023-05-10T00:00:00+00:00
[2023-10-20 23:41:19,117] {processor.py:161} INFO - Processing /opt/airflow/dags/mi_primer_dag.py took 0.134 seconds
[2023-10-20 23:41:29,270] {processor.py:153} INFO - Started process (PID=579) to work on /opt/airflow/dags/mi_primer_dag.py
[2023-10-20 23:41:29,271] {processor.py:641} INFO - Processing file /opt/airflow/dags/mi_primer_dag.py for tasks to queue
[2023-10-20 23:41:29,272] {logging_mixin.py:115} INFO - [2023-10-20 23:41:29,272] {dagbag.py:508} INFO - Filling up the DagBag from /opt/airflow/dags/mi_primer_dag.py
[2023-10-20 23:41:29,297] {processor.py:651} INFO - DAG(s) dict_keys(['mi_primer_dag']) retrieved from /opt/airflow/dags/mi_primer_dag.py
[2023-10-20 23:41:29,324] {logging_mixin.py:115} INFO - [2023-10-20 23:41:29,324] {dag.py:2420} INFO - Sync 1 DAGs
[2023-10-20 23:41:29,345] {logging_mixin.py:115} INFO - [2023-10-20 23:41:29,345] {dag.py:2972} INFO - Setting next_dagrun for mi_primer_dag to 2023-05-09T00:00:00+00:00, run_after=2023-05-10T00:00:00+00:00
[2023-10-20 23:41:29,359] {processor.py:161} INFO - Processing /opt/airflow/dags/mi_primer_dag.py took 0.092 seconds
[2023-10-20 23:41:39,682] {processor.py:153} INFO - Started process (PID=599) to work on /opt/airflow/dags/mi_primer_dag.py
[2023-10-20 23:41:39,684] {processor.py:641} INFO - Processing file /opt/airflow/dags/mi_primer_dag.py for tasks to queue
[2023-10-20 23:41:39,686] {logging_mixin.py:115} INFO - [2023-10-20 23:41:39,685] {dagbag.py:508} INFO - Filling up the DagBag from /opt/airflow/dags/mi_primer_dag.py
[2023-10-20 23:41:39,728] {processor.py:651} INFO - DAG(s) dict_keys(['mi_primer_dag']) retrieved from /opt/airflow/dags/mi_primer_dag.py
[2023-10-20 23:41:39,760] {logging_mixin.py:115} INFO - [2023-10-20 23:41:39,760] {dag.py:2420} INFO - Sync 1 DAGs
[2023-10-20 23:41:39,793] {logging_mixin.py:115} INFO - [2023-10-20 23:41:39,792] {dag.py:2972} INFO - Setting next_dagrun for mi_primer_dag to 2023-05-09T00:00:00+00:00, run_after=2023-05-10T00:00:00+00:00
[2023-10-20 23:41:39,815] {processor.py:161} INFO - Processing /opt/airflow/dags/mi_primer_dag.py took 0.138 seconds
