[2023-10-20 23:21:14,274] {taskinstance.py:1179} INFO - Dependencies all met for <TaskInstance: mi_primer_dag_v3.primera_tarea scheduled__2022-11-28T00:00:00+00:00 [queued]>
[2023-10-20 23:21:14,288] {taskinstance.py:1179} INFO - Dependencies all met for <TaskInstance: mi_primer_dag_v3.primera_tarea scheduled__2022-11-28T00:00:00+00:00 [queued]>
[2023-10-20 23:21:14,288] {taskinstance.py:1376} INFO - 
--------------------------------------------------------------------------------
[2023-10-20 23:21:14,289] {taskinstance.py:1377} INFO - Starting attempt 1 of 6
[2023-10-20 23:21:14,290] {taskinstance.py:1378} INFO - 
--------------------------------------------------------------------------------
[2023-10-20 23:21:14,311] {taskinstance.py:1397} INFO - Executing <Task(BashOperator): primera_tarea> on 2022-11-28 00:00:00+00:00
[2023-10-20 23:21:14,316] {standard_task_runner.py:52} INFO - Started process 1280 to run task
[2023-10-20 23:21:14,321] {standard_task_runner.py:79} INFO - Running: ['***', 'tasks', 'run', 'mi_primer_dag_v3', 'primera_tarea', 'scheduled__2022-11-28T00:00:00+00:00', '--job-id', '351', '--raw', '--subdir', 'DAGS_FOLDER/primer_dag_v3.py', '--cfg-path', '/tmp/tmpi0pa3gr1', '--error-file', '/tmp/tmp0c1_x5tu']
[2023-10-20 23:21:14,323] {standard_task_runner.py:80} INFO - Job 351: Subtask primera_tarea
[2023-10-20 23:21:14,445] {task_command.py:371} INFO - Running <TaskInstance: mi_primer_dag_v3.primera_tarea scheduled__2022-11-28T00:00:00+00:00 [running]> on host dfdda228c9fc
[2023-10-20 23:21:14,580] {taskinstance.py:1591} INFO - Exporting the following env vars:
AIRFLOW_CTX_DAG_OWNER=DavidBU
AIRFLOW_CTX_DAG_ID=mi_primer_dag_v3
AIRFLOW_CTX_TASK_ID=primera_tarea
AIRFLOW_CTX_EXECUTION_DATE=2022-11-28T00:00:00+00:00
AIRFLOW_CTX_TRY_NUMBER=1
AIRFLOW_CTX_DAG_RUN_ID=scheduled__2022-11-28T00:00:00+00:00
[2023-10-20 23:21:14,581] {subprocess.py:62} INFO - Tmp dir root location: 
 /tmp
[2023-10-20 23:21:14,582] {subprocess.py:74} INFO - Running command: ['bash', '-c', 'echo hola mundo, esta es nuestra primera tarea!']
[2023-10-20 23:21:14,594] {subprocess.py:85} INFO - Output:
[2023-10-20 23:21:14,596] {subprocess.py:92} INFO - hola mundo, esta es nuestra primera tarea!
[2023-10-20 23:21:14,597] {subprocess.py:96} INFO - Command exited with return code 0
[2023-10-20 23:21:14,640] {taskinstance.py:1420} INFO - Marking task as SUCCESS. dag_id=mi_primer_dag_v3, task_id=primera_tarea, execution_date=20221128T000000, start_date=20231020T232114, end_date=20231020T232114
[2023-10-20 23:21:14,693] {local_task_job.py:156} INFO - Task exited with return code 0
[2023-10-20 23:21:14,768] {local_task_job.py:273} INFO - 2 downstream tasks scheduled from follow-on schedule check
