[2023-10-20 23:33:23,830] {taskinstance.py:1179} INFO - Dependencies all met for <TaskInstance: mi_primer_dar_con_PythonOperator.aloha_david scheduled__2023-01-11T00:00:00+00:00 [queued]>
[2023-10-20 23:33:23,841] {taskinstance.py:1179} INFO - Dependencies all met for <TaskInstance: mi_primer_dar_con_PythonOperator.aloha_david scheduled__2023-01-11T00:00:00+00:00 [queued]>
[2023-10-20 23:33:23,841] {taskinstance.py:1376} INFO - 
--------------------------------------------------------------------------------
[2023-10-20 23:33:23,842] {taskinstance.py:1377} INFO - Starting attempt 1 of 6
[2023-10-20 23:33:23,843] {taskinstance.py:1378} INFO - 
--------------------------------------------------------------------------------
[2023-10-20 23:33:23,858] {taskinstance.py:1397} INFO - Executing <Task(PythonOperator): aloha_david> on 2023-01-11 00:00:00+00:00
[2023-10-20 23:33:23,863] {standard_task_runner.py:52} INFO - Started process 731 to run task
[2023-10-20 23:33:23,866] {standard_task_runner.py:79} INFO - Running: ['***', 'tasks', 'run', 'mi_primer_dar_con_PythonOperator', 'aloha_david', 'scheduled__2023-01-11T00:00:00+00:00', '--job-id', '1776', '--raw', '--subdir', 'DAGS_FOLDER/mi_primer_dag_pythonoperator.py', '--cfg-path', '/tmp/tmpjs6e_za5', '--error-file', '/tmp/tmp0gafcphk']
[2023-10-20 23:33:23,868] {standard_task_runner.py:80} INFO - Job 1776: Subtask aloha_david
[2023-10-20 23:33:23,987] {task_command.py:371} INFO - Running <TaskInstance: mi_primer_dar_con_PythonOperator.aloha_david scheduled__2023-01-11T00:00:00+00:00 [running]> on host dfdda228c9fc
[2023-10-20 23:33:24,116] {taskinstance.py:1591} INFO - Exporting the following env vars:
AIRFLOW_CTX_DAG_OWNER=DavidBU
AIRFLOW_CTX_DAG_ID=mi_primer_dar_con_PythonOperator
AIRFLOW_CTX_TASK_ID=aloha_david
AIRFLOW_CTX_EXECUTION_DATE=2023-01-11T00:00:00+00:00
AIRFLOW_CTX_TRY_NUMBER=1
AIRFLOW_CTX_DAG_RUN_ID=scheduled__2023-01-11T00:00:00+00:00
[2023-10-20 23:33:24,118] {logging_mixin.py:115} INFO - Aloha Mundo soy yo!
[2023-10-20 23:33:24,119] {python.py:173} INFO - Done. Returned value was: None
[2023-10-20 23:33:24,139] {taskinstance.py:1420} INFO - Marking task as SUCCESS. dag_id=mi_primer_dar_con_PythonOperator, task_id=aloha_david, execution_date=20230111T000000, start_date=20231020T233323, end_date=20231020T233324
[2023-10-20 23:33:24,160] {local_task_job.py:156} INFO - Task exited with return code 0
[2023-10-20 23:33:24,196] {local_task_job.py:273} INFO - 0 downstream tasks scheduled from follow-on schedule check
