[2023-10-20 23:32:15,460] {taskinstance.py:1179} INFO - Dependencies all met for <TaskInstance: mi_primer_dar_con_PythonOperator.aloha_david scheduled__2022-09-05T00:00:00+00:00 [queued]>
[2023-10-20 23:32:15,472] {taskinstance.py:1179} INFO - Dependencies all met for <TaskInstance: mi_primer_dar_con_PythonOperator.aloha_david scheduled__2022-09-05T00:00:00+00:00 [queued]>
[2023-10-20 23:32:15,472] {taskinstance.py:1376} INFO - 
--------------------------------------------------------------------------------
[2023-10-20 23:32:15,473] {taskinstance.py:1377} INFO - Starting attempt 1 of 6
[2023-10-20 23:32:15,474] {taskinstance.py:1378} INFO - 
--------------------------------------------------------------------------------
[2023-10-20 23:32:15,492] {taskinstance.py:1397} INFO - Executing <Task(PythonOperator): aloha_david> on 2022-09-05 00:00:00+00:00
[2023-10-20 23:32:15,496] {standard_task_runner.py:52} INFO - Started process 377 to run task
[2023-10-20 23:32:15,499] {standard_task_runner.py:79} INFO - Running: ['***', 'tasks', 'run', 'mi_primer_dar_con_PythonOperator', 'aloha_david', 'scheduled__2022-09-05T00:00:00+00:00', '--job-id', '1648', '--raw', '--subdir', 'DAGS_FOLDER/mi_primer_dag_pythonoperator.py', '--cfg-path', '/tmp/tmpp5aayaq2', '--error-file', '/tmp/tmpd5t3y8ww']
[2023-10-20 23:32:15,501] {standard_task_runner.py:80} INFO - Job 1648: Subtask aloha_david
[2023-10-20 23:32:15,584] {task_command.py:371} INFO - Running <TaskInstance: mi_primer_dar_con_PythonOperator.aloha_david scheduled__2022-09-05T00:00:00+00:00 [running]> on host dfdda228c9fc
[2023-10-20 23:32:15,681] {taskinstance.py:1591} INFO - Exporting the following env vars:
AIRFLOW_CTX_DAG_OWNER=DavidBU
AIRFLOW_CTX_DAG_ID=mi_primer_dar_con_PythonOperator
AIRFLOW_CTX_TASK_ID=aloha_david
AIRFLOW_CTX_EXECUTION_DATE=2022-09-05T00:00:00+00:00
AIRFLOW_CTX_TRY_NUMBER=1
AIRFLOW_CTX_DAG_RUN_ID=scheduled__2022-09-05T00:00:00+00:00
[2023-10-20 23:32:15,682] {logging_mixin.py:115} INFO - Aloha Mundo soy yo!
[2023-10-20 23:32:15,683] {python.py:173} INFO - Done. Returned value was: None
[2023-10-20 23:32:15,697] {taskinstance.py:1420} INFO - Marking task as SUCCESS. dag_id=mi_primer_dar_con_PythonOperator, task_id=aloha_david, execution_date=20220905T000000, start_date=20231020T233215, end_date=20231020T233215
[2023-10-20 23:32:15,752] {local_task_job.py:156} INFO - Task exited with return code 0
[2023-10-20 23:32:15,784] {local_task_job.py:273} INFO - 0 downstream tasks scheduled from follow-on schedule check
