[2023-10-20 23:32:39,202] {taskinstance.py:1179} INFO - Dependencies all met for <TaskInstance: mi_primer_dar_con_PythonOperator.aloha_david scheduled__2022-10-13T00:00:00+00:00 [queued]>
[2023-10-20 23:32:39,220] {taskinstance.py:1179} INFO - Dependencies all met for <TaskInstance: mi_primer_dar_con_PythonOperator.aloha_david scheduled__2022-10-13T00:00:00+00:00 [queued]>
[2023-10-20 23:32:39,221] {taskinstance.py:1376} INFO - 
--------------------------------------------------------------------------------
[2023-10-20 23:32:39,222] {taskinstance.py:1377} INFO - Starting attempt 1 of 6
[2023-10-20 23:32:39,223] {taskinstance.py:1378} INFO - 
--------------------------------------------------------------------------------
[2023-10-20 23:32:39,243] {taskinstance.py:1397} INFO - Executing <Task(PythonOperator): aloha_david> on 2022-10-13 00:00:00+00:00
[2023-10-20 23:32:39,249] {standard_task_runner.py:52} INFO - Started process 484 to run task
[2023-10-20 23:32:39,253] {standard_task_runner.py:79} INFO - Running: ['***', 'tasks', 'run', 'mi_primer_dar_con_PythonOperator', 'aloha_david', 'scheduled__2022-10-13T00:00:00+00:00', '--job-id', '1686', '--raw', '--subdir', 'DAGS_FOLDER/mi_primer_dag_pythonoperator.py', '--cfg-path', '/tmp/tmpuiip9bx3', '--error-file', '/tmp/tmpgac9j0nf']
[2023-10-20 23:32:39,254] {standard_task_runner.py:80} INFO - Job 1686: Subtask aloha_david
[2023-10-20 23:32:39,344] {task_command.py:371} INFO - Running <TaskInstance: mi_primer_dar_con_PythonOperator.aloha_david scheduled__2022-10-13T00:00:00+00:00 [running]> on host dfdda228c9fc
[2023-10-20 23:32:39,437] {taskinstance.py:1591} INFO - Exporting the following env vars:
AIRFLOW_CTX_DAG_OWNER=DavidBU
AIRFLOW_CTX_DAG_ID=mi_primer_dar_con_PythonOperator
AIRFLOW_CTX_TASK_ID=aloha_david
AIRFLOW_CTX_EXECUTION_DATE=2022-10-13T00:00:00+00:00
AIRFLOW_CTX_TRY_NUMBER=1
AIRFLOW_CTX_DAG_RUN_ID=scheduled__2022-10-13T00:00:00+00:00
[2023-10-20 23:32:39,439] {logging_mixin.py:115} INFO - Aloha Mundo soy yo!
[2023-10-20 23:32:39,439] {python.py:173} INFO - Done. Returned value was: None
[2023-10-20 23:32:39,454] {taskinstance.py:1420} INFO - Marking task as SUCCESS. dag_id=mi_primer_dar_con_PythonOperator, task_id=aloha_david, execution_date=20221013T000000, start_date=20231020T233239, end_date=20231020T233239
[2023-10-20 23:32:39,507] {local_task_job.py:156} INFO - Task exited with return code 0
[2023-10-20 23:32:39,585] {local_task_job.py:273} INFO - 0 downstream tasks scheduled from follow-on schedule check
