[2023-10-20 23:21:20,380] {taskinstance.py:1179} INFO - Dependencies all met for <TaskInstance: mi_primer_dag_v3.segunda_tarea scheduled__2022-12-08T00:00:00+00:00 [queued]>
[2023-10-20 23:21:20,400] {taskinstance.py:1179} INFO - Dependencies all met for <TaskInstance: mi_primer_dag_v3.segunda_tarea scheduled__2022-12-08T00:00:00+00:00 [queued]>
[2023-10-20 23:21:20,401] {taskinstance.py:1376} INFO - 
--------------------------------------------------------------------------------
[2023-10-20 23:21:20,403] {taskinstance.py:1377} INFO - Starting attempt 1 of 6
[2023-10-20 23:21:20,404] {taskinstance.py:1378} INFO - 
--------------------------------------------------------------------------------
[2023-10-20 23:21:20,424] {taskinstance.py:1397} INFO - Executing <Task(BashOperator): segunda_tarea> on 2022-12-08 00:00:00+00:00
[2023-10-20 23:21:20,429] {standard_task_runner.py:52} INFO - Started process 1425 to run task
[2023-10-20 23:21:20,433] {standard_task_runner.py:79} INFO - Running: ['***', 'tasks', 'run', 'mi_primer_dag_v3', 'segunda_tarea', 'scheduled__2022-12-08T00:00:00+00:00', '--job-id', '396', '--raw', '--subdir', 'DAGS_FOLDER/primer_dag_v3.py', '--cfg-path', '/tmp/tmpr_5cj7a3', '--error-file', '/tmp/tmpw1pgpnhp']
[2023-10-20 23:21:20,435] {standard_task_runner.py:80} INFO - Job 396: Subtask segunda_tarea
[2023-10-20 23:21:20,531] {task_command.py:371} INFO - Running <TaskInstance: mi_primer_dag_v3.segunda_tarea scheduled__2022-12-08T00:00:00+00:00 [running]> on host dfdda228c9fc
[2023-10-20 23:21:20,639] {taskinstance.py:1591} INFO - Exporting the following env vars:
AIRFLOW_CTX_DAG_OWNER=DavidBU
AIRFLOW_CTX_DAG_ID=mi_primer_dag_v3
AIRFLOW_CTX_TASK_ID=segunda_tarea
AIRFLOW_CTX_EXECUTION_DATE=2022-12-08T00:00:00+00:00
AIRFLOW_CTX_TRY_NUMBER=1
AIRFLOW_CTX_DAG_RUN_ID=scheduled__2022-12-08T00:00:00+00:00
[2023-10-20 23:21:20,641] {subprocess.py:62} INFO - Tmp dir root location: 
 /tmp
[2023-10-20 23:21:20,642] {subprocess.py:74} INFO - Running command: ['bash', '-c', 'echo hola, soy la tarea 2 y sere corrida luego de la Tarea 1']
[2023-10-20 23:21:20,652] {subprocess.py:85} INFO - Output:
[2023-10-20 23:21:20,653] {subprocess.py:92} INFO - hola, soy la tarea 2 y sere corrida luego de la Tarea 1
[2023-10-20 23:21:20,654] {subprocess.py:96} INFO - Command exited with return code 0
[2023-10-20 23:21:20,696] {taskinstance.py:1420} INFO - Marking task as SUCCESS. dag_id=mi_primer_dag_v3, task_id=segunda_tarea, execution_date=20221208T000000, start_date=20231020T232120, end_date=20231020T232120
[2023-10-20 23:21:20,726] {local_task_job.py:156} INFO - Task exited with return code 0
[2023-10-20 23:21:20,762] {local_task_job.py:273} INFO - 0 downstream tasks scheduled from follow-on schedule check
