[2023-10-20 23:39:11,331] {taskinstance.py:1179} INFO - Dependencies all met for <TaskInstance: mi_primer_dar_con_PythonOperator.aloha_david scheduled__2023-07-22T00:00:00+00:00 [queued]>
[2023-10-20 23:39:11,342] {taskinstance.py:1179} INFO - Dependencies all met for <TaskInstance: mi_primer_dar_con_PythonOperator.aloha_david scheduled__2023-07-22T00:00:00+00:00 [queued]>
[2023-10-20 23:39:11,342] {taskinstance.py:1376} INFO - 
--------------------------------------------------------------------------------
[2023-10-20 23:39:11,343] {taskinstance.py:1377} INFO - Starting attempt 1 of 6
[2023-10-20 23:39:11,344] {taskinstance.py:1378} INFO - 
--------------------------------------------------------------------------------
[2023-10-20 23:39:11,358] {taskinstance.py:1397} INFO - Executing <Task(PythonOperator): aloha_david> on 2023-07-22 00:00:00+00:00
[2023-10-20 23:39:11,370] {standard_task_runner.py:52} INFO - Started process 231 to run task
[2023-10-20 23:39:11,375] {standard_task_runner.py:79} INFO - Running: ['***', 'tasks', 'run', 'mi_primer_dar_con_PythonOperator', 'aloha_david', 'scheduled__2023-07-22T00:00:00+00:00', '--job-id', '1969', '--raw', '--subdir', 'DAGS_FOLDER/mi_primer_dag_pythonoperator.py', '--cfg-path', '/tmp/tmp3ibwvxxe', '--error-file', '/tmp/tmphhimfq_g']
[2023-10-20 23:39:11,377] {standard_task_runner.py:80} INFO - Job 1969: Subtask aloha_david
[2023-10-20 23:39:11,472] {task_command.py:371} INFO - Running <TaskInstance: mi_primer_dar_con_PythonOperator.aloha_david scheduled__2023-07-22T00:00:00+00:00 [running]> on host dfdda228c9fc
[2023-10-20 23:39:11,558] {taskinstance.py:1591} INFO - Exporting the following env vars:
AIRFLOW_CTX_DAG_OWNER=DavidBU
AIRFLOW_CTX_DAG_ID=mi_primer_dar_con_PythonOperator
AIRFLOW_CTX_TASK_ID=aloha_david
AIRFLOW_CTX_EXECUTION_DATE=2023-07-22T00:00:00+00:00
AIRFLOW_CTX_TRY_NUMBER=1
AIRFLOW_CTX_DAG_RUN_ID=scheduled__2023-07-22T00:00:00+00:00
[2023-10-20 23:39:11,559] {logging_mixin.py:115} INFO - Aloha Mundo soy yo!
[2023-10-20 23:39:11,560] {python.py:173} INFO - Done. Returned value was: None
[2023-10-20 23:39:11,572] {taskinstance.py:1420} INFO - Marking task as SUCCESS. dag_id=mi_primer_dar_con_PythonOperator, task_id=aloha_david, execution_date=20230722T000000, start_date=20231020T233911, end_date=20231020T233911
[2023-10-20 23:39:11,627] {local_task_job.py:156} INFO - Task exited with return code 0
[2023-10-20 23:39:11,661] {local_task_job.py:273} INFO - 0 downstream tasks scheduled from follow-on schedule check
