[2023-10-20 23:21:24,841] {taskinstance.py:1179} INFO - Dependencies all met for <TaskInstance: mi_primer_dag_v3.primera_tarea scheduled__2022-12-21T00:00:00+00:00 [queued]>
[2023-10-20 23:21:24,859] {taskinstance.py:1179} INFO - Dependencies all met for <TaskInstance: mi_primer_dag_v3.primera_tarea scheduled__2022-12-21T00:00:00+00:00 [queued]>
[2023-10-20 23:21:24,860] {taskinstance.py:1376} INFO - 
--------------------------------------------------------------------------------
[2023-10-20 23:21:24,861] {taskinstance.py:1377} INFO - Starting attempt 1 of 6
[2023-10-20 23:21:24,862] {taskinstance.py:1378} INFO - 
--------------------------------------------------------------------------------
[2023-10-20 23:21:24,896] {taskinstance.py:1397} INFO - Executing <Task(BashOperator): primera_tarea> on 2022-12-21 00:00:00+00:00
[2023-10-20 23:21:24,902] {standard_task_runner.py:52} INFO - Started process 1498 to run task
[2023-10-20 23:21:24,906] {standard_task_runner.py:79} INFO - Running: ['***', 'tasks', 'run', 'mi_primer_dag_v3', 'primera_tarea', 'scheduled__2022-12-21T00:00:00+00:00', '--job-id', '421', '--raw', '--subdir', 'DAGS_FOLDER/primer_dag_v3.py', '--cfg-path', '/tmp/tmpq6mymc8h', '--error-file', '/tmp/tmpd_9sgqyx']
[2023-10-20 23:21:24,908] {standard_task_runner.py:80} INFO - Job 421: Subtask primera_tarea
[2023-10-20 23:21:25,047] {task_command.py:371} INFO - Running <TaskInstance: mi_primer_dag_v3.primera_tarea scheduled__2022-12-21T00:00:00+00:00 [running]> on host dfdda228c9fc
[2023-10-20 23:21:25,212] {taskinstance.py:1591} INFO - Exporting the following env vars:
AIRFLOW_CTX_DAG_OWNER=DavidBU
AIRFLOW_CTX_DAG_ID=mi_primer_dag_v3
AIRFLOW_CTX_TASK_ID=primera_tarea
AIRFLOW_CTX_EXECUTION_DATE=2022-12-21T00:00:00+00:00
AIRFLOW_CTX_TRY_NUMBER=1
AIRFLOW_CTX_DAG_RUN_ID=scheduled__2022-12-21T00:00:00+00:00
[2023-10-20 23:21:25,214] {subprocess.py:62} INFO - Tmp dir root location: 
 /tmp
[2023-10-20 23:21:25,215] {subprocess.py:74} INFO - Running command: ['bash', '-c', 'echo hola mundo, esta es nuestra primera tarea!']
[2023-10-20 23:21:25,230] {subprocess.py:85} INFO - Output:
[2023-10-20 23:21:25,235] {subprocess.py:92} INFO - hola mundo, esta es nuestra primera tarea!
[2023-10-20 23:21:25,236] {subprocess.py:96} INFO - Command exited with return code 0
[2023-10-20 23:21:25,306] {taskinstance.py:1420} INFO - Marking task as SUCCESS. dag_id=mi_primer_dag_v3, task_id=primera_tarea, execution_date=20221221T000000, start_date=20231020T232124, end_date=20231020T232125
[2023-10-20 23:21:25,363] {local_task_job.py:156} INFO - Task exited with return code 0
[2023-10-20 23:21:25,424] {local_task_job.py:273} INFO - 2 downstream tasks scheduled from follow-on schedule check
