[2023-10-20 23:21:31,442] {taskinstance.py:1179} INFO - Dependencies all met for <TaskInstance: mi_primer_dag_v3.primera_tarea scheduled__2022-12-28T00:00:00+00:00 [queued]>
[2023-10-20 23:21:31,459] {taskinstance.py:1179} INFO - Dependencies all met for <TaskInstance: mi_primer_dag_v3.primera_tarea scheduled__2022-12-28T00:00:00+00:00 [queued]>
[2023-10-20 23:21:31,459] {taskinstance.py:1376} INFO - 
--------------------------------------------------------------------------------
[2023-10-20 23:21:31,460] {taskinstance.py:1377} INFO - Starting attempt 1 of 6
[2023-10-20 23:21:31,461] {taskinstance.py:1378} INFO - 
--------------------------------------------------------------------------------
[2023-10-20 23:21:31,487] {taskinstance.py:1397} INFO - Executing <Task(BashOperator): primera_tarea> on 2022-12-28 00:00:00+00:00
[2023-10-20 23:21:31,494] {standard_task_runner.py:52} INFO - Started process 1581 to run task
[2023-10-20 23:21:31,499] {standard_task_runner.py:79} INFO - Running: ['***', 'tasks', 'run', 'mi_primer_dag_v3', 'primera_tarea', 'scheduled__2022-12-28T00:00:00+00:00', '--job-id', '448', '--raw', '--subdir', 'DAGS_FOLDER/primer_dag_v3.py', '--cfg-path', '/tmp/tmpjv3j310v', '--error-file', '/tmp/tmps7in8cup']
[2023-10-20 23:21:31,501] {standard_task_runner.py:80} INFO - Job 448: Subtask primera_tarea
[2023-10-20 23:21:31,593] {task_command.py:371} INFO - Running <TaskInstance: mi_primer_dag_v3.primera_tarea scheduled__2022-12-28T00:00:00+00:00 [running]> on host dfdda228c9fc
[2023-10-20 23:21:31,708] {taskinstance.py:1591} INFO - Exporting the following env vars:
AIRFLOW_CTX_DAG_OWNER=DavidBU
AIRFLOW_CTX_DAG_ID=mi_primer_dag_v3
AIRFLOW_CTX_TASK_ID=primera_tarea
AIRFLOW_CTX_EXECUTION_DATE=2022-12-28T00:00:00+00:00
AIRFLOW_CTX_TRY_NUMBER=1
AIRFLOW_CTX_DAG_RUN_ID=scheduled__2022-12-28T00:00:00+00:00
[2023-10-20 23:21:31,709] {subprocess.py:62} INFO - Tmp dir root location: 
 /tmp
[2023-10-20 23:21:31,711] {subprocess.py:74} INFO - Running command: ['bash', '-c', 'echo hola mundo, esta es nuestra primera tarea!']
[2023-10-20 23:21:31,723] {subprocess.py:85} INFO - Output:
[2023-10-20 23:21:31,725] {subprocess.py:92} INFO - hola mundo, esta es nuestra primera tarea!
[2023-10-20 23:21:31,726] {subprocess.py:96} INFO - Command exited with return code 0
[2023-10-20 23:21:31,765] {taskinstance.py:1420} INFO - Marking task as SUCCESS. dag_id=mi_primer_dag_v3, task_id=primera_tarea, execution_date=20221228T000000, start_date=20231020T232131, end_date=20231020T232131
[2023-10-20 23:21:31,791] {local_task_job.py:156} INFO - Task exited with return code 0
[2023-10-20 23:21:31,851] {local_task_job.py:273} INFO - 2 downstream tasks scheduled from follow-on schedule check
