[2023-10-20 23:32:41,898] {taskinstance.py:1179} INFO - Dependencies all met for <TaskInstance: mi_primer_dar_con_PythonOperator.aloha_david scheduled__2022-10-26T00:00:00+00:00 [queued]>
[2023-10-20 23:32:41,911] {taskinstance.py:1179} INFO - Dependencies all met for <TaskInstance: mi_primer_dar_con_PythonOperator.aloha_david scheduled__2022-10-26T00:00:00+00:00 [queued]>
[2023-10-20 23:32:41,912] {taskinstance.py:1376} INFO - 
--------------------------------------------------------------------------------
[2023-10-20 23:32:41,913] {taskinstance.py:1377} INFO - Starting attempt 1 of 6
[2023-10-20 23:32:41,913] {taskinstance.py:1378} INFO - 
--------------------------------------------------------------------------------
[2023-10-20 23:32:41,931] {taskinstance.py:1397} INFO - Executing <Task(PythonOperator): aloha_david> on 2022-10-26 00:00:00+00:00
[2023-10-20 23:32:41,935] {standard_task_runner.py:52} INFO - Started process 507 to run task
[2023-10-20 23:32:41,938] {standard_task_runner.py:79} INFO - Running: ['***', 'tasks', 'run', 'mi_primer_dar_con_PythonOperator', 'aloha_david', 'scheduled__2022-10-26T00:00:00+00:00', '--job-id', '1699', '--raw', '--subdir', 'DAGS_FOLDER/mi_primer_dag_pythonoperator.py', '--cfg-path', '/tmp/tmpxhszuxk0', '--error-file', '/tmp/tmp3suan5lv']
[2023-10-20 23:32:41,940] {standard_task_runner.py:80} INFO - Job 1699: Subtask aloha_david
[2023-10-20 23:32:42,011] {task_command.py:371} INFO - Running <TaskInstance: mi_primer_dar_con_PythonOperator.aloha_david scheduled__2022-10-26T00:00:00+00:00 [running]> on host dfdda228c9fc
[2023-10-20 23:32:42,090] {taskinstance.py:1591} INFO - Exporting the following env vars:
AIRFLOW_CTX_DAG_OWNER=DavidBU
AIRFLOW_CTX_DAG_ID=mi_primer_dar_con_PythonOperator
AIRFLOW_CTX_TASK_ID=aloha_david
AIRFLOW_CTX_EXECUTION_DATE=2022-10-26T00:00:00+00:00
AIRFLOW_CTX_TRY_NUMBER=1
AIRFLOW_CTX_DAG_RUN_ID=scheduled__2022-10-26T00:00:00+00:00
[2023-10-20 23:32:42,091] {logging_mixin.py:115} INFO - Aloha Mundo soy yo!
[2023-10-20 23:32:42,091] {python.py:173} INFO - Done. Returned value was: None
[2023-10-20 23:32:42,103] {taskinstance.py:1420} INFO - Marking task as SUCCESS. dag_id=mi_primer_dar_con_PythonOperator, task_id=aloha_david, execution_date=20221026T000000, start_date=20231020T233241, end_date=20231020T233242
[2023-10-20 23:32:42,151] {local_task_job.py:156} INFO - Task exited with return code 0
[2023-10-20 23:32:42,186] {local_task_job.py:273} INFO - 0 downstream tasks scheduled from follow-on schedule check
