[2023-10-20 23:20:43,265] {taskinstance.py:1179} INFO - Dependencies all met for <TaskInstance: mi_primer_dag_v3.tercera_tarea scheduled__2022-09-13T00:00:00+00:00 [queued]>
[2023-10-20 23:20:43,284] {taskinstance.py:1179} INFO - Dependencies all met for <TaskInstance: mi_primer_dag_v3.tercera_tarea scheduled__2022-09-13T00:00:00+00:00 [queued]>
[2023-10-20 23:20:43,284] {taskinstance.py:1376} INFO - 
--------------------------------------------------------------------------------
[2023-10-20 23:20:43,285] {taskinstance.py:1377} INFO - Starting attempt 1 of 6
[2023-10-20 23:20:43,286] {taskinstance.py:1378} INFO - 
--------------------------------------------------------------------------------
[2023-10-20 23:20:43,312] {taskinstance.py:1397} INFO - Executing <Task(BashOperator): tercera_tarea> on 2022-09-13 00:00:00+00:00
[2023-10-20 23:20:43,319] {standard_task_runner.py:52} INFO - Started process 642 to run task
[2023-10-20 23:20:43,324] {standard_task_runner.py:79} INFO - Running: ['***', 'tasks', 'run', 'mi_primer_dag_v3', 'tercera_tarea', 'scheduled__2022-09-13T00:00:00+00:00', '--job-id', '142', '--raw', '--subdir', 'DAGS_FOLDER/primer_dag_v3.py', '--cfg-path', '/tmp/tmpp3xqks6x', '--error-file', '/tmp/tmp4z6gqfdl']
[2023-10-20 23:20:43,326] {standard_task_runner.py:80} INFO - Job 142: Subtask tercera_tarea
[2023-10-20 23:20:43,455] {task_command.py:371} INFO - Running <TaskInstance: mi_primer_dag_v3.tercera_tarea scheduled__2022-09-13T00:00:00+00:00 [running]> on host dfdda228c9fc
[2023-10-20 23:20:43,574] {taskinstance.py:1591} INFO - Exporting the following env vars:
AIRFLOW_CTX_DAG_OWNER=DavidBU
AIRFLOW_CTX_DAG_ID=mi_primer_dag_v3
AIRFLOW_CTX_TASK_ID=tercera_tarea
AIRFLOW_CTX_EXECUTION_DATE=2022-09-13T00:00:00+00:00
AIRFLOW_CTX_TRY_NUMBER=1
AIRFLOW_CTX_DAG_RUN_ID=scheduled__2022-09-13T00:00:00+00:00
[2023-10-20 23:20:43,576] {subprocess.py:62} INFO - Tmp dir root location: 
 /tmp
[2023-10-20 23:20:43,577] {subprocess.py:74} INFO - Running command: ['bash', '-c', 'echo hola, soy la tarea 3 y sere corrida luego de Tarea 1 al mismo tiempo que Tarea 2']
[2023-10-20 23:20:43,591] {subprocess.py:85} INFO - Output:
[2023-10-20 23:20:43,593] {subprocess.py:92} INFO - hola, soy la tarea 3 y sere corrida luego de Tarea 1 al mismo tiempo que Tarea 2
[2023-10-20 23:20:43,594] {subprocess.py:96} INFO - Command exited with return code 0
[2023-10-20 23:20:43,668] {taskinstance.py:1420} INFO - Marking task as SUCCESS. dag_id=mi_primer_dag_v3, task_id=tercera_tarea, execution_date=20220913T000000, start_date=20231020T232043, end_date=20231020T232043
[2023-10-20 23:20:43,741] {local_task_job.py:156} INFO - Task exited with return code 0
[2023-10-20 23:20:43,812] {local_task_job.py:273} INFO - 0 downstream tasks scheduled from follow-on schedule check
