[2023-10-20 23:20:26,512] {taskinstance.py:1179} INFO - Dependencies all met for <TaskInstance: mi_primer_dag_v3.tercera_tarea manual__2023-10-20T23:20:24.744777+00:00 [queued]>
[2023-10-20 23:20:26,522] {taskinstance.py:1179} INFO - Dependencies all met for <TaskInstance: mi_primer_dag_v3.tercera_tarea manual__2023-10-20T23:20:24.744777+00:00 [queued]>
[2023-10-20 23:20:26,523] {taskinstance.py:1376} INFO - 
--------------------------------------------------------------------------------
[2023-10-20 23:20:26,524] {taskinstance.py:1377} INFO - Starting attempt 1 of 6
[2023-10-20 23:20:26,524] {taskinstance.py:1378} INFO - 
--------------------------------------------------------------------------------
[2023-10-20 23:20:26,543] {taskinstance.py:1397} INFO - Executing <Task(BashOperator): tercera_tarea> on 2023-10-20 23:20:24.744777+00:00
[2023-10-20 23:20:26,548] {standard_task_runner.py:52} INFO - Started process 329 to run task
[2023-10-20 23:20:26,551] {standard_task_runner.py:79} INFO - Running: ['***', 'tasks', 'run', 'mi_primer_dag_v3', 'tercera_tarea', 'manual__2023-10-20T23:20:24.744777+00:00', '--job-id', '43', '--raw', '--subdir', 'DAGS_FOLDER/primer_dag_v3.py', '--cfg-path', '/tmp/tmprd45fls0', '--error-file', '/tmp/tmp7_ki4rpw']
[2023-10-20 23:20:26,553] {standard_task_runner.py:80} INFO - Job 43: Subtask tercera_tarea
[2023-10-20 23:20:26,625] {task_command.py:371} INFO - Running <TaskInstance: mi_primer_dag_v3.tercera_tarea manual__2023-10-20T23:20:24.744777+00:00 [running]> on host dfdda228c9fc
[2023-10-20 23:20:26,703] {taskinstance.py:1591} INFO - Exporting the following env vars:
AIRFLOW_CTX_DAG_OWNER=DavidBU
AIRFLOW_CTX_DAG_ID=mi_primer_dag_v3
AIRFLOW_CTX_TASK_ID=tercera_tarea
AIRFLOW_CTX_EXECUTION_DATE=2023-10-20T23:20:24.744777+00:00
AIRFLOW_CTX_TRY_NUMBER=1
AIRFLOW_CTX_DAG_RUN_ID=manual__2023-10-20T23:20:24.744777+00:00
[2023-10-20 23:20:26,705] {subprocess.py:62} INFO - Tmp dir root location: 
 /tmp
[2023-10-20 23:20:26,706] {subprocess.py:74} INFO - Running command: ['bash', '-c', 'echo hola, soy la tarea 3 y sere corrida luego de Tarea 1 al mismo tiempo que Tarea 2']
[2023-10-20 23:20:26,715] {subprocess.py:85} INFO - Output:
[2023-10-20 23:20:26,716] {subprocess.py:92} INFO - hola, soy la tarea 3 y sere corrida luego de Tarea 1 al mismo tiempo que Tarea 2
[2023-10-20 23:20:26,717] {subprocess.py:96} INFO - Command exited with return code 0
[2023-10-20 23:20:26,749] {taskinstance.py:1420} INFO - Marking task as SUCCESS. dag_id=mi_primer_dag_v3, task_id=tercera_tarea, execution_date=20231020T232024, start_date=20231020T232026, end_date=20231020T232026
[2023-10-20 23:20:26,803] {local_task_job.py:156} INFO - Task exited with return code 0
[2023-10-20 23:20:26,834] {local_task_job.py:273} INFO - 0 downstream tasks scheduled from follow-on schedule check
