[2023-10-29 16:15:36,881] {taskinstance.py:1179} INFO - Dependencies all met for <TaskInstance: dag_print_context.print_context scheduled__2023-10-28T00:00:00+00:00 [queued]>
[2023-10-29 16:15:36,888] {taskinstance.py:1179} INFO - Dependencies all met for <TaskInstance: dag_print_context.print_context scheduled__2023-10-28T00:00:00+00:00 [queued]>
[2023-10-29 16:15:36,889] {taskinstance.py:1376} INFO - 
--------------------------------------------------------------------------------
[2023-10-29 16:15:36,890] {taskinstance.py:1377} INFO - Starting attempt 1 of 1
[2023-10-29 16:15:36,890] {taskinstance.py:1378} INFO - 
--------------------------------------------------------------------------------
[2023-10-29 16:15:36,902] {taskinstance.py:1397} INFO - Executing <Task(PythonOperator): print_context> on 2023-10-28 00:00:00+00:00
[2023-10-29 16:15:36,904] {standard_task_runner.py:52} INFO - Started process 188 to run task
[2023-10-29 16:15:36,906] {standard_task_runner.py:79} INFO - Running: ['***', 'tasks', 'run', 'dag_print_context', 'print_context', 'scheduled__2023-10-28T00:00:00+00:00', '--job-id', '2020', '--raw', '--subdir', 'DAGS_FOLDER/example_template.py', '--cfg-path', '/tmp/tmp7v5zhv64', '--error-file', '/tmp/tmpx_efssmd']
[2023-10-29 16:15:36,908] {standard_task_runner.py:80} INFO - Job 2020: Subtask print_context
[2023-10-29 16:15:36,959] {task_command.py:371} INFO - Running <TaskInstance: dag_print_context.print_context scheduled__2023-10-28T00:00:00+00:00 [running]> on host dfdda228c9fc
[2023-10-29 16:15:37,016] {taskinstance.py:1591} INFO - Exporting the following env vars:
AIRFLOW_CTX_DAG_OWNER=***
AIRFLOW_CTX_DAG_ID=dag_print_context
AIRFLOW_CTX_TASK_ID=print_context
AIRFLOW_CTX_EXECUTION_DATE=2023-10-28T00:00:00+00:00
AIRFLOW_CTX_TRY_NUMBER=1
AIRFLOW_CTX_DAG_RUN_ID=scheduled__2023-10-28T00:00:00+00:00
[2023-10-29 16:15:37,017] {logging_mixin.py:115} INFO - {'conf': <***.configuration.AirflowConfigParser object at 0x7fd89cf0d590>, 'dag': <DAG: dag_print_context>, 'dag_run': <DagRun dag_print_context @ 2023-10-28 00:00:00+00:00: scheduled__2023-10-28T00:00:00+00:00, externally triggered: False>, 'data_interval_end': DateTime(2023, 10, 29, 0, 0, 0, tzinfo=Timezone('UTC')), 'data_interval_start': DateTime(2023, 10, 28, 0, 0, 0, tzinfo=Timezone('UTC')), 'ds': '2023-10-28', 'ds_nodash': '20231028', 'execution_date': <Proxy at 0x7fd8951f35a0 with factory functools.partial(<function lazy_mapping_from_context.<locals>._deprecated_proxy_factory at 0x7fd895291ef0>, 'execution_date', DateTime(2023, 10, 28, 0, 0, 0, tzinfo=Timezone('UTC')))>, 'inlets': [], 'logical_date': DateTime(2023, 10, 28, 0, 0, 0, tzinfo=Timezone('UTC')), 'macros': <module '***.macros' from '/home/***/.local/lib/python3.7/site-packages/***/macros/__init__.py'>, 'next_ds': <Proxy at 0x7fd8951f3550 with factory functools.partial(<function lazy_mapping_from_context.<locals>._deprecated_proxy_factory at 0x7fd895291ef0>, 'next_ds', '2023-10-29')>, 'next_ds_nodash': <Proxy at 0x7fd8951f3500 with factory functools.partial(<function lazy_mapping_from_context.<locals>._deprecated_proxy_factory at 0x7fd895291ef0>, 'next_ds_nodash', '20231029')>, 'next_execution_date': <Proxy at 0x7fd8951f35f0 with factory functools.partial(<function lazy_mapping_from_context.<locals>._deprecated_proxy_factory at 0x7fd895291ef0>, 'next_execution_date', DateTime(2023, 10, 29, 0, 0, 0, tzinfo=Timezone('UTC')))>, 'outlets': [], 'params': {}, 'prev_data_interval_start_success': DateTime(2023, 10, 27, 0, 0, 0, tzinfo=Timezone('UTC')), 'prev_data_interval_end_success': DateTime(2023, 10, 28, 0, 0, 0, tzinfo=Timezone('UTC')), 'prev_ds': <Proxy at 0x7fd8951f3780 with factory functools.partial(<function lazy_mapping_from_context.<locals>._deprecated_proxy_factory at 0x7fd895291ef0>, 'prev_ds', '2023-10-27')>, 'prev_ds_nodash': <Proxy at 0x7fd8951f36e0 with factory functools.partial(<function lazy_mapping_from_context.<locals>._deprecated_proxy_factory at 0x7fd895291ef0>, 'prev_ds_nodash', '20231027')>, 'prev_execution_date': <Proxy at 0x7fd8952ced20 with factory functools.partial(<function lazy_mapping_from_context.<locals>._deprecated_proxy_factory at 0x7fd895291ef0>, 'prev_execution_date', DateTime(2023, 10, 27, 0, 0, 0, tzinfo=Timezone('UTC')))>, 'prev_execution_date_success': <Proxy at 0x7fd895275780 with factory functools.partial(<function lazy_mapping_from_context.<locals>._deprecated_proxy_factory at 0x7fd895291ef0>, 'prev_execution_date_success', DateTime(2023, 10, 27, 0, 0, 0, tzinfo=Timezone('UTC')))>, 'prev_start_date_success': DateTime(2023, 10, 28, 12, 4, 59, 169541, tzinfo=Timezone('UTC')), 'run_id': 'scheduled__2023-10-28T00:00:00+00:00', 'task': <Task(PythonOperator): print_context>, 'task_instance': <TaskInstance: dag_print_context.print_context scheduled__2023-10-28T00:00:00+00:00 [running]>, 'task_instance_key_str': 'dag_print_context__print_context__20231028', 'test_mode': False, 'ti': <TaskInstance: dag_print_context.print_context scheduled__2023-10-28T00:00:00+00:00 [running]>, 'tomorrow_ds': <Proxy at 0x7fd8951fba50 with factory functools.partial(<function lazy_mapping_from_context.<locals>._deprecated_proxy_factory at 0x7fd895291ef0>, 'tomorrow_ds', '2023-10-29')>, 'tomorrow_ds_nodash': <Proxy at 0x7fd8951fbeb0 with factory functools.partial(<function lazy_mapping_from_context.<locals>._deprecated_proxy_factory at 0x7fd895291ef0>, 'tomorrow_ds_nodash', '20231029')>, 'ts': '2023-10-28T00:00:00+00:00', 'ts_nodash': '20231028T000000', 'ts_nodash_with_tz': '20231028T000000+0000', 'var': {'json': None, 'value': None}, 'conn': None, 'yesterday_ds': <Proxy at 0x7fd8951fbf00 with factory functools.partial(<function lazy_mapping_from_context.<locals>._deprecated_proxy_factory at 0x7fd895291ef0>, 'yesterday_ds', '2023-10-27')>, 'yesterday_ds_nodash': <Proxy at 0x7fd8951fbf50 with factory functools.partial(<function lazy_mapping_from_context.<locals>._deprecated_proxy_factory at 0x7fd895291ef0>, 'yesterday_ds_nodash', '20231027')>, 'templates_dict': None}
[2023-10-29 16:15:37,017] {logging_mixin.py:115} INFO - Inicio:(<Proxy at 0x7fd8951f35a0 with factory functools.partial(<function lazy_mapping_from_context.<locals>._deprecated_proxy_factory at 0x7fd895291ef0>, 'execution_date', DateTime(2023, 10, 28, 0, 0, 0, tzinfo=Timezone('UTC')))>,), Fin: (<Proxy at 0x7fd8951f35f0 with factory functools.partial(<function lazy_mapping_from_context.<locals>._deprecated_proxy_factory at 0x7fd895291ef0>, 'next_execution_date', DateTime(2023, 10, 29, 0, 0, 0, tzinfo=Timezone('UTC')))>,)
[2023-10-29 16:15:37,018] {python.py:173} INFO - Done. Returned value was: None
[2023-10-29 16:15:37,026] {taskinstance.py:1420} INFO - Marking task as SUCCESS. dag_id=dag_print_context, task_id=print_context, execution_date=20231028T000000, start_date=20231029T161536, end_date=20231029T161537
[2023-10-29 16:15:37,039] {local_task_job.py:156} INFO - Task exited with return code 0
[2023-10-29 16:15:37,059] {local_task_job.py:273} INFO - 0 downstream tasks scheduled from follow-on schedule check
