[2023-10-20 23:39:18,463] {taskinstance.py:1179} INFO - Dependencies all met for <TaskInstance: mi_primer_dar_con_PythonOperator.aloha_david scheduled__2023-08-11T00:00:00+00:00 [queued]>
[2023-10-20 23:39:18,474] {taskinstance.py:1179} INFO - Dependencies all met for <TaskInstance: mi_primer_dar_con_PythonOperator.aloha_david scheduled__2023-08-11T00:00:00+00:00 [queued]>
[2023-10-20 23:39:18,474] {taskinstance.py:1376} INFO - 
--------------------------------------------------------------------------------
[2023-10-20 23:39:18,476] {taskinstance.py:1377} INFO - Starting attempt 1 of 6
[2023-10-20 23:39:18,476] {taskinstance.py:1378} INFO - 
--------------------------------------------------------------------------------
[2023-10-20 23:39:18,493] {taskinstance.py:1397} INFO - Executing <Task(PythonOperator): aloha_david> on 2023-08-11 00:00:00+00:00
[2023-10-20 23:39:18,497] {standard_task_runner.py:52} INFO - Started process 291 to run task
[2023-10-20 23:39:18,502] {standard_task_runner.py:79} INFO - Running: ['***', 'tasks', 'run', 'mi_primer_dar_con_PythonOperator', 'aloha_david', 'scheduled__2023-08-11T00:00:00+00:00', '--job-id', '1989', '--raw', '--subdir', 'DAGS_FOLDER/mi_primer_dag_pythonoperator.py', '--cfg-path', '/tmp/tmp88spth22', '--error-file', '/tmp/tmp45apqt22']
[2023-10-20 23:39:18,503] {standard_task_runner.py:80} INFO - Job 1989: Subtask aloha_david
[2023-10-20 23:39:18,572] {task_command.py:371} INFO - Running <TaskInstance: mi_primer_dar_con_PythonOperator.aloha_david scheduled__2023-08-11T00:00:00+00:00 [running]> on host dfdda228c9fc
[2023-10-20 23:39:18,647] {taskinstance.py:1591} INFO - Exporting the following env vars:
AIRFLOW_CTX_DAG_OWNER=DavidBU
AIRFLOW_CTX_DAG_ID=mi_primer_dar_con_PythonOperator
AIRFLOW_CTX_TASK_ID=aloha_david
AIRFLOW_CTX_EXECUTION_DATE=2023-08-11T00:00:00+00:00
AIRFLOW_CTX_TRY_NUMBER=1
AIRFLOW_CTX_DAG_RUN_ID=scheduled__2023-08-11T00:00:00+00:00
[2023-10-20 23:39:18,649] {logging_mixin.py:115} INFO - Aloha Mundo soy yo!
[2023-10-20 23:39:18,649] {python.py:173} INFO - Done. Returned value was: None
[2023-10-20 23:39:18,661] {taskinstance.py:1420} INFO - Marking task as SUCCESS. dag_id=mi_primer_dar_con_PythonOperator, task_id=aloha_david, execution_date=20230811T000000, start_date=20231020T233918, end_date=20231020T233918
[2023-10-20 23:39:18,713] {local_task_job.py:156} INFO - Task exited with return code 0
[2023-10-20 23:39:18,742] {local_task_job.py:273} INFO - 0 downstream tasks scheduled from follow-on schedule check
