[2023-10-20 23:34:27,622] {taskinstance.py:1179} INFO - Dependencies all met for <TaskInstance: mi_primer_dar_con_PythonOperator.aloha_david scheduled__2023-05-10T00:00:00+00:00 [queued]>
[2023-10-20 23:34:27,638] {taskinstance.py:1179} INFO - Dependencies all met for <TaskInstance: mi_primer_dar_con_PythonOperator.aloha_david scheduled__2023-05-10T00:00:00+00:00 [queued]>
[2023-10-20 23:34:27,645] {taskinstance.py:1376} INFO - 
--------------------------------------------------------------------------------
[2023-10-20 23:34:27,650] {taskinstance.py:1377} INFO - Starting attempt 1 of 6
[2023-10-20 23:34:27,651] {taskinstance.py:1378} INFO - 
--------------------------------------------------------------------------------
[2023-10-20 23:34:27,681] {taskinstance.py:1397} INFO - Executing <Task(PythonOperator): aloha_david> on 2023-05-10 00:00:00+00:00
[2023-10-20 23:34:27,692] {standard_task_runner.py:52} INFO - Started process 1064 to run task
[2023-10-20 23:34:27,697] {standard_task_runner.py:79} INFO - Running: ['***', 'tasks', 'run', 'mi_primer_dar_con_PythonOperator', 'aloha_david', 'scheduled__2023-05-10T00:00:00+00:00', '--job-id', '1895', '--raw', '--subdir', 'DAGS_FOLDER/mi_primer_dag_pythonoperator.py', '--cfg-path', '/tmp/tmpmr50pzmk', '--error-file', '/tmp/tmphv0cqu1a']
[2023-10-20 23:34:27,700] {standard_task_runner.py:80} INFO - Job 1895: Subtask aloha_david
[2023-10-20 23:34:27,793] {task_command.py:371} INFO - Running <TaskInstance: mi_primer_dar_con_PythonOperator.aloha_david scheduled__2023-05-10T00:00:00+00:00 [running]> on host dfdda228c9fc
[2023-10-20 23:34:27,890] {taskinstance.py:1591} INFO - Exporting the following env vars:
AIRFLOW_CTX_DAG_OWNER=DavidBU
AIRFLOW_CTX_DAG_ID=mi_primer_dar_con_PythonOperator
AIRFLOW_CTX_TASK_ID=aloha_david
AIRFLOW_CTX_EXECUTION_DATE=2023-05-10T00:00:00+00:00
AIRFLOW_CTX_TRY_NUMBER=1
AIRFLOW_CTX_DAG_RUN_ID=scheduled__2023-05-10T00:00:00+00:00
[2023-10-20 23:34:27,895] {logging_mixin.py:115} INFO - Aloha Mundo soy yo!
[2023-10-20 23:34:27,896] {python.py:173} INFO - Done. Returned value was: None
[2023-10-20 23:34:27,912] {taskinstance.py:1420} INFO - Marking task as SUCCESS. dag_id=mi_primer_dar_con_PythonOperator, task_id=aloha_david, execution_date=20230510T000000, start_date=20231020T233427, end_date=20231020T233427
[2023-10-20 23:34:27,952] {local_task_job.py:156} INFO - Task exited with return code 0
[2023-10-20 23:34:28,002] {local_task_job.py:273} INFO - 0 downstream tasks scheduled from follow-on schedule check
