[2023-10-20 23:34:54,942] {taskinstance.py:1179} INFO - Dependencies all met for <TaskInstance: mi_primer_dar_con_PythonOperator.aloha_david scheduled__2023-07-02T00:00:00+00:00 [queued]>
[2023-10-20 23:34:54,958] {taskinstance.py:1179} INFO - Dependencies all met for <TaskInstance: mi_primer_dar_con_PythonOperator.aloha_david scheduled__2023-07-02T00:00:00+00:00 [queued]>
[2023-10-20 23:34:54,959] {taskinstance.py:1376} INFO - 
--------------------------------------------------------------------------------
[2023-10-20 23:34:54,960] {taskinstance.py:1377} INFO - Starting attempt 1 of 6
[2023-10-20 23:34:54,961] {taskinstance.py:1378} INFO - 
--------------------------------------------------------------------------------
[2023-10-20 23:34:54,984] {taskinstance.py:1397} INFO - Executing <Task(PythonOperator): aloha_david> on 2023-07-02 00:00:00+00:00
[2023-10-20 23:34:54,993] {standard_task_runner.py:52} INFO - Started process 1202 to run task
[2023-10-20 23:34:54,996] {standard_task_runner.py:79} INFO - Running: ['***', 'tasks', 'run', 'mi_primer_dar_con_PythonOperator', 'aloha_david', 'scheduled__2023-07-02T00:00:00+00:00', '--job-id', '1948', '--raw', '--subdir', 'DAGS_FOLDER/mi_primer_dag_pythonoperator.py', '--cfg-path', '/tmp/tmpzai5aml2', '--error-file', '/tmp/tmpfg1ts1y7']
[2023-10-20 23:34:54,997] {standard_task_runner.py:80} INFO - Job 1948: Subtask aloha_david
[2023-10-20 23:34:55,074] {task_command.py:371} INFO - Running <TaskInstance: mi_primer_dar_con_PythonOperator.aloha_david scheduled__2023-07-02T00:00:00+00:00 [running]> on host dfdda228c9fc
[2023-10-20 23:34:55,158] {taskinstance.py:1591} INFO - Exporting the following env vars:
AIRFLOW_CTX_DAG_OWNER=DavidBU
AIRFLOW_CTX_DAG_ID=mi_primer_dar_con_PythonOperator
AIRFLOW_CTX_TASK_ID=aloha_david
AIRFLOW_CTX_EXECUTION_DATE=2023-07-02T00:00:00+00:00
AIRFLOW_CTX_TRY_NUMBER=1
AIRFLOW_CTX_DAG_RUN_ID=scheduled__2023-07-02T00:00:00+00:00
[2023-10-20 23:34:55,159] {logging_mixin.py:115} INFO - Aloha Mundo soy yo!
[2023-10-20 23:34:55,159] {python.py:173} INFO - Done. Returned value was: None
[2023-10-20 23:34:55,172] {taskinstance.py:1420} INFO - Marking task as SUCCESS. dag_id=mi_primer_dar_con_PythonOperator, task_id=aloha_david, execution_date=20230702T000000, start_date=20231020T233454, end_date=20231020T233455
[2023-10-20 23:34:55,211] {local_task_job.py:156} INFO - Task exited with return code 0
[2023-10-20 23:34:55,242] {local_task_job.py:273} INFO - 0 downstream tasks scheduled from follow-on schedule check
