[2023-10-20 23:30:25,253] {taskinstance.py:1179} INFO - Dependencies all met for <TaskInstance: mi_primer_dag.primer_task scheduled__2023-04-06T00:00:00+00:00 [queued]>
[2023-10-20 23:30:25,265] {taskinstance.py:1179} INFO - Dependencies all met for <TaskInstance: mi_primer_dag.primer_task scheduled__2023-04-06T00:00:00+00:00 [queued]>
[2023-10-20 23:30:25,266] {taskinstance.py:1376} INFO - 
--------------------------------------------------------------------------------
[2023-10-20 23:30:25,266] {taskinstance.py:1377} INFO - Starting attempt 1 of 6
[2023-10-20 23:30:25,267] {taskinstance.py:1378} INFO - 
--------------------------------------------------------------------------------
[2023-10-20 23:30:25,285] {taskinstance.py:1397} INFO - Executing <Task(BashOperator): primer_task> on 2023-04-06 00:00:00+00:00
[2023-10-20 23:30:25,290] {standard_task_runner.py:52} INFO - Started process 1600 to run task
[2023-10-20 23:30:25,293] {standard_task_runner.py:79} INFO - Running: ['***', 'tasks', 'run', 'mi_primer_dag', 'primer_task', 'scheduled__2023-04-06T00:00:00+00:00', '--job-id', '1579', '--raw', '--subdir', 'DAGS_FOLDER/mi_primer_dag.py', '--cfg-path', '/tmp/tmplkj3qvus', '--error-file', '/tmp/tmp1zsbdtow']
[2023-10-20 23:30:25,294] {standard_task_runner.py:80} INFO - Job 1579: Subtask primer_task
[2023-10-20 23:30:25,370] {task_command.py:371} INFO - Running <TaskInstance: mi_primer_dag.primer_task scheduled__2023-04-06T00:00:00+00:00 [running]> on host dfdda228c9fc
[2023-10-20 23:30:25,457] {taskinstance.py:1591} INFO - Exporting the following env vars:
AIRFLOW_CTX_DAG_OWNER=DavidBU
AIRFLOW_CTX_DAG_ID=mi_primer_dag
AIRFLOW_CTX_TASK_ID=primer_task
AIRFLOW_CTX_EXECUTION_DATE=2023-04-06T00:00:00+00:00
AIRFLOW_CTX_TRY_NUMBER=1
AIRFLOW_CTX_DAG_RUN_ID=scheduled__2023-04-06T00:00:00+00:00
[2023-10-20 23:30:25,459] {subprocess.py:62} INFO - Tmp dir root location: 
 /tmp
[2023-10-20 23:30:25,460] {subprocess.py:74} INFO - Running command: ['bash', '-c', 'echo hola mundo, esta es nuestra primera tarea usando bash operator!']
[2023-10-20 23:30:25,468] {subprocess.py:85} INFO - Output:
[2023-10-20 23:30:25,469] {subprocess.py:92} INFO - hola mundo, esta es nuestra primera tarea usando bash operator!
[2023-10-20 23:30:25,470] {subprocess.py:96} INFO - Command exited with return code 0
[2023-10-20 23:30:25,507] {taskinstance.py:1420} INFO - Marking task as SUCCESS. dag_id=mi_primer_dag, task_id=primer_task, execution_date=20230406T000000, start_date=20231020T233025, end_date=20231020T233025
[2023-10-20 23:30:25,546] {local_task_job.py:156} INFO - Task exited with return code 0
[2023-10-20 23:30:25,603] {local_task_job.py:273} INFO - 0 downstream tasks scheduled from follow-on schedule check
