[2023-10-20 23:20:38,004] {taskinstance.py:1179} INFO - Dependencies all met for <TaskInstance: mi_primer_dag_v3.segunda_tarea scheduled__2022-09-01T00:00:00+00:00 [queued]>
[2023-10-20 23:20:38,021] {taskinstance.py:1179} INFO - Dependencies all met for <TaskInstance: mi_primer_dag_v3.segunda_tarea scheduled__2022-09-01T00:00:00+00:00 [queued]>
[2023-10-20 23:20:38,021] {taskinstance.py:1376} INFO - 
--------------------------------------------------------------------------------
[2023-10-20 23:20:38,022] {taskinstance.py:1377} INFO - Starting attempt 1 of 6
[2023-10-20 23:20:38,023] {taskinstance.py:1378} INFO - 
--------------------------------------------------------------------------------
[2023-10-20 23:20:38,044] {taskinstance.py:1397} INFO - Executing <Task(BashOperator): segunda_tarea> on 2022-09-01 00:00:00+00:00
[2023-10-20 23:20:38,050] {standard_task_runner.py:52} INFO - Started process 523 to run task
[2023-10-20 23:20:38,054] {standard_task_runner.py:79} INFO - Running: ['***', 'tasks', 'run', 'mi_primer_dag_v3', 'segunda_tarea', 'scheduled__2022-09-01T00:00:00+00:00', '--job-id', '103', '--raw', '--subdir', 'DAGS_FOLDER/primer_dag_v3.py', '--cfg-path', '/tmp/tmpvi5rybkk', '--error-file', '/tmp/tmp8msvj8qi']
[2023-10-20 23:20:38,055] {standard_task_runner.py:80} INFO - Job 103: Subtask segunda_tarea
[2023-10-20 23:20:38,175] {task_command.py:371} INFO - Running <TaskInstance: mi_primer_dag_v3.segunda_tarea scheduled__2022-09-01T00:00:00+00:00 [running]> on host dfdda228c9fc
[2023-10-20 23:20:38,286] {taskinstance.py:1591} INFO - Exporting the following env vars:
AIRFLOW_CTX_DAG_OWNER=DavidBU
AIRFLOW_CTX_DAG_ID=mi_primer_dag_v3
AIRFLOW_CTX_TASK_ID=segunda_tarea
AIRFLOW_CTX_EXECUTION_DATE=2022-09-01T00:00:00+00:00
AIRFLOW_CTX_TRY_NUMBER=1
AIRFLOW_CTX_DAG_RUN_ID=scheduled__2022-09-01T00:00:00+00:00
[2023-10-20 23:20:38,288] {subprocess.py:62} INFO - Tmp dir root location: 
 /tmp
[2023-10-20 23:20:38,289] {subprocess.py:74} INFO - Running command: ['bash', '-c', 'echo hola, soy la tarea 2 y sere corrida luego de la Tarea 1']
[2023-10-20 23:20:38,304] {subprocess.py:85} INFO - Output:
[2023-10-20 23:20:38,307] {subprocess.py:92} INFO - hola, soy la tarea 2 y sere corrida luego de la Tarea 1
[2023-10-20 23:20:38,308] {subprocess.py:96} INFO - Command exited with return code 0
[2023-10-20 23:20:38,396] {taskinstance.py:1420} INFO - Marking task as SUCCESS. dag_id=mi_primer_dag_v3, task_id=segunda_tarea, execution_date=20220901T000000, start_date=20231020T232038, end_date=20231020T232038
[2023-10-20 23:20:38,467] {local_task_job.py:156} INFO - Task exited with return code 0
[2023-10-20 23:20:38,524] {local_task_job.py:273} INFO - 0 downstream tasks scheduled from follow-on schedule check
