[2023-10-20 23:22:43,278] {taskinstance.py:1179} INFO - Dependencies all met for <TaskInstance: mi_primer_dag_v3.tercera_tarea scheduled__2023-05-20T00:00:00+00:00 [queued]>
[2023-10-20 23:22:43,292] {taskinstance.py:1179} INFO - Dependencies all met for <TaskInstance: mi_primer_dag_v3.tercera_tarea scheduled__2023-05-20T00:00:00+00:00 [queued]>
[2023-10-20 23:22:43,292] {taskinstance.py:1376} INFO - 
--------------------------------------------------------------------------------
[2023-10-20 23:22:43,293] {taskinstance.py:1377} INFO - Starting attempt 1 of 6
[2023-10-20 23:22:43,293] {taskinstance.py:1378} INFO - 
--------------------------------------------------------------------------------
[2023-10-20 23:22:43,309] {taskinstance.py:1397} INFO - Executing <Task(BashOperator): tercera_tarea> on 2023-05-20 00:00:00+00:00
[2023-10-20 23:22:43,314] {standard_task_runner.py:52} INFO - Started process 2917 to run task
[2023-10-20 23:22:43,317] {standard_task_runner.py:79} INFO - Running: ['***', 'tasks', 'run', 'mi_primer_dag_v3', 'tercera_tarea', 'scheduled__2023-05-20T00:00:00+00:00', '--job-id', '883', '--raw', '--subdir', 'DAGS_FOLDER/primer_dag_v3.py', '--cfg-path', '/tmp/tmp_xzw5z6g', '--error-file', '/tmp/tmpv658k0q3']
[2023-10-20 23:22:43,319] {standard_task_runner.py:80} INFO - Job 883: Subtask tercera_tarea
[2023-10-20 23:22:43,397] {task_command.py:371} INFO - Running <TaskInstance: mi_primer_dag_v3.tercera_tarea scheduled__2023-05-20T00:00:00+00:00 [running]> on host dfdda228c9fc
[2023-10-20 23:22:43,510] {taskinstance.py:1591} INFO - Exporting the following env vars:
AIRFLOW_CTX_DAG_OWNER=DavidBU
AIRFLOW_CTX_DAG_ID=mi_primer_dag_v3
AIRFLOW_CTX_TASK_ID=tercera_tarea
AIRFLOW_CTX_EXECUTION_DATE=2023-05-20T00:00:00+00:00
AIRFLOW_CTX_TRY_NUMBER=1
AIRFLOW_CTX_DAG_RUN_ID=scheduled__2023-05-20T00:00:00+00:00
[2023-10-20 23:22:43,511] {subprocess.py:62} INFO - Tmp dir root location: 
 /tmp
[2023-10-20 23:22:43,513] {subprocess.py:74} INFO - Running command: ['bash', '-c', 'echo hola, soy la tarea 3 y sere corrida luego de Tarea 1 al mismo tiempo que Tarea 2']
[2023-10-20 23:22:43,524] {subprocess.py:85} INFO - Output:
[2023-10-20 23:22:43,526] {subprocess.py:92} INFO - hola, soy la tarea 3 y sere corrida luego de Tarea 1 al mismo tiempo que Tarea 2
[2023-10-20 23:22:43,527] {subprocess.py:96} INFO - Command exited with return code 0
[2023-10-20 23:22:43,566] {taskinstance.py:1420} INFO - Marking task as SUCCESS. dag_id=mi_primer_dag_v3, task_id=tercera_tarea, execution_date=20230520T000000, start_date=20231020T232243, end_date=20231020T232243
[2023-10-20 23:22:43,611] {local_task_job.py:156} INFO - Task exited with return code 0
[2023-10-20 23:22:43,660] {local_task_job.py:273} INFO - 0 downstream tasks scheduled from follow-on schedule check
