[2023-10-20 23:20:37,961] {taskinstance.py:1179} INFO - Dependencies all met for <TaskInstance: mi_primer_dag_v3.primera_tarea scheduled__2022-09-07T00:00:00+00:00 [queued]>
[2023-10-20 23:20:37,980] {taskinstance.py:1179} INFO - Dependencies all met for <TaskInstance: mi_primer_dag_v3.primera_tarea scheduled__2022-09-07T00:00:00+00:00 [queued]>
[2023-10-20 23:20:37,980] {taskinstance.py:1376} INFO - 
--------------------------------------------------------------------------------
[2023-10-20 23:20:37,981] {taskinstance.py:1377} INFO - Starting attempt 1 of 6
[2023-10-20 23:20:37,982] {taskinstance.py:1378} INFO - 
--------------------------------------------------------------------------------
[2023-10-20 23:20:38,004] {taskinstance.py:1397} INFO - Executing <Task(BashOperator): primera_tarea> on 2022-09-07 00:00:00+00:00
[2023-10-20 23:20:38,009] {standard_task_runner.py:52} INFO - Started process 521 to run task
[2023-10-20 23:20:38,013] {standard_task_runner.py:79} INFO - Running: ['***', 'tasks', 'run', 'mi_primer_dag_v3', 'primera_tarea', 'scheduled__2022-09-07T00:00:00+00:00', '--job-id', '104', '--raw', '--subdir', 'DAGS_FOLDER/primer_dag_v3.py', '--cfg-path', '/tmp/tmp_4cjnj97', '--error-file', '/tmp/tmpdg7oykry']
[2023-10-20 23:20:38,015] {standard_task_runner.py:80} INFO - Job 104: Subtask primera_tarea
[2023-10-20 23:20:38,123] {task_command.py:371} INFO - Running <TaskInstance: mi_primer_dag_v3.primera_tarea scheduled__2022-09-07T00:00:00+00:00 [running]> on host dfdda228c9fc
[2023-10-20 23:20:38,245] {taskinstance.py:1591} INFO - Exporting the following env vars:
AIRFLOW_CTX_DAG_OWNER=DavidBU
AIRFLOW_CTX_DAG_ID=mi_primer_dag_v3
AIRFLOW_CTX_TASK_ID=primera_tarea
AIRFLOW_CTX_EXECUTION_DATE=2022-09-07T00:00:00+00:00
AIRFLOW_CTX_TRY_NUMBER=1
AIRFLOW_CTX_DAG_RUN_ID=scheduled__2022-09-07T00:00:00+00:00
[2023-10-20 23:20:38,247] {subprocess.py:62} INFO - Tmp dir root location: 
 /tmp
[2023-10-20 23:20:38,248] {subprocess.py:74} INFO - Running command: ['bash', '-c', 'echo hola mundo, esta es nuestra primera tarea!']
[2023-10-20 23:20:38,259] {subprocess.py:85} INFO - Output:
[2023-10-20 23:20:38,261] {subprocess.py:92} INFO - hola mundo, esta es nuestra primera tarea!
[2023-10-20 23:20:38,262] {subprocess.py:96} INFO - Command exited with return code 0
[2023-10-20 23:20:38,315] {taskinstance.py:1420} INFO - Marking task as SUCCESS. dag_id=mi_primer_dag_v3, task_id=primera_tarea, execution_date=20220907T000000, start_date=20231020T232037, end_date=20231020T232038
[2023-10-20 23:20:38,387] {local_task_job.py:156} INFO - Task exited with return code 0
[2023-10-20 23:20:38,553] {local_task_job.py:273} INFO - 0 downstream tasks scheduled from follow-on schedule check
