[2023-10-20 23:21:39,255] {taskinstance.py:1179} INFO - Dependencies all met for <TaskInstance: mi_primer_dag_v3.tercera_tarea scheduled__2023-01-08T00:00:00+00:00 [queued]>
[2023-10-20 23:21:39,282] {taskinstance.py:1179} INFO - Dependencies all met for <TaskInstance: mi_primer_dag_v3.tercera_tarea scheduled__2023-01-08T00:00:00+00:00 [queued]>
[2023-10-20 23:21:39,288] {taskinstance.py:1376} INFO - 
--------------------------------------------------------------------------------
[2023-10-20 23:21:39,289] {taskinstance.py:1377} INFO - Starting attempt 1 of 6
[2023-10-20 23:21:39,290] {taskinstance.py:1378} INFO - 
--------------------------------------------------------------------------------
[2023-10-20 23:21:39,337] {taskinstance.py:1397} INFO - Executing <Task(BashOperator): tercera_tarea> on 2023-01-08 00:00:00+00:00
[2023-10-20 23:21:39,344] {standard_task_runner.py:52} INFO - Started process 1713 to run task
[2023-10-20 23:21:39,353] {standard_task_runner.py:79} INFO - Running: ['***', 'tasks', 'run', 'mi_primer_dag_v3', 'tercera_tarea', 'scheduled__2023-01-08T00:00:00+00:00', '--job-id', '490', '--raw', '--subdir', 'DAGS_FOLDER/primer_dag_v3.py', '--cfg-path', '/tmp/tmpcioqaawm', '--error-file', '/tmp/tmpzsyz2kgb']
[2023-10-20 23:21:39,356] {standard_task_runner.py:80} INFO - Job 490: Subtask tercera_tarea
[2023-10-20 23:21:39,488] {task_command.py:371} INFO - Running <TaskInstance: mi_primer_dag_v3.tercera_tarea scheduled__2023-01-08T00:00:00+00:00 [running]> on host dfdda228c9fc
[2023-10-20 23:21:39,655] {taskinstance.py:1591} INFO - Exporting the following env vars:
AIRFLOW_CTX_DAG_OWNER=DavidBU
AIRFLOW_CTX_DAG_ID=mi_primer_dag_v3
AIRFLOW_CTX_TASK_ID=tercera_tarea
AIRFLOW_CTX_EXECUTION_DATE=2023-01-08T00:00:00+00:00
AIRFLOW_CTX_TRY_NUMBER=1
AIRFLOW_CTX_DAG_RUN_ID=scheduled__2023-01-08T00:00:00+00:00
[2023-10-20 23:21:39,657] {subprocess.py:62} INFO - Tmp dir root location: 
 /tmp
[2023-10-20 23:21:39,658] {subprocess.py:74} INFO - Running command: ['bash', '-c', 'echo hola, soy la tarea 3 y sere corrida luego de Tarea 1 al mismo tiempo que Tarea 2']
[2023-10-20 23:21:39,672] {subprocess.py:85} INFO - Output:
[2023-10-20 23:21:39,674] {subprocess.py:92} INFO - hola, soy la tarea 3 y sere corrida luego de Tarea 1 al mismo tiempo que Tarea 2
[2023-10-20 23:21:39,675] {subprocess.py:96} INFO - Command exited with return code 0
[2023-10-20 23:21:39,744] {taskinstance.py:1420} INFO - Marking task as SUCCESS. dag_id=mi_primer_dag_v3, task_id=tercera_tarea, execution_date=20230108T000000, start_date=20231020T232139, end_date=20231020T232139
[2023-10-20 23:21:39,811] {local_task_job.py:156} INFO - Task exited with return code 0
[2023-10-20 23:21:39,889] {local_task_job.py:273} INFO - 0 downstream tasks scheduled from follow-on schedule check
