[2023-10-20 23:28:52,616] {taskinstance.py:1179} INFO - Dependencies all met for <TaskInstance: mi_primer_dag.primer_task scheduled__2022-09-11T00:00:00+00:00 [queued]>
[2023-10-20 23:28:52,627] {taskinstance.py:1179} INFO - Dependencies all met for <TaskInstance: mi_primer_dag.primer_task scheduled__2022-09-11T00:00:00+00:00 [queued]>
[2023-10-20 23:28:52,627] {taskinstance.py:1376} INFO - 
--------------------------------------------------------------------------------
[2023-10-20 23:28:52,628] {taskinstance.py:1377} INFO - Starting attempt 1 of 6
[2023-10-20 23:28:52,629] {taskinstance.py:1378} INFO - 
--------------------------------------------------------------------------------
[2023-10-20 23:28:52,646] {taskinstance.py:1397} INFO - Executing <Task(BashOperator): primer_task> on 2022-09-11 00:00:00+00:00
[2023-10-20 23:28:52,651] {standard_task_runner.py:52} INFO - Started process 883 to run task
[2023-10-20 23:28:52,654] {standard_task_runner.py:79} INFO - Running: ['***', 'tasks', 'run', 'mi_primer_dag', 'primer_task', 'scheduled__2022-09-11T00:00:00+00:00', '--job-id', '1371', '--raw', '--subdir', 'DAGS_FOLDER/mi_primer_dag.py', '--cfg-path', '/tmp/tmp05dtw7mb', '--error-file', '/tmp/tmp6jxnhzi7']
[2023-10-20 23:28:52,656] {standard_task_runner.py:80} INFO - Job 1371: Subtask primer_task
[2023-10-20 23:28:52,734] {task_command.py:371} INFO - Running <TaskInstance: mi_primer_dag.primer_task scheduled__2022-09-11T00:00:00+00:00 [running]> on host dfdda228c9fc
[2023-10-20 23:28:52,827] {taskinstance.py:1591} INFO - Exporting the following env vars:
AIRFLOW_CTX_DAG_OWNER=DavidBU
AIRFLOW_CTX_DAG_ID=mi_primer_dag
AIRFLOW_CTX_TASK_ID=primer_task
AIRFLOW_CTX_EXECUTION_DATE=2022-09-11T00:00:00+00:00
AIRFLOW_CTX_TRY_NUMBER=1
AIRFLOW_CTX_DAG_RUN_ID=scheduled__2022-09-11T00:00:00+00:00
[2023-10-20 23:28:52,828] {subprocess.py:62} INFO - Tmp dir root location: 
 /tmp
[2023-10-20 23:28:52,829] {subprocess.py:74} INFO - Running command: ['bash', '-c', 'echo hola mundo, esta es nuestra primera tarea usando bash operator!']
[2023-10-20 23:28:52,838] {subprocess.py:85} INFO - Output:
[2023-10-20 23:28:52,840] {subprocess.py:92} INFO - hola mundo, esta es nuestra primera tarea usando bash operator!
[2023-10-20 23:28:52,841] {subprocess.py:96} INFO - Command exited with return code 0
[2023-10-20 23:28:52,878] {taskinstance.py:1420} INFO - Marking task as SUCCESS. dag_id=mi_primer_dag, task_id=primer_task, execution_date=20220911T000000, start_date=20231020T232852, end_date=20231020T232852
[2023-10-20 23:28:52,907] {local_task_job.py:156} INFO - Task exited with return code 0
[2023-10-20 23:28:52,941] {local_task_job.py:273} INFO - 0 downstream tasks scheduled from follow-on schedule check
