[2023-10-20 23:29:44,735] {taskinstance.py:1179} INFO - Dependencies all met for <TaskInstance: mi_primer_dag.primer_task scheduled__2023-01-12T00:00:00+00:00 [queued]>
[2023-10-20 23:29:44,747] {taskinstance.py:1179} INFO - Dependencies all met for <TaskInstance: mi_primer_dag.primer_task scheduled__2023-01-12T00:00:00+00:00 [queued]>
[2023-10-20 23:29:44,747] {taskinstance.py:1376} INFO - 
--------------------------------------------------------------------------------
[2023-10-20 23:29:44,748] {taskinstance.py:1377} INFO - Starting attempt 1 of 6
[2023-10-20 23:29:44,749] {taskinstance.py:1378} INFO - 
--------------------------------------------------------------------------------
[2023-10-20 23:29:44,764] {taskinstance.py:1397} INFO - Executing <Task(BashOperator): primer_task> on 2023-01-12 00:00:00+00:00
[2023-10-20 23:29:44,768] {standard_task_runner.py:52} INFO - Started process 1305 to run task
[2023-10-20 23:29:44,771] {standard_task_runner.py:79} INFO - Running: ['***', 'tasks', 'run', 'mi_primer_dag', 'primer_task', 'scheduled__2023-01-12T00:00:00+00:00', '--job-id', '1495', '--raw', '--subdir', 'DAGS_FOLDER/mi_primer_dag.py', '--cfg-path', '/tmp/tmphecnqhey', '--error-file', '/tmp/tmp2fw82qi0']
[2023-10-20 23:29:44,772] {standard_task_runner.py:80} INFO - Job 1495: Subtask primer_task
[2023-10-20 23:29:44,849] {task_command.py:371} INFO - Running <TaskInstance: mi_primer_dag.primer_task scheduled__2023-01-12T00:00:00+00:00 [running]> on host dfdda228c9fc
[2023-10-20 23:29:44,925] {taskinstance.py:1591} INFO - Exporting the following env vars:
AIRFLOW_CTX_DAG_OWNER=DavidBU
AIRFLOW_CTX_DAG_ID=mi_primer_dag
AIRFLOW_CTX_TASK_ID=primer_task
AIRFLOW_CTX_EXECUTION_DATE=2023-01-12T00:00:00+00:00
AIRFLOW_CTX_TRY_NUMBER=1
AIRFLOW_CTX_DAG_RUN_ID=scheduled__2023-01-12T00:00:00+00:00
[2023-10-20 23:29:44,926] {subprocess.py:62} INFO - Tmp dir root location: 
 /tmp
[2023-10-20 23:29:44,927] {subprocess.py:74} INFO - Running command: ['bash', '-c', 'echo hola mundo, esta es nuestra primera tarea usando bash operator!']
[2023-10-20 23:29:44,936] {subprocess.py:85} INFO - Output:
[2023-10-20 23:29:44,937] {subprocess.py:92} INFO - hola mundo, esta es nuestra primera tarea usando bash operator!
[2023-10-20 23:29:44,938] {subprocess.py:96} INFO - Command exited with return code 0
[2023-10-20 23:29:44,968] {taskinstance.py:1420} INFO - Marking task as SUCCESS. dag_id=mi_primer_dag, task_id=primer_task, execution_date=20230112T000000, start_date=20231020T232944, end_date=20231020T232944
[2023-10-20 23:29:45,023] {local_task_job.py:156} INFO - Task exited with return code 0
[2023-10-20 23:29:45,053] {local_task_job.py:273} INFO - 0 downstream tasks scheduled from follow-on schedule check
