[2023-10-20 23:21:57,167] {taskinstance.py:1179} INFO - Dependencies all met for <TaskInstance: mi_primer_dag_v3.tercera_tarea scheduled__2023-02-13T00:00:00+00:00 [queued]>
[2023-10-20 23:21:57,186] {taskinstance.py:1179} INFO - Dependencies all met for <TaskInstance: mi_primer_dag_v3.tercera_tarea scheduled__2023-02-13T00:00:00+00:00 [queued]>
[2023-10-20 23:21:57,187] {taskinstance.py:1376} INFO - 
--------------------------------------------------------------------------------
[2023-10-20 23:21:57,188] {taskinstance.py:1377} INFO - Starting attempt 1 of 6
[2023-10-20 23:21:57,189] {taskinstance.py:1378} INFO - 
--------------------------------------------------------------------------------
[2023-10-20 23:21:57,217] {taskinstance.py:1397} INFO - Executing <Task(BashOperator): tercera_tarea> on 2023-02-13 00:00:00+00:00
[2023-10-20 23:21:57,223] {standard_task_runner.py:52} INFO - Started process 2036 to run task
[2023-10-20 23:21:57,228] {standard_task_runner.py:79} INFO - Running: ['***', 'tasks', 'run', 'mi_primer_dag_v3', 'tercera_tarea', 'scheduled__2023-02-13T00:00:00+00:00', '--job-id', '596', '--raw', '--subdir', 'DAGS_FOLDER/primer_dag_v3.py', '--cfg-path', '/tmp/tmpfl8tg8r6', '--error-file', '/tmp/tmplcq2w8zx']
[2023-10-20 23:21:57,230] {standard_task_runner.py:80} INFO - Job 596: Subtask tercera_tarea
[2023-10-20 23:21:57,331] {task_command.py:371} INFO - Running <TaskInstance: mi_primer_dag_v3.tercera_tarea scheduled__2023-02-13T00:00:00+00:00 [running]> on host dfdda228c9fc
[2023-10-20 23:21:57,452] {taskinstance.py:1591} INFO - Exporting the following env vars:
AIRFLOW_CTX_DAG_OWNER=DavidBU
AIRFLOW_CTX_DAG_ID=mi_primer_dag_v3
AIRFLOW_CTX_TASK_ID=tercera_tarea
AIRFLOW_CTX_EXECUTION_DATE=2023-02-13T00:00:00+00:00
AIRFLOW_CTX_TRY_NUMBER=1
AIRFLOW_CTX_DAG_RUN_ID=scheduled__2023-02-13T00:00:00+00:00
[2023-10-20 23:21:57,453] {subprocess.py:62} INFO - Tmp dir root location: 
 /tmp
[2023-10-20 23:21:57,454] {subprocess.py:74} INFO - Running command: ['bash', '-c', 'echo hola, soy la tarea 3 y sere corrida luego de Tarea 1 al mismo tiempo que Tarea 2']
[2023-10-20 23:21:57,466] {subprocess.py:85} INFO - Output:
[2023-10-20 23:21:57,468] {subprocess.py:92} INFO - hola, soy la tarea 3 y sere corrida luego de Tarea 1 al mismo tiempo que Tarea 2
[2023-10-20 23:21:57,469] {subprocess.py:96} INFO - Command exited with return code 0
[2023-10-20 23:21:57,528] {taskinstance.py:1420} INFO - Marking task as SUCCESS. dag_id=mi_primer_dag_v3, task_id=tercera_tarea, execution_date=20230213T000000, start_date=20231020T232157, end_date=20231020T232157
[2023-10-20 23:21:57,561] {local_task_job.py:156} INFO - Task exited with return code 0
[2023-10-20 23:21:57,607] {local_task_job.py:273} INFO - 0 downstream tasks scheduled from follow-on schedule check
