[2023-10-20 23:32:54,576] {taskinstance.py:1179} INFO - Dependencies all met for <TaskInstance: mi_primer_dar_con_PythonOperator.aloha_david scheduled__2022-11-20T00:00:00+00:00 [queued]>
[2023-10-20 23:32:54,596] {taskinstance.py:1179} INFO - Dependencies all met for <TaskInstance: mi_primer_dar_con_PythonOperator.aloha_david scheduled__2022-11-20T00:00:00+00:00 [queued]>
[2023-10-20 23:32:54,598] {taskinstance.py:1376} INFO - 
--------------------------------------------------------------------------------
[2023-10-20 23:32:54,601] {taskinstance.py:1377} INFO - Starting attempt 1 of 6
[2023-10-20 23:32:54,602] {taskinstance.py:1378} INFO - 
--------------------------------------------------------------------------------
[2023-10-20 23:32:54,624] {taskinstance.py:1397} INFO - Executing <Task(PythonOperator): aloha_david> on 2022-11-20 00:00:00+00:00
[2023-10-20 23:32:54,630] {standard_task_runner.py:52} INFO - Started process 587 to run task
[2023-10-20 23:32:54,635] {standard_task_runner.py:79} INFO - Running: ['***', 'tasks', 'run', 'mi_primer_dar_con_PythonOperator', 'aloha_david', 'scheduled__2022-11-20T00:00:00+00:00', '--job-id', '1724', '--raw', '--subdir', 'DAGS_FOLDER/mi_primer_dag_pythonoperator.py', '--cfg-path', '/tmp/tmp5rlcvf1z', '--error-file', '/tmp/tmpv5f61wa7']
[2023-10-20 23:32:54,637] {standard_task_runner.py:80} INFO - Job 1724: Subtask aloha_david
[2023-10-20 23:32:54,720] {task_command.py:371} INFO - Running <TaskInstance: mi_primer_dar_con_PythonOperator.aloha_david scheduled__2022-11-20T00:00:00+00:00 [running]> on host dfdda228c9fc
[2023-10-20 23:32:54,821] {taskinstance.py:1591} INFO - Exporting the following env vars:
AIRFLOW_CTX_DAG_OWNER=DavidBU
AIRFLOW_CTX_DAG_ID=mi_primer_dar_con_PythonOperator
AIRFLOW_CTX_TASK_ID=aloha_david
AIRFLOW_CTX_EXECUTION_DATE=2022-11-20T00:00:00+00:00
AIRFLOW_CTX_TRY_NUMBER=1
AIRFLOW_CTX_DAG_RUN_ID=scheduled__2022-11-20T00:00:00+00:00
[2023-10-20 23:32:54,823] {logging_mixin.py:115} INFO - Aloha Mundo soy yo!
[2023-10-20 23:32:54,823] {python.py:173} INFO - Done. Returned value was: None
[2023-10-20 23:32:54,839] {taskinstance.py:1420} INFO - Marking task as SUCCESS. dag_id=mi_primer_dar_con_PythonOperator, task_id=aloha_david, execution_date=20221120T000000, start_date=20231020T233254, end_date=20231020T233254
[2023-10-20 23:32:54,889] {local_task_job.py:156} INFO - Task exited with return code 0
[2023-10-20 23:32:54,943] {local_task_job.py:273} INFO - 0 downstream tasks scheduled from follow-on schedule check
