[2023-10-20 23:21:32,960] {taskinstance.py:1179} INFO - Dependencies all met for <TaskInstance: mi_primer_dag_v3.tercera_tarea scheduled__2022-12-31T00:00:00+00:00 [queued]>
[2023-10-20 23:21:32,984] {taskinstance.py:1179} INFO - Dependencies all met for <TaskInstance: mi_primer_dag_v3.tercera_tarea scheduled__2022-12-31T00:00:00+00:00 [queued]>
[2023-10-20 23:21:32,985] {taskinstance.py:1376} INFO - 
--------------------------------------------------------------------------------
[2023-10-20 23:21:32,986] {taskinstance.py:1377} INFO - Starting attempt 1 of 6
[2023-10-20 23:21:32,987] {taskinstance.py:1378} INFO - 
--------------------------------------------------------------------------------
[2023-10-20 23:21:33,009] {taskinstance.py:1397} INFO - Executing <Task(BashOperator): tercera_tarea> on 2022-12-31 00:00:00+00:00
[2023-10-20 23:21:33,062] {standard_task_runner.py:52} INFO - Started process 1628 to run task
[2023-10-20 23:21:33,073] {standard_task_runner.py:79} INFO - Running: ['***', 'tasks', 'run', 'mi_primer_dag_v3', 'tercera_tarea', 'scheduled__2022-12-31T00:00:00+00:00', '--job-id', '463', '--raw', '--subdir', 'DAGS_FOLDER/primer_dag_v3.py', '--cfg-path', '/tmp/tmpdfrl67__', '--error-file', '/tmp/tmpz5ftf1ih']
[2023-10-20 23:21:33,079] {standard_task_runner.py:80} INFO - Job 463: Subtask tercera_tarea
[2023-10-20 23:21:33,225] {task_command.py:371} INFO - Running <TaskInstance: mi_primer_dag_v3.tercera_tarea scheduled__2022-12-31T00:00:00+00:00 [running]> on host dfdda228c9fc
[2023-10-20 23:21:33,362] {taskinstance.py:1591} INFO - Exporting the following env vars:
AIRFLOW_CTX_DAG_OWNER=DavidBU
AIRFLOW_CTX_DAG_ID=mi_primer_dag_v3
AIRFLOW_CTX_TASK_ID=tercera_tarea
AIRFLOW_CTX_EXECUTION_DATE=2022-12-31T00:00:00+00:00
AIRFLOW_CTX_TRY_NUMBER=1
AIRFLOW_CTX_DAG_RUN_ID=scheduled__2022-12-31T00:00:00+00:00
[2023-10-20 23:21:33,363] {subprocess.py:62} INFO - Tmp dir root location: 
 /tmp
[2023-10-20 23:21:33,365] {subprocess.py:74} INFO - Running command: ['bash', '-c', 'echo hola, soy la tarea 3 y sere corrida luego de Tarea 1 al mismo tiempo que Tarea 2']
[2023-10-20 23:21:33,377] {subprocess.py:85} INFO - Output:
[2023-10-20 23:21:33,379] {subprocess.py:92} INFO - hola, soy la tarea 3 y sere corrida luego de Tarea 1 al mismo tiempo que Tarea 2
[2023-10-20 23:21:33,380] {subprocess.py:96} INFO - Command exited with return code 0
[2023-10-20 23:21:33,445] {taskinstance.py:1420} INFO - Marking task as SUCCESS. dag_id=mi_primer_dag_v3, task_id=tercera_tarea, execution_date=20221231T000000, start_date=20231020T232132, end_date=20231020T232133
[2023-10-20 23:21:33,494] {local_task_job.py:156} INFO - Task exited with return code 0
[2023-10-20 23:21:33,543] {local_task_job.py:273} INFO - 0 downstream tasks scheduled from follow-on schedule check
