[2023-10-20 23:21:21,757] {taskinstance.py:1179} INFO - Dependencies all met for <TaskInstance: mi_primer_dag_v3.tercera_tarea scheduled__2022-12-13T00:00:00+00:00 [queued]>
[2023-10-20 23:21:21,769] {taskinstance.py:1179} INFO - Dependencies all met for <TaskInstance: mi_primer_dag_v3.tercera_tarea scheduled__2022-12-13T00:00:00+00:00 [queued]>
[2023-10-20 23:21:21,770] {taskinstance.py:1376} INFO - 
--------------------------------------------------------------------------------
[2023-10-20 23:21:21,771] {taskinstance.py:1377} INFO - Starting attempt 1 of 6
[2023-10-20 23:21:21,771] {taskinstance.py:1378} INFO - 
--------------------------------------------------------------------------------
[2023-10-20 23:21:21,788] {taskinstance.py:1397} INFO - Executing <Task(BashOperator): tercera_tarea> on 2022-12-13 00:00:00+00:00
[2023-10-20 23:21:21,792] {standard_task_runner.py:52} INFO - Started process 1448 to run task
[2023-10-20 23:21:21,796] {standard_task_runner.py:79} INFO - Running: ['***', 'tasks', 'run', 'mi_primer_dag_v3', 'tercera_tarea', 'scheduled__2022-12-13T00:00:00+00:00', '--job-id', '406', '--raw', '--subdir', 'DAGS_FOLDER/primer_dag_v3.py', '--cfg-path', '/tmp/tmp52g3ftjo', '--error-file', '/tmp/tmp56q23z5k']
[2023-10-20 23:21:21,797] {standard_task_runner.py:80} INFO - Job 406: Subtask tercera_tarea
[2023-10-20 23:21:21,873] {task_command.py:371} INFO - Running <TaskInstance: mi_primer_dag_v3.tercera_tarea scheduled__2022-12-13T00:00:00+00:00 [running]> on host dfdda228c9fc
[2023-10-20 23:21:21,960] {taskinstance.py:1591} INFO - Exporting the following env vars:
AIRFLOW_CTX_DAG_OWNER=DavidBU
AIRFLOW_CTX_DAG_ID=mi_primer_dag_v3
AIRFLOW_CTX_TASK_ID=tercera_tarea
AIRFLOW_CTX_EXECUTION_DATE=2022-12-13T00:00:00+00:00
AIRFLOW_CTX_TRY_NUMBER=1
AIRFLOW_CTX_DAG_RUN_ID=scheduled__2022-12-13T00:00:00+00:00
[2023-10-20 23:21:21,962] {subprocess.py:62} INFO - Tmp dir root location: 
 /tmp
[2023-10-20 23:21:21,963] {subprocess.py:74} INFO - Running command: ['bash', '-c', 'echo hola, soy la tarea 3 y sere corrida luego de Tarea 1 al mismo tiempo que Tarea 2']
[2023-10-20 23:21:21,971] {subprocess.py:85} INFO - Output:
[2023-10-20 23:21:21,973] {subprocess.py:92} INFO - hola, soy la tarea 3 y sere corrida luego de Tarea 1 al mismo tiempo que Tarea 2
[2023-10-20 23:21:21,974] {subprocess.py:96} INFO - Command exited with return code 0
[2023-10-20 23:21:22,003] {taskinstance.py:1420} INFO - Marking task as SUCCESS. dag_id=mi_primer_dag_v3, task_id=tercera_tarea, execution_date=20221213T000000, start_date=20231020T232121, end_date=20231020T232122
[2023-10-20 23:21:22,048] {local_task_job.py:156} INFO - Task exited with return code 0
[2023-10-20 23:21:22,083] {local_task_job.py:273} INFO - 0 downstream tasks scheduled from follow-on schedule check
