[2023-10-20 23:28:20,645] {taskinstance.py:1179} INFO - Dependencies all met for <TaskInstance: mi_primer_dag_v3.segunda_tarea scheduled__2023-09-16T00:00:00+00:00 [queued]>
[2023-10-20 23:28:20,666] {taskinstance.py:1179} INFO - Dependencies all met for <TaskInstance: mi_primer_dag_v3.segunda_tarea scheduled__2023-09-16T00:00:00+00:00 [queued]>
[2023-10-20 23:28:20,667] {taskinstance.py:1376} INFO - 
--------------------------------------------------------------------------------
[2023-10-20 23:28:20,668] {taskinstance.py:1377} INFO - Starting attempt 1 of 6
[2023-10-20 23:28:20,669] {taskinstance.py:1378} INFO - 
--------------------------------------------------------------------------------
[2023-10-20 23:28:20,707] {taskinstance.py:1397} INFO - Executing <Task(BashOperator): segunda_tarea> on 2023-09-16 00:00:00+00:00
[2023-10-20 23:28:20,717] {standard_task_runner.py:52} INFO - Started process 498 to run task
[2023-10-20 23:28:20,724] {standard_task_runner.py:79} INFO - Running: ['***', 'tasks', 'run', 'mi_primer_dag_v3', 'segunda_tarea', 'scheduled__2023-09-16T00:00:00+00:00', '--job-id', '1251', '--raw', '--subdir', 'DAGS_FOLDER/primer_dag_v3.py', '--cfg-path', '/tmp/tmpy5ofumzj', '--error-file', '/tmp/tmpw140e9a4']
[2023-10-20 23:28:20,726] {standard_task_runner.py:80} INFO - Job 1251: Subtask segunda_tarea
[2023-10-20 23:28:20,881] {task_command.py:371} INFO - Running <TaskInstance: mi_primer_dag_v3.segunda_tarea scheduled__2023-09-16T00:00:00+00:00 [running]> on host dfdda228c9fc
[2023-10-20 23:28:21,011] {taskinstance.py:1591} INFO - Exporting the following env vars:
AIRFLOW_CTX_DAG_OWNER=DavidBU
AIRFLOW_CTX_DAG_ID=mi_primer_dag_v3
AIRFLOW_CTX_TASK_ID=segunda_tarea
AIRFLOW_CTX_EXECUTION_DATE=2023-09-16T00:00:00+00:00
AIRFLOW_CTX_TRY_NUMBER=1
AIRFLOW_CTX_DAG_RUN_ID=scheduled__2023-09-16T00:00:00+00:00
[2023-10-20 23:28:21,014] {subprocess.py:62} INFO - Tmp dir root location: 
 /tmp
[2023-10-20 23:28:21,025] {subprocess.py:74} INFO - Running command: ['bash', '-c', 'echo hola, soy la tarea 2 y sere corrida luego de la Tarea 1']
[2023-10-20 23:28:21,042] {subprocess.py:85} INFO - Output:
[2023-10-20 23:28:21,047] {subprocess.py:92} INFO - hola, soy la tarea 2 y sere corrida luego de la Tarea 1
[2023-10-20 23:28:21,048] {subprocess.py:96} INFO - Command exited with return code 0
[2023-10-20 23:28:21,210] {taskinstance.py:1420} INFO - Marking task as SUCCESS. dag_id=mi_primer_dag_v3, task_id=segunda_tarea, execution_date=20230916T000000, start_date=20231020T232820, end_date=20231020T232821
[2023-10-20 23:28:21,260] {local_task_job.py:156} INFO - Task exited with return code 0
[2023-10-20 23:28:21,331] {local_task_job.py:273} INFO - 0 downstream tasks scheduled from follow-on schedule check
