[2023-10-20 23:29:22,069] {taskinstance.py:1179} INFO - Dependencies all met for <TaskInstance: mi_primer_dag.primer_task scheduled__2022-11-20T00:00:00+00:00 [queued]>
[2023-10-20 23:29:22,083] {taskinstance.py:1179} INFO - Dependencies all met for <TaskInstance: mi_primer_dag.primer_task scheduled__2022-11-20T00:00:00+00:00 [queued]>
[2023-10-20 23:29:22,083] {taskinstance.py:1376} INFO - 
--------------------------------------------------------------------------------
[2023-10-20 23:29:22,084] {taskinstance.py:1377} INFO - Starting attempt 1 of 6
[2023-10-20 23:29:22,085] {taskinstance.py:1378} INFO - 
--------------------------------------------------------------------------------
[2023-10-20 23:29:22,103] {taskinstance.py:1397} INFO - Executing <Task(BashOperator): primer_task> on 2022-11-20 00:00:00+00:00
[2023-10-20 23:29:22,108] {standard_task_runner.py:52} INFO - Started process 1126 to run task
[2023-10-20 23:29:22,111] {standard_task_runner.py:79} INFO - Running: ['***', 'tasks', 'run', 'mi_primer_dag', 'primer_task', 'scheduled__2022-11-20T00:00:00+00:00', '--job-id', '1442', '--raw', '--subdir', 'DAGS_FOLDER/mi_primer_dag.py', '--cfg-path', '/tmp/tmpwa5g6vcz', '--error-file', '/tmp/tmpe6su9bcp']
[2023-10-20 23:29:22,112] {standard_task_runner.py:80} INFO - Job 1442: Subtask primer_task
[2023-10-20 23:29:22,193] {task_command.py:371} INFO - Running <TaskInstance: mi_primer_dag.primer_task scheduled__2022-11-20T00:00:00+00:00 [running]> on host dfdda228c9fc
[2023-10-20 23:29:22,297] {taskinstance.py:1591} INFO - Exporting the following env vars:
AIRFLOW_CTX_DAG_OWNER=DavidBU
AIRFLOW_CTX_DAG_ID=mi_primer_dag
AIRFLOW_CTX_TASK_ID=primer_task
AIRFLOW_CTX_EXECUTION_DATE=2022-11-20T00:00:00+00:00
AIRFLOW_CTX_TRY_NUMBER=1
AIRFLOW_CTX_DAG_RUN_ID=scheduled__2022-11-20T00:00:00+00:00
[2023-10-20 23:29:22,298] {subprocess.py:62} INFO - Tmp dir root location: 
 /tmp
[2023-10-20 23:29:22,300] {subprocess.py:74} INFO - Running command: ['bash', '-c', 'echo hola mundo, esta es nuestra primera tarea usando bash operator!']
[2023-10-20 23:29:22,308] {subprocess.py:85} INFO - Output:
[2023-10-20 23:29:22,310] {subprocess.py:92} INFO - hola mundo, esta es nuestra primera tarea usando bash operator!
[2023-10-20 23:29:22,310] {subprocess.py:96} INFO - Command exited with return code 0
[2023-10-20 23:29:22,353] {taskinstance.py:1420} INFO - Marking task as SUCCESS. dag_id=mi_primer_dag, task_id=primer_task, execution_date=20221120T000000, start_date=20231020T232922, end_date=20231020T232922
[2023-10-20 23:29:22,403] {local_task_job.py:156} INFO - Task exited with return code 0
[2023-10-20 23:29:22,445] {local_task_job.py:273} INFO - 0 downstream tasks scheduled from follow-on schedule check
