[2023-10-20 23:28:14,797] {taskinstance.py:1179} INFO - Dependencies all met for <TaskInstance: mi_primer_dag_v3.tercera_tarea scheduled__2023-09-03T00:00:00+00:00 [queued]>
[2023-10-20 23:28:14,817] {taskinstance.py:1179} INFO - Dependencies all met for <TaskInstance: mi_primer_dag_v3.tercera_tarea scheduled__2023-09-03T00:00:00+00:00 [queued]>
[2023-10-20 23:28:14,818] {taskinstance.py:1376} INFO - 
--------------------------------------------------------------------------------
[2023-10-20 23:28:14,820] {taskinstance.py:1377} INFO - Starting attempt 1 of 6
[2023-10-20 23:28:14,820] {taskinstance.py:1378} INFO - 
--------------------------------------------------------------------------------
[2023-10-20 23:28:14,852] {taskinstance.py:1397} INFO - Executing <Task(BashOperator): tercera_tarea> on 2023-09-03 00:00:00+00:00
[2023-10-20 23:28:14,857] {standard_task_runner.py:52} INFO - Started process 388 to run task
[2023-10-20 23:28:14,862] {standard_task_runner.py:79} INFO - Running: ['***', 'tasks', 'run', 'mi_primer_dag_v3', 'tercera_tarea', 'scheduled__2023-09-03T00:00:00+00:00', '--job-id', '1216', '--raw', '--subdir', 'DAGS_FOLDER/primer_dag_v3.py', '--cfg-path', '/tmp/tmplwkdlwhq', '--error-file', '/tmp/tmp5stgdgyv']
[2023-10-20 23:28:14,864] {standard_task_runner.py:80} INFO - Job 1216: Subtask tercera_tarea
[2023-10-20 23:28:14,970] {task_command.py:371} INFO - Running <TaskInstance: mi_primer_dag_v3.tercera_tarea scheduled__2023-09-03T00:00:00+00:00 [running]> on host dfdda228c9fc
[2023-10-20 23:28:15,129] {taskinstance.py:1591} INFO - Exporting the following env vars:
AIRFLOW_CTX_DAG_OWNER=DavidBU
AIRFLOW_CTX_DAG_ID=mi_primer_dag_v3
AIRFLOW_CTX_TASK_ID=tercera_tarea
AIRFLOW_CTX_EXECUTION_DATE=2023-09-03T00:00:00+00:00
AIRFLOW_CTX_TRY_NUMBER=1
AIRFLOW_CTX_DAG_RUN_ID=scheduled__2023-09-03T00:00:00+00:00
[2023-10-20 23:28:15,130] {subprocess.py:62} INFO - Tmp dir root location: 
 /tmp
[2023-10-20 23:28:15,132] {subprocess.py:74} INFO - Running command: ['bash', '-c', 'echo hola, soy la tarea 3 y sere corrida luego de Tarea 1 al mismo tiempo que Tarea 2']
[2023-10-20 23:28:15,153] {subprocess.py:85} INFO - Output:
[2023-10-20 23:28:15,155] {subprocess.py:92} INFO - hola, soy la tarea 3 y sere corrida luego de Tarea 1 al mismo tiempo que Tarea 2
[2023-10-20 23:28:15,156] {subprocess.py:96} INFO - Command exited with return code 0
[2023-10-20 23:28:15,241] {taskinstance.py:1420} INFO - Marking task as SUCCESS. dag_id=mi_primer_dag_v3, task_id=tercera_tarea, execution_date=20230903T000000, start_date=20231020T232814, end_date=20231020T232815
[2023-10-20 23:28:15,281] {local_task_job.py:156} INFO - Task exited with return code 0
[2023-10-20 23:28:15,340] {local_task_job.py:273} INFO - 0 downstream tasks scheduled from follow-on schedule check
