[2023-10-20 23:20:23,163] {taskinstance.py:1179} INFO - Dependencies all met for <TaskInstance: mi_primer_dag_v3.primera_tarea scheduled__2022-08-07T00:00:00+00:00 [queued]>
[2023-10-20 23:20:23,176] {taskinstance.py:1179} INFO - Dependencies all met for <TaskInstance: mi_primer_dag_v3.primera_tarea scheduled__2022-08-07T00:00:00+00:00 [queued]>
[2023-10-20 23:20:23,177] {taskinstance.py:1376} INFO - 
--------------------------------------------------------------------------------
[2023-10-20 23:20:23,178] {taskinstance.py:1377} INFO - Starting attempt 1 of 6
[2023-10-20 23:20:23,178] {taskinstance.py:1378} INFO - 
--------------------------------------------------------------------------------
[2023-10-20 23:20:23,215] {taskinstance.py:1397} INFO - Executing <Task(BashOperator): primera_tarea> on 2022-08-07 00:00:00+00:00
[2023-10-20 23:20:23,221] {standard_task_runner.py:52} INFO - Started process 234 to run task
[2023-10-20 23:20:23,226] {standard_task_runner.py:79} INFO - Running: ['***', 'tasks', 'run', 'mi_primer_dag_v3', 'primera_tarea', 'scheduled__2022-08-07T00:00:00+00:00', '--job-id', '8', '--raw', '--subdir', 'DAGS_FOLDER/primer_dag_v3.py', '--cfg-path', '/tmp/tmpcyjow2fm', '--error-file', '/tmp/tmpvspegwms']
[2023-10-20 23:20:23,229] {standard_task_runner.py:80} INFO - Job 8: Subtask primera_tarea
[2023-10-20 23:20:23,316] {task_command.py:371} INFO - Running <TaskInstance: mi_primer_dag_v3.primera_tarea scheduled__2022-08-07T00:00:00+00:00 [running]> on host dfdda228c9fc
[2023-10-20 23:20:23,434] {taskinstance.py:1591} INFO - Exporting the following env vars:
AIRFLOW_CTX_DAG_OWNER=DavidBU
AIRFLOW_CTX_DAG_ID=mi_primer_dag_v3
AIRFLOW_CTX_TASK_ID=primera_tarea
AIRFLOW_CTX_EXECUTION_DATE=2022-08-07T00:00:00+00:00
AIRFLOW_CTX_TRY_NUMBER=1
AIRFLOW_CTX_DAG_RUN_ID=scheduled__2022-08-07T00:00:00+00:00
[2023-10-20 23:20:23,437] {subprocess.py:62} INFO - Tmp dir root location: 
 /tmp
[2023-10-20 23:20:23,439] {subprocess.py:74} INFO - Running command: ['bash', '-c', 'echo hola mundo, esta es nuestra primera tarea!']
[2023-10-20 23:20:23,453] {subprocess.py:85} INFO - Output:
[2023-10-20 23:20:23,455] {subprocess.py:92} INFO - hola mundo, esta es nuestra primera tarea!
[2023-10-20 23:20:23,456] {subprocess.py:96} INFO - Command exited with return code 0
[2023-10-20 23:20:23,527] {taskinstance.py:1420} INFO - Marking task as SUCCESS. dag_id=mi_primer_dag_v3, task_id=primera_tarea, execution_date=20220807T000000, start_date=20231020T232023, end_date=20231020T232023
[2023-10-20 23:20:23,562] {local_task_job.py:156} INFO - Task exited with return code 0
[2023-10-20 23:20:23,631] {local_task_job.py:273} INFO - 2 downstream tasks scheduled from follow-on schedule check
