[2023-10-20 23:22:00,851] {taskinstance.py:1179} INFO - Dependencies all met for <TaskInstance: mi_primer_dag_v3.primera_tarea scheduled__2023-02-24T00:00:00+00:00 [queued]>
[2023-10-20 23:22:00,869] {taskinstance.py:1179} INFO - Dependencies all met for <TaskInstance: mi_primer_dag_v3.primera_tarea scheduled__2023-02-24T00:00:00+00:00 [queued]>
[2023-10-20 23:22:00,870] {taskinstance.py:1376} INFO - 
--------------------------------------------------------------------------------
[2023-10-20 23:22:00,872] {taskinstance.py:1377} INFO - Starting attempt 1 of 6
[2023-10-20 23:22:00,872] {taskinstance.py:1378} INFO - 
--------------------------------------------------------------------------------
[2023-10-20 23:22:00,908] {taskinstance.py:1397} INFO - Executing <Task(BashOperator): primera_tarea> on 2023-02-24 00:00:00+00:00
[2023-10-20 23:22:00,914] {standard_task_runner.py:52} INFO - Started process 2101 to run task
[2023-10-20 23:22:00,919] {standard_task_runner.py:79} INFO - Running: ['***', 'tasks', 'run', 'mi_primer_dag_v3', 'primera_tarea', 'scheduled__2023-02-24T00:00:00+00:00', '--job-id', '616', '--raw', '--subdir', 'DAGS_FOLDER/primer_dag_v3.py', '--cfg-path', '/tmp/tmprjb3il9v', '--error-file', '/tmp/tmp_r3_x8_k']
[2023-10-20 23:22:00,921] {standard_task_runner.py:80} INFO - Job 616: Subtask primera_tarea
[2023-10-20 23:22:01,045] {task_command.py:371} INFO - Running <TaskInstance: mi_primer_dag_v3.primera_tarea scheduled__2023-02-24T00:00:00+00:00 [running]> on host dfdda228c9fc
[2023-10-20 23:22:01,229] {taskinstance.py:1591} INFO - Exporting the following env vars:
AIRFLOW_CTX_DAG_OWNER=DavidBU
AIRFLOW_CTX_DAG_ID=mi_primer_dag_v3
AIRFLOW_CTX_TASK_ID=primera_tarea
AIRFLOW_CTX_EXECUTION_DATE=2023-02-24T00:00:00+00:00
AIRFLOW_CTX_TRY_NUMBER=1
AIRFLOW_CTX_DAG_RUN_ID=scheduled__2023-02-24T00:00:00+00:00
[2023-10-20 23:22:01,232] {subprocess.py:62} INFO - Tmp dir root location: 
 /tmp
[2023-10-20 23:22:01,234] {subprocess.py:74} INFO - Running command: ['bash', '-c', 'echo hola mundo, esta es nuestra primera tarea!']
[2023-10-20 23:22:01,256] {subprocess.py:85} INFO - Output:
[2023-10-20 23:22:01,260] {subprocess.py:92} INFO - hola mundo, esta es nuestra primera tarea!
[2023-10-20 23:22:01,261] {subprocess.py:96} INFO - Command exited with return code 0
[2023-10-20 23:22:01,471] {taskinstance.py:1420} INFO - Marking task as SUCCESS. dag_id=mi_primer_dag_v3, task_id=primera_tarea, execution_date=20230224T000000, start_date=20231020T232200, end_date=20231020T232201
[2023-10-20 23:22:01,561] {local_task_job.py:156} INFO - Task exited with return code 0
[2023-10-20 23:22:01,646] {local_task_job.py:273} INFO - 2 downstream tasks scheduled from follow-on schedule check
