[2023-10-20 23:20:32,901] {taskinstance.py:1179} INFO - Dependencies all met for <TaskInstance: mi_primer_dag_v3.primera_tarea scheduled__2022-08-26T00:00:00+00:00 [queued]>
[2023-10-20 23:20:32,915] {taskinstance.py:1179} INFO - Dependencies all met for <TaskInstance: mi_primer_dag_v3.primera_tarea scheduled__2022-08-26T00:00:00+00:00 [queued]>
[2023-10-20 23:20:32,916] {taskinstance.py:1376} INFO - 
--------------------------------------------------------------------------------
[2023-10-20 23:20:32,916] {taskinstance.py:1377} INFO - Starting attempt 1 of 6
[2023-10-20 23:20:32,917] {taskinstance.py:1378} INFO - 
--------------------------------------------------------------------------------
[2023-10-20 23:20:32,934] {taskinstance.py:1397} INFO - Executing <Task(BashOperator): primera_tarea> on 2022-08-26 00:00:00+00:00
[2023-10-20 23:20:32,939] {standard_task_runner.py:52} INFO - Started process 437 to run task
[2023-10-20 23:20:32,944] {standard_task_runner.py:79} INFO - Running: ['***', 'tasks', 'run', 'mi_primer_dag_v3', 'primera_tarea', 'scheduled__2022-08-26T00:00:00+00:00', '--job-id', '76', '--raw', '--subdir', 'DAGS_FOLDER/primer_dag_v3.py', '--cfg-path', '/tmp/tmpy3glhfu4', '--error-file', '/tmp/tmp4il9desv']
[2023-10-20 23:20:32,946] {standard_task_runner.py:80} INFO - Job 76: Subtask primera_tarea
[2023-10-20 23:20:33,015] {task_command.py:371} INFO - Running <TaskInstance: mi_primer_dag_v3.primera_tarea scheduled__2022-08-26T00:00:00+00:00 [running]> on host dfdda228c9fc
[2023-10-20 23:20:33,106] {taskinstance.py:1591} INFO - Exporting the following env vars:
AIRFLOW_CTX_DAG_OWNER=DavidBU
AIRFLOW_CTX_DAG_ID=mi_primer_dag_v3
AIRFLOW_CTX_TASK_ID=primera_tarea
AIRFLOW_CTX_EXECUTION_DATE=2022-08-26T00:00:00+00:00
AIRFLOW_CTX_TRY_NUMBER=1
AIRFLOW_CTX_DAG_RUN_ID=scheduled__2022-08-26T00:00:00+00:00
[2023-10-20 23:20:33,107] {subprocess.py:62} INFO - Tmp dir root location: 
 /tmp
[2023-10-20 23:20:33,109] {subprocess.py:74} INFO - Running command: ['bash', '-c', 'echo hola mundo, esta es nuestra primera tarea!']
[2023-10-20 23:20:33,117] {subprocess.py:85} INFO - Output:
[2023-10-20 23:20:33,118] {subprocess.py:92} INFO - hola mundo, esta es nuestra primera tarea!
[2023-10-20 23:20:33,119] {subprocess.py:96} INFO - Command exited with return code 0
[2023-10-20 23:20:33,157] {taskinstance.py:1420} INFO - Marking task as SUCCESS. dag_id=mi_primer_dag_v3, task_id=primera_tarea, execution_date=20220826T000000, start_date=20231020T232032, end_date=20231020T232033
[2023-10-20 23:20:33,195] {local_task_job.py:156} INFO - Task exited with return code 0
[2023-10-20 23:20:33,252] {local_task_job.py:273} INFO - 0 downstream tasks scheduled from follow-on schedule check
