[2023-10-20 23:34:54,827] {taskinstance.py:1179} INFO - Dependencies all met for <TaskInstance: mi_primer_dar_con_PythonOperator.aloha_david scheduled__2023-07-01T00:00:00+00:00 [queued]>
[2023-10-20 23:34:54,840] {taskinstance.py:1179} INFO - Dependencies all met for <TaskInstance: mi_primer_dar_con_PythonOperator.aloha_david scheduled__2023-07-01T00:00:00+00:00 [queued]>
[2023-10-20 23:34:54,841] {taskinstance.py:1376} INFO - 
--------------------------------------------------------------------------------
[2023-10-20 23:34:54,841] {taskinstance.py:1377} INFO - Starting attempt 1 of 6
[2023-10-20 23:34:54,842] {taskinstance.py:1378} INFO - 
--------------------------------------------------------------------------------
[2023-10-20 23:34:54,863] {taskinstance.py:1397} INFO - Executing <Task(PythonOperator): aloha_david> on 2023-07-01 00:00:00+00:00
[2023-10-20 23:34:54,868] {standard_task_runner.py:52} INFO - Started process 1200 to run task
[2023-10-20 23:34:54,871] {standard_task_runner.py:79} INFO - Running: ['***', 'tasks', 'run', 'mi_primer_dar_con_PythonOperator', 'aloha_david', 'scheduled__2023-07-01T00:00:00+00:00', '--job-id', '1947', '--raw', '--subdir', 'DAGS_FOLDER/mi_primer_dag_pythonoperator.py', '--cfg-path', '/tmp/tmp5dv6mtad', '--error-file', '/tmp/tmpz7b_qukt']
[2023-10-20 23:34:54,873] {standard_task_runner.py:80} INFO - Job 1947: Subtask aloha_david
[2023-10-20 23:34:54,960] {task_command.py:371} INFO - Running <TaskInstance: mi_primer_dar_con_PythonOperator.aloha_david scheduled__2023-07-01T00:00:00+00:00 [running]> on host dfdda228c9fc
[2023-10-20 23:34:55,054] {taskinstance.py:1591} INFO - Exporting the following env vars:
AIRFLOW_CTX_DAG_OWNER=DavidBU
AIRFLOW_CTX_DAG_ID=mi_primer_dar_con_PythonOperator
AIRFLOW_CTX_TASK_ID=aloha_david
AIRFLOW_CTX_EXECUTION_DATE=2023-07-01T00:00:00+00:00
AIRFLOW_CTX_TRY_NUMBER=1
AIRFLOW_CTX_DAG_RUN_ID=scheduled__2023-07-01T00:00:00+00:00
[2023-10-20 23:34:55,055] {logging_mixin.py:115} INFO - Aloha Mundo soy yo!
[2023-10-20 23:34:55,055] {python.py:173} INFO - Done. Returned value was: None
[2023-10-20 23:34:55,071] {taskinstance.py:1420} INFO - Marking task as SUCCESS. dag_id=mi_primer_dar_con_PythonOperator, task_id=aloha_david, execution_date=20230701T000000, start_date=20231020T233454, end_date=20231020T233455
[2023-10-20 23:34:55,124] {local_task_job.py:156} INFO - Task exited with return code 0
[2023-10-20 23:34:55,160] {local_task_job.py:273} INFO - 0 downstream tasks scheduled from follow-on schedule check
