[2023-10-20 23:20:48,762] {taskinstance.py:1179} INFO - Dependencies all met for <TaskInstance: mi_primer_dag_v3.tercera_tarea scheduled__2022-09-28T00:00:00+00:00 [queued]>
[2023-10-20 23:20:48,784] {taskinstance.py:1179} INFO - Dependencies all met for <TaskInstance: mi_primer_dag_v3.tercera_tarea scheduled__2022-09-28T00:00:00+00:00 [queued]>
[2023-10-20 23:20:48,785] {taskinstance.py:1376} INFO - 
--------------------------------------------------------------------------------
[2023-10-20 23:20:48,786] {taskinstance.py:1377} INFO - Starting attempt 1 of 6
[2023-10-20 23:20:48,786] {taskinstance.py:1378} INFO - 
--------------------------------------------------------------------------------
[2023-10-20 23:20:48,817] {taskinstance.py:1397} INFO - Executing <Task(BashOperator): tercera_tarea> on 2022-09-28 00:00:00+00:00
[2023-10-20 23:20:48,825] {standard_task_runner.py:52} INFO - Started process 766 to run task
[2023-10-20 23:20:48,834] {standard_task_runner.py:79} INFO - Running: ['***', 'tasks', 'run', 'mi_primer_dag_v3', 'tercera_tarea', 'scheduled__2022-09-28T00:00:00+00:00', '--job-id', '182', '--raw', '--subdir', 'DAGS_FOLDER/primer_dag_v3.py', '--cfg-path', '/tmp/tmpho9py6i8', '--error-file', '/tmp/tmptynch5ny']
[2023-10-20 23:20:48,837] {standard_task_runner.py:80} INFO - Job 182: Subtask tercera_tarea
[2023-10-20 23:20:48,969] {task_command.py:371} INFO - Running <TaskInstance: mi_primer_dag_v3.tercera_tarea scheduled__2022-09-28T00:00:00+00:00 [running]> on host dfdda228c9fc
[2023-10-20 23:20:49,122] {taskinstance.py:1591} INFO - Exporting the following env vars:
AIRFLOW_CTX_DAG_OWNER=DavidBU
AIRFLOW_CTX_DAG_ID=mi_primer_dag_v3
AIRFLOW_CTX_TASK_ID=tercera_tarea
AIRFLOW_CTX_EXECUTION_DATE=2022-09-28T00:00:00+00:00
AIRFLOW_CTX_TRY_NUMBER=1
AIRFLOW_CTX_DAG_RUN_ID=scheduled__2022-09-28T00:00:00+00:00
[2023-10-20 23:20:49,124] {subprocess.py:62} INFO - Tmp dir root location: 
 /tmp
[2023-10-20 23:20:49,126] {subprocess.py:74} INFO - Running command: ['bash', '-c', 'echo hola, soy la tarea 3 y sere corrida luego de Tarea 1 al mismo tiempo que Tarea 2']
[2023-10-20 23:20:49,136] {subprocess.py:85} INFO - Output:
[2023-10-20 23:20:49,139] {subprocess.py:92} INFO - hola, soy la tarea 3 y sere corrida luego de Tarea 1 al mismo tiempo que Tarea 2
[2023-10-20 23:20:49,140] {subprocess.py:96} INFO - Command exited with return code 0
[2023-10-20 23:20:49,183] {taskinstance.py:1420} INFO - Marking task as SUCCESS. dag_id=mi_primer_dag_v3, task_id=tercera_tarea, execution_date=20220928T000000, start_date=20231020T232048, end_date=20231020T232049
[2023-10-20 23:20:49,246] {local_task_job.py:156} INFO - Task exited with return code 0
[2023-10-20 23:20:49,315] {local_task_job.py:273} INFO - 0 downstream tasks scheduled from follow-on schedule check
