[2023-10-20 23:29:54,415] {taskinstance.py:1179} INFO - Dependencies all met for <TaskInstance: mi_primer_dag.primer_task scheduled__2023-02-04T00:00:00+00:00 [queued]>
[2023-10-20 23:29:54,430] {taskinstance.py:1179} INFO - Dependencies all met for <TaskInstance: mi_primer_dag.primer_task scheduled__2023-02-04T00:00:00+00:00 [queued]>
[2023-10-20 23:29:54,431] {taskinstance.py:1376} INFO - 
--------------------------------------------------------------------------------
[2023-10-20 23:29:54,431] {taskinstance.py:1377} INFO - Starting attempt 1 of 6
[2023-10-20 23:29:54,432] {taskinstance.py:1378} INFO - 
--------------------------------------------------------------------------------
[2023-10-20 23:29:54,452] {taskinstance.py:1397} INFO - Executing <Task(BashOperator): primer_task> on 2023-02-04 00:00:00+00:00
[2023-10-20 23:29:54,457] {standard_task_runner.py:52} INFO - Started process 1387 to run task
[2023-10-20 23:29:54,461] {standard_task_runner.py:79} INFO - Running: ['***', 'tasks', 'run', 'mi_primer_dag', 'primer_task', 'scheduled__2023-02-04T00:00:00+00:00', '--job-id', '1518', '--raw', '--subdir', 'DAGS_FOLDER/mi_primer_dag.py', '--cfg-path', '/tmp/tmpye_jtmvy', '--error-file', '/tmp/tmpgg6i1uc2']
[2023-10-20 23:29:54,462] {standard_task_runner.py:80} INFO - Job 1518: Subtask primer_task
[2023-10-20 23:29:54,538] {task_command.py:371} INFO - Running <TaskInstance: mi_primer_dag.primer_task scheduled__2023-02-04T00:00:00+00:00 [running]> on host dfdda228c9fc
[2023-10-20 23:29:54,630] {taskinstance.py:1591} INFO - Exporting the following env vars:
AIRFLOW_CTX_DAG_OWNER=DavidBU
AIRFLOW_CTX_DAG_ID=mi_primer_dag
AIRFLOW_CTX_TASK_ID=primer_task
AIRFLOW_CTX_EXECUTION_DATE=2023-02-04T00:00:00+00:00
AIRFLOW_CTX_TRY_NUMBER=1
AIRFLOW_CTX_DAG_RUN_ID=scheduled__2023-02-04T00:00:00+00:00
[2023-10-20 23:29:54,632] {subprocess.py:62} INFO - Tmp dir root location: 
 /tmp
[2023-10-20 23:29:54,633] {subprocess.py:74} INFO - Running command: ['bash', '-c', 'echo hola mundo, esta es nuestra primera tarea usando bash operator!']
[2023-10-20 23:29:54,642] {subprocess.py:85} INFO - Output:
[2023-10-20 23:29:54,644] {subprocess.py:92} INFO - hola mundo, esta es nuestra primera tarea usando bash operator!
[2023-10-20 23:29:54,644] {subprocess.py:96} INFO - Command exited with return code 0
[2023-10-20 23:29:54,692] {taskinstance.py:1420} INFO - Marking task as SUCCESS. dag_id=mi_primer_dag, task_id=primer_task, execution_date=20230204T000000, start_date=20231020T232954, end_date=20231020T232954
[2023-10-20 23:29:54,753] {local_task_job.py:156} INFO - Task exited with return code 0
[2023-10-20 23:29:54,790] {local_task_job.py:273} INFO - 0 downstream tasks scheduled from follow-on schedule check
