[2023-10-20 23:21:19,775] {taskinstance.py:1179} INFO - Dependencies all met for <TaskInstance: mi_primer_dag_v3.segunda_tarea scheduled__2022-12-06T00:00:00+00:00 [queued]>
[2023-10-20 23:21:19,810] {taskinstance.py:1179} INFO - Dependencies all met for <TaskInstance: mi_primer_dag_v3.segunda_tarea scheduled__2022-12-06T00:00:00+00:00 [queued]>
[2023-10-20 23:21:19,810] {taskinstance.py:1376} INFO - 
--------------------------------------------------------------------------------
[2023-10-20 23:21:19,811] {taskinstance.py:1377} INFO - Starting attempt 1 of 6
[2023-10-20 23:21:19,812] {taskinstance.py:1378} INFO - 
--------------------------------------------------------------------------------
[2023-10-20 23:21:19,840] {taskinstance.py:1397} INFO - Executing <Task(BashOperator): segunda_tarea> on 2022-12-06 00:00:00+00:00
[2023-10-20 23:21:19,845] {standard_task_runner.py:52} INFO - Started process 1402 to run task
[2023-10-20 23:21:19,849] {standard_task_runner.py:79} INFO - Running: ['***', 'tasks', 'run', 'mi_primer_dag_v3', 'segunda_tarea', 'scheduled__2022-12-06T00:00:00+00:00', '--job-id', '389', '--raw', '--subdir', 'DAGS_FOLDER/primer_dag_v3.py', '--cfg-path', '/tmp/tmpkkdc8y29', '--error-file', '/tmp/tmpuxy1izxj']
[2023-10-20 23:21:19,851] {standard_task_runner.py:80} INFO - Job 389: Subtask segunda_tarea
[2023-10-20 23:21:19,984] {task_command.py:371} INFO - Running <TaskInstance: mi_primer_dag_v3.segunda_tarea scheduled__2022-12-06T00:00:00+00:00 [running]> on host dfdda228c9fc
[2023-10-20 23:21:20,113] {taskinstance.py:1591} INFO - Exporting the following env vars:
AIRFLOW_CTX_DAG_OWNER=DavidBU
AIRFLOW_CTX_DAG_ID=mi_primer_dag_v3
AIRFLOW_CTX_TASK_ID=segunda_tarea
AIRFLOW_CTX_EXECUTION_DATE=2022-12-06T00:00:00+00:00
AIRFLOW_CTX_TRY_NUMBER=1
AIRFLOW_CTX_DAG_RUN_ID=scheduled__2022-12-06T00:00:00+00:00
[2023-10-20 23:21:20,115] {subprocess.py:62} INFO - Tmp dir root location: 
 /tmp
[2023-10-20 23:21:20,117] {subprocess.py:74} INFO - Running command: ['bash', '-c', 'echo hola, soy la tarea 2 y sere corrida luego de la Tarea 1']
[2023-10-20 23:21:20,130] {subprocess.py:85} INFO - Output:
[2023-10-20 23:21:20,132] {subprocess.py:92} INFO - hola, soy la tarea 2 y sere corrida luego de la Tarea 1
[2023-10-20 23:21:20,133] {subprocess.py:96} INFO - Command exited with return code 0
[2023-10-20 23:21:20,182] {taskinstance.py:1420} INFO - Marking task as SUCCESS. dag_id=mi_primer_dag_v3, task_id=segunda_tarea, execution_date=20221206T000000, start_date=20231020T232119, end_date=20231020T232120
[2023-10-20 23:21:20,226] {local_task_job.py:156} INFO - Task exited with return code 0
[2023-10-20 23:21:20,287] {local_task_job.py:273} INFO - 0 downstream tasks scheduled from follow-on schedule check
