[2023-10-20 23:31:51,738] {taskinstance.py:1179} INFO - Dependencies all met for <TaskInstance: mi_primer_dag.primer_task scheduled__2023-04-20T00:00:00+00:00 [queued]>
[2023-10-20 23:31:51,754] {taskinstance.py:1179} INFO - Dependencies all met for <TaskInstance: mi_primer_dag.primer_task scheduled__2023-04-20T00:00:00+00:00 [queued]>
[2023-10-20 23:31:51,755] {taskinstance.py:1376} INFO - 
--------------------------------------------------------------------------------
[2023-10-20 23:31:51,756] {taskinstance.py:1377} INFO - Starting attempt 1 of 6
[2023-10-20 23:31:51,756] {taskinstance.py:1378} INFO - 
--------------------------------------------------------------------------------
[2023-10-20 23:31:51,779] {taskinstance.py:1397} INFO - Executing <Task(BashOperator): primer_task> on 2023-04-20 00:00:00+00:00
[2023-10-20 23:31:51,786] {standard_task_runner.py:52} INFO - Started process 220 to run task
[2023-10-20 23:31:51,789] {standard_task_runner.py:79} INFO - Running: ['***', 'tasks', 'run', 'mi_primer_dag', 'primer_task', 'scheduled__2023-04-20T00:00:00+00:00', '--job-id', '1594', '--raw', '--subdir', 'DAGS_FOLDER/mi_primer_dag.py', '--cfg-path', '/tmp/tmpy97tx7ol', '--error-file', '/tmp/tmpatmkf68z']
[2023-10-20 23:31:51,791] {standard_task_runner.py:80} INFO - Job 1594: Subtask primer_task
[2023-10-20 23:31:51,874] {task_command.py:371} INFO - Running <TaskInstance: mi_primer_dag.primer_task scheduled__2023-04-20T00:00:00+00:00 [running]> on host dfdda228c9fc
[2023-10-20 23:31:51,966] {taskinstance.py:1591} INFO - Exporting the following env vars:
AIRFLOW_CTX_DAG_OWNER=DavidBU
AIRFLOW_CTX_DAG_ID=mi_primer_dag
AIRFLOW_CTX_TASK_ID=primer_task
AIRFLOW_CTX_EXECUTION_DATE=2023-04-20T00:00:00+00:00
AIRFLOW_CTX_TRY_NUMBER=1
AIRFLOW_CTX_DAG_RUN_ID=scheduled__2023-04-20T00:00:00+00:00
[2023-10-20 23:31:51,968] {subprocess.py:62} INFO - Tmp dir root location: 
 /tmp
[2023-10-20 23:31:51,969] {subprocess.py:74} INFO - Running command: ['bash', '-c', 'echo hola mundo, esta es nuestra primera tarea usando bash operator!']
[2023-10-20 23:31:51,976] {subprocess.py:85} INFO - Output:
[2023-10-20 23:31:51,977] {subprocess.py:92} INFO - hola mundo, esta es nuestra primera tarea usando bash operator!
[2023-10-20 23:31:51,978] {subprocess.py:96} INFO - Command exited with return code 0
[2023-10-20 23:31:52,007] {taskinstance.py:1420} INFO - Marking task as SUCCESS. dag_id=mi_primer_dag, task_id=primer_task, execution_date=20230420T000000, start_date=20231020T233151, end_date=20231020T233152
[2023-10-20 23:31:52,043] {local_task_job.py:156} INFO - Task exited with return code 0
[2023-10-20 23:31:52,078] {local_task_job.py:273} INFO - 0 downstream tasks scheduled from follow-on schedule check
