[2023-10-20 23:39:20,959] {taskinstance.py:1179} INFO - Dependencies all met for <TaskInstance: mi_primer_dar_con_PythonOperator.aloha_david scheduled__2023-08-13T00:00:00+00:00 [queued]>
[2023-10-20 23:39:20,974] {taskinstance.py:1179} INFO - Dependencies all met for <TaskInstance: mi_primer_dar_con_PythonOperator.aloha_david scheduled__2023-08-13T00:00:00+00:00 [queued]>
[2023-10-20 23:39:20,975] {taskinstance.py:1376} INFO - 
--------------------------------------------------------------------------------
[2023-10-20 23:39:20,975] {taskinstance.py:1377} INFO - Starting attempt 1 of 6
[2023-10-20 23:39:20,976] {taskinstance.py:1378} INFO - 
--------------------------------------------------------------------------------
[2023-10-20 23:39:20,997] {taskinstance.py:1397} INFO - Executing <Task(PythonOperator): aloha_david> on 2023-08-13 00:00:00+00:00
[2023-10-20 23:39:21,002] {standard_task_runner.py:52} INFO - Started process 297 to run task
[2023-10-20 23:39:21,007] {standard_task_runner.py:79} INFO - Running: ['***', 'tasks', 'run', 'mi_primer_dar_con_PythonOperator', 'aloha_david', 'scheduled__2023-08-13T00:00:00+00:00', '--job-id', '1991', '--raw', '--subdir', 'DAGS_FOLDER/mi_primer_dag_pythonoperator.py', '--cfg-path', '/tmp/tmpwhegs1yt', '--error-file', '/tmp/tmpb_0m5ctw']
[2023-10-20 23:39:21,010] {standard_task_runner.py:80} INFO - Job 1991: Subtask aloha_david
[2023-10-20 23:39:21,110] {task_command.py:371} INFO - Running <TaskInstance: mi_primer_dar_con_PythonOperator.aloha_david scheduled__2023-08-13T00:00:00+00:00 [running]> on host dfdda228c9fc
[2023-10-20 23:39:21,214] {taskinstance.py:1591} INFO - Exporting the following env vars:
AIRFLOW_CTX_DAG_OWNER=DavidBU
AIRFLOW_CTX_DAG_ID=mi_primer_dar_con_PythonOperator
AIRFLOW_CTX_TASK_ID=aloha_david
AIRFLOW_CTX_EXECUTION_DATE=2023-08-13T00:00:00+00:00
AIRFLOW_CTX_TRY_NUMBER=1
AIRFLOW_CTX_DAG_RUN_ID=scheduled__2023-08-13T00:00:00+00:00
[2023-10-20 23:39:21,215] {logging_mixin.py:115} INFO - Aloha Mundo soy yo!
[2023-10-20 23:39:21,216] {python.py:173} INFO - Done. Returned value was: None
[2023-10-20 23:39:21,229] {taskinstance.py:1420} INFO - Marking task as SUCCESS. dag_id=mi_primer_dar_con_PythonOperator, task_id=aloha_david, execution_date=20230813T000000, start_date=20231020T233920, end_date=20231020T233921
[2023-10-20 23:39:21,258] {local_task_job.py:156} INFO - Task exited with return code 0
[2023-10-20 23:39:21,334] {local_task_job.py:273} INFO - 0 downstream tasks scheduled from follow-on schedule check
