[2023-10-20 23:23:24,578] {taskinstance.py:1179} INFO - Dependencies all met for <TaskInstance: mi_primer_dag_v3.tercera_tarea scheduled__2023-08-12T00:00:00+00:00 [queued]>
[2023-10-20 23:23:24,594] {taskinstance.py:1179} INFO - Dependencies all met for <TaskInstance: mi_primer_dag_v3.tercera_tarea scheduled__2023-08-12T00:00:00+00:00 [queued]>
[2023-10-20 23:23:24,595] {taskinstance.py:1376} INFO - 
--------------------------------------------------------------------------------
[2023-10-20 23:23:24,596] {taskinstance.py:1377} INFO - Starting attempt 1 of 6
[2023-10-20 23:23:24,597] {taskinstance.py:1378} INFO - 
--------------------------------------------------------------------------------
[2023-10-20 23:23:24,624] {taskinstance.py:1397} INFO - Executing <Task(BashOperator): tercera_tarea> on 2023-08-12 00:00:00+00:00
[2023-10-20 23:23:24,629] {standard_task_runner.py:52} INFO - Started process 3702 to run task
[2023-10-20 23:23:24,634] {standard_task_runner.py:79} INFO - Running: ['***', 'tasks', 'run', 'mi_primer_dag_v3', 'tercera_tarea', 'scheduled__2023-08-12T00:00:00+00:00', '--job-id', '1137', '--raw', '--subdir', 'DAGS_FOLDER/primer_dag_v3.py', '--cfg-path', '/tmp/tmpshle61d3', '--error-file', '/tmp/tmpayx5lsfe']
[2023-10-20 23:23:24,636] {standard_task_runner.py:80} INFO - Job 1137: Subtask tercera_tarea
[2023-10-20 23:23:24,765] {task_command.py:371} INFO - Running <TaskInstance: mi_primer_dag_v3.tercera_tarea scheduled__2023-08-12T00:00:00+00:00 [running]> on host dfdda228c9fc
[2023-10-20 23:23:24,928] {taskinstance.py:1591} INFO - Exporting the following env vars:
AIRFLOW_CTX_DAG_OWNER=DavidBU
AIRFLOW_CTX_DAG_ID=mi_primer_dag_v3
AIRFLOW_CTX_TASK_ID=tercera_tarea
AIRFLOW_CTX_EXECUTION_DATE=2023-08-12T00:00:00+00:00
AIRFLOW_CTX_TRY_NUMBER=1
AIRFLOW_CTX_DAG_RUN_ID=scheduled__2023-08-12T00:00:00+00:00
[2023-10-20 23:23:24,931] {subprocess.py:62} INFO - Tmp dir root location: 
 /tmp
[2023-10-20 23:23:24,932] {subprocess.py:74} INFO - Running command: ['bash', '-c', 'echo hola, soy la tarea 3 y sere corrida luego de Tarea 1 al mismo tiempo que Tarea 2']
[2023-10-20 23:23:24,949] {subprocess.py:85} INFO - Output:
[2023-10-20 23:23:24,954] {subprocess.py:92} INFO - hola, soy la tarea 3 y sere corrida luego de Tarea 1 al mismo tiempo que Tarea 2
[2023-10-20 23:23:24,955] {subprocess.py:96} INFO - Command exited with return code 0
[2023-10-20 23:23:25,010] {taskinstance.py:1420} INFO - Marking task as SUCCESS. dag_id=mi_primer_dag_v3, task_id=tercera_tarea, execution_date=20230812T000000, start_date=20231020T232324, end_date=20231020T232325
[2023-10-20 23:23:25,050] {local_task_job.py:156} INFO - Task exited with return code 0
[2023-10-20 23:23:25,170] {local_task_job.py:273} INFO - 0 downstream tasks scheduled from follow-on schedule check
