[2023-10-20 23:28:59,006] {taskinstance.py:1179} INFO - Dependencies all met for <TaskInstance: mi_primer_dag.primer_task scheduled__2022-09-27T00:00:00+00:00 [queued]>
[2023-10-20 23:28:59,016] {taskinstance.py:1179} INFO - Dependencies all met for <TaskInstance: mi_primer_dag.primer_task scheduled__2022-09-27T00:00:00+00:00 [queued]>
[2023-10-20 23:28:59,016] {taskinstance.py:1376} INFO - 
--------------------------------------------------------------------------------
[2023-10-20 23:28:59,017] {taskinstance.py:1377} INFO - Starting attempt 1 of 6
[2023-10-20 23:28:59,018] {taskinstance.py:1378} INFO - 
--------------------------------------------------------------------------------
[2023-10-20 23:28:59,034] {taskinstance.py:1397} INFO - Executing <Task(BashOperator): primer_task> on 2022-09-27 00:00:00+00:00
[2023-10-20 23:28:59,070] {standard_task_runner.py:52} INFO - Started process 941 to run task
[2023-10-20 23:28:59,076] {standard_task_runner.py:79} INFO - Running: ['***', 'tasks', 'run', 'mi_primer_dag', 'primer_task', 'scheduled__2022-09-27T00:00:00+00:00', '--job-id', '1387', '--raw', '--subdir', 'DAGS_FOLDER/mi_primer_dag.py', '--cfg-path', '/tmp/tmp6d4ja_j3', '--error-file', '/tmp/tmp4k8zutf9']
[2023-10-20 23:28:59,079] {standard_task_runner.py:80} INFO - Job 1387: Subtask primer_task
[2023-10-20 23:28:59,194] {task_command.py:371} INFO - Running <TaskInstance: mi_primer_dag.primer_task scheduled__2022-09-27T00:00:00+00:00 [running]> on host dfdda228c9fc
[2023-10-20 23:28:59,308] {taskinstance.py:1591} INFO - Exporting the following env vars:
AIRFLOW_CTX_DAG_OWNER=DavidBU
AIRFLOW_CTX_DAG_ID=mi_primer_dag
AIRFLOW_CTX_TASK_ID=primer_task
AIRFLOW_CTX_EXECUTION_DATE=2022-09-27T00:00:00+00:00
AIRFLOW_CTX_TRY_NUMBER=1
AIRFLOW_CTX_DAG_RUN_ID=scheduled__2022-09-27T00:00:00+00:00
[2023-10-20 23:28:59,310] {subprocess.py:62} INFO - Tmp dir root location: 
 /tmp
[2023-10-20 23:28:59,311] {subprocess.py:74} INFO - Running command: ['bash', '-c', 'echo hola mundo, esta es nuestra primera tarea usando bash operator!']
[2023-10-20 23:28:59,321] {subprocess.py:85} INFO - Output:
[2023-10-20 23:28:59,322] {subprocess.py:92} INFO - hola mundo, esta es nuestra primera tarea usando bash operator!
[2023-10-20 23:28:59,323] {subprocess.py:96} INFO - Command exited with return code 0
[2023-10-20 23:28:59,361] {taskinstance.py:1420} INFO - Marking task as SUCCESS. dag_id=mi_primer_dag, task_id=primer_task, execution_date=20220927T000000, start_date=20231020T232859, end_date=20231020T232859
[2023-10-20 23:28:59,410] {local_task_job.py:156} INFO - Task exited with return code 0
[2023-10-20 23:28:59,456] {local_task_job.py:273} INFO - 0 downstream tasks scheduled from follow-on schedule check
