[2023-10-20 23:22:21,540] {taskinstance.py:1179} INFO - Dependencies all met for <TaskInstance: mi_primer_dag_v3.primera_tarea scheduled__2023-04-02T00:00:00+00:00 [queued]>
[2023-10-20 23:22:21,561] {taskinstance.py:1179} INFO - Dependencies all met for <TaskInstance: mi_primer_dag_v3.primera_tarea scheduled__2023-04-02T00:00:00+00:00 [queued]>
[2023-10-20 23:22:21,562] {taskinstance.py:1376} INFO - 
--------------------------------------------------------------------------------
[2023-10-20 23:22:21,564] {taskinstance.py:1377} INFO - Starting attempt 1 of 6
[2023-10-20 23:22:21,565] {taskinstance.py:1378} INFO - 
--------------------------------------------------------------------------------
[2023-10-20 23:22:21,600] {taskinstance.py:1397} INFO - Executing <Task(BashOperator): primera_tarea> on 2023-04-02 00:00:00+00:00
[2023-10-20 23:22:21,606] {standard_task_runner.py:52} INFO - Started process 2440 to run task
[2023-10-20 23:22:21,611] {standard_task_runner.py:79} INFO - Running: ['***', 'tasks', 'run', 'mi_primer_dag_v3', 'primera_tarea', 'scheduled__2023-04-02T00:00:00+00:00', '--job-id', '725', '--raw', '--subdir', 'DAGS_FOLDER/primer_dag_v3.py', '--cfg-path', '/tmp/tmp9_e5x7kd', '--error-file', '/tmp/tmp68254svy']
[2023-10-20 23:22:21,613] {standard_task_runner.py:80} INFO - Job 725: Subtask primera_tarea
[2023-10-20 23:22:21,767] {task_command.py:371} INFO - Running <TaskInstance: mi_primer_dag_v3.primera_tarea scheduled__2023-04-02T00:00:00+00:00 [running]> on host dfdda228c9fc
[2023-10-20 23:22:21,914] {taskinstance.py:1591} INFO - Exporting the following env vars:
AIRFLOW_CTX_DAG_OWNER=DavidBU
AIRFLOW_CTX_DAG_ID=mi_primer_dag_v3
AIRFLOW_CTX_TASK_ID=primera_tarea
AIRFLOW_CTX_EXECUTION_DATE=2023-04-02T00:00:00+00:00
AIRFLOW_CTX_TRY_NUMBER=1
AIRFLOW_CTX_DAG_RUN_ID=scheduled__2023-04-02T00:00:00+00:00
[2023-10-20 23:22:21,915] {subprocess.py:62} INFO - Tmp dir root location: 
 /tmp
[2023-10-20 23:22:21,917] {subprocess.py:74} INFO - Running command: ['bash', '-c', 'echo hola mundo, esta es nuestra primera tarea!']
[2023-10-20 23:22:21,928] {subprocess.py:85} INFO - Output:
[2023-10-20 23:22:21,930] {subprocess.py:92} INFO - hola mundo, esta es nuestra primera tarea!
[2023-10-20 23:22:21,931] {subprocess.py:96} INFO - Command exited with return code 0
[2023-10-20 23:22:21,983] {taskinstance.py:1420} INFO - Marking task as SUCCESS. dag_id=mi_primer_dag_v3, task_id=primera_tarea, execution_date=20230402T000000, start_date=20231020T232221, end_date=20231020T232221
[2023-10-20 23:22:22,035] {local_task_job.py:156} INFO - Task exited with return code 0
[2023-10-20 23:22:22,107] {local_task_job.py:273} INFO - 2 downstream tasks scheduled from follow-on schedule check
