[2023-10-20 23:21:03,767] {taskinstance.py:1179} INFO - Dependencies all met for <TaskInstance: mi_primer_dag_v3.primera_tarea scheduled__2022-11-04T00:00:00+00:00 [queued]>
[2023-10-20 23:21:03,784] {taskinstance.py:1179} INFO - Dependencies all met for <TaskInstance: mi_primer_dag_v3.primera_tarea scheduled__2022-11-04T00:00:00+00:00 [queued]>
[2023-10-20 23:21:03,784] {taskinstance.py:1376} INFO - 
--------------------------------------------------------------------------------
[2023-10-20 23:21:03,785] {taskinstance.py:1377} INFO - Starting attempt 1 of 6
[2023-10-20 23:21:03,786] {taskinstance.py:1378} INFO - 
--------------------------------------------------------------------------------
[2023-10-20 23:21:03,820] {taskinstance.py:1397} INFO - Executing <Task(BashOperator): primera_tarea> on 2022-11-04 00:00:00+00:00
[2023-10-20 23:21:03,827] {standard_task_runner.py:52} INFO - Started process 1062 to run task
[2023-10-20 23:21:03,832] {standard_task_runner.py:79} INFO - Running: ['***', 'tasks', 'run', 'mi_primer_dag_v3', 'primera_tarea', 'scheduled__2022-11-04T00:00:00+00:00', '--job-id', '278', '--raw', '--subdir', 'DAGS_FOLDER/primer_dag_v3.py', '--cfg-path', '/tmp/tmpwc458wlg', '--error-file', '/tmp/tmpmk6zxn2r']
[2023-10-20 23:21:03,835] {standard_task_runner.py:80} INFO - Job 278: Subtask primera_tarea
[2023-10-20 23:21:03,948] {task_command.py:371} INFO - Running <TaskInstance: mi_primer_dag_v3.primera_tarea scheduled__2022-11-04T00:00:00+00:00 [running]> on host dfdda228c9fc
[2023-10-20 23:21:04,136] {taskinstance.py:1591} INFO - Exporting the following env vars:
AIRFLOW_CTX_DAG_OWNER=DavidBU
AIRFLOW_CTX_DAG_ID=mi_primer_dag_v3
AIRFLOW_CTX_TASK_ID=primera_tarea
AIRFLOW_CTX_EXECUTION_DATE=2022-11-04T00:00:00+00:00
AIRFLOW_CTX_TRY_NUMBER=1
AIRFLOW_CTX_DAG_RUN_ID=scheduled__2022-11-04T00:00:00+00:00
[2023-10-20 23:21:04,140] {subprocess.py:62} INFO - Tmp dir root location: 
 /tmp
[2023-10-20 23:21:04,141] {subprocess.py:74} INFO - Running command: ['bash', '-c', 'echo hola mundo, esta es nuestra primera tarea!']
[2023-10-20 23:21:04,168] {subprocess.py:85} INFO - Output:
[2023-10-20 23:21:04,169] {subprocess.py:92} INFO - hola mundo, esta es nuestra primera tarea!
[2023-10-20 23:21:04,170] {subprocess.py:96} INFO - Command exited with return code 0
[2023-10-20 23:21:04,281] {taskinstance.py:1420} INFO - Marking task as SUCCESS. dag_id=mi_primer_dag_v3, task_id=primera_tarea, execution_date=20221104T000000, start_date=20231020T232103, end_date=20231020T232104
[2023-10-20 23:21:04,335] {local_task_job.py:156} INFO - Task exited with return code 0
[2023-10-20 23:21:04,421] {local_task_job.py:273} INFO - 2 downstream tasks scheduled from follow-on schedule check
