[2023-10-20 23:22:07,122] {taskinstance.py:1179} INFO - Dependencies all met for <TaskInstance: mi_primer_dag_v3.segunda_tarea scheduled__2023-03-02T00:00:00+00:00 [queued]>
[2023-10-20 23:22:07,145] {taskinstance.py:1179} INFO - Dependencies all met for <TaskInstance: mi_primer_dag_v3.segunda_tarea scheduled__2023-03-02T00:00:00+00:00 [queued]>
[2023-10-20 23:22:07,147] {taskinstance.py:1376} INFO - 
--------------------------------------------------------------------------------
[2023-10-20 23:22:07,148] {taskinstance.py:1377} INFO - Starting attempt 1 of 6
[2023-10-20 23:22:07,149] {taskinstance.py:1378} INFO - 
--------------------------------------------------------------------------------
[2023-10-20 23:22:07,178] {taskinstance.py:1397} INFO - Executing <Task(BashOperator): segunda_tarea> on 2023-03-02 00:00:00+00:00
[2023-10-20 23:22:07,186] {standard_task_runner.py:52} INFO - Started process 2207 to run task
[2023-10-20 23:22:07,193] {standard_task_runner.py:79} INFO - Running: ['***', 'tasks', 'run', 'mi_primer_dag_v3', 'segunda_tarea', 'scheduled__2023-03-02T00:00:00+00:00', '--job-id', '652', '--raw', '--subdir', 'DAGS_FOLDER/primer_dag_v3.py', '--cfg-path', '/tmp/tmpv2n7ot72', '--error-file', '/tmp/tmpbwp4d5yo']
[2023-10-20 23:22:07,197] {standard_task_runner.py:80} INFO - Job 652: Subtask segunda_tarea
[2023-10-20 23:22:07,358] {task_command.py:371} INFO - Running <TaskInstance: mi_primer_dag_v3.segunda_tarea scheduled__2023-03-02T00:00:00+00:00 [running]> on host dfdda228c9fc
[2023-10-20 23:22:07,502] {taskinstance.py:1591} INFO - Exporting the following env vars:
AIRFLOW_CTX_DAG_OWNER=DavidBU
AIRFLOW_CTX_DAG_ID=mi_primer_dag_v3
AIRFLOW_CTX_TASK_ID=segunda_tarea
AIRFLOW_CTX_EXECUTION_DATE=2023-03-02T00:00:00+00:00
AIRFLOW_CTX_TRY_NUMBER=1
AIRFLOW_CTX_DAG_RUN_ID=scheduled__2023-03-02T00:00:00+00:00
[2023-10-20 23:22:07,504] {subprocess.py:62} INFO - Tmp dir root location: 
 /tmp
[2023-10-20 23:22:07,506] {subprocess.py:74} INFO - Running command: ['bash', '-c', 'echo hola, soy la tarea 2 y sere corrida luego de la Tarea 1']
[2023-10-20 23:22:07,520] {subprocess.py:85} INFO - Output:
[2023-10-20 23:22:07,524] {subprocess.py:92} INFO - hola, soy la tarea 2 y sere corrida luego de la Tarea 1
[2023-10-20 23:22:07,525] {subprocess.py:96} INFO - Command exited with return code 0
[2023-10-20 23:22:07,594] {taskinstance.py:1420} INFO - Marking task as SUCCESS. dag_id=mi_primer_dag_v3, task_id=segunda_tarea, execution_date=20230302T000000, start_date=20231020T232207, end_date=20231020T232207
[2023-10-20 23:22:07,671] {local_task_job.py:156} INFO - Task exited with return code 0
[2023-10-20 23:22:07,739] {local_task_job.py:273} INFO - 0 downstream tasks scheduled from follow-on schedule check
