[2023-10-20 23:22:37,240] {taskinstance.py:1179} INFO - Dependencies all met for <TaskInstance: mi_primer_dag_v3.segunda_tarea scheduled__2023-05-03T00:00:00+00:00 [queued]>
[2023-10-20 23:22:37,259] {taskinstance.py:1179} INFO - Dependencies all met for <TaskInstance: mi_primer_dag_v3.segunda_tarea scheduled__2023-05-03T00:00:00+00:00 [queued]>
[2023-10-20 23:22:37,260] {taskinstance.py:1376} INFO - 
--------------------------------------------------------------------------------
[2023-10-20 23:22:37,261] {taskinstance.py:1377} INFO - Starting attempt 1 of 6
[2023-10-20 23:22:37,262] {taskinstance.py:1378} INFO - 
--------------------------------------------------------------------------------
[2023-10-20 23:22:37,287] {taskinstance.py:1397} INFO - Executing <Task(BashOperator): segunda_tarea> on 2023-05-03 00:00:00+00:00
[2023-10-20 23:22:37,295] {standard_task_runner.py:52} INFO - Started process 2776 to run task
[2023-10-20 23:22:37,300] {standard_task_runner.py:79} INFO - Running: ['***', 'tasks', 'run', 'mi_primer_dag_v3', 'segunda_tarea', 'scheduled__2023-05-03T00:00:00+00:00', '--job-id', '836', '--raw', '--subdir', 'DAGS_FOLDER/primer_dag_v3.py', '--cfg-path', '/tmp/tmpkszizpsy', '--error-file', '/tmp/tmpugdob_dt']
[2023-10-20 23:22:37,302] {standard_task_runner.py:80} INFO - Job 836: Subtask segunda_tarea
[2023-10-20 23:22:37,398] {task_command.py:371} INFO - Running <TaskInstance: mi_primer_dag_v3.segunda_tarea scheduled__2023-05-03T00:00:00+00:00 [running]> on host dfdda228c9fc
[2023-10-20 23:22:37,494] {taskinstance.py:1591} INFO - Exporting the following env vars:
AIRFLOW_CTX_DAG_OWNER=DavidBU
AIRFLOW_CTX_DAG_ID=mi_primer_dag_v3
AIRFLOW_CTX_TASK_ID=segunda_tarea
AIRFLOW_CTX_EXECUTION_DATE=2023-05-03T00:00:00+00:00
AIRFLOW_CTX_TRY_NUMBER=1
AIRFLOW_CTX_DAG_RUN_ID=scheduled__2023-05-03T00:00:00+00:00
[2023-10-20 23:22:37,495] {subprocess.py:62} INFO - Tmp dir root location: 
 /tmp
[2023-10-20 23:22:37,496] {subprocess.py:74} INFO - Running command: ['bash', '-c', 'echo hola, soy la tarea 2 y sere corrida luego de la Tarea 1']
[2023-10-20 23:22:37,506] {subprocess.py:85} INFO - Output:
[2023-10-20 23:22:37,507] {subprocess.py:92} INFO - hola, soy la tarea 2 y sere corrida luego de la Tarea 1
[2023-10-20 23:22:37,508] {subprocess.py:96} INFO - Command exited with return code 0
[2023-10-20 23:22:37,543] {taskinstance.py:1420} INFO - Marking task as SUCCESS. dag_id=mi_primer_dag_v3, task_id=segunda_tarea, execution_date=20230503T000000, start_date=20231020T232237, end_date=20231020T232237
[2023-10-20 23:22:37,596] {local_task_job.py:156} INFO - Task exited with return code 0
[2023-10-20 23:22:37,629] {local_task_job.py:273} INFO - 0 downstream tasks scheduled from follow-on schedule check
