[2023-10-20 23:23:07,457] {taskinstance.py:1179} INFO - Dependencies all met for <TaskInstance: mi_primer_dag_v3.segunda_tarea scheduled__2023-07-09T00:00:00+00:00 [queued]>
[2023-10-20 23:23:07,500] {taskinstance.py:1179} INFO - Dependencies all met for <TaskInstance: mi_primer_dag_v3.segunda_tarea scheduled__2023-07-09T00:00:00+00:00 [queued]>
[2023-10-20 23:23:07,501] {taskinstance.py:1376} INFO - 
--------------------------------------------------------------------------------
[2023-10-20 23:23:07,502] {taskinstance.py:1377} INFO - Starting attempt 1 of 6
[2023-10-20 23:23:07,503] {taskinstance.py:1378} INFO - 
--------------------------------------------------------------------------------
[2023-10-20 23:23:07,536] {taskinstance.py:1397} INFO - Executing <Task(BashOperator): segunda_tarea> on 2023-07-09 00:00:00+00:00
[2023-10-20 23:23:07,545] {standard_task_runner.py:52} INFO - Started process 3383 to run task
[2023-10-20 23:23:07,549] {standard_task_runner.py:79} INFO - Running: ['***', 'tasks', 'run', 'mi_primer_dag_v3', 'segunda_tarea', 'scheduled__2023-07-09T00:00:00+00:00', '--job-id', '1034', '--raw', '--subdir', 'DAGS_FOLDER/primer_dag_v3.py', '--cfg-path', '/tmp/tmp7q_b40ob', '--error-file', '/tmp/tmpk22cksui']
[2023-10-20 23:23:07,553] {standard_task_runner.py:80} INFO - Job 1034: Subtask segunda_tarea
[2023-10-20 23:23:07,698] {task_command.py:371} INFO - Running <TaskInstance: mi_primer_dag_v3.segunda_tarea scheduled__2023-07-09T00:00:00+00:00 [running]> on host dfdda228c9fc
[2023-10-20 23:23:07,882] {taskinstance.py:1591} INFO - Exporting the following env vars:
AIRFLOW_CTX_DAG_OWNER=DavidBU
AIRFLOW_CTX_DAG_ID=mi_primer_dag_v3
AIRFLOW_CTX_TASK_ID=segunda_tarea
AIRFLOW_CTX_EXECUTION_DATE=2023-07-09T00:00:00+00:00
AIRFLOW_CTX_TRY_NUMBER=1
AIRFLOW_CTX_DAG_RUN_ID=scheduled__2023-07-09T00:00:00+00:00
[2023-10-20 23:23:07,885] {subprocess.py:62} INFO - Tmp dir root location: 
 /tmp
[2023-10-20 23:23:07,888] {subprocess.py:74} INFO - Running command: ['bash', '-c', 'echo hola, soy la tarea 2 y sere corrida luego de la Tarea 1']
[2023-10-20 23:23:07,907] {subprocess.py:85} INFO - Output:
[2023-10-20 23:23:07,910] {subprocess.py:92} INFO - hola, soy la tarea 2 y sere corrida luego de la Tarea 1
[2023-10-20 23:23:07,911] {subprocess.py:96} INFO - Command exited with return code 0
[2023-10-20 23:23:08,000] {taskinstance.py:1420} INFO - Marking task as SUCCESS. dag_id=mi_primer_dag_v3, task_id=segunda_tarea, execution_date=20230709T000000, start_date=20231020T232307, end_date=20231020T232307
[2023-10-20 23:23:08,068] {local_task_job.py:156} INFO - Task exited with return code 0
[2023-10-20 23:23:08,151] {local_task_job.py:273} INFO - 0 downstream tasks scheduled from follow-on schedule check
