[2023-10-20 23:29:19,871] {taskinstance.py:1179} INFO - Dependencies all met for <TaskInstance: mi_primer_dag.primer_task scheduled__2022-11-15T00:00:00+00:00 [queued]>
[2023-10-20 23:29:19,882] {taskinstance.py:1179} INFO - Dependencies all met for <TaskInstance: mi_primer_dag.primer_task scheduled__2022-11-15T00:00:00+00:00 [queued]>
[2023-10-20 23:29:19,883] {taskinstance.py:1376} INFO - 
--------------------------------------------------------------------------------
[2023-10-20 23:29:19,883] {taskinstance.py:1377} INFO - Starting attempt 1 of 6
[2023-10-20 23:29:19,884] {taskinstance.py:1378} INFO - 
--------------------------------------------------------------------------------
[2023-10-20 23:29:19,899] {taskinstance.py:1397} INFO - Executing <Task(BashOperator): primer_task> on 2022-11-15 00:00:00+00:00
[2023-10-20 23:29:19,904] {standard_task_runner.py:52} INFO - Started process 1112 to run task
[2023-10-20 23:29:19,907] {standard_task_runner.py:79} INFO - Running: ['***', 'tasks', 'run', 'mi_primer_dag', 'primer_task', 'scheduled__2022-11-15T00:00:00+00:00', '--job-id', '1437', '--raw', '--subdir', 'DAGS_FOLDER/mi_primer_dag.py', '--cfg-path', '/tmp/tmpq4at37v7', '--error-file', '/tmp/tmpgqhdouzp']
[2023-10-20 23:29:19,908] {standard_task_runner.py:80} INFO - Job 1437: Subtask primer_task
[2023-10-20 23:29:19,976] {task_command.py:371} INFO - Running <TaskInstance: mi_primer_dag.primer_task scheduled__2022-11-15T00:00:00+00:00 [running]> on host dfdda228c9fc
[2023-10-20 23:29:20,052] {taskinstance.py:1591} INFO - Exporting the following env vars:
AIRFLOW_CTX_DAG_OWNER=DavidBU
AIRFLOW_CTX_DAG_ID=mi_primer_dag
AIRFLOW_CTX_TASK_ID=primer_task
AIRFLOW_CTX_EXECUTION_DATE=2022-11-15T00:00:00+00:00
AIRFLOW_CTX_TRY_NUMBER=1
AIRFLOW_CTX_DAG_RUN_ID=scheduled__2022-11-15T00:00:00+00:00
[2023-10-20 23:29:20,054] {subprocess.py:62} INFO - Tmp dir root location: 
 /tmp
[2023-10-20 23:29:20,055] {subprocess.py:74} INFO - Running command: ['bash', '-c', 'echo hola mundo, esta es nuestra primera tarea usando bash operator!']
[2023-10-20 23:29:20,062] {subprocess.py:85} INFO - Output:
[2023-10-20 23:29:20,064] {subprocess.py:92} INFO - hola mundo, esta es nuestra primera tarea usando bash operator!
[2023-10-20 23:29:20,064] {subprocess.py:96} INFO - Command exited with return code 0
[2023-10-20 23:29:20,093] {taskinstance.py:1420} INFO - Marking task as SUCCESS. dag_id=mi_primer_dag, task_id=primer_task, execution_date=20221115T000000, start_date=20231020T232919, end_date=20231020T232920
[2023-10-20 23:29:20,120] {local_task_job.py:156} INFO - Task exited with return code 0
[2023-10-20 23:29:20,150] {local_task_job.py:273} INFO - 0 downstream tasks scheduled from follow-on schedule check
