[2023-10-20 23:20:42,510] {taskinstance.py:1179} INFO - Dependencies all met for <TaskInstance: mi_primer_dag_v3.primera_tarea scheduled__2022-09-16T00:00:00+00:00 [queued]>
[2023-10-20 23:20:42,521] {taskinstance.py:1179} INFO - Dependencies all met for <TaskInstance: mi_primer_dag_v3.primera_tarea scheduled__2022-09-16T00:00:00+00:00 [queued]>
[2023-10-20 23:20:42,522] {taskinstance.py:1376} INFO - 
--------------------------------------------------------------------------------
[2023-10-20 23:20:42,522] {taskinstance.py:1377} INFO - Starting attempt 1 of 6
[2023-10-20 23:20:42,523] {taskinstance.py:1378} INFO - 
--------------------------------------------------------------------------------
[2023-10-20 23:20:42,539] {taskinstance.py:1397} INFO - Executing <Task(BashOperator): primera_tarea> on 2022-09-16 00:00:00+00:00
[2023-10-20 23:20:42,579] {standard_task_runner.py:52} INFO - Started process 618 to run task
[2023-10-20 23:20:42,587] {standard_task_runner.py:79} INFO - Running: ['***', 'tasks', 'run', 'mi_primer_dag_v3', 'primera_tarea', 'scheduled__2022-09-16T00:00:00+00:00', '--job-id', '135', '--raw', '--subdir', 'DAGS_FOLDER/primer_dag_v3.py', '--cfg-path', '/tmp/tmppwr1f1co', '--error-file', '/tmp/tmp_wu2l2o9']
[2023-10-20 23:20:42,591] {standard_task_runner.py:80} INFO - Job 135: Subtask primera_tarea
[2023-10-20 23:20:42,695] {task_command.py:371} INFO - Running <TaskInstance: mi_primer_dag_v3.primera_tarea scheduled__2022-09-16T00:00:00+00:00 [running]> on host dfdda228c9fc
[2023-10-20 23:20:42,807] {taskinstance.py:1591} INFO - Exporting the following env vars:
AIRFLOW_CTX_DAG_OWNER=DavidBU
AIRFLOW_CTX_DAG_ID=mi_primer_dag_v3
AIRFLOW_CTX_TASK_ID=primera_tarea
AIRFLOW_CTX_EXECUTION_DATE=2022-09-16T00:00:00+00:00
AIRFLOW_CTX_TRY_NUMBER=1
AIRFLOW_CTX_DAG_RUN_ID=scheduled__2022-09-16T00:00:00+00:00
[2023-10-20 23:20:42,809] {subprocess.py:62} INFO - Tmp dir root location: 
 /tmp
[2023-10-20 23:20:42,810] {subprocess.py:74} INFO - Running command: ['bash', '-c', 'echo hola mundo, esta es nuestra primera tarea!']
[2023-10-20 23:20:42,822] {subprocess.py:85} INFO - Output:
[2023-10-20 23:20:42,824] {subprocess.py:92} INFO - hola mundo, esta es nuestra primera tarea!
[2023-10-20 23:20:42,825] {subprocess.py:96} INFO - Command exited with return code 0
[2023-10-20 23:20:42,867] {taskinstance.py:1420} INFO - Marking task as SUCCESS. dag_id=mi_primer_dag_v3, task_id=primera_tarea, execution_date=20220916T000000, start_date=20231020T232042, end_date=20231020T232042
[2023-10-20 23:20:42,919] {local_task_job.py:156} INFO - Task exited with return code 0
[2023-10-20 23:20:42,982] {local_task_job.py:273} INFO - 2 downstream tasks scheduled from follow-on schedule check
