[2023-10-20 23:28:20,192] {taskinstance.py:1179} INFO - Dependencies all met for <TaskInstance: mi_primer_dag_v3.tercera_tarea scheduled__2023-09-13T00:00:00+00:00 [queued]>
[2023-10-20 23:28:20,213] {taskinstance.py:1179} INFO - Dependencies all met for <TaskInstance: mi_primer_dag_v3.tercera_tarea scheduled__2023-09-13T00:00:00+00:00 [queued]>
[2023-10-20 23:28:20,214] {taskinstance.py:1376} INFO - 
--------------------------------------------------------------------------------
[2023-10-20 23:28:20,215] {taskinstance.py:1377} INFO - Starting attempt 1 of 6
[2023-10-20 23:28:20,216] {taskinstance.py:1378} INFO - 
--------------------------------------------------------------------------------
[2023-10-20 23:28:20,241] {taskinstance.py:1397} INFO - Executing <Task(BashOperator): tercera_tarea> on 2023-09-13 00:00:00+00:00
[2023-10-20 23:28:20,248] {standard_task_runner.py:52} INFO - Started process 482 to run task
[2023-10-20 23:28:20,255] {standard_task_runner.py:79} INFO - Running: ['***', 'tasks', 'run', 'mi_primer_dag_v3', 'tercera_tarea', 'scheduled__2023-09-13T00:00:00+00:00', '--job-id', '1246', '--raw', '--subdir', 'DAGS_FOLDER/primer_dag_v3.py', '--cfg-path', '/tmp/tmp9a48_0q4', '--error-file', '/tmp/tmpsutxbi4u']
[2023-10-20 23:28:20,259] {standard_task_runner.py:80} INFO - Job 1246: Subtask tercera_tarea
[2023-10-20 23:28:20,405] {task_command.py:371} INFO - Running <TaskInstance: mi_primer_dag_v3.tercera_tarea scheduled__2023-09-13T00:00:00+00:00 [running]> on host dfdda228c9fc
[2023-10-20 23:28:20,562] {taskinstance.py:1591} INFO - Exporting the following env vars:
AIRFLOW_CTX_DAG_OWNER=DavidBU
AIRFLOW_CTX_DAG_ID=mi_primer_dag_v3
AIRFLOW_CTX_TASK_ID=tercera_tarea
AIRFLOW_CTX_EXECUTION_DATE=2023-09-13T00:00:00+00:00
AIRFLOW_CTX_TRY_NUMBER=1
AIRFLOW_CTX_DAG_RUN_ID=scheduled__2023-09-13T00:00:00+00:00
[2023-10-20 23:28:20,564] {subprocess.py:62} INFO - Tmp dir root location: 
 /tmp
[2023-10-20 23:28:20,566] {subprocess.py:74} INFO - Running command: ['bash', '-c', 'echo hola, soy la tarea 3 y sere corrida luego de Tarea 1 al mismo tiempo que Tarea 2']
[2023-10-20 23:28:20,577] {subprocess.py:85} INFO - Output:
[2023-10-20 23:28:20,579] {subprocess.py:92} INFO - hola, soy la tarea 3 y sere corrida luego de Tarea 1 al mismo tiempo que Tarea 2
[2023-10-20 23:28:20,580] {subprocess.py:96} INFO - Command exited with return code 0
[2023-10-20 23:28:20,666] {taskinstance.py:1420} INFO - Marking task as SUCCESS. dag_id=mi_primer_dag_v3, task_id=tercera_tarea, execution_date=20230913T000000, start_date=20231020T232820, end_date=20231020T232820
[2023-10-20 23:28:20,711] {local_task_job.py:156} INFO - Task exited with return code 0
[2023-10-20 23:28:20,802] {local_task_job.py:273} INFO - 0 downstream tasks scheduled from follow-on schedule check
