[2023-10-20 23:21:20,323] {taskinstance.py:1179} INFO - Dependencies all met for <TaskInstance: mi_primer_dag_v3.tercera_tarea scheduled__2022-12-09T00:00:00+00:00 [queued]>
[2023-10-20 23:21:20,339] {taskinstance.py:1179} INFO - Dependencies all met for <TaskInstance: mi_primer_dag_v3.tercera_tarea scheduled__2022-12-09T00:00:00+00:00 [queued]>
[2023-10-20 23:21:20,339] {taskinstance.py:1376} INFO - 
--------------------------------------------------------------------------------
[2023-10-20 23:21:20,340] {taskinstance.py:1377} INFO - Starting attempt 1 of 6
[2023-10-20 23:21:20,341] {taskinstance.py:1378} INFO - 
--------------------------------------------------------------------------------
[2023-10-20 23:21:20,362] {taskinstance.py:1397} INFO - Executing <Task(BashOperator): tercera_tarea> on 2022-12-09 00:00:00+00:00
[2023-10-20 23:21:20,371] {standard_task_runner.py:52} INFO - Started process 1422 to run task
[2023-10-20 23:21:20,375] {standard_task_runner.py:79} INFO - Running: ['***', 'tasks', 'run', 'mi_primer_dag_v3', 'tercera_tarea', 'scheduled__2022-12-09T00:00:00+00:00', '--job-id', '395', '--raw', '--subdir', 'DAGS_FOLDER/primer_dag_v3.py', '--cfg-path', '/tmp/tmppx5elzua', '--error-file', '/tmp/tmps1nn820u']
[2023-10-20 23:21:20,378] {standard_task_runner.py:80} INFO - Job 395: Subtask tercera_tarea
[2023-10-20 23:21:20,474] {task_command.py:371} INFO - Running <TaskInstance: mi_primer_dag_v3.tercera_tarea scheduled__2022-12-09T00:00:00+00:00 [running]> on host dfdda228c9fc
[2023-10-20 23:21:20,584] {taskinstance.py:1591} INFO - Exporting the following env vars:
AIRFLOW_CTX_DAG_OWNER=DavidBU
AIRFLOW_CTX_DAG_ID=mi_primer_dag_v3
AIRFLOW_CTX_TASK_ID=tercera_tarea
AIRFLOW_CTX_EXECUTION_DATE=2022-12-09T00:00:00+00:00
AIRFLOW_CTX_TRY_NUMBER=1
AIRFLOW_CTX_DAG_RUN_ID=scheduled__2022-12-09T00:00:00+00:00
[2023-10-20 23:21:20,586] {subprocess.py:62} INFO - Tmp dir root location: 
 /tmp
[2023-10-20 23:21:20,587] {subprocess.py:74} INFO - Running command: ['bash', '-c', 'echo hola, soy la tarea 3 y sere corrida luego de Tarea 1 al mismo tiempo que Tarea 2']
[2023-10-20 23:21:20,597] {subprocess.py:85} INFO - Output:
[2023-10-20 23:21:20,599] {subprocess.py:92} INFO - hola, soy la tarea 3 y sere corrida luego de Tarea 1 al mismo tiempo que Tarea 2
[2023-10-20 23:21:20,600] {subprocess.py:96} INFO - Command exited with return code 0
[2023-10-20 23:21:20,644] {taskinstance.py:1420} INFO - Marking task as SUCCESS. dag_id=mi_primer_dag_v3, task_id=tercera_tarea, execution_date=20221209T000000, start_date=20231020T232120, end_date=20231020T232120
[2023-10-20 23:21:20,670] {local_task_job.py:156} INFO - Task exited with return code 0
[2023-10-20 23:21:20,705] {local_task_job.py:273} INFO - 0 downstream tasks scheduled from follow-on schedule check
