[2023-10-20 23:32:17,726] {taskinstance.py:1179} INFO - Dependencies all met for <TaskInstance: mi_primer_dar_con_PythonOperator.aloha_david scheduled__2022-09-13T00:00:00+00:00 [queued]>
[2023-10-20 23:32:17,740] {taskinstance.py:1179} INFO - Dependencies all met for <TaskInstance: mi_primer_dar_con_PythonOperator.aloha_david scheduled__2022-09-13T00:00:00+00:00 [queued]>
[2023-10-20 23:32:17,741] {taskinstance.py:1376} INFO - 
--------------------------------------------------------------------------------
[2023-10-20 23:32:17,741] {taskinstance.py:1377} INFO - Starting attempt 1 of 6
[2023-10-20 23:32:17,742] {taskinstance.py:1378} INFO - 
--------------------------------------------------------------------------------
[2023-10-20 23:32:17,763] {taskinstance.py:1397} INFO - Executing <Task(PythonOperator): aloha_david> on 2022-09-13 00:00:00+00:00
[2023-10-20 23:32:17,768] {standard_task_runner.py:52} INFO - Started process 393 to run task
[2023-10-20 23:32:17,771] {standard_task_runner.py:79} INFO - Running: ['***', 'tasks', 'run', 'mi_primer_dar_con_PythonOperator', 'aloha_david', 'scheduled__2022-09-13T00:00:00+00:00', '--job-id', '1656', '--raw', '--subdir', 'DAGS_FOLDER/mi_primer_dag_pythonoperator.py', '--cfg-path', '/tmp/tmptveuc5i9', '--error-file', '/tmp/tmpw1_lmnie']
[2023-10-20 23:32:17,773] {standard_task_runner.py:80} INFO - Job 1656: Subtask aloha_david
[2023-10-20 23:32:17,852] {task_command.py:371} INFO - Running <TaskInstance: mi_primer_dar_con_PythonOperator.aloha_david scheduled__2022-09-13T00:00:00+00:00 [running]> on host dfdda228c9fc
[2023-10-20 23:32:17,937] {taskinstance.py:1591} INFO - Exporting the following env vars:
AIRFLOW_CTX_DAG_OWNER=DavidBU
AIRFLOW_CTX_DAG_ID=mi_primer_dar_con_PythonOperator
AIRFLOW_CTX_TASK_ID=aloha_david
AIRFLOW_CTX_EXECUTION_DATE=2022-09-13T00:00:00+00:00
AIRFLOW_CTX_TRY_NUMBER=1
AIRFLOW_CTX_DAG_RUN_ID=scheduled__2022-09-13T00:00:00+00:00
[2023-10-20 23:32:17,939] {logging_mixin.py:115} INFO - Aloha Mundo soy yo!
[2023-10-20 23:32:17,940] {python.py:173} INFO - Done. Returned value was: None
[2023-10-20 23:32:17,952] {taskinstance.py:1420} INFO - Marking task as SUCCESS. dag_id=mi_primer_dar_con_PythonOperator, task_id=aloha_david, execution_date=20220913T000000, start_date=20231020T233217, end_date=20231020T233217
[2023-10-20 23:32:17,984] {local_task_job.py:156} INFO - Task exited with return code 0
[2023-10-20 23:32:18,014] {local_task_job.py:273} INFO - 0 downstream tasks scheduled from follow-on schedule check
