[2023-10-20 23:20:47,869] {taskinstance.py:1179} INFO - Dependencies all met for <TaskInstance: mi_primer_dag_v3.primera_tarea scheduled__2022-09-29T00:00:00+00:00 [queued]>
[2023-10-20 23:20:47,885] {taskinstance.py:1179} INFO - Dependencies all met for <TaskInstance: mi_primer_dag_v3.primera_tarea scheduled__2022-09-29T00:00:00+00:00 [queued]>
[2023-10-20 23:20:47,886] {taskinstance.py:1376} INFO - 
--------------------------------------------------------------------------------
[2023-10-20 23:20:47,887] {taskinstance.py:1377} INFO - Starting attempt 1 of 6
[2023-10-20 23:20:47,887] {taskinstance.py:1378} INFO - 
--------------------------------------------------------------------------------
[2023-10-20 23:20:47,937] {taskinstance.py:1397} INFO - Executing <Task(BashOperator): primera_tarea> on 2022-09-29 00:00:00+00:00
[2023-10-20 23:20:47,943] {standard_task_runner.py:52} INFO - Started process 734 to run task
[2023-10-20 23:20:47,949] {standard_task_runner.py:79} INFO - Running: ['***', 'tasks', 'run', 'mi_primer_dag_v3', 'primera_tarea', 'scheduled__2022-09-29T00:00:00+00:00', '--job-id', '172', '--raw', '--subdir', 'DAGS_FOLDER/primer_dag_v3.py', '--cfg-path', '/tmp/tmp1c4_y07s', '--error-file', '/tmp/tmpyu8vtm6h']
[2023-10-20 23:20:47,952] {standard_task_runner.py:80} INFO - Job 172: Subtask primera_tarea
[2023-10-20 23:20:48,066] {task_command.py:371} INFO - Running <TaskInstance: mi_primer_dag_v3.primera_tarea scheduled__2022-09-29T00:00:00+00:00 [running]> on host dfdda228c9fc
[2023-10-20 23:20:48,195] {taskinstance.py:1591} INFO - Exporting the following env vars:
AIRFLOW_CTX_DAG_OWNER=DavidBU
AIRFLOW_CTX_DAG_ID=mi_primer_dag_v3
AIRFLOW_CTX_TASK_ID=primera_tarea
AIRFLOW_CTX_EXECUTION_DATE=2022-09-29T00:00:00+00:00
AIRFLOW_CTX_TRY_NUMBER=1
AIRFLOW_CTX_DAG_RUN_ID=scheduled__2022-09-29T00:00:00+00:00
[2023-10-20 23:20:48,197] {subprocess.py:62} INFO - Tmp dir root location: 
 /tmp
[2023-10-20 23:20:48,198] {subprocess.py:74} INFO - Running command: ['bash', '-c', 'echo hola mundo, esta es nuestra primera tarea!']
[2023-10-20 23:20:48,209] {subprocess.py:85} INFO - Output:
[2023-10-20 23:20:48,211] {subprocess.py:92} INFO - hola mundo, esta es nuestra primera tarea!
[2023-10-20 23:20:48,212] {subprocess.py:96} INFO - Command exited with return code 0
[2023-10-20 23:20:48,260] {taskinstance.py:1420} INFO - Marking task as SUCCESS. dag_id=mi_primer_dag_v3, task_id=primera_tarea, execution_date=20220929T000000, start_date=20231020T232047, end_date=20231020T232048
[2023-10-20 23:20:48,323] {local_task_job.py:156} INFO - Task exited with return code 0
[2023-10-20 23:20:48,411] {local_task_job.py:273} INFO - 2 downstream tasks scheduled from follow-on schedule check
