[2023-10-20 23:39:11,212] {taskinstance.py:1179} INFO - Dependencies all met for <TaskInstance: mi_primer_dar_con_PythonOperator.aloha_david scheduled__2023-07-21T00:00:00+00:00 [queued]>
[2023-10-20 23:39:11,230] {taskinstance.py:1179} INFO - Dependencies all met for <TaskInstance: mi_primer_dar_con_PythonOperator.aloha_david scheduled__2023-07-21T00:00:00+00:00 [queued]>
[2023-10-20 23:39:11,230] {taskinstance.py:1376} INFO - 
--------------------------------------------------------------------------------
[2023-10-20 23:39:11,231] {taskinstance.py:1377} INFO - Starting attempt 1 of 6
[2023-10-20 23:39:11,232] {taskinstance.py:1378} INFO - 
--------------------------------------------------------------------------------
[2023-10-20 23:39:11,256] {taskinstance.py:1397} INFO - Executing <Task(PythonOperator): aloha_david> on 2023-07-21 00:00:00+00:00
[2023-10-20 23:39:11,262] {standard_task_runner.py:52} INFO - Started process 230 to run task
[2023-10-20 23:39:11,266] {standard_task_runner.py:79} INFO - Running: ['***', 'tasks', 'run', 'mi_primer_dar_con_PythonOperator', 'aloha_david', 'scheduled__2023-07-21T00:00:00+00:00', '--job-id', '1968', '--raw', '--subdir', 'DAGS_FOLDER/mi_primer_dag_pythonoperator.py', '--cfg-path', '/tmp/tmpt78rwd15', '--error-file', '/tmp/tmpmo5l0rlg']
[2023-10-20 23:39:11,267] {standard_task_runner.py:80} INFO - Job 1968: Subtask aloha_david
[2023-10-20 23:39:11,404] {task_command.py:371} INFO - Running <TaskInstance: mi_primer_dar_con_PythonOperator.aloha_david scheduled__2023-07-21T00:00:00+00:00 [running]> on host dfdda228c9fc
[2023-10-20 23:39:11,494] {taskinstance.py:1591} INFO - Exporting the following env vars:
AIRFLOW_CTX_DAG_OWNER=DavidBU
AIRFLOW_CTX_DAG_ID=mi_primer_dar_con_PythonOperator
AIRFLOW_CTX_TASK_ID=aloha_david
AIRFLOW_CTX_EXECUTION_DATE=2023-07-21T00:00:00+00:00
AIRFLOW_CTX_TRY_NUMBER=1
AIRFLOW_CTX_DAG_RUN_ID=scheduled__2023-07-21T00:00:00+00:00
[2023-10-20 23:39:11,495] {logging_mixin.py:115} INFO - Aloha Mundo soy yo!
[2023-10-20 23:39:11,496] {python.py:173} INFO - Done. Returned value was: None
[2023-10-20 23:39:11,508] {taskinstance.py:1420} INFO - Marking task as SUCCESS. dag_id=mi_primer_dar_con_PythonOperator, task_id=aloha_david, execution_date=20230721T000000, start_date=20231020T233911, end_date=20231020T233911
[2023-10-20 23:39:11,559] {local_task_job.py:156} INFO - Task exited with return code 0
[2023-10-20 23:39:11,592] {local_task_job.py:273} INFO - 0 downstream tasks scheduled from follow-on schedule check
