[2023-10-20 23:20:32,647] {taskinstance.py:1179} INFO - Dependencies all met for <TaskInstance: mi_primer_dag_v3.segunda_tarea scheduled__2022-08-24T00:00:00+00:00 [queued]>
[2023-10-20 23:20:32,661] {taskinstance.py:1179} INFO - Dependencies all met for <TaskInstance: mi_primer_dag_v3.segunda_tarea scheduled__2022-08-24T00:00:00+00:00 [queued]>
[2023-10-20 23:20:32,661] {taskinstance.py:1376} INFO - 
--------------------------------------------------------------------------------
[2023-10-20 23:20:32,662] {taskinstance.py:1377} INFO - Starting attempt 1 of 6
[2023-10-20 23:20:32,663] {taskinstance.py:1378} INFO - 
--------------------------------------------------------------------------------
[2023-10-20 23:20:32,678] {taskinstance.py:1397} INFO - Executing <Task(BashOperator): segunda_tarea> on 2022-08-24 00:00:00+00:00
[2023-10-20 23:20:32,683] {standard_task_runner.py:52} INFO - Started process 430 to run task
[2023-10-20 23:20:32,687] {standard_task_runner.py:79} INFO - Running: ['***', 'tasks', 'run', 'mi_primer_dag_v3', 'segunda_tarea', 'scheduled__2022-08-24T00:00:00+00:00', '--job-id', '74', '--raw', '--subdir', 'DAGS_FOLDER/primer_dag_v3.py', '--cfg-path', '/tmp/tmpuyig1815', '--error-file', '/tmp/tmp_8e_6f5q']
[2023-10-20 23:20:32,688] {standard_task_runner.py:80} INFO - Job 74: Subtask segunda_tarea
[2023-10-20 23:20:32,766] {task_command.py:371} INFO - Running <TaskInstance: mi_primer_dag_v3.segunda_tarea scheduled__2022-08-24T00:00:00+00:00 [running]> on host dfdda228c9fc
[2023-10-20 23:20:32,843] {taskinstance.py:1591} INFO - Exporting the following env vars:
AIRFLOW_CTX_DAG_OWNER=DavidBU
AIRFLOW_CTX_DAG_ID=mi_primer_dag_v3
AIRFLOW_CTX_TASK_ID=segunda_tarea
AIRFLOW_CTX_EXECUTION_DATE=2022-08-24T00:00:00+00:00
AIRFLOW_CTX_TRY_NUMBER=1
AIRFLOW_CTX_DAG_RUN_ID=scheduled__2022-08-24T00:00:00+00:00
[2023-10-20 23:20:32,845] {subprocess.py:62} INFO - Tmp dir root location: 
 /tmp
[2023-10-20 23:20:32,846] {subprocess.py:74} INFO - Running command: ['bash', '-c', 'echo hola, soy la tarea 2 y sere corrida luego de la Tarea 1']
[2023-10-20 23:20:32,855] {subprocess.py:85} INFO - Output:
[2023-10-20 23:20:32,856] {subprocess.py:92} INFO - hola, soy la tarea 2 y sere corrida luego de la Tarea 1
[2023-10-20 23:20:32,857] {subprocess.py:96} INFO - Command exited with return code 0
[2023-10-20 23:20:32,908] {taskinstance.py:1420} INFO - Marking task as SUCCESS. dag_id=mi_primer_dag_v3, task_id=segunda_tarea, execution_date=20220824T000000, start_date=20231020T232032, end_date=20231020T232032
[2023-10-20 23:20:32,939] {local_task_job.py:156} INFO - Task exited with return code 0
[2023-10-20 23:20:33,036] {local_task_job.py:273} INFO - 0 downstream tasks scheduled from follow-on schedule check
