[2023-10-20 23:33:21,919] {taskinstance.py:1179} INFO - Dependencies all met for <TaskInstance: mi_primer_dar_con_PythonOperator.aloha_david scheduled__2023-01-06T00:00:00+00:00 [queued]>
[2023-10-20 23:33:21,932] {taskinstance.py:1179} INFO - Dependencies all met for <TaskInstance: mi_primer_dar_con_PythonOperator.aloha_david scheduled__2023-01-06T00:00:00+00:00 [queued]>
[2023-10-20 23:33:21,932] {taskinstance.py:1376} INFO - 
--------------------------------------------------------------------------------
[2023-10-20 23:33:21,934] {taskinstance.py:1377} INFO - Starting attempt 1 of 6
[2023-10-20 23:33:21,934] {taskinstance.py:1378} INFO - 
--------------------------------------------------------------------------------
[2023-10-20 23:33:21,955] {taskinstance.py:1397} INFO - Executing <Task(PythonOperator): aloha_david> on 2023-01-06 00:00:00+00:00
[2023-10-20 23:33:21,960] {standard_task_runner.py:52} INFO - Started process 713 to run task
[2023-10-20 23:33:21,963] {standard_task_runner.py:79} INFO - Running: ['***', 'tasks', 'run', 'mi_primer_dar_con_PythonOperator', 'aloha_david', 'scheduled__2023-01-06T00:00:00+00:00', '--job-id', '1771', '--raw', '--subdir', 'DAGS_FOLDER/mi_primer_dag_pythonoperator.py', '--cfg-path', '/tmp/tmpt7udcx3u', '--error-file', '/tmp/tmpmv5bq6qf']
[2023-10-20 23:33:21,964] {standard_task_runner.py:80} INFO - Job 1771: Subtask aloha_david
[2023-10-20 23:33:22,044] {task_command.py:371} INFO - Running <TaskInstance: mi_primer_dar_con_PythonOperator.aloha_david scheduled__2023-01-06T00:00:00+00:00 [running]> on host dfdda228c9fc
[2023-10-20 23:33:22,140] {taskinstance.py:1591} INFO - Exporting the following env vars:
AIRFLOW_CTX_DAG_OWNER=DavidBU
AIRFLOW_CTX_DAG_ID=mi_primer_dar_con_PythonOperator
AIRFLOW_CTX_TASK_ID=aloha_david
AIRFLOW_CTX_EXECUTION_DATE=2023-01-06T00:00:00+00:00
AIRFLOW_CTX_TRY_NUMBER=1
AIRFLOW_CTX_DAG_RUN_ID=scheduled__2023-01-06T00:00:00+00:00
[2023-10-20 23:33:22,141] {logging_mixin.py:115} INFO - Aloha Mundo soy yo!
[2023-10-20 23:33:22,141] {python.py:173} INFO - Done. Returned value was: None
[2023-10-20 23:33:22,158] {taskinstance.py:1420} INFO - Marking task as SUCCESS. dag_id=mi_primer_dar_con_PythonOperator, task_id=aloha_david, execution_date=20230106T000000, start_date=20231020T233321, end_date=20231020T233322
[2023-10-20 23:33:22,216] {local_task_job.py:156} INFO - Task exited with return code 0
[2023-10-20 23:33:22,254] {local_task_job.py:273} INFO - 0 downstream tasks scheduled from follow-on schedule check
