[2023-10-20 23:23:21,433] {taskinstance.py:1179} INFO - Dependencies all met for <TaskInstance: mi_primer_dag_v3.tercera_tarea scheduled__2023-08-08T00:00:00+00:00 [queued]>
[2023-10-20 23:23:21,443] {taskinstance.py:1179} INFO - Dependencies all met for <TaskInstance: mi_primer_dag_v3.tercera_tarea scheduled__2023-08-08T00:00:00+00:00 [queued]>
[2023-10-20 23:23:21,444] {taskinstance.py:1376} INFO - 
--------------------------------------------------------------------------------
[2023-10-20 23:23:21,445] {taskinstance.py:1377} INFO - Starting attempt 1 of 6
[2023-10-20 23:23:21,445] {taskinstance.py:1378} INFO - 
--------------------------------------------------------------------------------
[2023-10-20 23:23:21,466] {taskinstance.py:1397} INFO - Executing <Task(BashOperator): tercera_tarea> on 2023-08-08 00:00:00+00:00
[2023-10-20 23:23:21,512] {standard_task_runner.py:52} INFO - Started process 3652 to run task
[2023-10-20 23:23:21,516] {standard_task_runner.py:79} INFO - Running: ['***', 'tasks', 'run', 'mi_primer_dag_v3', 'tercera_tarea', 'scheduled__2023-08-08T00:00:00+00:00', '--job-id', '1119', '--raw', '--subdir', 'DAGS_FOLDER/primer_dag_v3.py', '--cfg-path', '/tmp/tmpvwvg1i86', '--error-file', '/tmp/tmpbvo16b3x']
[2023-10-20 23:23:21,518] {standard_task_runner.py:80} INFO - Job 1119: Subtask tercera_tarea
[2023-10-20 23:23:21,607] {task_command.py:371} INFO - Running <TaskInstance: mi_primer_dag_v3.tercera_tarea scheduled__2023-08-08T00:00:00+00:00 [running]> on host dfdda228c9fc
[2023-10-20 23:23:21,696] {taskinstance.py:1591} INFO - Exporting the following env vars:
AIRFLOW_CTX_DAG_OWNER=DavidBU
AIRFLOW_CTX_DAG_ID=mi_primer_dag_v3
AIRFLOW_CTX_TASK_ID=tercera_tarea
AIRFLOW_CTX_EXECUTION_DATE=2023-08-08T00:00:00+00:00
AIRFLOW_CTX_TRY_NUMBER=1
AIRFLOW_CTX_DAG_RUN_ID=scheduled__2023-08-08T00:00:00+00:00
[2023-10-20 23:23:21,697] {subprocess.py:62} INFO - Tmp dir root location: 
 /tmp
[2023-10-20 23:23:21,698] {subprocess.py:74} INFO - Running command: ['bash', '-c', 'echo hola, soy la tarea 3 y sere corrida luego de Tarea 1 al mismo tiempo que Tarea 2']
[2023-10-20 23:23:21,706] {subprocess.py:85} INFO - Output:
[2023-10-20 23:23:21,708] {subprocess.py:92} INFO - hola, soy la tarea 3 y sere corrida luego de Tarea 1 al mismo tiempo que Tarea 2
[2023-10-20 23:23:21,708] {subprocess.py:96} INFO - Command exited with return code 0
[2023-10-20 23:23:21,742] {taskinstance.py:1420} INFO - Marking task as SUCCESS. dag_id=mi_primer_dag_v3, task_id=tercera_tarea, execution_date=20230808T000000, start_date=20231020T232321, end_date=20231020T232321
[2023-10-20 23:23:21,768] {local_task_job.py:156} INFO - Task exited with return code 0
[2023-10-20 23:23:21,815] {local_task_job.py:273} INFO - 0 downstream tasks scheduled from follow-on schedule check
