[2023-10-20 23:22:30,672] {taskinstance.py:1179} INFO - Dependencies all met for <TaskInstance: mi_primer_dag_v3.primera_tarea scheduled__2023-04-19T00:00:00+00:00 [queued]>
[2023-10-20 23:22:30,687] {taskinstance.py:1179} INFO - Dependencies all met for <TaskInstance: mi_primer_dag_v3.primera_tarea scheduled__2023-04-19T00:00:00+00:00 [queued]>
[2023-10-20 23:22:30,688] {taskinstance.py:1376} INFO - 
--------------------------------------------------------------------------------
[2023-10-20 23:22:30,688] {taskinstance.py:1377} INFO - Starting attempt 1 of 6
[2023-10-20 23:22:30,689] {taskinstance.py:1378} INFO - 
--------------------------------------------------------------------------------
[2023-10-20 23:22:30,710] {taskinstance.py:1397} INFO - Executing <Task(BashOperator): primera_tarea> on 2023-04-19 00:00:00+00:00
[2023-10-20 23:22:30,715] {standard_task_runner.py:52} INFO - Started process 2603 to run task
[2023-10-20 23:22:30,718] {standard_task_runner.py:79} INFO - Running: ['***', 'tasks', 'run', 'mi_primer_dag_v3', 'primera_tarea', 'scheduled__2023-04-19T00:00:00+00:00', '--job-id', '780', '--raw', '--subdir', 'DAGS_FOLDER/primer_dag_v3.py', '--cfg-path', '/tmp/tmpcg6lckvg', '--error-file', '/tmp/tmpbyb9plur']
[2023-10-20 23:22:30,720] {standard_task_runner.py:80} INFO - Job 780: Subtask primera_tarea
[2023-10-20 23:22:30,797] {task_command.py:371} INFO - Running <TaskInstance: mi_primer_dag_v3.primera_tarea scheduled__2023-04-19T00:00:00+00:00 [running]> on host dfdda228c9fc
[2023-10-20 23:22:30,894] {taskinstance.py:1591} INFO - Exporting the following env vars:
AIRFLOW_CTX_DAG_OWNER=DavidBU
AIRFLOW_CTX_DAG_ID=mi_primer_dag_v3
AIRFLOW_CTX_TASK_ID=primera_tarea
AIRFLOW_CTX_EXECUTION_DATE=2023-04-19T00:00:00+00:00
AIRFLOW_CTX_TRY_NUMBER=1
AIRFLOW_CTX_DAG_RUN_ID=scheduled__2023-04-19T00:00:00+00:00
[2023-10-20 23:22:30,896] {subprocess.py:62} INFO - Tmp dir root location: 
 /tmp
[2023-10-20 23:22:30,897] {subprocess.py:74} INFO - Running command: ['bash', '-c', 'echo hola mundo, esta es nuestra primera tarea!']
[2023-10-20 23:22:30,906] {subprocess.py:85} INFO - Output:
[2023-10-20 23:22:30,907] {subprocess.py:92} INFO - hola mundo, esta es nuestra primera tarea!
[2023-10-20 23:22:30,908] {subprocess.py:96} INFO - Command exited with return code 0
[2023-10-20 23:22:30,963] {taskinstance.py:1420} INFO - Marking task as SUCCESS. dag_id=mi_primer_dag_v3, task_id=primera_tarea, execution_date=20230419T000000, start_date=20231020T232230, end_date=20231020T232230
[2023-10-20 23:22:31,011] {local_task_job.py:156} INFO - Task exited with return code 0
[2023-10-20 23:22:31,066] {local_task_job.py:273} INFO - 2 downstream tasks scheduled from follow-on schedule check
