[2023-10-20 23:22:16,054] {taskinstance.py:1179} INFO - Dependencies all met for <TaskInstance: mi_primer_dag_v3.tercera_tarea scheduled__2023-03-22T00:00:00+00:00 [queued]>
[2023-10-20 23:22:16,067] {taskinstance.py:1179} INFO - Dependencies all met for <TaskInstance: mi_primer_dag_v3.tercera_tarea scheduled__2023-03-22T00:00:00+00:00 [queued]>
[2023-10-20 23:22:16,068] {taskinstance.py:1376} INFO - 
--------------------------------------------------------------------------------
[2023-10-20 23:22:16,069] {taskinstance.py:1377} INFO - Starting attempt 1 of 6
[2023-10-20 23:22:16,069] {taskinstance.py:1378} INFO - 
--------------------------------------------------------------------------------
[2023-10-20 23:22:16,088] {taskinstance.py:1397} INFO - Executing <Task(BashOperator): tercera_tarea> on 2023-03-22 00:00:00+00:00
[2023-10-20 23:22:16,094] {standard_task_runner.py:52} INFO - Started process 2373 to run task
[2023-10-20 23:22:16,098] {standard_task_runner.py:79} INFO - Running: ['***', 'tasks', 'run', 'mi_primer_dag_v3', 'tercera_tarea', 'scheduled__2023-03-22T00:00:00+00:00', '--job-id', '706', '--raw', '--subdir', 'DAGS_FOLDER/primer_dag_v3.py', '--cfg-path', '/tmp/tmp84u5y1nn', '--error-file', '/tmp/tmp_fjt3q6t']
[2023-10-20 23:22:16,099] {standard_task_runner.py:80} INFO - Job 706: Subtask tercera_tarea
[2023-10-20 23:22:16,181] {task_command.py:371} INFO - Running <TaskInstance: mi_primer_dag_v3.tercera_tarea scheduled__2023-03-22T00:00:00+00:00 [running]> on host dfdda228c9fc
[2023-10-20 23:22:16,267] {taskinstance.py:1591} INFO - Exporting the following env vars:
AIRFLOW_CTX_DAG_OWNER=DavidBU
AIRFLOW_CTX_DAG_ID=mi_primer_dag_v3
AIRFLOW_CTX_TASK_ID=tercera_tarea
AIRFLOW_CTX_EXECUTION_DATE=2023-03-22T00:00:00+00:00
AIRFLOW_CTX_TRY_NUMBER=1
AIRFLOW_CTX_DAG_RUN_ID=scheduled__2023-03-22T00:00:00+00:00
[2023-10-20 23:22:16,268] {subprocess.py:62} INFO - Tmp dir root location: 
 /tmp
[2023-10-20 23:22:16,270] {subprocess.py:74} INFO - Running command: ['bash', '-c', 'echo hola, soy la tarea 3 y sere corrida luego de Tarea 1 al mismo tiempo que Tarea 2']
[2023-10-20 23:22:16,279] {subprocess.py:85} INFO - Output:
[2023-10-20 23:22:16,281] {subprocess.py:92} INFO - hola, soy la tarea 3 y sere corrida luego de Tarea 1 al mismo tiempo que Tarea 2
[2023-10-20 23:22:16,281] {subprocess.py:96} INFO - Command exited with return code 0
[2023-10-20 23:22:16,316] {taskinstance.py:1420} INFO - Marking task as SUCCESS. dag_id=mi_primer_dag_v3, task_id=tercera_tarea, execution_date=20230322T000000, start_date=20231020T232216, end_date=20231020T232216
[2023-10-20 23:22:16,349] {local_task_job.py:156} INFO - Task exited with return code 0
[2023-10-20 23:22:16,385] {local_task_job.py:273} INFO - 0 downstream tasks scheduled from follow-on schedule check
