[2023-10-20 23:22:58,512] {taskinstance.py:1179} INFO - Dependencies all met for <TaskInstance: mi_primer_dag_v3.segunda_tarea scheduled__2023-06-22T00:00:00+00:00 [queued]>
[2023-10-20 23:22:58,528] {taskinstance.py:1179} INFO - Dependencies all met for <TaskInstance: mi_primer_dag_v3.segunda_tarea scheduled__2023-06-22T00:00:00+00:00 [queued]>
[2023-10-20 23:22:58,529] {taskinstance.py:1376} INFO - 
--------------------------------------------------------------------------------
[2023-10-20 23:22:58,531] {taskinstance.py:1377} INFO - Starting attempt 1 of 6
[2023-10-20 23:22:58,531] {taskinstance.py:1378} INFO - 
--------------------------------------------------------------------------------
[2023-10-20 23:22:58,551] {taskinstance.py:1397} INFO - Executing <Task(BashOperator): segunda_tarea> on 2023-06-22 00:00:00+00:00
[2023-10-20 23:22:58,556] {standard_task_runner.py:52} INFO - Started process 3226 to run task
[2023-10-20 23:22:58,560] {standard_task_runner.py:79} INFO - Running: ['***', 'tasks', 'run', 'mi_primer_dag_v3', 'segunda_tarea', 'scheduled__2023-06-22T00:00:00+00:00', '--job-id', '982', '--raw', '--subdir', 'DAGS_FOLDER/primer_dag_v3.py', '--cfg-path', '/tmp/tmpxvg3uxh7', '--error-file', '/tmp/tmpnsqz5x8h']
[2023-10-20 23:22:58,562] {standard_task_runner.py:80} INFO - Job 982: Subtask segunda_tarea
[2023-10-20 23:22:58,651] {task_command.py:371} INFO - Running <TaskInstance: mi_primer_dag_v3.segunda_tarea scheduled__2023-06-22T00:00:00+00:00 [running]> on host dfdda228c9fc
[2023-10-20 23:22:58,755] {taskinstance.py:1591} INFO - Exporting the following env vars:
AIRFLOW_CTX_DAG_OWNER=DavidBU
AIRFLOW_CTX_DAG_ID=mi_primer_dag_v3
AIRFLOW_CTX_TASK_ID=segunda_tarea
AIRFLOW_CTX_EXECUTION_DATE=2023-06-22T00:00:00+00:00
AIRFLOW_CTX_TRY_NUMBER=1
AIRFLOW_CTX_DAG_RUN_ID=scheduled__2023-06-22T00:00:00+00:00
[2023-10-20 23:22:58,757] {subprocess.py:62} INFO - Tmp dir root location: 
 /tmp
[2023-10-20 23:22:58,758] {subprocess.py:74} INFO - Running command: ['bash', '-c', 'echo hola, soy la tarea 2 y sere corrida luego de la Tarea 1']
[2023-10-20 23:22:58,767] {subprocess.py:85} INFO - Output:
[2023-10-20 23:22:58,769] {subprocess.py:92} INFO - hola, soy la tarea 2 y sere corrida luego de la Tarea 1
[2023-10-20 23:22:58,770] {subprocess.py:96} INFO - Command exited with return code 0
[2023-10-20 23:22:58,808] {taskinstance.py:1420} INFO - Marking task as SUCCESS. dag_id=mi_primer_dag_v3, task_id=segunda_tarea, execution_date=20230622T000000, start_date=20231020T232258, end_date=20231020T232258
[2023-10-20 23:22:58,854] {local_task_job.py:156} INFO - Task exited with return code 0
[2023-10-20 23:22:58,896] {local_task_job.py:273} INFO - 0 downstream tasks scheduled from follow-on schedule check
