[2023-10-20 23:30:00,958] {taskinstance.py:1179} INFO - Dependencies all met for <TaskInstance: mi_primer_dag.primer_task scheduled__2023-02-23T00:00:00+00:00 [queued]>
[2023-10-20 23:30:00,972] {taskinstance.py:1179} INFO - Dependencies all met for <TaskInstance: mi_primer_dag.primer_task scheduled__2023-02-23T00:00:00+00:00 [queued]>
[2023-10-20 23:30:00,972] {taskinstance.py:1376} INFO - 
--------------------------------------------------------------------------------
[2023-10-20 23:30:00,973] {taskinstance.py:1377} INFO - Starting attempt 1 of 6
[2023-10-20 23:30:00,974] {taskinstance.py:1378} INFO - 
--------------------------------------------------------------------------------
[2023-10-20 23:30:00,994] {taskinstance.py:1397} INFO - Executing <Task(BashOperator): primer_task> on 2023-02-23 00:00:00+00:00
[2023-10-20 23:30:00,999] {standard_task_runner.py:52} INFO - Started process 1451 to run task
[2023-10-20 23:30:01,005] {standard_task_runner.py:79} INFO - Running: ['***', 'tasks', 'run', 'mi_primer_dag', 'primer_task', 'scheduled__2023-02-23T00:00:00+00:00', '--job-id', '1537', '--raw', '--subdir', 'DAGS_FOLDER/mi_primer_dag.py', '--cfg-path', '/tmp/tmp_ebu54g8', '--error-file', '/tmp/tmpf4ki1h3z']
[2023-10-20 23:30:01,007] {standard_task_runner.py:80} INFO - Job 1537: Subtask primer_task
[2023-10-20 23:30:01,102] {task_command.py:371} INFO - Running <TaskInstance: mi_primer_dag.primer_task scheduled__2023-02-23T00:00:00+00:00 [running]> on host dfdda228c9fc
[2023-10-20 23:30:01,193] {taskinstance.py:1591} INFO - Exporting the following env vars:
AIRFLOW_CTX_DAG_OWNER=DavidBU
AIRFLOW_CTX_DAG_ID=mi_primer_dag
AIRFLOW_CTX_TASK_ID=primer_task
AIRFLOW_CTX_EXECUTION_DATE=2023-02-23T00:00:00+00:00
AIRFLOW_CTX_TRY_NUMBER=1
AIRFLOW_CTX_DAG_RUN_ID=scheduled__2023-02-23T00:00:00+00:00
[2023-10-20 23:30:01,195] {subprocess.py:62} INFO - Tmp dir root location: 
 /tmp
[2023-10-20 23:30:01,198] {subprocess.py:74} INFO - Running command: ['bash', '-c', 'echo hola mundo, esta es nuestra primera tarea usando bash operator!']
[2023-10-20 23:30:01,210] {subprocess.py:85} INFO - Output:
[2023-10-20 23:30:01,212] {subprocess.py:92} INFO - hola mundo, esta es nuestra primera tarea usando bash operator!
[2023-10-20 23:30:01,213] {subprocess.py:96} INFO - Command exited with return code 0
[2023-10-20 23:30:01,266] {taskinstance.py:1420} INFO - Marking task as SUCCESS. dag_id=mi_primer_dag, task_id=primer_task, execution_date=20230223T000000, start_date=20231020T233000, end_date=20231020T233001
[2023-10-20 23:30:01,295] {local_task_job.py:156} INFO - Task exited with return code 0
[2023-10-20 23:30:01,333] {local_task_job.py:273} INFO - 0 downstream tasks scheduled from follow-on schedule check
