[2023-10-20 23:28:22,689] {taskinstance.py:1179} INFO - Dependencies all met for <TaskInstance: mi_primer_dag_v3.tercera_tarea scheduled__2023-09-24T00:00:00+00:00 [queued]>
[2023-10-20 23:28:22,699] {taskinstance.py:1179} INFO - Dependencies all met for <TaskInstance: mi_primer_dag_v3.tercera_tarea scheduled__2023-09-24T00:00:00+00:00 [queued]>
[2023-10-20 23:28:22,700] {taskinstance.py:1376} INFO - 
--------------------------------------------------------------------------------
[2023-10-20 23:28:22,700] {taskinstance.py:1377} INFO - Starting attempt 1 of 6
[2023-10-20 23:28:22,701] {taskinstance.py:1378} INFO - 
--------------------------------------------------------------------------------
[2023-10-20 23:28:22,716] {taskinstance.py:1397} INFO - Executing <Task(BashOperator): tercera_tarea> on 2023-09-24 00:00:00+00:00
[2023-10-20 23:28:22,721] {standard_task_runner.py:52} INFO - Started process 541 to run task
[2023-10-20 23:28:22,725] {standard_task_runner.py:79} INFO - Running: ['***', 'tasks', 'run', 'mi_primer_dag_v3', 'tercera_tarea', 'scheduled__2023-09-24T00:00:00+00:00', '--job-id', '1268', '--raw', '--subdir', 'DAGS_FOLDER/primer_dag_v3.py', '--cfg-path', '/tmp/tmp8ph75ohp', '--error-file', '/tmp/tmpub1xn7l6']
[2023-10-20 23:28:22,727] {standard_task_runner.py:80} INFO - Job 1268: Subtask tercera_tarea
[2023-10-20 23:28:22,810] {task_command.py:371} INFO - Running <TaskInstance: mi_primer_dag_v3.tercera_tarea scheduled__2023-09-24T00:00:00+00:00 [running]> on host dfdda228c9fc
[2023-10-20 23:28:22,910] {taskinstance.py:1591} INFO - Exporting the following env vars:
AIRFLOW_CTX_DAG_OWNER=DavidBU
AIRFLOW_CTX_DAG_ID=mi_primer_dag_v3
AIRFLOW_CTX_TASK_ID=tercera_tarea
AIRFLOW_CTX_EXECUTION_DATE=2023-09-24T00:00:00+00:00
AIRFLOW_CTX_TRY_NUMBER=1
AIRFLOW_CTX_DAG_RUN_ID=scheduled__2023-09-24T00:00:00+00:00
[2023-10-20 23:28:22,911] {subprocess.py:62} INFO - Tmp dir root location: 
 /tmp
[2023-10-20 23:28:22,912] {subprocess.py:74} INFO - Running command: ['bash', '-c', 'echo hola, soy la tarea 3 y sere corrida luego de Tarea 1 al mismo tiempo que Tarea 2']
[2023-10-20 23:28:22,923] {subprocess.py:85} INFO - Output:
[2023-10-20 23:28:22,924] {subprocess.py:92} INFO - hola, soy la tarea 3 y sere corrida luego de Tarea 1 al mismo tiempo que Tarea 2
[2023-10-20 23:28:22,925] {subprocess.py:96} INFO - Command exited with return code 0
[2023-10-20 23:28:22,956] {taskinstance.py:1420} INFO - Marking task as SUCCESS. dag_id=mi_primer_dag_v3, task_id=tercera_tarea, execution_date=20230924T000000, start_date=20231020T232822, end_date=20231020T232822
[2023-10-20 23:28:22,977] {local_task_job.py:156} INFO - Task exited with return code 0
[2023-10-20 23:28:23,026] {local_task_job.py:273} INFO - 0 downstream tasks scheduled from follow-on schedule check
