[2023-10-20 23:39:27,130] {taskinstance.py:1179} INFO - Dependencies all met for <TaskInstance: dag_print_context.print_context scheduled__2023-10-18T00:00:00+00:00 [queued]>
[2023-10-20 23:39:27,140] {taskinstance.py:1179} INFO - Dependencies all met for <TaskInstance: dag_print_context.print_context scheduled__2023-10-18T00:00:00+00:00 [queued]>
[2023-10-20 23:39:27,141] {taskinstance.py:1376} INFO - 
--------------------------------------------------------------------------------
[2023-10-20 23:39:27,142] {taskinstance.py:1377} INFO - Starting attempt 1 of 1
[2023-10-20 23:39:27,142] {taskinstance.py:1378} INFO - 
--------------------------------------------------------------------------------
[2023-10-20 23:39:27,158] {taskinstance.py:1397} INFO - Executing <Task(PythonOperator): print_context> on 2023-10-18 00:00:00+00:00
[2023-10-20 23:39:27,162] {standard_task_runner.py:52} INFO - Started process 345 to run task
[2023-10-20 23:39:27,164] {standard_task_runner.py:79} INFO - Running: ['***', 'tasks', 'run', 'dag_print_context', 'print_context', 'scheduled__2023-10-18T00:00:00+00:00', '--job-id', '2006', '--raw', '--subdir', 'DAGS_FOLDER/example_template.py', '--cfg-path', '/tmp/tmpb90c56x5', '--error-file', '/tmp/tmpr2ktvn72']
[2023-10-20 23:39:27,166] {standard_task_runner.py:80} INFO - Job 2006: Subtask print_context
[2023-10-20 23:39:27,229] {task_command.py:371} INFO - Running <TaskInstance: dag_print_context.print_context scheduled__2023-10-18T00:00:00+00:00 [running]> on host dfdda228c9fc
[2023-10-20 23:39:27,296] {taskinstance.py:1591} INFO - Exporting the following env vars:
AIRFLOW_CTX_DAG_OWNER=***
AIRFLOW_CTX_DAG_ID=dag_print_context
AIRFLOW_CTX_TASK_ID=print_context
AIRFLOW_CTX_EXECUTION_DATE=2023-10-18T00:00:00+00:00
AIRFLOW_CTX_TRY_NUMBER=1
AIRFLOW_CTX_DAG_RUN_ID=scheduled__2023-10-18T00:00:00+00:00
[2023-10-20 23:39:27,297] {logging_mixin.py:115} INFO - {'conf': <***.configuration.AirflowConfigParser object at 0x7f7d0444c150>, 'dag': <DAG: dag_print_context>, 'dag_run': <DagRun dag_print_context @ 2023-10-18 00:00:00+00:00: scheduled__2023-10-18T00:00:00+00:00, externally triggered: False>, 'data_interval_end': DateTime(2023, 10, 19, 0, 0, 0, tzinfo=Timezone('UTC')), 'data_interval_start': DateTime(2023, 10, 18, 0, 0, 0, tzinfo=Timezone('UTC')), 'ds': '2023-10-18', 'ds_nodash': '20231018', 'execution_date': <Proxy at 0x7f7cfabf20f0 with factory functools.partial(<function lazy_mapping_from_context.<locals>._deprecated_proxy_factory at 0x7f7cface30e0>, 'execution_date', DateTime(2023, 10, 18, 0, 0, 0, tzinfo=Timezone('UTC')))>, 'inlets': [], 'logical_date': DateTime(2023, 10, 18, 0, 0, 0, tzinfo=Timezone('UTC')), 'macros': <module '***.macros' from '/home/***/.local/lib/python3.7/site-packages/***/macros/__init__.py'>, 'next_ds': <Proxy at 0x7f7cfabf20a0 with factory functools.partial(<function lazy_mapping_from_context.<locals>._deprecated_proxy_factory at 0x7f7cface30e0>, 'next_ds', '2023-10-19')>, 'next_ds_nodash': <Proxy at 0x7f7cfabf2190 with factory functools.partial(<function lazy_mapping_from_context.<locals>._deprecated_proxy_factory at 0x7f7cface30e0>, 'next_ds_nodash', '20231019')>, 'next_execution_date': <Proxy at 0x7f7cfabf2320 with factory functools.partial(<function lazy_mapping_from_context.<locals>._deprecated_proxy_factory at 0x7f7cface30e0>, 'next_execution_date', DateTime(2023, 10, 19, 0, 0, 0, tzinfo=Timezone('UTC')))>, 'outlets': [], 'params': {}, 'prev_data_interval_start_success': None, 'prev_data_interval_end_success': None, 'prev_ds': <Proxy at 0x7f7cfabf2280 with factory functools.partial(<function lazy_mapping_from_context.<locals>._deprecated_proxy_factory at 0x7f7cface30e0>, 'prev_ds', '2023-10-17')>, 'prev_ds_nodash': <Proxy at 0x7f7cfacd81e0 with factory functools.partial(<function lazy_mapping_from_context.<locals>._deprecated_proxy_factory at 0x7f7cface30e0>, 'prev_ds_nodash', '20231017')>, 'prev_execution_date': <Proxy at 0x7f7cfac763c0 with factory functools.partial(<function lazy_mapping_from_context.<locals>._deprecated_proxy_factory at 0x7f7cface30e0>, 'prev_execution_date', DateTime(2023, 10, 17, 0, 0, 0, tzinfo=Timezone('UTC')))>, 'prev_execution_date_success': <Proxy at 0x7f7cfabff640 with factory functools.partial(<function lazy_mapping_from_context.<locals>._deprecated_proxy_factory at 0x7f7cface30e0>, 'prev_execution_date_success', None)>, 'prev_start_date_success': None, 'run_id': 'scheduled__2023-10-18T00:00:00+00:00', 'task': <Task(PythonOperator): print_context>, 'task_instance': <TaskInstance: dag_print_context.print_context scheduled__2023-10-18T00:00:00+00:00 [running]>, 'task_instance_key_str': 'dag_print_context__print_context__20231018', 'test_mode': False, 'ti': <TaskInstance: dag_print_context.print_context scheduled__2023-10-18T00:00:00+00:00 [running]>, 'tomorrow_ds': <Proxy at 0x7f7cfabffa50 with factory functools.partial(<function lazy_mapping_from_context.<locals>._deprecated_proxy_factory at 0x7f7cface30e0>, 'tomorrow_ds', '2023-10-19')>, 'tomorrow_ds_nodash': <Proxy at 0x7f7cfabffaa0 with factory functools.partial(<function lazy_mapping_from_context.<locals>._deprecated_proxy_factory at 0x7f7cface30e0>, 'tomorrow_ds_nodash', '20231019')>, 'ts': '2023-10-18T00:00:00+00:00', 'ts_nodash': '20231018T000000', 'ts_nodash_with_tz': '20231018T000000+0000', 'var': {'json': None, 'value': None}, 'conn': None, 'yesterday_ds': <Proxy at 0x7f7cfabffaf0 with factory functools.partial(<function lazy_mapping_from_context.<locals>._deprecated_proxy_factory at 0x7f7cface30e0>, 'yesterday_ds', '2023-10-17')>, 'yesterday_ds_nodash': <Proxy at 0x7f7cfabffb40 with factory functools.partial(<function lazy_mapping_from_context.<locals>._deprecated_proxy_factory at 0x7f7cface30e0>, 'yesterday_ds_nodash', '20231017')>, 'templates_dict': None}
[2023-10-20 23:39:27,298] {logging_mixin.py:115} INFO - Inicio:(<Proxy at 0x7f7cfabf20f0 with factory functools.partial(<function lazy_mapping_from_context.<locals>._deprecated_proxy_factory at 0x7f7cface30e0>, 'execution_date', DateTime(2023, 10, 18, 0, 0, 0, tzinfo=Timezone('UTC')))>,), Fin: (<Proxy at 0x7f7cfabf2320 with factory functools.partial(<function lazy_mapping_from_context.<locals>._deprecated_proxy_factory at 0x7f7cface30e0>, 'next_execution_date', DateTime(2023, 10, 19, 0, 0, 0, tzinfo=Timezone('UTC')))>,)
[2023-10-20 23:39:27,299] {python.py:173} INFO - Done. Returned value was: None
[2023-10-20 23:39:27,311] {taskinstance.py:1420} INFO - Marking task as SUCCESS. dag_id=dag_print_context, task_id=print_context, execution_date=20231018T000000, start_date=20231020T233927, end_date=20231020T233927
[2023-10-20 23:39:27,337] {local_task_job.py:156} INFO - Task exited with return code 0
[2023-10-20 23:39:27,371] {local_task_job.py:273} INFO - 0 downstream tasks scheduled from follow-on schedule check
