[2023-10-20 23:22:13,443] {taskinstance.py:1179} INFO - Dependencies all met for <TaskInstance: mi_primer_dag_v3.tercera_tarea scheduled__2023-03-16T00:00:00+00:00 [queued]>
[2023-10-20 23:22:13,461] {taskinstance.py:1179} INFO - Dependencies all met for <TaskInstance: mi_primer_dag_v3.tercera_tarea scheduled__2023-03-16T00:00:00+00:00 [queued]>
[2023-10-20 23:22:13,462] {taskinstance.py:1376} INFO - 
--------------------------------------------------------------------------------
[2023-10-20 23:22:13,463] {taskinstance.py:1377} INFO - Starting attempt 1 of 6
[2023-10-20 23:22:13,464] {taskinstance.py:1378} INFO - 
--------------------------------------------------------------------------------
[2023-10-20 23:22:13,492] {taskinstance.py:1397} INFO - Executing <Task(BashOperator): tercera_tarea> on 2023-03-16 00:00:00+00:00
[2023-10-20 23:22:13,498] {standard_task_runner.py:52} INFO - Started process 2326 to run task
[2023-10-20 23:22:13,503] {standard_task_runner.py:79} INFO - Running: ['***', 'tasks', 'run', 'mi_primer_dag_v3', 'tercera_tarea', 'scheduled__2023-03-16T00:00:00+00:00', '--job-id', '689', '--raw', '--subdir', 'DAGS_FOLDER/primer_dag_v3.py', '--cfg-path', '/tmp/tmpnunmnfm5', '--error-file', '/tmp/tmpc0iw0hv2']
[2023-10-20 23:22:13,505] {standard_task_runner.py:80} INFO - Job 689: Subtask tercera_tarea
[2023-10-20 23:22:13,613] {task_command.py:371} INFO - Running <TaskInstance: mi_primer_dag_v3.tercera_tarea scheduled__2023-03-16T00:00:00+00:00 [running]> on host dfdda228c9fc
[2023-10-20 23:22:13,722] {taskinstance.py:1591} INFO - Exporting the following env vars:
AIRFLOW_CTX_DAG_OWNER=DavidBU
AIRFLOW_CTX_DAG_ID=mi_primer_dag_v3
AIRFLOW_CTX_TASK_ID=tercera_tarea
AIRFLOW_CTX_EXECUTION_DATE=2023-03-16T00:00:00+00:00
AIRFLOW_CTX_TRY_NUMBER=1
AIRFLOW_CTX_DAG_RUN_ID=scheduled__2023-03-16T00:00:00+00:00
[2023-10-20 23:22:13,723] {subprocess.py:62} INFO - Tmp dir root location: 
 /tmp
[2023-10-20 23:22:13,724] {subprocess.py:74} INFO - Running command: ['bash', '-c', 'echo hola, soy la tarea 3 y sere corrida luego de Tarea 1 al mismo tiempo que Tarea 2']
[2023-10-20 23:22:13,735] {subprocess.py:85} INFO - Output:
[2023-10-20 23:22:13,737] {subprocess.py:92} INFO - hola, soy la tarea 3 y sere corrida luego de Tarea 1 al mismo tiempo que Tarea 2
[2023-10-20 23:22:13,738] {subprocess.py:96} INFO - Command exited with return code 0
[2023-10-20 23:22:13,779] {taskinstance.py:1420} INFO - Marking task as SUCCESS. dag_id=mi_primer_dag_v3, task_id=tercera_tarea, execution_date=20230316T000000, start_date=20231020T232213, end_date=20231020T232213
[2023-10-20 23:22:13,837] {local_task_job.py:156} INFO - Task exited with return code 0
[2023-10-20 23:22:13,953] {local_task_job.py:273} INFO - 0 downstream tasks scheduled from follow-on schedule check
