[2023-10-20 23:22:31,432] {taskinstance.py:1179} INFO - Dependencies all met for <TaskInstance: mi_primer_dag_v3.tercera_tarea scheduled__2023-04-17T00:00:00+00:00 [queued]>
[2023-10-20 23:22:31,451] {taskinstance.py:1179} INFO - Dependencies all met for <TaskInstance: mi_primer_dag_v3.tercera_tarea scheduled__2023-04-17T00:00:00+00:00 [queued]>
[2023-10-20 23:22:31,452] {taskinstance.py:1376} INFO - 
--------------------------------------------------------------------------------
[2023-10-20 23:22:31,453] {taskinstance.py:1377} INFO - Starting attempt 1 of 6
[2023-10-20 23:22:31,453] {taskinstance.py:1378} INFO - 
--------------------------------------------------------------------------------
[2023-10-20 23:22:31,481] {taskinstance.py:1397} INFO - Executing <Task(BashOperator): tercera_tarea> on 2023-04-17 00:00:00+00:00
[2023-10-20 23:22:31,488] {standard_task_runner.py:52} INFO - Started process 2639 to run task
[2023-10-20 23:22:31,492] {standard_task_runner.py:79} INFO - Running: ['***', 'tasks', 'run', 'mi_primer_dag_v3', 'tercera_tarea', 'scheduled__2023-04-17T00:00:00+00:00', '--job-id', '787', '--raw', '--subdir', 'DAGS_FOLDER/primer_dag_v3.py', '--cfg-path', '/tmp/tmpv1qi31s5', '--error-file', '/tmp/tmp8o5go6ox']
[2023-10-20 23:22:31,495] {standard_task_runner.py:80} INFO - Job 787: Subtask tercera_tarea
[2023-10-20 23:22:31,621] {task_command.py:371} INFO - Running <TaskInstance: mi_primer_dag_v3.tercera_tarea scheduled__2023-04-17T00:00:00+00:00 [running]> on host dfdda228c9fc
[2023-10-20 23:22:31,771] {taskinstance.py:1591} INFO - Exporting the following env vars:
AIRFLOW_CTX_DAG_OWNER=DavidBU
AIRFLOW_CTX_DAG_ID=mi_primer_dag_v3
AIRFLOW_CTX_TASK_ID=tercera_tarea
AIRFLOW_CTX_EXECUTION_DATE=2023-04-17T00:00:00+00:00
AIRFLOW_CTX_TRY_NUMBER=1
AIRFLOW_CTX_DAG_RUN_ID=scheduled__2023-04-17T00:00:00+00:00
[2023-10-20 23:22:31,772] {subprocess.py:62} INFO - Tmp dir root location: 
 /tmp
[2023-10-20 23:22:31,773] {subprocess.py:74} INFO - Running command: ['bash', '-c', 'echo hola, soy la tarea 3 y sere corrida luego de Tarea 1 al mismo tiempo que Tarea 2']
[2023-10-20 23:22:31,785] {subprocess.py:85} INFO - Output:
[2023-10-20 23:22:31,787] {subprocess.py:92} INFO - hola, soy la tarea 3 y sere corrida luego de Tarea 1 al mismo tiempo que Tarea 2
[2023-10-20 23:22:31,788] {subprocess.py:96} INFO - Command exited with return code 0
[2023-10-20 23:22:31,895] {taskinstance.py:1420} INFO - Marking task as SUCCESS. dag_id=mi_primer_dag_v3, task_id=tercera_tarea, execution_date=20230417T000000, start_date=20231020T232231, end_date=20231020T232231
[2023-10-20 23:22:31,953] {local_task_job.py:156} INFO - Task exited with return code 0
[2023-10-20 23:22:32,027] {local_task_job.py:273} INFO - 0 downstream tasks scheduled from follow-on schedule check
