[2023-10-20 23:23:03,345] {taskinstance.py:1179} INFO - Dependencies all met for <TaskInstance: mi_primer_dag_v3.primera_tarea scheduled__2023-07-05T00:00:00+00:00 [queued]>
[2023-10-20 23:23:03,367] {taskinstance.py:1179} INFO - Dependencies all met for <TaskInstance: mi_primer_dag_v3.primera_tarea scheduled__2023-07-05T00:00:00+00:00 [queued]>
[2023-10-20 23:23:03,368] {taskinstance.py:1376} INFO - 
--------------------------------------------------------------------------------
[2023-10-20 23:23:03,369] {taskinstance.py:1377} INFO - Starting attempt 1 of 6
[2023-10-20 23:23:03,370] {taskinstance.py:1378} INFO - 
--------------------------------------------------------------------------------
[2023-10-20 23:23:03,398] {taskinstance.py:1397} INFO - Executing <Task(BashOperator): primera_tarea> on 2023-07-05 00:00:00+00:00
[2023-10-20 23:23:03,405] {standard_task_runner.py:52} INFO - Started process 3315 to run task
[2023-10-20 23:23:03,409] {standard_task_runner.py:79} INFO - Running: ['***', 'tasks', 'run', 'mi_primer_dag_v3', 'primera_tarea', 'scheduled__2023-07-05T00:00:00+00:00', '--job-id', '1010', '--raw', '--subdir', 'DAGS_FOLDER/primer_dag_v3.py', '--cfg-path', '/tmp/tmp7o8lzlug', '--error-file', '/tmp/tmp3v8o0wir']
[2023-10-20 23:23:03,413] {standard_task_runner.py:80} INFO - Job 1010: Subtask primera_tarea
[2023-10-20 23:23:03,535] {task_command.py:371} INFO - Running <TaskInstance: mi_primer_dag_v3.primera_tarea scheduled__2023-07-05T00:00:00+00:00 [running]> on host dfdda228c9fc
[2023-10-20 23:23:03,642] {taskinstance.py:1591} INFO - Exporting the following env vars:
AIRFLOW_CTX_DAG_OWNER=DavidBU
AIRFLOW_CTX_DAG_ID=mi_primer_dag_v3
AIRFLOW_CTX_TASK_ID=primera_tarea
AIRFLOW_CTX_EXECUTION_DATE=2023-07-05T00:00:00+00:00
AIRFLOW_CTX_TRY_NUMBER=1
AIRFLOW_CTX_DAG_RUN_ID=scheduled__2023-07-05T00:00:00+00:00
[2023-10-20 23:23:03,643] {subprocess.py:62} INFO - Tmp dir root location: 
 /tmp
[2023-10-20 23:23:03,645] {subprocess.py:74} INFO - Running command: ['bash', '-c', 'echo hola mundo, esta es nuestra primera tarea!']
[2023-10-20 23:23:03,657] {subprocess.py:85} INFO - Output:
[2023-10-20 23:23:03,659] {subprocess.py:92} INFO - hola mundo, esta es nuestra primera tarea!
[2023-10-20 23:23:03,660] {subprocess.py:96} INFO - Command exited with return code 0
[2023-10-20 23:23:03,696] {taskinstance.py:1420} INFO - Marking task as SUCCESS. dag_id=mi_primer_dag_v3, task_id=primera_tarea, execution_date=20230705T000000, start_date=20231020T232303, end_date=20231020T232303
[2023-10-20 23:23:03,745] {local_task_job.py:156} INFO - Task exited with return code 0
[2023-10-20 23:23:03,786] {local_task_job.py:273} INFO - 2 downstream tasks scheduled from follow-on schedule check
