[2023-10-20 23:28:31,478] {taskinstance.py:1179} INFO - Dependencies all met for <TaskInstance: mi_primer_dag_v3.tercera_tarea scheduled__2023-10-11T00:00:00+00:00 [queued]>
[2023-10-20 23:28:31,501] {taskinstance.py:1179} INFO - Dependencies all met for <TaskInstance: mi_primer_dag_v3.tercera_tarea scheduled__2023-10-11T00:00:00+00:00 [queued]>
[2023-10-20 23:28:31,502] {taskinstance.py:1376} INFO - 
--------------------------------------------------------------------------------
[2023-10-20 23:28:31,503] {taskinstance.py:1377} INFO - Starting attempt 1 of 6
[2023-10-20 23:28:31,503] {taskinstance.py:1378} INFO - 
--------------------------------------------------------------------------------
[2023-10-20 23:28:31,532] {taskinstance.py:1397} INFO - Executing <Task(BashOperator): tercera_tarea> on 2023-10-11 00:00:00+00:00
[2023-10-20 23:28:31,538] {standard_task_runner.py:52} INFO - Started process 731 to run task
[2023-10-20 23:28:31,544] {standard_task_runner.py:79} INFO - Running: ['***', 'tasks', 'run', 'mi_primer_dag_v3', 'tercera_tarea', 'scheduled__2023-10-11T00:00:00+00:00', '--job-id', '1325', '--raw', '--subdir', 'DAGS_FOLDER/primer_dag_v3.py', '--cfg-path', '/tmp/tmp8h2nemvg', '--error-file', '/tmp/tmpqrwxcw_f']
[2023-10-20 23:28:31,546] {standard_task_runner.py:80} INFO - Job 1325: Subtask tercera_tarea
[2023-10-20 23:28:31,676] {task_command.py:371} INFO - Running <TaskInstance: mi_primer_dag_v3.tercera_tarea scheduled__2023-10-11T00:00:00+00:00 [running]> on host dfdda228c9fc
[2023-10-20 23:28:31,785] {taskinstance.py:1591} INFO - Exporting the following env vars:
AIRFLOW_CTX_DAG_OWNER=DavidBU
AIRFLOW_CTX_DAG_ID=mi_primer_dag_v3
AIRFLOW_CTX_TASK_ID=tercera_tarea
AIRFLOW_CTX_EXECUTION_DATE=2023-10-11T00:00:00+00:00
AIRFLOW_CTX_TRY_NUMBER=1
AIRFLOW_CTX_DAG_RUN_ID=scheduled__2023-10-11T00:00:00+00:00
[2023-10-20 23:28:31,787] {subprocess.py:62} INFO - Tmp dir root location: 
 /tmp
[2023-10-20 23:28:31,788] {subprocess.py:74} INFO - Running command: ['bash', '-c', 'echo hola, soy la tarea 3 y sere corrida luego de Tarea 1 al mismo tiempo que Tarea 2']
[2023-10-20 23:28:31,799] {subprocess.py:85} INFO - Output:
[2023-10-20 23:28:31,800] {subprocess.py:92} INFO - hola, soy la tarea 3 y sere corrida luego de Tarea 1 al mismo tiempo que Tarea 2
[2023-10-20 23:28:31,801] {subprocess.py:96} INFO - Command exited with return code 0
[2023-10-20 23:28:31,839] {taskinstance.py:1420} INFO - Marking task as SUCCESS. dag_id=mi_primer_dag_v3, task_id=tercera_tarea, execution_date=20231011T000000, start_date=20231020T232831, end_date=20231020T232831
[2023-10-20 23:28:31,877] {local_task_job.py:156} INFO - Task exited with return code 0
[2023-10-20 23:28:31,919] {local_task_job.py:273} INFO - 0 downstream tasks scheduled from follow-on schedule check
[2023-10-20 23:28:31,944] {dagrun.py:564} INFO - Marking run <DagRun mi_primer_dag_v3 @ 2023-10-11 00:00:00+00:00: scheduled__2023-10-11T00:00:00+00:00, externally triggered: False> successful
[2023-10-20 23:28:31,945] {dagrun.py:624} INFO - DagRun Finished: dag_id=mi_primer_dag_v3, execution_date=2023-10-11 00:00:00+00:00, run_id=scheduled__2023-10-11T00:00:00+00:00, run_start_date=2023-10-20 23:28:29.914886+00:00, run_end_date=2023-10-20 23:28:31.945428+00:00, run_duration=2.030542, state=success, external_trigger=False, run_type=scheduled, data_interval_start=2023-10-11 00:00:00+00:00, data_interval_end=2023-10-12 00:00:00+00:00, dag_hash=4b9501eea8320e392c62474f04ca2d17
