[2023-10-20 23:20:48,115] {taskinstance.py:1179} INFO - Dependencies all met for <TaskInstance: mi_primer_dag_v3.primera_tarea scheduled__2022-09-30T00:00:00+00:00 [queued]>
[2023-10-20 23:20:48,143] {taskinstance.py:1179} INFO - Dependencies all met for <TaskInstance: mi_primer_dag_v3.primera_tarea scheduled__2022-09-30T00:00:00+00:00 [queued]>
[2023-10-20 23:20:48,144] {taskinstance.py:1376} INFO - 
--------------------------------------------------------------------------------
[2023-10-20 23:20:48,145] {taskinstance.py:1377} INFO - Starting attempt 1 of 6
[2023-10-20 23:20:48,146] {taskinstance.py:1378} INFO - 
--------------------------------------------------------------------------------
[2023-10-20 23:20:48,173] {taskinstance.py:1397} INFO - Executing <Task(BashOperator): primera_tarea> on 2022-09-30 00:00:00+00:00
[2023-10-20 23:20:48,179] {standard_task_runner.py:52} INFO - Started process 736 to run task
[2023-10-20 23:20:48,184] {standard_task_runner.py:79} INFO - Running: ['***', 'tasks', 'run', 'mi_primer_dag_v3', 'primera_tarea', 'scheduled__2022-09-30T00:00:00+00:00', '--job-id', '173', '--raw', '--subdir', 'DAGS_FOLDER/primer_dag_v3.py', '--cfg-path', '/tmp/tmpm781282_', '--error-file', '/tmp/tmpm0o29uo3']
[2023-10-20 23:20:48,186] {standard_task_runner.py:80} INFO - Job 173: Subtask primera_tarea
[2023-10-20 23:20:48,312] {task_command.py:371} INFO - Running <TaskInstance: mi_primer_dag_v3.primera_tarea scheduled__2022-09-30T00:00:00+00:00 [running]> on host dfdda228c9fc
[2023-10-20 23:20:48,480] {taskinstance.py:1591} INFO - Exporting the following env vars:
AIRFLOW_CTX_DAG_OWNER=DavidBU
AIRFLOW_CTX_DAG_ID=mi_primer_dag_v3
AIRFLOW_CTX_TASK_ID=primera_tarea
AIRFLOW_CTX_EXECUTION_DATE=2022-09-30T00:00:00+00:00
AIRFLOW_CTX_TRY_NUMBER=1
AIRFLOW_CTX_DAG_RUN_ID=scheduled__2022-09-30T00:00:00+00:00
[2023-10-20 23:20:48,485] {subprocess.py:62} INFO - Tmp dir root location: 
 /tmp
[2023-10-20 23:20:48,488] {subprocess.py:74} INFO - Running command: ['bash', '-c', 'echo hola mundo, esta es nuestra primera tarea!']
[2023-10-20 23:20:48,502] {subprocess.py:85} INFO - Output:
[2023-10-20 23:20:48,504] {subprocess.py:92} INFO - hola mundo, esta es nuestra primera tarea!
[2023-10-20 23:20:48,505] {subprocess.py:96} INFO - Command exited with return code 0
[2023-10-20 23:20:48,648] {taskinstance.py:1420} INFO - Marking task as SUCCESS. dag_id=mi_primer_dag_v3, task_id=primera_tarea, execution_date=20220930T000000, start_date=20231020T232048, end_date=20231020T232048
[2023-10-20 23:20:48,724] {local_task_job.py:156} INFO - Task exited with return code 0
[2023-10-20 23:20:48,801] {local_task_job.py:273} INFO - 2 downstream tasks scheduled from follow-on schedule check
