[2023-10-28 12:04:59,237] {taskinstance.py:1179} INFO - Dependencies all met for <TaskInstance: dag_print_context.print_context scheduled__2023-10-22T00:00:00+00:00 [queued]>
[2023-10-28 12:04:59,251] {taskinstance.py:1179} INFO - Dependencies all met for <TaskInstance: dag_print_context.print_context scheduled__2023-10-22T00:00:00+00:00 [queued]>
[2023-10-28 12:04:59,251] {taskinstance.py:1376} INFO - 
--------------------------------------------------------------------------------
[2023-10-28 12:04:59,252] {taskinstance.py:1377} INFO - Starting attempt 1 of 1
[2023-10-28 12:04:59,253] {taskinstance.py:1378} INFO - 
--------------------------------------------------------------------------------
[2023-10-28 12:04:59,270] {taskinstance.py:1397} INFO - Executing <Task(PythonOperator): print_context> on 2023-10-22 00:00:00+00:00
[2023-10-28 12:04:59,275] {standard_task_runner.py:52} INFO - Started process 203 to run task
[2023-10-28 12:04:59,279] {standard_task_runner.py:79} INFO - Running: ['***', 'tasks', 'run', 'dag_print_context', 'print_context', 'scheduled__2023-10-22T00:00:00+00:00', '--job-id', '2014', '--raw', '--subdir', 'DAGS_FOLDER/example_template.py', '--cfg-path', '/tmp/tmpvgfujqv1', '--error-file', '/tmp/tmpvcioxmyn']
[2023-10-28 12:04:59,280] {standard_task_runner.py:80} INFO - Job 2014: Subtask print_context
[2023-10-28 12:04:59,358] {task_command.py:371} INFO - Running <TaskInstance: dag_print_context.print_context scheduled__2023-10-22T00:00:00+00:00 [running]> on host dfdda228c9fc
[2023-10-28 12:04:59,451] {taskinstance.py:1591} INFO - Exporting the following env vars:
AIRFLOW_CTX_DAG_OWNER=***
AIRFLOW_CTX_DAG_ID=dag_print_context
AIRFLOW_CTX_TASK_ID=print_context
AIRFLOW_CTX_EXECUTION_DATE=2023-10-22T00:00:00+00:00
AIRFLOW_CTX_TRY_NUMBER=1
AIRFLOW_CTX_DAG_RUN_ID=scheduled__2023-10-22T00:00:00+00:00
[2023-10-28 12:04:59,452] {logging_mixin.py:115} INFO - {'conf': <***.configuration.AirflowConfigParser object at 0x7fa90edc2590>, 'dag': <DAG: dag_print_context>, 'dag_run': <DagRun dag_print_context @ 2023-10-22 00:00:00+00:00: scheduled__2023-10-22T00:00:00+00:00, externally triggered: False>, 'data_interval_end': DateTime(2023, 10, 23, 0, 0, 0, tzinfo=Timezone('UTC')), 'data_interval_start': DateTime(2023, 10, 22, 0, 0, 0, tzinfo=Timezone('UTC')), 'ds': '2023-10-22', 'ds_nodash': '20231022', 'execution_date': <Proxy at 0x7fa9070af640 with factory functools.partial(<function lazy_mapping_from_context.<locals>._deprecated_proxy_factory at 0x7fa9071930e0>, 'execution_date', DateTime(2023, 10, 22, 0, 0, 0, tzinfo=Timezone('UTC')))>, 'inlets': [], 'logical_date': DateTime(2023, 10, 22, 0, 0, 0, tzinfo=Timezone('UTC')), 'macros': <module '***.macros' from '/home/***/.local/lib/python3.7/site-packages/***/macros/__init__.py'>, 'next_ds': <Proxy at 0x7fa9070af5f0 with factory functools.partial(<function lazy_mapping_from_context.<locals>._deprecated_proxy_factory at 0x7fa9071930e0>, 'next_ds', '2023-10-23')>, 'next_ds_nodash': <Proxy at 0x7fa9070af6e0 with factory functools.partial(<function lazy_mapping_from_context.<locals>._deprecated_proxy_factory at 0x7fa9071930e0>, 'next_ds_nodash', '20231023')>, 'next_execution_date': <Proxy at 0x7fa9070af870 with factory functools.partial(<function lazy_mapping_from_context.<locals>._deprecated_proxy_factory at 0x7fa9071930e0>, 'next_execution_date', DateTime(2023, 10, 23, 0, 0, 0, tzinfo=Timezone('UTC')))>, 'outlets': [], 'params': {}, 'prev_data_interval_start_success': DateTime(2023, 10, 21, 0, 0, 0, tzinfo=Timezone('UTC')), 'prev_data_interval_end_success': DateTime(2023, 10, 22, 0, 0, 0, tzinfo=Timezone('UTC')), 'prev_ds': <Proxy at 0x7fa9070af7d0 with factory functools.partial(<function lazy_mapping_from_context.<locals>._deprecated_proxy_factory at 0x7fa9071930e0>, 'prev_ds', '2023-10-21')>, 'prev_ds_nodash': <Proxy at 0x7fa8dd9580f0 with factory functools.partial(<function lazy_mapping_from_context.<locals>._deprecated_proxy_factory at 0x7fa9071930e0>, 'prev_ds_nodash', '20231021')>, 'prev_execution_date': <Proxy at 0x7fa907133870 with factory functools.partial(<function lazy_mapping_from_context.<locals>._deprecated_proxy_factory at 0x7fa9071930e0>, 'prev_execution_date', DateTime(2023, 10, 21, 0, 0, 0, tzinfo=Timezone('UTC')))>, 'prev_execution_date_success': <Proxy at 0x7fa9070b7b40 with factory functools.partial(<function lazy_mapping_from_context.<locals>._deprecated_proxy_factory at 0x7fa9071930e0>, 'prev_execution_date_success', DateTime(2023, 10, 21, 0, 0, 0, tzinfo=Timezone('UTC')))>, 'prev_start_date_success': DateTime(2023, 10, 22, 22, 46, 39, 483314, tzinfo=Timezone('UTC')), 'run_id': 'scheduled__2023-10-22T00:00:00+00:00', 'task': <Task(PythonOperator): print_context>, 'task_instance': <TaskInstance: dag_print_context.print_context scheduled__2023-10-22T00:00:00+00:00 [running]>, 'task_instance_key_str': 'dag_print_context__print_context__20231022', 'test_mode': False, 'ti': <TaskInstance: dag_print_context.print_context scheduled__2023-10-22T00:00:00+00:00 [running]>, 'tomorrow_ds': <Proxy at 0x7fa9070c0050 with factory functools.partial(<function lazy_mapping_from_context.<locals>._deprecated_proxy_factory at 0x7fa9071930e0>, 'tomorrow_ds', '2023-10-23')>, 'tomorrow_ds_nodash': <Proxy at 0x7fa9070c00a0 with factory functools.partial(<function lazy_mapping_from_context.<locals>._deprecated_proxy_factory at 0x7fa9071930e0>, 'tomorrow_ds_nodash', '20231023')>, 'ts': '2023-10-22T00:00:00+00:00', 'ts_nodash': '20231022T000000', 'ts_nodash_with_tz': '20231022T000000+0000', 'var': {'json': None, 'value': None}, 'conn': None, 'yesterday_ds': <Proxy at 0x7fa9070c00f0 with factory functools.partial(<function lazy_mapping_from_context.<locals>._deprecated_proxy_factory at 0x7fa9071930e0>, 'yesterday_ds', '2023-10-21')>, 'yesterday_ds_nodash': <Proxy at 0x7fa9070c0140 with factory functools.partial(<function lazy_mapping_from_context.<locals>._deprecated_proxy_factory at 0x7fa9071930e0>, 'yesterday_ds_nodash', '20231021')>, 'templates_dict': None}
[2023-10-28 12:04:59,453] {logging_mixin.py:115} INFO - Inicio:(<Proxy at 0x7fa9070af640 with factory functools.partial(<function lazy_mapping_from_context.<locals>._deprecated_proxy_factory at 0x7fa9071930e0>, 'execution_date', DateTime(2023, 10, 22, 0, 0, 0, tzinfo=Timezone('UTC')))>,), Fin: (<Proxy at 0x7fa9070af870 with factory functools.partial(<function lazy_mapping_from_context.<locals>._deprecated_proxy_factory at 0x7fa9071930e0>, 'next_execution_date', DateTime(2023, 10, 23, 0, 0, 0, tzinfo=Timezone('UTC')))>,)
[2023-10-28 12:04:59,453] {python.py:173} INFO - Done. Returned value was: None
[2023-10-28 12:04:59,466] {taskinstance.py:1420} INFO - Marking task as SUCCESS. dag_id=dag_print_context, task_id=print_context, execution_date=20231022T000000, start_date=20231028T120459, end_date=20231028T120459
[2023-10-28 12:04:59,491] {local_task_job.py:156} INFO - Task exited with return code 0
[2023-10-28 12:04:59,528] {local_task_job.py:273} INFO - 0 downstream tasks scheduled from follow-on schedule check
