[2023-10-20 23:22:35,800] {taskinstance.py:1179} INFO - Dependencies all met for <TaskInstance: mi_primer_dag_v3.primera_tarea scheduled__2023-05-01T00:00:00+00:00 [queued]>
[2023-10-20 23:22:35,814] {taskinstance.py:1179} INFO - Dependencies all met for <TaskInstance: mi_primer_dag_v3.primera_tarea scheduled__2023-05-01T00:00:00+00:00 [queued]>
[2023-10-20 23:22:35,814] {taskinstance.py:1376} INFO - 
--------------------------------------------------------------------------------
[2023-10-20 23:22:35,815] {taskinstance.py:1377} INFO - Starting attempt 1 of 6
[2023-10-20 23:22:35,816] {taskinstance.py:1378} INFO - 
--------------------------------------------------------------------------------
[2023-10-20 23:22:35,834] {taskinstance.py:1397} INFO - Executing <Task(BashOperator): primera_tarea> on 2023-05-01 00:00:00+00:00
[2023-10-20 23:22:35,842] {standard_task_runner.py:52} INFO - Started process 2717 to run task
[2023-10-20 23:22:35,845] {standard_task_runner.py:79} INFO - Running: ['***', 'tasks', 'run', 'mi_primer_dag_v3', 'primera_tarea', 'scheduled__2023-05-01T00:00:00+00:00', '--job-id', '816', '--raw', '--subdir', 'DAGS_FOLDER/primer_dag_v3.py', '--cfg-path', '/tmp/tmpv8tjgj32', '--error-file', '/tmp/tmpwelwedng']
[2023-10-20 23:22:35,846] {standard_task_runner.py:80} INFO - Job 816: Subtask primera_tarea
[2023-10-20 23:22:35,916] {task_command.py:371} INFO - Running <TaskInstance: mi_primer_dag_v3.primera_tarea scheduled__2023-05-01T00:00:00+00:00 [running]> on host dfdda228c9fc
[2023-10-20 23:22:36,019] {taskinstance.py:1591} INFO - Exporting the following env vars:
AIRFLOW_CTX_DAG_OWNER=DavidBU
AIRFLOW_CTX_DAG_ID=mi_primer_dag_v3
AIRFLOW_CTX_TASK_ID=primera_tarea
AIRFLOW_CTX_EXECUTION_DATE=2023-05-01T00:00:00+00:00
AIRFLOW_CTX_TRY_NUMBER=1
AIRFLOW_CTX_DAG_RUN_ID=scheduled__2023-05-01T00:00:00+00:00
[2023-10-20 23:22:36,021] {subprocess.py:62} INFO - Tmp dir root location: 
 /tmp
[2023-10-20 23:22:36,022] {subprocess.py:74} INFO - Running command: ['bash', '-c', 'echo hola mundo, esta es nuestra primera tarea!']
[2023-10-20 23:22:36,030] {subprocess.py:85} INFO - Output:
[2023-10-20 23:22:36,031] {subprocess.py:92} INFO - hola mundo, esta es nuestra primera tarea!
[2023-10-20 23:22:36,032] {subprocess.py:96} INFO - Command exited with return code 0
[2023-10-20 23:22:36,080] {taskinstance.py:1420} INFO - Marking task as SUCCESS. dag_id=mi_primer_dag_v3, task_id=primera_tarea, execution_date=20230501T000000, start_date=20231020T232235, end_date=20231020T232236
[2023-10-20 23:22:36,100] {local_task_job.py:156} INFO - Task exited with return code 0
[2023-10-20 23:22:36,165] {local_task_job.py:273} INFO - 2 downstream tasks scheduled from follow-on schedule check
