[2023-10-20 23:29:39,191] {taskinstance.py:1179} INFO - Dependencies all met for <TaskInstance: mi_primer_dag.primer_task scheduled__2022-12-24T00:00:00+00:00 [queued]>
[2023-10-20 23:29:39,213] {taskinstance.py:1179} INFO - Dependencies all met for <TaskInstance: mi_primer_dag.primer_task scheduled__2022-12-24T00:00:00+00:00 [queued]>
[2023-10-20 23:29:39,213] {taskinstance.py:1376} INFO - 
--------------------------------------------------------------------------------
[2023-10-20 23:29:39,214] {taskinstance.py:1377} INFO - Starting attempt 1 of 6
[2023-10-20 23:29:39,215] {taskinstance.py:1378} INFO - 
--------------------------------------------------------------------------------
[2023-10-20 23:29:39,240] {taskinstance.py:1397} INFO - Executing <Task(BashOperator): primer_task> on 2022-12-24 00:00:00+00:00
[2023-10-20 23:29:39,246] {standard_task_runner.py:52} INFO - Started process 1248 to run task
[2023-10-20 23:29:39,249] {standard_task_runner.py:79} INFO - Running: ['***', 'tasks', 'run', 'mi_primer_dag', 'primer_task', 'scheduled__2022-12-24T00:00:00+00:00', '--job-id', '1476', '--raw', '--subdir', 'DAGS_FOLDER/mi_primer_dag.py', '--cfg-path', '/tmp/tmplr_5h9hw', '--error-file', '/tmp/tmpnngnd28r']
[2023-10-20 23:29:39,251] {standard_task_runner.py:80} INFO - Job 1476: Subtask primer_task
[2023-10-20 23:29:39,335] {task_command.py:371} INFO - Running <TaskInstance: mi_primer_dag.primer_task scheduled__2022-12-24T00:00:00+00:00 [running]> on host dfdda228c9fc
[2023-10-20 23:29:39,437] {taskinstance.py:1591} INFO - Exporting the following env vars:
AIRFLOW_CTX_DAG_OWNER=DavidBU
AIRFLOW_CTX_DAG_ID=mi_primer_dag
AIRFLOW_CTX_TASK_ID=primer_task
AIRFLOW_CTX_EXECUTION_DATE=2022-12-24T00:00:00+00:00
AIRFLOW_CTX_TRY_NUMBER=1
AIRFLOW_CTX_DAG_RUN_ID=scheduled__2022-12-24T00:00:00+00:00
[2023-10-20 23:29:39,439] {subprocess.py:62} INFO - Tmp dir root location: 
 /tmp
[2023-10-20 23:29:39,440] {subprocess.py:74} INFO - Running command: ['bash', '-c', 'echo hola mundo, esta es nuestra primera tarea usando bash operator!']
[2023-10-20 23:29:39,451] {subprocess.py:85} INFO - Output:
[2023-10-20 23:29:39,453] {subprocess.py:92} INFO - hola mundo, esta es nuestra primera tarea usando bash operator!
[2023-10-20 23:29:39,454] {subprocess.py:96} INFO - Command exited with return code 0
[2023-10-20 23:29:39,494] {taskinstance.py:1420} INFO - Marking task as SUCCESS. dag_id=mi_primer_dag, task_id=primer_task, execution_date=20221224T000000, start_date=20231020T232939, end_date=20231020T232939
[2023-10-20 23:29:39,542] {local_task_job.py:156} INFO - Task exited with return code 0
[2023-10-20 23:29:39,578] {local_task_job.py:273} INFO - 0 downstream tasks scheduled from follow-on schedule check
