[2023-10-20 23:21:19,854] {taskinstance.py:1179} INFO - Dependencies all met for <TaskInstance: mi_primer_dag_v3.tercera_tarea scheduled__2022-12-06T00:00:00+00:00 [queued]>
[2023-10-20 23:21:19,874] {taskinstance.py:1179} INFO - Dependencies all met for <TaskInstance: mi_primer_dag_v3.tercera_tarea scheduled__2022-12-06T00:00:00+00:00 [queued]>
[2023-10-20 23:21:19,874] {taskinstance.py:1376} INFO - 
--------------------------------------------------------------------------------
[2023-10-20 23:21:19,875] {taskinstance.py:1377} INFO - Starting attempt 1 of 6
[2023-10-20 23:21:19,876] {taskinstance.py:1378} INFO - 
--------------------------------------------------------------------------------
[2023-10-20 23:21:19,901] {taskinstance.py:1397} INFO - Executing <Task(BashOperator): tercera_tarea> on 2022-12-06 00:00:00+00:00
[2023-10-20 23:21:19,905] {standard_task_runner.py:52} INFO - Started process 1406 to run task
[2023-10-20 23:21:19,909] {standard_task_runner.py:79} INFO - Running: ['***', 'tasks', 'run', 'mi_primer_dag_v3', 'tercera_tarea', 'scheduled__2022-12-06T00:00:00+00:00', '--job-id', '390', '--raw', '--subdir', 'DAGS_FOLDER/primer_dag_v3.py', '--cfg-path', '/tmp/tmpus2p090o', '--error-file', '/tmp/tmpomckevpa']
[2023-10-20 23:21:19,911] {standard_task_runner.py:80} INFO - Job 390: Subtask tercera_tarea
[2023-10-20 23:21:20,040] {task_command.py:371} INFO - Running <TaskInstance: mi_primer_dag_v3.tercera_tarea scheduled__2022-12-06T00:00:00+00:00 [running]> on host dfdda228c9fc
[2023-10-20 23:21:20,160] {taskinstance.py:1591} INFO - Exporting the following env vars:
AIRFLOW_CTX_DAG_OWNER=DavidBU
AIRFLOW_CTX_DAG_ID=mi_primer_dag_v3
AIRFLOW_CTX_TASK_ID=tercera_tarea
AIRFLOW_CTX_EXECUTION_DATE=2022-12-06T00:00:00+00:00
AIRFLOW_CTX_TRY_NUMBER=1
AIRFLOW_CTX_DAG_RUN_ID=scheduled__2022-12-06T00:00:00+00:00
[2023-10-20 23:21:20,161] {subprocess.py:62} INFO - Tmp dir root location: 
 /tmp
[2023-10-20 23:21:20,162] {subprocess.py:74} INFO - Running command: ['bash', '-c', 'echo hola, soy la tarea 3 y sere corrida luego de Tarea 1 al mismo tiempo que Tarea 2']
[2023-10-20 23:21:20,177] {subprocess.py:85} INFO - Output:
[2023-10-20 23:21:20,179] {subprocess.py:92} INFO - hola, soy la tarea 3 y sere corrida luego de Tarea 1 al mismo tiempo que Tarea 2
[2023-10-20 23:21:20,180] {subprocess.py:96} INFO - Command exited with return code 0
[2023-10-20 23:21:20,241] {taskinstance.py:1420} INFO - Marking task as SUCCESS. dag_id=mi_primer_dag_v3, task_id=tercera_tarea, execution_date=20221206T000000, start_date=20231020T232119, end_date=20231020T232120
[2023-10-20 23:21:20,286] {local_task_job.py:156} INFO - Task exited with return code 0
[2023-10-20 23:21:20,329] {local_task_job.py:273} INFO - 0 downstream tasks scheduled from follow-on schedule check
