[2023-10-20 23:23:07,556] {taskinstance.py:1179} INFO - Dependencies all met for <TaskInstance: mi_primer_dag_v3.tercera_tarea scheduled__2023-07-09T00:00:00+00:00 [queued]>
[2023-10-20 23:23:07,575] {taskinstance.py:1179} INFO - Dependencies all met for <TaskInstance: mi_primer_dag_v3.tercera_tarea scheduled__2023-07-09T00:00:00+00:00 [queued]>
[2023-10-20 23:23:07,577] {taskinstance.py:1376} INFO - 
--------------------------------------------------------------------------------
[2023-10-20 23:23:07,581] {taskinstance.py:1377} INFO - Starting attempt 1 of 6
[2023-10-20 23:23:07,582] {taskinstance.py:1378} INFO - 
--------------------------------------------------------------------------------
[2023-10-20 23:23:07,610] {taskinstance.py:1397} INFO - Executing <Task(BashOperator): tercera_tarea> on 2023-07-09 00:00:00+00:00
[2023-10-20 23:23:07,619] {standard_task_runner.py:52} INFO - Started process 3389 to run task
[2023-10-20 23:23:07,623] {standard_task_runner.py:79} INFO - Running: ['***', 'tasks', 'run', 'mi_primer_dag_v3', 'tercera_tarea', 'scheduled__2023-07-09T00:00:00+00:00', '--job-id', '1035', '--raw', '--subdir', 'DAGS_FOLDER/primer_dag_v3.py', '--cfg-path', '/tmp/tmp5yfl2x3v', '--error-file', '/tmp/tmpbm44kwtu']
[2023-10-20 23:23:07,629] {standard_task_runner.py:80} INFO - Job 1035: Subtask tercera_tarea
[2023-10-20 23:23:07,805] {task_command.py:371} INFO - Running <TaskInstance: mi_primer_dag_v3.tercera_tarea scheduled__2023-07-09T00:00:00+00:00 [running]> on host dfdda228c9fc
[2023-10-20 23:23:07,968] {taskinstance.py:1591} INFO - Exporting the following env vars:
AIRFLOW_CTX_DAG_OWNER=DavidBU
AIRFLOW_CTX_DAG_ID=mi_primer_dag_v3
AIRFLOW_CTX_TASK_ID=tercera_tarea
AIRFLOW_CTX_EXECUTION_DATE=2023-07-09T00:00:00+00:00
AIRFLOW_CTX_TRY_NUMBER=1
AIRFLOW_CTX_DAG_RUN_ID=scheduled__2023-07-09T00:00:00+00:00
[2023-10-20 23:23:07,970] {subprocess.py:62} INFO - Tmp dir root location: 
 /tmp
[2023-10-20 23:23:07,972] {subprocess.py:74} INFO - Running command: ['bash', '-c', 'echo hola, soy la tarea 3 y sere corrida luego de Tarea 1 al mismo tiempo que Tarea 2']
[2023-10-20 23:23:07,986] {subprocess.py:85} INFO - Output:
[2023-10-20 23:23:07,989] {subprocess.py:92} INFO - hola, soy la tarea 3 y sere corrida luego de Tarea 1 al mismo tiempo que Tarea 2
[2023-10-20 23:23:07,990] {subprocess.py:96} INFO - Command exited with return code 0
[2023-10-20 23:23:08,068] {taskinstance.py:1420} INFO - Marking task as SUCCESS. dag_id=mi_primer_dag_v3, task_id=tercera_tarea, execution_date=20230709T000000, start_date=20231020T232307, end_date=20231020T232308
[2023-10-20 23:23:08,129] {local_task_job.py:156} INFO - Task exited with return code 0
[2023-10-20 23:23:08,289] {local_task_job.py:273} INFO - 0 downstream tasks scheduled from follow-on schedule check
