[2023-10-20 23:22:53,840] {taskinstance.py:1179} INFO - Dependencies all met for <TaskInstance: mi_primer_dag_v3.segunda_tarea scheduled__2023-06-11T00:00:00+00:00 [queued]>
[2023-10-20 23:22:53,856] {taskinstance.py:1179} INFO - Dependencies all met for <TaskInstance: mi_primer_dag_v3.segunda_tarea scheduled__2023-06-11T00:00:00+00:00 [queued]>
[2023-10-20 23:22:53,856] {taskinstance.py:1376} INFO - 
--------------------------------------------------------------------------------
[2023-10-20 23:22:53,857] {taskinstance.py:1377} INFO - Starting attempt 1 of 6
[2023-10-20 23:22:53,858] {taskinstance.py:1378} INFO - 
--------------------------------------------------------------------------------
[2023-10-20 23:22:53,876] {taskinstance.py:1397} INFO - Executing <Task(BashOperator): segunda_tarea> on 2023-06-11 00:00:00+00:00
[2023-10-20 23:22:53,883] {standard_task_runner.py:52} INFO - Started process 3121 to run task
[2023-10-20 23:22:53,887] {standard_task_runner.py:79} INFO - Running: ['***', 'tasks', 'run', 'mi_primer_dag_v3', 'segunda_tarea', 'scheduled__2023-06-11T00:00:00+00:00', '--job-id', '948', '--raw', '--subdir', 'DAGS_FOLDER/primer_dag_v3.py', '--cfg-path', '/tmp/tmptoo6rf7z', '--error-file', '/tmp/tmpjackhqy7']
[2023-10-20 23:22:53,889] {standard_task_runner.py:80} INFO - Job 948: Subtask segunda_tarea
[2023-10-20 23:22:53,978] {task_command.py:371} INFO - Running <TaskInstance: mi_primer_dag_v3.segunda_tarea scheduled__2023-06-11T00:00:00+00:00 [running]> on host dfdda228c9fc
[2023-10-20 23:22:54,074] {taskinstance.py:1591} INFO - Exporting the following env vars:
AIRFLOW_CTX_DAG_OWNER=DavidBU
AIRFLOW_CTX_DAG_ID=mi_primer_dag_v3
AIRFLOW_CTX_TASK_ID=segunda_tarea
AIRFLOW_CTX_EXECUTION_DATE=2023-06-11T00:00:00+00:00
AIRFLOW_CTX_TRY_NUMBER=1
AIRFLOW_CTX_DAG_RUN_ID=scheduled__2023-06-11T00:00:00+00:00
[2023-10-20 23:22:54,076] {subprocess.py:62} INFO - Tmp dir root location: 
 /tmp
[2023-10-20 23:22:54,077] {subprocess.py:74} INFO - Running command: ['bash', '-c', 'echo hola, soy la tarea 2 y sere corrida luego de la Tarea 1']
[2023-10-20 23:22:54,085] {subprocess.py:85} INFO - Output:
[2023-10-20 23:22:54,087] {subprocess.py:92} INFO - hola, soy la tarea 2 y sere corrida luego de la Tarea 1
[2023-10-20 23:22:54,087] {subprocess.py:96} INFO - Command exited with return code 0
[2023-10-20 23:22:54,125] {taskinstance.py:1420} INFO - Marking task as SUCCESS. dag_id=mi_primer_dag_v3, task_id=segunda_tarea, execution_date=20230611T000000, start_date=20231020T232253, end_date=20231020T232254
[2023-10-20 23:22:54,180] {local_task_job.py:156} INFO - Task exited with return code 0
[2023-10-20 23:22:54,219] {local_task_job.py:273} INFO - 0 downstream tasks scheduled from follow-on schedule check
