[2023-10-20 23:29:51,814] {taskinstance.py:1179} INFO - Dependencies all met for <TaskInstance: mi_primer_dag.primer_task scheduled__2023-02-01T00:00:00+00:00 [queued]>
[2023-10-20 23:29:51,827] {taskinstance.py:1179} INFO - Dependencies all met for <TaskInstance: mi_primer_dag.primer_task scheduled__2023-02-01T00:00:00+00:00 [queued]>
[2023-10-20 23:29:51,828] {taskinstance.py:1376} INFO - 
--------------------------------------------------------------------------------
[2023-10-20 23:29:51,828] {taskinstance.py:1377} INFO - Starting attempt 1 of 6
[2023-10-20 23:29:51,830] {taskinstance.py:1378} INFO - 
--------------------------------------------------------------------------------
[2023-10-20 23:29:51,851] {taskinstance.py:1397} INFO - Executing <Task(BashOperator): primer_task> on 2023-02-01 00:00:00+00:00
[2023-10-20 23:29:51,856] {standard_task_runner.py:52} INFO - Started process 1375 to run task
[2023-10-20 23:29:51,860] {standard_task_runner.py:79} INFO - Running: ['***', 'tasks', 'run', 'mi_primer_dag', 'primer_task', 'scheduled__2023-02-01T00:00:00+00:00', '--job-id', '1515', '--raw', '--subdir', 'DAGS_FOLDER/mi_primer_dag.py', '--cfg-path', '/tmp/tmpr7wo03av', '--error-file', '/tmp/tmpfofgn3iw']
[2023-10-20 23:29:51,863] {standard_task_runner.py:80} INFO - Job 1515: Subtask primer_task
[2023-10-20 23:29:51,947] {task_command.py:371} INFO - Running <TaskInstance: mi_primer_dag.primer_task scheduled__2023-02-01T00:00:00+00:00 [running]> on host dfdda228c9fc
[2023-10-20 23:29:52,034] {taskinstance.py:1591} INFO - Exporting the following env vars:
AIRFLOW_CTX_DAG_OWNER=DavidBU
AIRFLOW_CTX_DAG_ID=mi_primer_dag
AIRFLOW_CTX_TASK_ID=primer_task
AIRFLOW_CTX_EXECUTION_DATE=2023-02-01T00:00:00+00:00
AIRFLOW_CTX_TRY_NUMBER=1
AIRFLOW_CTX_DAG_RUN_ID=scheduled__2023-02-01T00:00:00+00:00
[2023-10-20 23:29:52,035] {subprocess.py:62} INFO - Tmp dir root location: 
 /tmp
[2023-10-20 23:29:52,036] {subprocess.py:74} INFO - Running command: ['bash', '-c', 'echo hola mundo, esta es nuestra primera tarea usando bash operator!']
[2023-10-20 23:29:52,045] {subprocess.py:85} INFO - Output:
[2023-10-20 23:29:52,046] {subprocess.py:92} INFO - hola mundo, esta es nuestra primera tarea usando bash operator!
[2023-10-20 23:29:52,047] {subprocess.py:96} INFO - Command exited with return code 0
[2023-10-20 23:29:52,073] {taskinstance.py:1420} INFO - Marking task as SUCCESS. dag_id=mi_primer_dag, task_id=primer_task, execution_date=20230201T000000, start_date=20231020T232951, end_date=20231020T232952
[2023-10-20 23:29:52,112] {local_task_job.py:156} INFO - Task exited with return code 0
[2023-10-20 23:29:52,141] {local_task_job.py:273} INFO - 0 downstream tasks scheduled from follow-on schedule check
