[2023-10-20 23:28:54,993] {taskinstance.py:1179} INFO - Dependencies all met for <TaskInstance: mi_primer_dag.primer_task scheduled__2022-09-21T00:00:00+00:00 [queued]>
[2023-10-20 23:28:55,007] {taskinstance.py:1179} INFO - Dependencies all met for <TaskInstance: mi_primer_dag.primer_task scheduled__2022-09-21T00:00:00+00:00 [queued]>
[2023-10-20 23:28:55,007] {taskinstance.py:1376} INFO - 
--------------------------------------------------------------------------------
[2023-10-20 23:28:55,008] {taskinstance.py:1377} INFO - Starting attempt 1 of 6
[2023-10-20 23:28:55,009] {taskinstance.py:1378} INFO - 
--------------------------------------------------------------------------------
[2023-10-20 23:28:55,030] {taskinstance.py:1397} INFO - Executing <Task(BashOperator): primer_task> on 2022-09-21 00:00:00+00:00
[2023-10-20 23:28:55,036] {standard_task_runner.py:52} INFO - Started process 914 to run task
[2023-10-20 23:28:55,040] {standard_task_runner.py:79} INFO - Running: ['***', 'tasks', 'run', 'mi_primer_dag', 'primer_task', 'scheduled__2022-09-21T00:00:00+00:00', '--job-id', '1381', '--raw', '--subdir', 'DAGS_FOLDER/mi_primer_dag.py', '--cfg-path', '/tmp/tmpcn6lpkij', '--error-file', '/tmp/tmp_wh09bab']
[2023-10-20 23:28:55,042] {standard_task_runner.py:80} INFO - Job 1381: Subtask primer_task
[2023-10-20 23:28:55,125] {task_command.py:371} INFO - Running <TaskInstance: mi_primer_dag.primer_task scheduled__2022-09-21T00:00:00+00:00 [running]> on host dfdda228c9fc
[2023-10-20 23:28:55,220] {taskinstance.py:1591} INFO - Exporting the following env vars:
AIRFLOW_CTX_DAG_OWNER=DavidBU
AIRFLOW_CTX_DAG_ID=mi_primer_dag
AIRFLOW_CTX_TASK_ID=primer_task
AIRFLOW_CTX_EXECUTION_DATE=2022-09-21T00:00:00+00:00
AIRFLOW_CTX_TRY_NUMBER=1
AIRFLOW_CTX_DAG_RUN_ID=scheduled__2022-09-21T00:00:00+00:00
[2023-10-20 23:28:55,221] {subprocess.py:62} INFO - Tmp dir root location: 
 /tmp
[2023-10-20 23:28:55,222] {subprocess.py:74} INFO - Running command: ['bash', '-c', 'echo hola mundo, esta es nuestra primera tarea usando bash operator!']
[2023-10-20 23:28:55,231] {subprocess.py:85} INFO - Output:
[2023-10-20 23:28:55,233] {subprocess.py:92} INFO - hola mundo, esta es nuestra primera tarea usando bash operator!
[2023-10-20 23:28:55,234] {subprocess.py:96} INFO - Command exited with return code 0
[2023-10-20 23:28:55,270] {taskinstance.py:1420} INFO - Marking task as SUCCESS. dag_id=mi_primer_dag, task_id=primer_task, execution_date=20220921T000000, start_date=20231020T232854, end_date=20231020T232855
[2023-10-20 23:28:55,292] {local_task_job.py:156} INFO - Task exited with return code 0
[2023-10-20 23:28:55,325] {local_task_job.py:273} INFO - 0 downstream tasks scheduled from follow-on schedule check
