[2023-10-20 23:34:06,980] {taskinstance.py:1179} INFO - Dependencies all met for <TaskInstance: mi_primer_dar_con_PythonOperator.aloha_david scheduled__2023-04-04T00:00:00+00:00 [queued]>
[2023-10-20 23:34:06,990] {taskinstance.py:1179} INFO - Dependencies all met for <TaskInstance: mi_primer_dar_con_PythonOperator.aloha_david scheduled__2023-04-04T00:00:00+00:00 [queued]>
[2023-10-20 23:34:06,991] {taskinstance.py:1376} INFO - 
--------------------------------------------------------------------------------
[2023-10-20 23:34:06,992] {taskinstance.py:1377} INFO - Starting attempt 1 of 6
[2023-10-20 23:34:06,992] {taskinstance.py:1378} INFO - 
--------------------------------------------------------------------------------
[2023-10-20 23:34:07,006] {taskinstance.py:1397} INFO - Executing <Task(PythonOperator): aloha_david> on 2023-04-04 00:00:00+00:00
[2023-10-20 23:34:07,011] {standard_task_runner.py:52} INFO - Started process 962 to run task
[2023-10-20 23:34:07,014] {standard_task_runner.py:79} INFO - Running: ['***', 'tasks', 'run', 'mi_primer_dar_con_PythonOperator', 'aloha_david', 'scheduled__2023-04-04T00:00:00+00:00', '--job-id', '1859', '--raw', '--subdir', 'DAGS_FOLDER/mi_primer_dag_pythonoperator.py', '--cfg-path', '/tmp/tmpa8777xe6', '--error-file', '/tmp/tmprixfzukk']
[2023-10-20 23:34:07,015] {standard_task_runner.py:80} INFO - Job 1859: Subtask aloha_david
[2023-10-20 23:34:07,080] {task_command.py:371} INFO - Running <TaskInstance: mi_primer_dar_con_PythonOperator.aloha_david scheduled__2023-04-04T00:00:00+00:00 [running]> on host dfdda228c9fc
[2023-10-20 23:34:07,169] {taskinstance.py:1591} INFO - Exporting the following env vars:
AIRFLOW_CTX_DAG_OWNER=DavidBU
AIRFLOW_CTX_DAG_ID=mi_primer_dar_con_PythonOperator
AIRFLOW_CTX_TASK_ID=aloha_david
AIRFLOW_CTX_EXECUTION_DATE=2023-04-04T00:00:00+00:00
AIRFLOW_CTX_TRY_NUMBER=1
AIRFLOW_CTX_DAG_RUN_ID=scheduled__2023-04-04T00:00:00+00:00
[2023-10-20 23:34:07,171] {logging_mixin.py:115} INFO - Aloha Mundo soy yo!
[2023-10-20 23:34:07,172] {python.py:173} INFO - Done. Returned value was: None
[2023-10-20 23:34:07,197] {taskinstance.py:1420} INFO - Marking task as SUCCESS. dag_id=mi_primer_dar_con_PythonOperator, task_id=aloha_david, execution_date=20230404T000000, start_date=20231020T233406, end_date=20231020T233407
[2023-10-20 23:34:07,226] {local_task_job.py:156} INFO - Task exited with return code 0
[2023-10-20 23:34:07,272] {local_task_job.py:273} INFO - 0 downstream tasks scheduled from follow-on schedule check
