[2023-10-20 23:23:01,245] {taskinstance.py:1179} INFO - Dependencies all met for <TaskInstance: mi_primer_dag_v3.primera_tarea scheduled__2023-06-27T00:00:00+00:00 [queued]>
[2023-10-20 23:23:01,260] {taskinstance.py:1179} INFO - Dependencies all met for <TaskInstance: mi_primer_dag_v3.primera_tarea scheduled__2023-06-27T00:00:00+00:00 [queued]>
[2023-10-20 23:23:01,261] {taskinstance.py:1376} INFO - 
--------------------------------------------------------------------------------
[2023-10-20 23:23:01,262] {taskinstance.py:1377} INFO - Starting attempt 1 of 6
[2023-10-20 23:23:01,263] {taskinstance.py:1378} INFO - 
--------------------------------------------------------------------------------
[2023-10-20 23:23:01,286] {taskinstance.py:1397} INFO - Executing <Task(BashOperator): primera_tarea> on 2023-06-27 00:00:00+00:00
[2023-10-20 23:23:01,292] {standard_task_runner.py:52} INFO - Started process 3245 to run task
[2023-10-20 23:23:01,296] {standard_task_runner.py:79} INFO - Running: ['***', 'tasks', 'run', 'mi_primer_dag_v3', 'primera_tarea', 'scheduled__2023-06-27T00:00:00+00:00', '--job-id', '989', '--raw', '--subdir', 'DAGS_FOLDER/primer_dag_v3.py', '--cfg-path', '/tmp/tmpgxpsm2jw', '--error-file', '/tmp/tmpjejs3ysx']
[2023-10-20 23:23:01,298] {standard_task_runner.py:80} INFO - Job 989: Subtask primera_tarea
[2023-10-20 23:23:01,383] {task_command.py:371} INFO - Running <TaskInstance: mi_primer_dag_v3.primera_tarea scheduled__2023-06-27T00:00:00+00:00 [running]> on host dfdda228c9fc
[2023-10-20 23:23:01,488] {taskinstance.py:1591} INFO - Exporting the following env vars:
AIRFLOW_CTX_DAG_OWNER=DavidBU
AIRFLOW_CTX_DAG_ID=mi_primer_dag_v3
AIRFLOW_CTX_TASK_ID=primera_tarea
AIRFLOW_CTX_EXECUTION_DATE=2023-06-27T00:00:00+00:00
AIRFLOW_CTX_TRY_NUMBER=1
AIRFLOW_CTX_DAG_RUN_ID=scheduled__2023-06-27T00:00:00+00:00
[2023-10-20 23:23:01,490] {subprocess.py:62} INFO - Tmp dir root location: 
 /tmp
[2023-10-20 23:23:01,491] {subprocess.py:74} INFO - Running command: ['bash', '-c', 'echo hola mundo, esta es nuestra primera tarea!']
[2023-10-20 23:23:01,501] {subprocess.py:85} INFO - Output:
[2023-10-20 23:23:01,502] {subprocess.py:92} INFO - hola mundo, esta es nuestra primera tarea!
[2023-10-20 23:23:01,503] {subprocess.py:96} INFO - Command exited with return code 0
[2023-10-20 23:23:01,537] {taskinstance.py:1420} INFO - Marking task as SUCCESS. dag_id=mi_primer_dag_v3, task_id=primera_tarea, execution_date=20230627T000000, start_date=20231020T232301, end_date=20231020T232301
[2023-10-20 23:23:01,589] {local_task_job.py:156} INFO - Task exited with return code 0
[2023-10-20 23:23:01,654] {local_task_job.py:273} INFO - 2 downstream tasks scheduled from follow-on schedule check
