[2023-10-20 23:39:08,151] {taskinstance.py:1179} INFO - Dependencies all met for <TaskInstance: mi_primer_dar_con_PythonOperator.aloha_david scheduled__2023-07-13T00:00:00+00:00 [queued]>
[2023-10-20 23:39:08,169] {taskinstance.py:1179} INFO - Dependencies all met for <TaskInstance: mi_primer_dar_con_PythonOperator.aloha_david scheduled__2023-07-13T00:00:00+00:00 [queued]>
[2023-10-20 23:39:08,169] {taskinstance.py:1376} INFO - 
--------------------------------------------------------------------------------
[2023-10-20 23:39:08,171] {taskinstance.py:1377} INFO - Starting attempt 1 of 6
[2023-10-20 23:39:08,171] {taskinstance.py:1378} INFO - 
--------------------------------------------------------------------------------
[2023-10-20 23:39:08,204] {taskinstance.py:1397} INFO - Executing <Task(PythonOperator): aloha_david> on 2023-07-13 00:00:00+00:00
[2023-10-20 23:39:08,210] {standard_task_runner.py:52} INFO - Started process 214 to run task
[2023-10-20 23:39:08,214] {standard_task_runner.py:79} INFO - Running: ['***', 'tasks', 'run', 'mi_primer_dar_con_PythonOperator', 'aloha_david', 'scheduled__2023-07-13T00:00:00+00:00', '--job-id', '1960', '--raw', '--subdir', 'DAGS_FOLDER/mi_primer_dag_pythonoperator.py', '--cfg-path', '/tmp/tmp7ugkl4cm', '--error-file', '/tmp/tmpvoe33uar']
[2023-10-20 23:39:08,216] {standard_task_runner.py:80} INFO - Job 1960: Subtask aloha_david
[2023-10-20 23:39:08,339] {task_command.py:371} INFO - Running <TaskInstance: mi_primer_dar_con_PythonOperator.aloha_david scheduled__2023-07-13T00:00:00+00:00 [running]> on host dfdda228c9fc
[2023-10-20 23:39:08,524] {taskinstance.py:1591} INFO - Exporting the following env vars:
AIRFLOW_CTX_DAG_OWNER=DavidBU
AIRFLOW_CTX_DAG_ID=mi_primer_dar_con_PythonOperator
AIRFLOW_CTX_TASK_ID=aloha_david
AIRFLOW_CTX_EXECUTION_DATE=2023-07-13T00:00:00+00:00
AIRFLOW_CTX_TRY_NUMBER=1
AIRFLOW_CTX_DAG_RUN_ID=scheduled__2023-07-13T00:00:00+00:00
[2023-10-20 23:39:08,526] {logging_mixin.py:115} INFO - Aloha Mundo soy yo!
[2023-10-20 23:39:08,526] {python.py:173} INFO - Done. Returned value was: None
[2023-10-20 23:39:08,542] {taskinstance.py:1420} INFO - Marking task as SUCCESS. dag_id=mi_primer_dar_con_PythonOperator, task_id=aloha_david, execution_date=20230713T000000, start_date=20231020T233908, end_date=20231020T233908
[2023-10-20 23:39:08,587] {local_task_job.py:156} INFO - Task exited with return code 0
[2023-10-20 23:39:08,634] {local_task_job.py:273} INFO - 0 downstream tasks scheduled from follow-on schedule check
