[2023-10-20 23:32:53,400] {taskinstance.py:1179} INFO - Dependencies all met for <TaskInstance: mi_primer_dar_con_PythonOperator.aloha_david scheduled__2022-11-19T00:00:00+00:00 [queued]>
[2023-10-20 23:32:53,414] {taskinstance.py:1179} INFO - Dependencies all met for <TaskInstance: mi_primer_dar_con_PythonOperator.aloha_david scheduled__2022-11-19T00:00:00+00:00 [queued]>
[2023-10-20 23:32:53,416] {taskinstance.py:1376} INFO - 
--------------------------------------------------------------------------------
[2023-10-20 23:32:53,418] {taskinstance.py:1377} INFO - Starting attempt 1 of 6
[2023-10-20 23:32:53,419] {taskinstance.py:1378} INFO - 
--------------------------------------------------------------------------------
[2023-10-20 23:32:53,441] {taskinstance.py:1397} INFO - Executing <Task(PythonOperator): aloha_david> on 2022-11-19 00:00:00+00:00
[2023-10-20 23:32:53,446] {standard_task_runner.py:52} INFO - Started process 585 to run task
[2023-10-20 23:32:53,450] {standard_task_runner.py:79} INFO - Running: ['***', 'tasks', 'run', 'mi_primer_dar_con_PythonOperator', 'aloha_david', 'scheduled__2022-11-19T00:00:00+00:00', '--job-id', '1723', '--raw', '--subdir', 'DAGS_FOLDER/mi_primer_dag_pythonoperator.py', '--cfg-path', '/tmp/tmpdu0uvpcr', '--error-file', '/tmp/tmppwv606x9']
[2023-10-20 23:32:53,452] {standard_task_runner.py:80} INFO - Job 1723: Subtask aloha_david
[2023-10-20 23:32:53,535] {task_command.py:371} INFO - Running <TaskInstance: mi_primer_dar_con_PythonOperator.aloha_david scheduled__2022-11-19T00:00:00+00:00 [running]> on host dfdda228c9fc
[2023-10-20 23:32:53,618] {taskinstance.py:1591} INFO - Exporting the following env vars:
AIRFLOW_CTX_DAG_OWNER=DavidBU
AIRFLOW_CTX_DAG_ID=mi_primer_dar_con_PythonOperator
AIRFLOW_CTX_TASK_ID=aloha_david
AIRFLOW_CTX_EXECUTION_DATE=2022-11-19T00:00:00+00:00
AIRFLOW_CTX_TRY_NUMBER=1
AIRFLOW_CTX_DAG_RUN_ID=scheduled__2022-11-19T00:00:00+00:00
[2023-10-20 23:32:53,619] {logging_mixin.py:115} INFO - Aloha Mundo soy yo!
[2023-10-20 23:32:53,620] {python.py:173} INFO - Done. Returned value was: None
[2023-10-20 23:32:53,634] {taskinstance.py:1420} INFO - Marking task as SUCCESS. dag_id=mi_primer_dar_con_PythonOperator, task_id=aloha_david, execution_date=20221119T000000, start_date=20231020T233253, end_date=20231020T233253
[2023-10-20 23:32:53,662] {local_task_job.py:156} INFO - Task exited with return code 0
[2023-10-20 23:32:53,699] {local_task_job.py:273} INFO - 0 downstream tasks scheduled from follow-on schedule check
