[2023-10-20 23:22:26,936] {taskinstance.py:1179} INFO - Dependencies all met for <TaskInstance: mi_primer_dag_v3.tercera_tarea scheduled__2023-04-11T00:00:00+00:00 [queued]>
[2023-10-20 23:22:26,951] {taskinstance.py:1179} INFO - Dependencies all met for <TaskInstance: mi_primer_dag_v3.tercera_tarea scheduled__2023-04-11T00:00:00+00:00 [queued]>
[2023-10-20 23:22:26,952] {taskinstance.py:1376} INFO - 
--------------------------------------------------------------------------------
[2023-10-20 23:22:26,953] {taskinstance.py:1377} INFO - Starting attempt 1 of 6
[2023-10-20 23:22:26,953] {taskinstance.py:1378} INFO - 
--------------------------------------------------------------------------------
[2023-10-20 23:22:26,972] {taskinstance.py:1397} INFO - Executing <Task(BashOperator): tercera_tarea> on 2023-04-11 00:00:00+00:00
[2023-10-20 23:22:26,977] {standard_task_runner.py:52} INFO - Started process 2561 to run task
[2023-10-20 23:22:26,980] {standard_task_runner.py:79} INFO - Running: ['***', 'tasks', 'run', 'mi_primer_dag_v3', 'tercera_tarea', 'scheduled__2023-04-11T00:00:00+00:00', '--job-id', '765', '--raw', '--subdir', 'DAGS_FOLDER/primer_dag_v3.py', '--cfg-path', '/tmp/tmpqdfo7k55', '--error-file', '/tmp/tmpcx2zn7lj']
[2023-10-20 23:22:26,982] {standard_task_runner.py:80} INFO - Job 765: Subtask tercera_tarea
[2023-10-20 23:22:27,063] {task_command.py:371} INFO - Running <TaskInstance: mi_primer_dag_v3.tercera_tarea scheduled__2023-04-11T00:00:00+00:00 [running]> on host dfdda228c9fc
[2023-10-20 23:22:27,157] {taskinstance.py:1591} INFO - Exporting the following env vars:
AIRFLOW_CTX_DAG_OWNER=DavidBU
AIRFLOW_CTX_DAG_ID=mi_primer_dag_v3
AIRFLOW_CTX_TASK_ID=tercera_tarea
AIRFLOW_CTX_EXECUTION_DATE=2023-04-11T00:00:00+00:00
AIRFLOW_CTX_TRY_NUMBER=1
AIRFLOW_CTX_DAG_RUN_ID=scheduled__2023-04-11T00:00:00+00:00
[2023-10-20 23:22:27,159] {subprocess.py:62} INFO - Tmp dir root location: 
 /tmp
[2023-10-20 23:22:27,160] {subprocess.py:74} INFO - Running command: ['bash', '-c', 'echo hola, soy la tarea 3 y sere corrida luego de Tarea 1 al mismo tiempo que Tarea 2']
[2023-10-20 23:22:27,169] {subprocess.py:85} INFO - Output:
[2023-10-20 23:22:27,171] {subprocess.py:92} INFO - hola, soy la tarea 3 y sere corrida luego de Tarea 1 al mismo tiempo que Tarea 2
[2023-10-20 23:22:27,171] {subprocess.py:96} INFO - Command exited with return code 0
[2023-10-20 23:22:27,203] {taskinstance.py:1420} INFO - Marking task as SUCCESS. dag_id=mi_primer_dag_v3, task_id=tercera_tarea, execution_date=20230411T000000, start_date=20231020T232226, end_date=20231020T232227
[2023-10-20 23:22:27,232] {local_task_job.py:156} INFO - Task exited with return code 0
[2023-10-20 23:22:27,268] {local_task_job.py:273} INFO - 0 downstream tasks scheduled from follow-on schedule check
