[2023-10-20 23:33:32,925] {taskinstance.py:1179} INFO - Dependencies all met for <TaskInstance: mi_primer_dar_con_PythonOperator.aloha_david scheduled__2023-01-25T00:00:00+00:00 [queued]>
[2023-10-20 23:33:32,937] {taskinstance.py:1179} INFO - Dependencies all met for <TaskInstance: mi_primer_dar_con_PythonOperator.aloha_david scheduled__2023-01-25T00:00:00+00:00 [queued]>
[2023-10-20 23:33:32,938] {taskinstance.py:1376} INFO - 
--------------------------------------------------------------------------------
[2023-10-20 23:33:32,939] {taskinstance.py:1377} INFO - Starting attempt 1 of 6
[2023-10-20 23:33:32,939] {taskinstance.py:1378} INFO - 
--------------------------------------------------------------------------------
[2023-10-20 23:33:32,957] {taskinstance.py:1397} INFO - Executing <Task(PythonOperator): aloha_david> on 2023-01-25 00:00:00+00:00
[2023-10-20 23:33:32,962] {standard_task_runner.py:52} INFO - Started process 766 to run task
[2023-10-20 23:33:32,965] {standard_task_runner.py:79} INFO - Running: ['***', 'tasks', 'run', 'mi_primer_dar_con_PythonOperator', 'aloha_david', 'scheduled__2023-01-25T00:00:00+00:00', '--job-id', '1790', '--raw', '--subdir', 'DAGS_FOLDER/mi_primer_dag_pythonoperator.py', '--cfg-path', '/tmp/tmpro701yge', '--error-file', '/tmp/tmp92w1_hkv']
[2023-10-20 23:33:32,966] {standard_task_runner.py:80} INFO - Job 1790: Subtask aloha_david
[2023-10-20 23:33:33,044] {task_command.py:371} INFO - Running <TaskInstance: mi_primer_dar_con_PythonOperator.aloha_david scheduled__2023-01-25T00:00:00+00:00 [running]> on host dfdda228c9fc
[2023-10-20 23:33:33,130] {taskinstance.py:1591} INFO - Exporting the following env vars:
AIRFLOW_CTX_DAG_OWNER=DavidBU
AIRFLOW_CTX_DAG_ID=mi_primer_dar_con_PythonOperator
AIRFLOW_CTX_TASK_ID=aloha_david
AIRFLOW_CTX_EXECUTION_DATE=2023-01-25T00:00:00+00:00
AIRFLOW_CTX_TRY_NUMBER=1
AIRFLOW_CTX_DAG_RUN_ID=scheduled__2023-01-25T00:00:00+00:00
[2023-10-20 23:33:33,131] {logging_mixin.py:115} INFO - Aloha Mundo soy yo!
[2023-10-20 23:33:33,132] {python.py:173} INFO - Done. Returned value was: None
[2023-10-20 23:33:33,193] {taskinstance.py:1420} INFO - Marking task as SUCCESS. dag_id=mi_primer_dar_con_PythonOperator, task_id=aloha_david, execution_date=20230125T000000, start_date=20231020T233332, end_date=20231020T233333
[2023-10-20 23:33:33,217] {local_task_job.py:156} INFO - Task exited with return code 0
[2023-10-20 23:33:33,256] {local_task_job.py:273} INFO - 0 downstream tasks scheduled from follow-on schedule check
