[2023-10-20 23:21:55,363] {taskinstance.py:1179} INFO - Dependencies all met for <TaskInstance: mi_primer_dag_v3.primera_tarea scheduled__2023-02-10T00:00:00+00:00 [queued]>
[2023-10-20 23:21:55,377] {taskinstance.py:1179} INFO - Dependencies all met for <TaskInstance: mi_primer_dag_v3.primera_tarea scheduled__2023-02-10T00:00:00+00:00 [queued]>
[2023-10-20 23:21:55,378] {taskinstance.py:1376} INFO - 
--------------------------------------------------------------------------------
[2023-10-20 23:21:55,380] {taskinstance.py:1377} INFO - Starting attempt 1 of 6
[2023-10-20 23:21:55,381] {taskinstance.py:1378} INFO - 
--------------------------------------------------------------------------------
[2023-10-20 23:21:55,413] {taskinstance.py:1397} INFO - Executing <Task(BashOperator): primera_tarea> on 2023-02-10 00:00:00+00:00
[2023-10-20 23:21:55,419] {standard_task_runner.py:52} INFO - Started process 1971 to run task
[2023-10-20 23:21:55,425] {standard_task_runner.py:79} INFO - Running: ['***', 'tasks', 'run', 'mi_primer_dag_v3', 'primera_tarea', 'scheduled__2023-02-10T00:00:00+00:00', '--job-id', '572', '--raw', '--subdir', 'DAGS_FOLDER/primer_dag_v3.py', '--cfg-path', '/tmp/tmpl2aupeuu', '--error-file', '/tmp/tmphae8nlh1']
[2023-10-20 23:21:55,428] {standard_task_runner.py:80} INFO - Job 572: Subtask primera_tarea
[2023-10-20 23:21:55,547] {task_command.py:371} INFO - Running <TaskInstance: mi_primer_dag_v3.primera_tarea scheduled__2023-02-10T00:00:00+00:00 [running]> on host dfdda228c9fc
[2023-10-20 23:21:55,705] {taskinstance.py:1591} INFO - Exporting the following env vars:
AIRFLOW_CTX_DAG_OWNER=DavidBU
AIRFLOW_CTX_DAG_ID=mi_primer_dag_v3
AIRFLOW_CTX_TASK_ID=primera_tarea
AIRFLOW_CTX_EXECUTION_DATE=2023-02-10T00:00:00+00:00
AIRFLOW_CTX_TRY_NUMBER=1
AIRFLOW_CTX_DAG_RUN_ID=scheduled__2023-02-10T00:00:00+00:00
[2023-10-20 23:21:55,707] {subprocess.py:62} INFO - Tmp dir root location: 
 /tmp
[2023-10-20 23:21:55,709] {subprocess.py:74} INFO - Running command: ['bash', '-c', 'echo hola mundo, esta es nuestra primera tarea!']
[2023-10-20 23:21:55,721] {subprocess.py:85} INFO - Output:
[2023-10-20 23:21:55,723] {subprocess.py:92} INFO - hola mundo, esta es nuestra primera tarea!
[2023-10-20 23:21:55,724] {subprocess.py:96} INFO - Command exited with return code 0
[2023-10-20 23:21:55,829] {taskinstance.py:1420} INFO - Marking task as SUCCESS. dag_id=mi_primer_dag_v3, task_id=primera_tarea, execution_date=20230210T000000, start_date=20231020T232155, end_date=20231020T232155
[2023-10-20 23:21:55,884] {local_task_job.py:156} INFO - Task exited with return code 0
[2023-10-20 23:21:55,958] {local_task_job.py:273} INFO - 2 downstream tasks scheduled from follow-on schedule check
