[2023-10-20 23:23:15,016] {taskinstance.py:1179} INFO - Dependencies all met for <TaskInstance: mi_primer_dag_v3.tercera_tarea scheduled__2023-07-24T00:00:00+00:00 [queued]>
[2023-10-20 23:23:15,042] {taskinstance.py:1179} INFO - Dependencies all met for <TaskInstance: mi_primer_dag_v3.tercera_tarea scheduled__2023-07-24T00:00:00+00:00 [queued]>
[2023-10-20 23:23:15,043] {taskinstance.py:1376} INFO - 
--------------------------------------------------------------------------------
[2023-10-20 23:23:15,044] {taskinstance.py:1377} INFO - Starting attempt 1 of 6
[2023-10-20 23:23:15,044] {taskinstance.py:1378} INFO - 
--------------------------------------------------------------------------------
[2023-10-20 23:23:15,068] {taskinstance.py:1397} INFO - Executing <Task(BashOperator): tercera_tarea> on 2023-07-24 00:00:00+00:00
[2023-10-20 23:23:15,074] {standard_task_runner.py:52} INFO - Started process 3531 to run task
[2023-10-20 23:23:15,079] {standard_task_runner.py:79} INFO - Running: ['***', 'tasks', 'run', 'mi_primer_dag_v3', 'tercera_tarea', 'scheduled__2023-07-24T00:00:00+00:00', '--job-id', '1080', '--raw', '--subdir', 'DAGS_FOLDER/primer_dag_v3.py', '--cfg-path', '/tmp/tmp3k6qow41', '--error-file', '/tmp/tmpsnul1mzt']
[2023-10-20 23:23:15,081] {standard_task_runner.py:80} INFO - Job 1080: Subtask tercera_tarea
[2023-10-20 23:23:15,201] {task_command.py:371} INFO - Running <TaskInstance: mi_primer_dag_v3.tercera_tarea scheduled__2023-07-24T00:00:00+00:00 [running]> on host dfdda228c9fc
[2023-10-20 23:23:15,349] {taskinstance.py:1591} INFO - Exporting the following env vars:
AIRFLOW_CTX_DAG_OWNER=DavidBU
AIRFLOW_CTX_DAG_ID=mi_primer_dag_v3
AIRFLOW_CTX_TASK_ID=tercera_tarea
AIRFLOW_CTX_EXECUTION_DATE=2023-07-24T00:00:00+00:00
AIRFLOW_CTX_TRY_NUMBER=1
AIRFLOW_CTX_DAG_RUN_ID=scheduled__2023-07-24T00:00:00+00:00
[2023-10-20 23:23:15,351] {subprocess.py:62} INFO - Tmp dir root location: 
 /tmp
[2023-10-20 23:23:15,352] {subprocess.py:74} INFO - Running command: ['bash', '-c', 'echo hola, soy la tarea 3 y sere corrida luego de Tarea 1 al mismo tiempo que Tarea 2']
[2023-10-20 23:23:15,364] {subprocess.py:85} INFO - Output:
[2023-10-20 23:23:15,367] {subprocess.py:92} INFO - hola, soy la tarea 3 y sere corrida luego de Tarea 1 al mismo tiempo que Tarea 2
[2023-10-20 23:23:15,368] {subprocess.py:96} INFO - Command exited with return code 0
[2023-10-20 23:23:15,419] {taskinstance.py:1420} INFO - Marking task as SUCCESS. dag_id=mi_primer_dag_v3, task_id=tercera_tarea, execution_date=20230724T000000, start_date=20231020T232315, end_date=20231020T232315
[2023-10-20 23:23:15,453] {local_task_job.py:156} INFO - Task exited with return code 0
[2023-10-20 23:23:15,516] {local_task_job.py:273} INFO - 0 downstream tasks scheduled from follow-on schedule check
