[2023-10-20 23:32:59,836] {taskinstance.py:1179} INFO - Dependencies all met for <TaskInstance: mi_primer_dar_con_PythonOperator.aloha_david scheduled__2022-11-29T00:00:00+00:00 [queued]>
[2023-10-20 23:32:59,847] {taskinstance.py:1179} INFO - Dependencies all met for <TaskInstance: mi_primer_dar_con_PythonOperator.aloha_david scheduled__2022-11-29T00:00:00+00:00 [queued]>
[2023-10-20 23:32:59,848] {taskinstance.py:1376} INFO - 
--------------------------------------------------------------------------------
[2023-10-20 23:32:59,848] {taskinstance.py:1377} INFO - Starting attempt 1 of 6
[2023-10-20 23:32:59,849] {taskinstance.py:1378} INFO - 
--------------------------------------------------------------------------------
[2023-10-20 23:32:59,867] {taskinstance.py:1397} INFO - Executing <Task(PythonOperator): aloha_david> on 2022-11-29 00:00:00+00:00
[2023-10-20 23:32:59,872] {standard_task_runner.py:52} INFO - Started process 607 to run task
[2023-10-20 23:32:59,876] {standard_task_runner.py:79} INFO - Running: ['***', 'tasks', 'run', 'mi_primer_dar_con_PythonOperator', 'aloha_david', 'scheduled__2022-11-29T00:00:00+00:00', '--job-id', '1733', '--raw', '--subdir', 'DAGS_FOLDER/mi_primer_dag_pythonoperator.py', '--cfg-path', '/tmp/tmp2cmprhs6', '--error-file', '/tmp/tmpn76au_0u']
[2023-10-20 23:32:59,878] {standard_task_runner.py:80} INFO - Job 1733: Subtask aloha_david
[2023-10-20 23:32:59,960] {task_command.py:371} INFO - Running <TaskInstance: mi_primer_dar_con_PythonOperator.aloha_david scheduled__2022-11-29T00:00:00+00:00 [running]> on host dfdda228c9fc
[2023-10-20 23:33:00,053] {taskinstance.py:1591} INFO - Exporting the following env vars:
AIRFLOW_CTX_DAG_OWNER=DavidBU
AIRFLOW_CTX_DAG_ID=mi_primer_dar_con_PythonOperator
AIRFLOW_CTX_TASK_ID=aloha_david
AIRFLOW_CTX_EXECUTION_DATE=2022-11-29T00:00:00+00:00
AIRFLOW_CTX_TRY_NUMBER=1
AIRFLOW_CTX_DAG_RUN_ID=scheduled__2022-11-29T00:00:00+00:00
[2023-10-20 23:33:00,055] {logging_mixin.py:115} INFO - Aloha Mundo soy yo!
[2023-10-20 23:33:00,055] {python.py:173} INFO - Done. Returned value was: None
[2023-10-20 23:33:00,102] {taskinstance.py:1420} INFO - Marking task as SUCCESS. dag_id=mi_primer_dar_con_PythonOperator, task_id=aloha_david, execution_date=20221129T000000, start_date=20231020T233259, end_date=20231020T233300
[2023-10-20 23:33:00,128] {local_task_job.py:156} INFO - Task exited with return code 0
[2023-10-20 23:33:00,172] {local_task_job.py:273} INFO - 0 downstream tasks scheduled from follow-on schedule check
