[2023-10-20 23:22:20,772] {taskinstance.py:1179} INFO - Dependencies all met for <TaskInstance: mi_primer_dag_v3.primera_tarea scheduled__2023-03-29T00:00:00+00:00 [queued]>
[2023-10-20 23:22:20,786] {taskinstance.py:1179} INFO - Dependencies all met for <TaskInstance: mi_primer_dag_v3.primera_tarea scheduled__2023-03-29T00:00:00+00:00 [queued]>
[2023-10-20 23:22:20,787] {taskinstance.py:1376} INFO - 
--------------------------------------------------------------------------------
[2023-10-20 23:22:20,788] {taskinstance.py:1377} INFO - Starting attempt 1 of 6
[2023-10-20 23:22:20,789] {taskinstance.py:1378} INFO - 
--------------------------------------------------------------------------------
[2023-10-20 23:22:20,818] {taskinstance.py:1397} INFO - Executing <Task(BashOperator): primera_tarea> on 2023-03-29 00:00:00+00:00
[2023-10-20 23:22:20,825] {standard_task_runner.py:52} INFO - Started process 2411 to run task
[2023-10-20 23:22:20,829] {standard_task_runner.py:79} INFO - Running: ['***', 'tasks', 'run', 'mi_primer_dag_v3', 'primera_tarea', 'scheduled__2023-03-29T00:00:00+00:00', '--job-id', '715', '--raw', '--subdir', 'DAGS_FOLDER/primer_dag_v3.py', '--cfg-path', '/tmp/tmpo23h8zx4', '--error-file', '/tmp/tmpt04um8v_']
[2023-10-20 23:22:20,831] {standard_task_runner.py:80} INFO - Job 715: Subtask primera_tarea
[2023-10-20 23:22:20,933] {task_command.py:371} INFO - Running <TaskInstance: mi_primer_dag_v3.primera_tarea scheduled__2023-03-29T00:00:00+00:00 [running]> on host dfdda228c9fc
[2023-10-20 23:22:21,056] {taskinstance.py:1591} INFO - Exporting the following env vars:
AIRFLOW_CTX_DAG_OWNER=DavidBU
AIRFLOW_CTX_DAG_ID=mi_primer_dag_v3
AIRFLOW_CTX_TASK_ID=primera_tarea
AIRFLOW_CTX_EXECUTION_DATE=2023-03-29T00:00:00+00:00
AIRFLOW_CTX_TRY_NUMBER=1
AIRFLOW_CTX_DAG_RUN_ID=scheduled__2023-03-29T00:00:00+00:00
[2023-10-20 23:22:21,057] {subprocess.py:62} INFO - Tmp dir root location: 
 /tmp
[2023-10-20 23:22:21,058] {subprocess.py:74} INFO - Running command: ['bash', '-c', 'echo hola mundo, esta es nuestra primera tarea!']
[2023-10-20 23:22:21,072] {subprocess.py:85} INFO - Output:
[2023-10-20 23:22:21,074] {subprocess.py:92} INFO - hola mundo, esta es nuestra primera tarea!
[2023-10-20 23:22:21,074] {subprocess.py:96} INFO - Command exited with return code 0
[2023-10-20 23:22:21,168] {taskinstance.py:1420} INFO - Marking task as SUCCESS. dag_id=mi_primer_dag_v3, task_id=primera_tarea, execution_date=20230329T000000, start_date=20231020T232220, end_date=20231020T232221
[2023-10-20 23:22:21,203] {local_task_job.py:156} INFO - Task exited with return code 0
[2023-10-20 23:22:21,276] {local_task_job.py:273} INFO - 2 downstream tasks scheduled from follow-on schedule check
