[2023-10-20 23:21:19,820] {taskinstance.py:1179} INFO - Dependencies all met for <TaskInstance: mi_primer_dag_v3.primera_tarea scheduled__2022-12-11T00:00:00+00:00 [queued]>
[2023-10-20 23:21:19,837] {taskinstance.py:1179} INFO - Dependencies all met for <TaskInstance: mi_primer_dag_v3.primera_tarea scheduled__2022-12-11T00:00:00+00:00 [queued]>
[2023-10-20 23:21:19,838] {taskinstance.py:1376} INFO - 
--------------------------------------------------------------------------------
[2023-10-20 23:21:19,838] {taskinstance.py:1377} INFO - Starting attempt 1 of 6
[2023-10-20 23:21:19,839] {taskinstance.py:1378} INFO - 
--------------------------------------------------------------------------------
[2023-10-20 23:21:19,871] {taskinstance.py:1397} INFO - Executing <Task(BashOperator): primera_tarea> on 2022-12-11 00:00:00+00:00
[2023-10-20 23:21:19,876] {standard_task_runner.py:52} INFO - Started process 1403 to run task
[2023-10-20 23:21:19,882] {standard_task_runner.py:79} INFO - Running: ['***', 'tasks', 'run', 'mi_primer_dag_v3', 'primera_tarea', 'scheduled__2022-12-11T00:00:00+00:00', '--job-id', '391', '--raw', '--subdir', 'DAGS_FOLDER/primer_dag_v3.py', '--cfg-path', '/tmp/tmp7pvk_bgm', '--error-file', '/tmp/tmpnsn06qwc']
[2023-10-20 23:21:19,884] {standard_task_runner.py:80} INFO - Job 391: Subtask primera_tarea
[2023-10-20 23:21:20,028] {task_command.py:371} INFO - Running <TaskInstance: mi_primer_dag_v3.primera_tarea scheduled__2022-12-11T00:00:00+00:00 [running]> on host dfdda228c9fc
[2023-10-20 23:21:20,140] {taskinstance.py:1591} INFO - Exporting the following env vars:
AIRFLOW_CTX_DAG_OWNER=DavidBU
AIRFLOW_CTX_DAG_ID=mi_primer_dag_v3
AIRFLOW_CTX_TASK_ID=primera_tarea
AIRFLOW_CTX_EXECUTION_DATE=2022-12-11T00:00:00+00:00
AIRFLOW_CTX_TRY_NUMBER=1
AIRFLOW_CTX_DAG_RUN_ID=scheduled__2022-12-11T00:00:00+00:00
[2023-10-20 23:21:20,142] {subprocess.py:62} INFO - Tmp dir root location: 
 /tmp
[2023-10-20 23:21:20,143] {subprocess.py:74} INFO - Running command: ['bash', '-c', 'echo hola mundo, esta es nuestra primera tarea!']
[2023-10-20 23:21:20,156] {subprocess.py:85} INFO - Output:
[2023-10-20 23:21:20,158] {subprocess.py:92} INFO - hola mundo, esta es nuestra primera tarea!
[2023-10-20 23:21:20,162] {subprocess.py:96} INFO - Command exited with return code 0
[2023-10-20 23:21:20,221] {taskinstance.py:1420} INFO - Marking task as SUCCESS. dag_id=mi_primer_dag_v3, task_id=primera_tarea, execution_date=20221211T000000, start_date=20231020T232119, end_date=20231020T232120
[2023-10-20 23:21:20,296] {local_task_job.py:156} INFO - Task exited with return code 0
[2023-10-20 23:21:20,352] {local_task_job.py:273} INFO - 2 downstream tasks scheduled from follow-on schedule check
