[2023-10-20 23:20:45,657] {taskinstance.py:1179} INFO - Dependencies all met for <TaskInstance: mi_primer_dag_v3.tercera_tarea scheduled__2022-09-23T00:00:00+00:00 [queued]>
[2023-10-20 23:20:45,672] {taskinstance.py:1179} INFO - Dependencies all met for <TaskInstance: mi_primer_dag_v3.tercera_tarea scheduled__2022-09-23T00:00:00+00:00 [queued]>
[2023-10-20 23:20:45,673] {taskinstance.py:1376} INFO - 
--------------------------------------------------------------------------------
[2023-10-20 23:20:45,673] {taskinstance.py:1377} INFO - Starting attempt 1 of 6
[2023-10-20 23:20:45,674] {taskinstance.py:1378} INFO - 
--------------------------------------------------------------------------------
[2023-10-20 23:20:45,691] {taskinstance.py:1397} INFO - Executing <Task(BashOperator): tercera_tarea> on 2022-09-23 00:00:00+00:00
[2023-10-20 23:20:45,696] {standard_task_runner.py:52} INFO - Started process 707 to run task
[2023-10-20 23:20:45,700] {standard_task_runner.py:79} INFO - Running: ['***', 'tasks', 'run', 'mi_primer_dag_v3', 'tercera_tarea', 'scheduled__2022-09-23T00:00:00+00:00', '--job-id', '167', '--raw', '--subdir', 'DAGS_FOLDER/primer_dag_v3.py', '--cfg-path', '/tmp/tmppb1sl7gu', '--error-file', '/tmp/tmp11ds28e_']
[2023-10-20 23:20:45,701] {standard_task_runner.py:80} INFO - Job 167: Subtask tercera_tarea
[2023-10-20 23:20:45,782] {task_command.py:371} INFO - Running <TaskInstance: mi_primer_dag_v3.tercera_tarea scheduled__2022-09-23T00:00:00+00:00 [running]> on host dfdda228c9fc
[2023-10-20 23:20:45,878] {taskinstance.py:1591} INFO - Exporting the following env vars:
AIRFLOW_CTX_DAG_OWNER=DavidBU
AIRFLOW_CTX_DAG_ID=mi_primer_dag_v3
AIRFLOW_CTX_TASK_ID=tercera_tarea
AIRFLOW_CTX_EXECUTION_DATE=2022-09-23T00:00:00+00:00
AIRFLOW_CTX_TRY_NUMBER=1
AIRFLOW_CTX_DAG_RUN_ID=scheduled__2022-09-23T00:00:00+00:00
[2023-10-20 23:20:45,879] {subprocess.py:62} INFO - Tmp dir root location: 
 /tmp
[2023-10-20 23:20:45,880] {subprocess.py:74} INFO - Running command: ['bash', '-c', 'echo hola, soy la tarea 3 y sere corrida luego de Tarea 1 al mismo tiempo que Tarea 2']
[2023-10-20 23:20:45,888] {subprocess.py:85} INFO - Output:
[2023-10-20 23:20:45,890] {subprocess.py:92} INFO - hola, soy la tarea 3 y sere corrida luego de Tarea 1 al mismo tiempo que Tarea 2
[2023-10-20 23:20:45,891] {subprocess.py:96} INFO - Command exited with return code 0
[2023-10-20 23:20:45,927] {taskinstance.py:1420} INFO - Marking task as SUCCESS. dag_id=mi_primer_dag_v3, task_id=tercera_tarea, execution_date=20220923T000000, start_date=20231020T232045, end_date=20231020T232045
[2023-10-20 23:20:45,952] {local_task_job.py:156} INFO - Task exited with return code 0
[2023-10-20 23:20:45,997] {local_task_job.py:273} INFO - 0 downstream tasks scheduled from follow-on schedule check
