[2023-10-20 23:29:25,489] {taskinstance.py:1179} INFO - Dependencies all met for <TaskInstance: mi_primer_dag.primer_task scheduled__2022-12-01T00:00:00+00:00 [queued]>
[2023-10-20 23:29:25,502] {taskinstance.py:1179} INFO - Dependencies all met for <TaskInstance: mi_primer_dag.primer_task scheduled__2022-12-01T00:00:00+00:00 [queued]>
[2023-10-20 23:29:25,502] {taskinstance.py:1376} INFO - 
--------------------------------------------------------------------------------
[2023-10-20 23:29:25,503] {taskinstance.py:1377} INFO - Starting attempt 1 of 6
[2023-10-20 23:29:25,504] {taskinstance.py:1378} INFO - 
--------------------------------------------------------------------------------
[2023-10-20 23:29:25,520] {taskinstance.py:1397} INFO - Executing <Task(BashOperator): primer_task> on 2022-12-01 00:00:00+00:00
[2023-10-20 23:29:25,524] {standard_task_runner.py:52} INFO - Started process 1158 to run task
[2023-10-20 23:29:25,528] {standard_task_runner.py:79} INFO - Running: ['***', 'tasks', 'run', 'mi_primer_dag', 'primer_task', 'scheduled__2022-12-01T00:00:00+00:00', '--job-id', '1453', '--raw', '--subdir', 'DAGS_FOLDER/mi_primer_dag.py', '--cfg-path', '/tmp/tmpce8mq_e_', '--error-file', '/tmp/tmpow6hm80t']
[2023-10-20 23:29:25,529] {standard_task_runner.py:80} INFO - Job 1453: Subtask primer_task
[2023-10-20 23:29:25,600] {task_command.py:371} INFO - Running <TaskInstance: mi_primer_dag.primer_task scheduled__2022-12-01T00:00:00+00:00 [running]> on host dfdda228c9fc
[2023-10-20 23:29:25,683] {taskinstance.py:1591} INFO - Exporting the following env vars:
AIRFLOW_CTX_DAG_OWNER=DavidBU
AIRFLOW_CTX_DAG_ID=mi_primer_dag
AIRFLOW_CTX_TASK_ID=primer_task
AIRFLOW_CTX_EXECUTION_DATE=2022-12-01T00:00:00+00:00
AIRFLOW_CTX_TRY_NUMBER=1
AIRFLOW_CTX_DAG_RUN_ID=scheduled__2022-12-01T00:00:00+00:00
[2023-10-20 23:29:25,685] {subprocess.py:62} INFO - Tmp dir root location: 
 /tmp
[2023-10-20 23:29:25,686] {subprocess.py:74} INFO - Running command: ['bash', '-c', 'echo hola mundo, esta es nuestra primera tarea usando bash operator!']
[2023-10-20 23:29:25,695] {subprocess.py:85} INFO - Output:
[2023-10-20 23:29:25,696] {subprocess.py:92} INFO - hola mundo, esta es nuestra primera tarea usando bash operator!
[2023-10-20 23:29:25,697] {subprocess.py:96} INFO - Command exited with return code 0
[2023-10-20 23:29:25,740] {taskinstance.py:1420} INFO - Marking task as SUCCESS. dag_id=mi_primer_dag, task_id=primer_task, execution_date=20221201T000000, start_date=20231020T232925, end_date=20231020T232925
[2023-10-20 23:29:25,780] {local_task_job.py:156} INFO - Task exited with return code 0
[2023-10-20 23:29:25,814] {local_task_job.py:273} INFO - 0 downstream tasks scheduled from follow-on schedule check
