[2023-10-20 23:23:18,777] {taskinstance.py:1179} INFO - Dependencies all met for <TaskInstance: mi_primer_dag_v3.segunda_tarea scheduled__2023-07-31T00:00:00+00:00 [queued]>
[2023-10-20 23:23:18,805] {taskinstance.py:1179} INFO - Dependencies all met for <TaskInstance: mi_primer_dag_v3.segunda_tarea scheduled__2023-07-31T00:00:00+00:00 [queued]>
[2023-10-20 23:23:18,808] {taskinstance.py:1376} INFO - 
--------------------------------------------------------------------------------
[2023-10-20 23:23:18,811] {taskinstance.py:1377} INFO - Starting attempt 1 of 6
[2023-10-20 23:23:18,812] {taskinstance.py:1378} INFO - 
--------------------------------------------------------------------------------
[2023-10-20 23:23:18,843] {taskinstance.py:1397} INFO - Executing <Task(BashOperator): segunda_tarea> on 2023-07-31 00:00:00+00:00
[2023-10-20 23:23:18,854] {standard_task_runner.py:52} INFO - Started process 3596 to run task
[2023-10-20 23:23:18,865] {standard_task_runner.py:79} INFO - Running: ['***', 'tasks', 'run', 'mi_primer_dag_v3', 'segunda_tarea', 'scheduled__2023-07-31T00:00:00+00:00', '--job-id', '1100', '--raw', '--subdir', 'DAGS_FOLDER/primer_dag_v3.py', '--cfg-path', '/tmp/tmpb21txv6z', '--error-file', '/tmp/tmpxyr3dz9_']
[2023-10-20 23:23:18,869] {standard_task_runner.py:80} INFO - Job 1100: Subtask segunda_tarea
[2023-10-20 23:23:19,045] {task_command.py:371} INFO - Running <TaskInstance: mi_primer_dag_v3.segunda_tarea scheduled__2023-07-31T00:00:00+00:00 [running]> on host dfdda228c9fc
[2023-10-20 23:23:19,172] {taskinstance.py:1591} INFO - Exporting the following env vars:
AIRFLOW_CTX_DAG_OWNER=DavidBU
AIRFLOW_CTX_DAG_ID=mi_primer_dag_v3
AIRFLOW_CTX_TASK_ID=segunda_tarea
AIRFLOW_CTX_EXECUTION_DATE=2023-07-31T00:00:00+00:00
AIRFLOW_CTX_TRY_NUMBER=1
AIRFLOW_CTX_DAG_RUN_ID=scheduled__2023-07-31T00:00:00+00:00
[2023-10-20 23:23:19,176] {subprocess.py:62} INFO - Tmp dir root location: 
 /tmp
[2023-10-20 23:23:19,178] {subprocess.py:74} INFO - Running command: ['bash', '-c', 'echo hola, soy la tarea 2 y sere corrida luego de la Tarea 1']
[2023-10-20 23:23:19,193] {subprocess.py:85} INFO - Output:
[2023-10-20 23:23:19,194] {subprocess.py:92} INFO - hola, soy la tarea 2 y sere corrida luego de la Tarea 1
[2023-10-20 23:23:19,195] {subprocess.py:96} INFO - Command exited with return code 0
[2023-10-20 23:23:19,413] {taskinstance.py:1420} INFO - Marking task as SUCCESS. dag_id=mi_primer_dag_v3, task_id=segunda_tarea, execution_date=20230731T000000, start_date=20231020T232318, end_date=20231020T232319
[2023-10-20 23:23:19,481] {local_task_job.py:156} INFO - Task exited with return code 0
[2023-10-20 23:23:19,567] {local_task_job.py:273} INFO - 0 downstream tasks scheduled from follow-on schedule check
