[2023-10-20 23:30:01,152] {taskinstance.py:1179} INFO - Dependencies all met for <TaskInstance: mi_primer_dag.primer_task scheduled__2023-02-25T00:00:00+00:00 [queued]>
[2023-10-20 23:30:01,167] {taskinstance.py:1179} INFO - Dependencies all met for <TaskInstance: mi_primer_dag.primer_task scheduled__2023-02-25T00:00:00+00:00 [queued]>
[2023-10-20 23:30:01,167] {taskinstance.py:1376} INFO - 
--------------------------------------------------------------------------------
[2023-10-20 23:30:01,168] {taskinstance.py:1377} INFO - Starting attempt 1 of 6
[2023-10-20 23:30:01,168] {taskinstance.py:1378} INFO - 
--------------------------------------------------------------------------------
[2023-10-20 23:30:01,189] {taskinstance.py:1397} INFO - Executing <Task(BashOperator): primer_task> on 2023-02-25 00:00:00+00:00
[2023-10-20 23:30:01,194] {standard_task_runner.py:52} INFO - Started process 1457 to run task
[2023-10-20 23:30:01,198] {standard_task_runner.py:79} INFO - Running: ['***', 'tasks', 'run', 'mi_primer_dag', 'primer_task', 'scheduled__2023-02-25T00:00:00+00:00', '--job-id', '1539', '--raw', '--subdir', 'DAGS_FOLDER/mi_primer_dag.py', '--cfg-path', '/tmp/tmpnm14yeql', '--error-file', '/tmp/tmpceze5k67']
[2023-10-20 23:30:01,200] {standard_task_runner.py:80} INFO - Job 1539: Subtask primer_task
[2023-10-20 23:30:01,287] {task_command.py:371} INFO - Running <TaskInstance: mi_primer_dag.primer_task scheduled__2023-02-25T00:00:00+00:00 [running]> on host dfdda228c9fc
[2023-10-20 23:30:01,386] {taskinstance.py:1591} INFO - Exporting the following env vars:
AIRFLOW_CTX_DAG_OWNER=DavidBU
AIRFLOW_CTX_DAG_ID=mi_primer_dag
AIRFLOW_CTX_TASK_ID=primer_task
AIRFLOW_CTX_EXECUTION_DATE=2023-02-25T00:00:00+00:00
AIRFLOW_CTX_TRY_NUMBER=1
AIRFLOW_CTX_DAG_RUN_ID=scheduled__2023-02-25T00:00:00+00:00
[2023-10-20 23:30:01,388] {subprocess.py:62} INFO - Tmp dir root location: 
 /tmp
[2023-10-20 23:30:01,389] {subprocess.py:74} INFO - Running command: ['bash', '-c', 'echo hola mundo, esta es nuestra primera tarea usando bash operator!']
[2023-10-20 23:30:01,397] {subprocess.py:85} INFO - Output:
[2023-10-20 23:30:01,398] {subprocess.py:92} INFO - hola mundo, esta es nuestra primera tarea usando bash operator!
[2023-10-20 23:30:01,399] {subprocess.py:96} INFO - Command exited with return code 0
[2023-10-20 23:30:01,429] {taskinstance.py:1420} INFO - Marking task as SUCCESS. dag_id=mi_primer_dag, task_id=primer_task, execution_date=20230225T000000, start_date=20231020T233001, end_date=20231020T233001
[2023-10-20 23:30:01,450] {local_task_job.py:156} INFO - Task exited with return code 0
[2023-10-20 23:30:01,480] {local_task_job.py:273} INFO - 0 downstream tasks scheduled from follow-on schedule check
