[2023-10-20 23:28:11,314] {taskinstance.py:1179} INFO - Dependencies all met for <TaskInstance: mi_primer_dag_v3.segunda_tarea scheduled__2023-08-30T00:00:00+00:00 [queued]>
[2023-10-20 23:28:11,333] {taskinstance.py:1179} INFO - Dependencies all met for <TaskInstance: mi_primer_dag_v3.segunda_tarea scheduled__2023-08-30T00:00:00+00:00 [queued]>
[2023-10-20 23:28:11,333] {taskinstance.py:1376} INFO - 
--------------------------------------------------------------------------------
[2023-10-20 23:28:11,335] {taskinstance.py:1377} INFO - Starting attempt 1 of 6
[2023-10-20 23:28:11,335] {taskinstance.py:1378} INFO - 
--------------------------------------------------------------------------------
[2023-10-20 23:28:11,357] {taskinstance.py:1397} INFO - Executing <Task(BashOperator): segunda_tarea> on 2023-08-30 00:00:00+00:00
[2023-10-20 23:28:11,361] {standard_task_runner.py:52} INFO - Started process 320 to run task
[2023-10-20 23:28:11,366] {standard_task_runner.py:79} INFO - Running: ['***', 'tasks', 'run', 'mi_primer_dag_v3', 'segunda_tarea', 'scheduled__2023-08-30T00:00:00+00:00', '--job-id', '1196', '--raw', '--subdir', 'DAGS_FOLDER/primer_dag_v3.py', '--cfg-path', '/tmp/tmpzn5cb6e8', '--error-file', '/tmp/tmpjphb32oj']
[2023-10-20 23:28:11,368] {standard_task_runner.py:80} INFO - Job 1196: Subtask segunda_tarea
[2023-10-20 23:28:11,462] {task_command.py:371} INFO - Running <TaskInstance: mi_primer_dag_v3.segunda_tarea scheduled__2023-08-30T00:00:00+00:00 [running]> on host dfdda228c9fc
[2023-10-20 23:28:11,551] {taskinstance.py:1591} INFO - Exporting the following env vars:
AIRFLOW_CTX_DAG_OWNER=DavidBU
AIRFLOW_CTX_DAG_ID=mi_primer_dag_v3
AIRFLOW_CTX_TASK_ID=segunda_tarea
AIRFLOW_CTX_EXECUTION_DATE=2023-08-30T00:00:00+00:00
AIRFLOW_CTX_TRY_NUMBER=1
AIRFLOW_CTX_DAG_RUN_ID=scheduled__2023-08-30T00:00:00+00:00
[2023-10-20 23:28:11,553] {subprocess.py:62} INFO - Tmp dir root location: 
 /tmp
[2023-10-20 23:28:11,553] {subprocess.py:74} INFO - Running command: ['bash', '-c', 'echo hola, soy la tarea 2 y sere corrida luego de la Tarea 1']
[2023-10-20 23:28:11,562] {subprocess.py:85} INFO - Output:
[2023-10-20 23:28:11,563] {subprocess.py:92} INFO - hola, soy la tarea 2 y sere corrida luego de la Tarea 1
[2023-10-20 23:28:11,564] {subprocess.py:96} INFO - Command exited with return code 0
[2023-10-20 23:28:11,596] {taskinstance.py:1420} INFO - Marking task as SUCCESS. dag_id=mi_primer_dag_v3, task_id=segunda_tarea, execution_date=20230830T000000, start_date=20231020T232811, end_date=20231020T232811
[2023-10-20 23:28:11,617] {local_task_job.py:156} INFO - Task exited with return code 0
[2023-10-20 23:28:11,650] {local_task_job.py:273} INFO - 0 downstream tasks scheduled from follow-on schedule check
