[2023-10-20 23:22:06,861] {taskinstance.py:1179} INFO - Dependencies all met for <TaskInstance: mi_primer_dag_v3.segunda_tarea scheduled__2023-03-01T00:00:00+00:00 [queued]>
[2023-10-20 23:22:06,880] {taskinstance.py:1179} INFO - Dependencies all met for <TaskInstance: mi_primer_dag_v3.segunda_tarea scheduled__2023-03-01T00:00:00+00:00 [queued]>
[2023-10-20 23:22:06,880] {taskinstance.py:1376} INFO - 
--------------------------------------------------------------------------------
[2023-10-20 23:22:06,881] {taskinstance.py:1377} INFO - Starting attempt 1 of 6
[2023-10-20 23:22:06,882] {taskinstance.py:1378} INFO - 
--------------------------------------------------------------------------------
[2023-10-20 23:22:06,904] {taskinstance.py:1397} INFO - Executing <Task(BashOperator): segunda_tarea> on 2023-03-01 00:00:00+00:00
[2023-10-20 23:22:06,910] {standard_task_runner.py:52} INFO - Started process 2196 to run task
[2023-10-20 23:22:06,915] {standard_task_runner.py:79} INFO - Running: ['***', 'tasks', 'run', 'mi_primer_dag_v3', 'segunda_tarea', 'scheduled__2023-03-01T00:00:00+00:00', '--job-id', '647', '--raw', '--subdir', 'DAGS_FOLDER/primer_dag_v3.py', '--cfg-path', '/tmp/tmps2cngmvh', '--error-file', '/tmp/tmpw0y3rjc7']
[2023-10-20 23:22:06,919] {standard_task_runner.py:80} INFO - Job 647: Subtask segunda_tarea
[2023-10-20 23:22:07,049] {task_command.py:371} INFO - Running <TaskInstance: mi_primer_dag_v3.segunda_tarea scheduled__2023-03-01T00:00:00+00:00 [running]> on host dfdda228c9fc
[2023-10-20 23:22:07,196] {taskinstance.py:1591} INFO - Exporting the following env vars:
AIRFLOW_CTX_DAG_OWNER=DavidBU
AIRFLOW_CTX_DAG_ID=mi_primer_dag_v3
AIRFLOW_CTX_TASK_ID=segunda_tarea
AIRFLOW_CTX_EXECUTION_DATE=2023-03-01T00:00:00+00:00
AIRFLOW_CTX_TRY_NUMBER=1
AIRFLOW_CTX_DAG_RUN_ID=scheduled__2023-03-01T00:00:00+00:00
[2023-10-20 23:22:07,199] {subprocess.py:62} INFO - Tmp dir root location: 
 /tmp
[2023-10-20 23:22:07,201] {subprocess.py:74} INFO - Running command: ['bash', '-c', 'echo hola, soy la tarea 2 y sere corrida luego de la Tarea 1']
[2023-10-20 23:22:07,218] {subprocess.py:85} INFO - Output:
[2023-10-20 23:22:07,221] {subprocess.py:92} INFO - hola, soy la tarea 2 y sere corrida luego de la Tarea 1
[2023-10-20 23:22:07,222] {subprocess.py:96} INFO - Command exited with return code 0
[2023-10-20 23:22:07,291] {taskinstance.py:1420} INFO - Marking task as SUCCESS. dag_id=mi_primer_dag_v3, task_id=segunda_tarea, execution_date=20230301T000000, start_date=20231020T232206, end_date=20231020T232207
[2023-10-20 23:22:07,334] {local_task_job.py:156} INFO - Task exited with return code 0
[2023-10-20 23:22:07,401] {local_task_job.py:273} INFO - 0 downstream tasks scheduled from follow-on schedule check
