[2023-10-20 23:31:57,909] {taskinstance.py:1179} INFO - Dependencies all met for <TaskInstance: mi_primer_dag.primer_task scheduled__2023-05-07T00:00:00+00:00 [queued]>
[2023-10-20 23:31:57,926] {taskinstance.py:1179} INFO - Dependencies all met for <TaskInstance: mi_primer_dag.primer_task scheduled__2023-05-07T00:00:00+00:00 [queued]>
[2023-10-20 23:31:57,927] {taskinstance.py:1376} INFO - 
--------------------------------------------------------------------------------
[2023-10-20 23:31:57,927] {taskinstance.py:1377} INFO - Starting attempt 1 of 6
[2023-10-20 23:31:57,928] {taskinstance.py:1378} INFO - 
--------------------------------------------------------------------------------
[2023-10-20 23:31:57,955] {taskinstance.py:1397} INFO - Executing <Task(BashOperator): primer_task> on 2023-05-07 00:00:00+00:00
[2023-10-20 23:31:57,962] {standard_task_runner.py:52} INFO - Started process 269 to run task
[2023-10-20 23:31:57,969] {standard_task_runner.py:79} INFO - Running: ['***', 'tasks', 'run', 'mi_primer_dag', 'primer_task', 'scheduled__2023-05-07T00:00:00+00:00', '--job-id', '1611', '--raw', '--subdir', 'DAGS_FOLDER/mi_primer_dag.py', '--cfg-path', '/tmp/tmpwr2tkckl', '--error-file', '/tmp/tmp87rvr7en']
[2023-10-20 23:31:57,972] {standard_task_runner.py:80} INFO - Job 1611: Subtask primer_task
[2023-10-20 23:31:58,067] {task_command.py:371} INFO - Running <TaskInstance: mi_primer_dag.primer_task scheduled__2023-05-07T00:00:00+00:00 [running]> on host dfdda228c9fc
[2023-10-20 23:31:58,156] {taskinstance.py:1591} INFO - Exporting the following env vars:
AIRFLOW_CTX_DAG_OWNER=DavidBU
AIRFLOW_CTX_DAG_ID=mi_primer_dag
AIRFLOW_CTX_TASK_ID=primer_task
AIRFLOW_CTX_EXECUTION_DATE=2023-05-07T00:00:00+00:00
AIRFLOW_CTX_TRY_NUMBER=1
AIRFLOW_CTX_DAG_RUN_ID=scheduled__2023-05-07T00:00:00+00:00
[2023-10-20 23:31:58,158] {subprocess.py:62} INFO - Tmp dir root location: 
 /tmp
[2023-10-20 23:31:58,158] {subprocess.py:74} INFO - Running command: ['bash', '-c', 'echo hola mundo, esta es nuestra primera tarea usando bash operator!']
[2023-10-20 23:31:58,167] {subprocess.py:85} INFO - Output:
[2023-10-20 23:31:58,169] {subprocess.py:92} INFO - hola mundo, esta es nuestra primera tarea usando bash operator!
[2023-10-20 23:31:58,170] {subprocess.py:96} INFO - Command exited with return code 0
[2023-10-20 23:31:58,200] {taskinstance.py:1420} INFO - Marking task as SUCCESS. dag_id=mi_primer_dag, task_id=primer_task, execution_date=20230507T000000, start_date=20231020T233157, end_date=20231020T233158
[2023-10-20 23:31:58,218] {local_task_job.py:156} INFO - Task exited with return code 0
[2023-10-20 23:31:58,252] {local_task_job.py:273} INFO - 0 downstream tasks scheduled from follow-on schedule check
