[2023-10-20 23:33:41,131] {taskinstance.py:1179} INFO - Dependencies all met for <TaskInstance: mi_primer_dar_con_PythonOperator.aloha_david scheduled__2023-02-14T00:00:00+00:00 [queued]>
[2023-10-20 23:33:41,141] {taskinstance.py:1179} INFO - Dependencies all met for <TaskInstance: mi_primer_dar_con_PythonOperator.aloha_david scheduled__2023-02-14T00:00:00+00:00 [queued]>
[2023-10-20 23:33:41,142] {taskinstance.py:1376} INFO - 
--------------------------------------------------------------------------------
[2023-10-20 23:33:41,143] {taskinstance.py:1377} INFO - Starting attempt 1 of 6
[2023-10-20 23:33:41,144] {taskinstance.py:1378} INFO - 
--------------------------------------------------------------------------------
[2023-10-20 23:33:41,160] {taskinstance.py:1397} INFO - Executing <Task(PythonOperator): aloha_david> on 2023-02-14 00:00:00+00:00
[2023-10-20 23:33:41,164] {standard_task_runner.py:52} INFO - Started process 819 to run task
[2023-10-20 23:33:41,167] {standard_task_runner.py:79} INFO - Running: ['***', 'tasks', 'run', 'mi_primer_dar_con_PythonOperator', 'aloha_david', 'scheduled__2023-02-14T00:00:00+00:00', '--job-id', '1810', '--raw', '--subdir', 'DAGS_FOLDER/mi_primer_dag_pythonoperator.py', '--cfg-path', '/tmp/tmpa53yawzb', '--error-file', '/tmp/tmph0t4r384']
[2023-10-20 23:33:41,168] {standard_task_runner.py:80} INFO - Job 1810: Subtask aloha_david
[2023-10-20 23:33:41,235] {task_command.py:371} INFO - Running <TaskInstance: mi_primer_dar_con_PythonOperator.aloha_david scheduled__2023-02-14T00:00:00+00:00 [running]> on host dfdda228c9fc
[2023-10-20 23:33:41,317] {taskinstance.py:1591} INFO - Exporting the following env vars:
AIRFLOW_CTX_DAG_OWNER=DavidBU
AIRFLOW_CTX_DAG_ID=mi_primer_dar_con_PythonOperator
AIRFLOW_CTX_TASK_ID=aloha_david
AIRFLOW_CTX_EXECUTION_DATE=2023-02-14T00:00:00+00:00
AIRFLOW_CTX_TRY_NUMBER=1
AIRFLOW_CTX_DAG_RUN_ID=scheduled__2023-02-14T00:00:00+00:00
[2023-10-20 23:33:41,318] {logging_mixin.py:115} INFO - Aloha Mundo soy yo!
[2023-10-20 23:33:41,319] {python.py:173} INFO - Done. Returned value was: None
[2023-10-20 23:33:41,333] {taskinstance.py:1420} INFO - Marking task as SUCCESS. dag_id=mi_primer_dar_con_PythonOperator, task_id=aloha_david, execution_date=20230214T000000, start_date=20231020T233341, end_date=20231020T233341
[2023-10-20 23:33:41,380] {local_task_job.py:156} INFO - Task exited with return code 0
[2023-10-20 23:33:41,432] {local_task_job.py:273} INFO - 0 downstream tasks scheduled from follow-on schedule check
