[2023-10-20 23:28:49,290] {taskinstance.py:1179} INFO - Dependencies all met for <TaskInstance: mi_primer_dag.primer_task scheduled__2022-09-02T00:00:00+00:00 [queued]>
[2023-10-20 23:28:49,302] {taskinstance.py:1179} INFO - Dependencies all met for <TaskInstance: mi_primer_dag.primer_task scheduled__2022-09-02T00:00:00+00:00 [queued]>
[2023-10-20 23:28:49,302] {taskinstance.py:1376} INFO - 
--------------------------------------------------------------------------------
[2023-10-20 23:28:49,303] {taskinstance.py:1377} INFO - Starting attempt 1 of 6
[2023-10-20 23:28:49,304] {taskinstance.py:1378} INFO - 
--------------------------------------------------------------------------------
[2023-10-20 23:28:49,320] {taskinstance.py:1397} INFO - Executing <Task(BashOperator): primer_task> on 2022-09-02 00:00:00+00:00
[2023-10-20 23:28:49,325] {standard_task_runner.py:52} INFO - Started process 858 to run task
[2023-10-20 23:28:49,328] {standard_task_runner.py:79} INFO - Running: ['***', 'tasks', 'run', 'mi_primer_dag', 'primer_task', 'scheduled__2022-09-02T00:00:00+00:00', '--job-id', '1362', '--raw', '--subdir', 'DAGS_FOLDER/mi_primer_dag.py', '--cfg-path', '/tmp/tmp6b8_7hdm', '--error-file', '/tmp/tmpsuqyos79']
[2023-10-20 23:28:49,329] {standard_task_runner.py:80} INFO - Job 1362: Subtask primer_task
[2023-10-20 23:28:49,401] {task_command.py:371} INFO - Running <TaskInstance: mi_primer_dag.primer_task scheduled__2022-09-02T00:00:00+00:00 [running]> on host dfdda228c9fc
[2023-10-20 23:28:49,483] {taskinstance.py:1591} INFO - Exporting the following env vars:
AIRFLOW_CTX_DAG_OWNER=DavidBU
AIRFLOW_CTX_DAG_ID=mi_primer_dag
AIRFLOW_CTX_TASK_ID=primer_task
AIRFLOW_CTX_EXECUTION_DATE=2022-09-02T00:00:00+00:00
AIRFLOW_CTX_TRY_NUMBER=1
AIRFLOW_CTX_DAG_RUN_ID=scheduled__2022-09-02T00:00:00+00:00
[2023-10-20 23:28:49,485] {subprocess.py:62} INFO - Tmp dir root location: 
 /tmp
[2023-10-20 23:28:49,486] {subprocess.py:74} INFO - Running command: ['bash', '-c', 'echo hola mundo, esta es nuestra primera tarea usando bash operator!']
[2023-10-20 23:28:49,496] {subprocess.py:85} INFO - Output:
[2023-10-20 23:28:49,497] {subprocess.py:92} INFO - hola mundo, esta es nuestra primera tarea usando bash operator!
[2023-10-20 23:28:49,498] {subprocess.py:96} INFO - Command exited with return code 0
[2023-10-20 23:28:49,548] {taskinstance.py:1420} INFO - Marking task as SUCCESS. dag_id=mi_primer_dag, task_id=primer_task, execution_date=20220902T000000, start_date=20231020T232849, end_date=20231020T232849
[2023-10-20 23:28:49,580] {local_task_job.py:156} INFO - Task exited with return code 0
[2023-10-20 23:28:49,619] {local_task_job.py:273} INFO - 0 downstream tasks scheduled from follow-on schedule check
