[2023-10-20 23:20:50,646] {taskinstance.py:1179} INFO - Dependencies all met for <TaskInstance: mi_primer_dag_v3.tercera_tarea scheduled__2022-10-05T00:00:00+00:00 [queued]>
[2023-10-20 23:20:50,658] {taskinstance.py:1179} INFO - Dependencies all met for <TaskInstance: mi_primer_dag_v3.tercera_tarea scheduled__2022-10-05T00:00:00+00:00 [queued]>
[2023-10-20 23:20:50,658] {taskinstance.py:1376} INFO - 
--------------------------------------------------------------------------------
[2023-10-20 23:20:50,659] {taskinstance.py:1377} INFO - Starting attempt 1 of 6
[2023-10-20 23:20:50,659] {taskinstance.py:1378} INFO - 
--------------------------------------------------------------------------------
[2023-10-20 23:20:50,675] {taskinstance.py:1397} INFO - Executing <Task(BashOperator): tercera_tarea> on 2022-10-05 00:00:00+00:00
[2023-10-20 23:20:50,680] {standard_task_runner.py:52} INFO - Started process 804 to run task
[2023-10-20 23:20:50,684] {standard_task_runner.py:79} INFO - Running: ['***', 'tasks', 'run', 'mi_primer_dag_v3', 'tercera_tarea', 'scheduled__2022-10-05T00:00:00+00:00', '--job-id', '193', '--raw', '--subdir', 'DAGS_FOLDER/primer_dag_v3.py', '--cfg-path', '/tmp/tmpabv90f4q', '--error-file', '/tmp/tmpq4n1ghcl']
[2023-10-20 23:20:50,686] {standard_task_runner.py:80} INFO - Job 193: Subtask tercera_tarea
[2023-10-20 23:20:50,773] {task_command.py:371} INFO - Running <TaskInstance: mi_primer_dag_v3.tercera_tarea scheduled__2022-10-05T00:00:00+00:00 [running]> on host dfdda228c9fc
[2023-10-20 23:20:50,867] {taskinstance.py:1591} INFO - Exporting the following env vars:
AIRFLOW_CTX_DAG_OWNER=DavidBU
AIRFLOW_CTX_DAG_ID=mi_primer_dag_v3
AIRFLOW_CTX_TASK_ID=tercera_tarea
AIRFLOW_CTX_EXECUTION_DATE=2022-10-05T00:00:00+00:00
AIRFLOW_CTX_TRY_NUMBER=1
AIRFLOW_CTX_DAG_RUN_ID=scheduled__2022-10-05T00:00:00+00:00
[2023-10-20 23:20:50,869] {subprocess.py:62} INFO - Tmp dir root location: 
 /tmp
[2023-10-20 23:20:50,870] {subprocess.py:74} INFO - Running command: ['bash', '-c', 'echo hola, soy la tarea 3 y sere corrida luego de Tarea 1 al mismo tiempo que Tarea 2']
[2023-10-20 23:20:50,879] {subprocess.py:85} INFO - Output:
[2023-10-20 23:20:50,881] {subprocess.py:92} INFO - hola, soy la tarea 3 y sere corrida luego de Tarea 1 al mismo tiempo que Tarea 2
[2023-10-20 23:20:50,881] {subprocess.py:96} INFO - Command exited with return code 0
[2023-10-20 23:20:50,918] {taskinstance.py:1420} INFO - Marking task as SUCCESS. dag_id=mi_primer_dag_v3, task_id=tercera_tarea, execution_date=20221005T000000, start_date=20231020T232050, end_date=20231020T232050
[2023-10-20 23:20:50,977] {local_task_job.py:156} INFO - Task exited with return code 0
[2023-10-20 23:20:51,023] {local_task_job.py:273} INFO - 0 downstream tasks scheduled from follow-on schedule check
