[2023-10-20 23:28:25,777] {taskinstance.py:1179} INFO - Dependencies all met for <TaskInstance: mi_primer_dag_v3.tercera_tarea scheduled__2023-09-29T00:00:00+00:00 [queued]>
[2023-10-20 23:28:25,797] {taskinstance.py:1179} INFO - Dependencies all met for <TaskInstance: mi_primer_dag_v3.tercera_tarea scheduled__2023-09-29T00:00:00+00:00 [queued]>
[2023-10-20 23:28:25,798] {taskinstance.py:1376} INFO - 
--------------------------------------------------------------------------------
[2023-10-20 23:28:25,800] {taskinstance.py:1377} INFO - Starting attempt 1 of 6
[2023-10-20 23:28:25,801] {taskinstance.py:1378} INFO - 
--------------------------------------------------------------------------------
[2023-10-20 23:28:25,827] {taskinstance.py:1397} INFO - Executing <Task(BashOperator): tercera_tarea> on 2023-09-29 00:00:00+00:00
[2023-10-20 23:28:25,832] {standard_task_runner.py:52} INFO - Started process 619 to run task
[2023-10-20 23:28:25,837] {standard_task_runner.py:79} INFO - Running: ['***', 'tasks', 'run', 'mi_primer_dag_v3', 'tercera_tarea', 'scheduled__2023-09-29T00:00:00+00:00', '--job-id', '1289', '--raw', '--subdir', 'DAGS_FOLDER/primer_dag_v3.py', '--cfg-path', '/tmp/tmpm1k4yv85', '--error-file', '/tmp/tmp8augeuhl']
[2023-10-20 23:28:25,838] {standard_task_runner.py:80} INFO - Job 1289: Subtask tercera_tarea
[2023-10-20 23:28:25,954] {task_command.py:371} INFO - Running <TaskInstance: mi_primer_dag_v3.tercera_tarea scheduled__2023-09-29T00:00:00+00:00 [running]> on host dfdda228c9fc
[2023-10-20 23:28:26,120] {taskinstance.py:1591} INFO - Exporting the following env vars:
AIRFLOW_CTX_DAG_OWNER=DavidBU
AIRFLOW_CTX_DAG_ID=mi_primer_dag_v3
AIRFLOW_CTX_TASK_ID=tercera_tarea
AIRFLOW_CTX_EXECUTION_DATE=2023-09-29T00:00:00+00:00
AIRFLOW_CTX_TRY_NUMBER=1
AIRFLOW_CTX_DAG_RUN_ID=scheduled__2023-09-29T00:00:00+00:00
[2023-10-20 23:28:26,121] {subprocess.py:62} INFO - Tmp dir root location: 
 /tmp
[2023-10-20 23:28:26,122] {subprocess.py:74} INFO - Running command: ['bash', '-c', 'echo hola, soy la tarea 3 y sere corrida luego de Tarea 1 al mismo tiempo que Tarea 2']
[2023-10-20 23:28:26,133] {subprocess.py:85} INFO - Output:
[2023-10-20 23:28:26,135] {subprocess.py:92} INFO - hola, soy la tarea 3 y sere corrida luego de Tarea 1 al mismo tiempo que Tarea 2
[2023-10-20 23:28:26,136] {subprocess.py:96} INFO - Command exited with return code 0
[2023-10-20 23:28:26,183] {taskinstance.py:1420} INFO - Marking task as SUCCESS. dag_id=mi_primer_dag_v3, task_id=tercera_tarea, execution_date=20230929T000000, start_date=20231020T232825, end_date=20231020T232826
[2023-10-20 23:28:26,251] {local_task_job.py:156} INFO - Task exited with return code 0
[2023-10-20 23:28:26,334] {local_task_job.py:273} INFO - 0 downstream tasks scheduled from follow-on schedule check
