[2023-10-20 23:39:29,322] {taskinstance.py:1179} INFO - Dependencies all met for <TaskInstance: dag_print_context.print_context manual__2023-10-20T23:39:28.344140+00:00 [queued]>
[2023-10-20 23:39:29,335] {taskinstance.py:1179} INFO - Dependencies all met for <TaskInstance: dag_print_context.print_context manual__2023-10-20T23:39:28.344140+00:00 [queued]>
[2023-10-20 23:39:29,336] {taskinstance.py:1376} INFO - 
--------------------------------------------------------------------------------
[2023-10-20 23:39:29,337] {taskinstance.py:1377} INFO - Starting attempt 1 of 1
[2023-10-20 23:39:29,337] {taskinstance.py:1378} INFO - 
--------------------------------------------------------------------------------
[2023-10-20 23:39:29,355] {taskinstance.py:1397} INFO - Executing <Task(PythonOperator): print_context> on 2023-10-20 23:39:28.344140+00:00
[2023-10-20 23:39:29,361] {standard_task_runner.py:52} INFO - Started process 348 to run task
[2023-10-20 23:39:29,365] {standard_task_runner.py:79} INFO - Running: ['***', 'tasks', 'run', 'dag_print_context', 'print_context', 'manual__2023-10-20T23:39:28.344140+00:00', '--job-id', '2008', '--raw', '--subdir', 'DAGS_FOLDER/example_template.py', '--cfg-path', '/tmp/tmp2ob10289', '--error-file', '/tmp/tmp0tlonr9r']
[2023-10-20 23:39:29,368] {standard_task_runner.py:80} INFO - Job 2008: Subtask print_context
[2023-10-20 23:39:29,458] {task_command.py:371} INFO - Running <TaskInstance: dag_print_context.print_context manual__2023-10-20T23:39:28.344140+00:00 [running]> on host dfdda228c9fc
[2023-10-20 23:39:29,558] {taskinstance.py:1591} INFO - Exporting the following env vars:
AIRFLOW_CTX_DAG_OWNER=***
AIRFLOW_CTX_DAG_ID=dag_print_context
AIRFLOW_CTX_TASK_ID=print_context
AIRFLOW_CTX_EXECUTION_DATE=2023-10-20T23:39:28.344140+00:00
AIRFLOW_CTX_TRY_NUMBER=1
AIRFLOW_CTX_DAG_RUN_ID=manual__2023-10-20T23:39:28.344140+00:00
[2023-10-20 23:39:29,559] {logging_mixin.py:115} INFO - {'conf': <***.configuration.AirflowConfigParser object at 0x7f7d0444c150>, 'dag': <DAG: dag_print_context>, 'dag_run': <DagRun dag_print_context @ 2023-10-20 23:39:28.344140+00:00: manual__2023-10-20T23:39:28.344140+00:00, externally triggered: True>, 'data_interval_end': DateTime(2023, 10, 20, 0, 0, 0, tzinfo=Timezone('UTC')), 'data_interval_start': DateTime(2023, 10, 19, 0, 0, 0, tzinfo=Timezone('UTC')), 'ds': '2023-10-20', 'ds_nodash': '20231020', 'execution_date': <Proxy at 0x7f7cfacac690 with factory functools.partial(<function lazy_mapping_from_context.<locals>._deprecated_proxy_factory at 0x7f7cfad195f0>, 'execution_date', DateTime(2023, 10, 20, 23, 39, 28, 344140, tzinfo=Timezone('UTC')))>, 'inlets': [], 'logical_date': DateTime(2023, 10, 20, 23, 39, 28, 344140, tzinfo=Timezone('UTC')), 'macros': <module '***.macros' from '/home/***/.local/lib/python3.7/site-packages/***/macros/__init__.py'>, 'next_ds': <Proxy at 0x7f7cfacac640 with factory functools.partial(<function lazy_mapping_from_context.<locals>._deprecated_proxy_factory at 0x7f7cfad195f0>, 'next_ds', '2023-10-20')>, 'next_ds_nodash': <Proxy at 0x7f7cfacac730 with factory functools.partial(<function lazy_mapping_from_context.<locals>._deprecated_proxy_factory at 0x7f7cfad195f0>, 'next_ds_nodash', '20231020')>, 'next_execution_date': <Proxy at 0x7f7cfacac8c0 with factory functools.partial(<function lazy_mapping_from_context.<locals>._deprecated_proxy_factory at 0x7f7cfad195f0>, 'next_execution_date', DateTime(2023, 10, 20, 23, 39, 28, 344140, tzinfo=Timezone('UTC')))>, 'outlets': [], 'params': {}, 'prev_data_interval_start_success': DateTime(2023, 10, 19, 0, 0, 0, tzinfo=Timezone('UTC')), 'prev_data_interval_end_success': DateTime(2023, 10, 20, 0, 0, 0, tzinfo=Timezone('UTC')), 'prev_ds': <Proxy at 0x7f7cfacac820 with factory functools.partial(<function lazy_mapping_from_context.<locals>._deprecated_proxy_factory at 0x7f7cfad195f0>, 'prev_ds', '2023-10-20')>, 'prev_ds_nodash': <Proxy at 0x7f7cfad207d0 with factory functools.partial(<function lazy_mapping_from_context.<locals>._deprecated_proxy_factory at 0x7f7cfad195f0>, 'prev_ds_nodash', '20231020')>, 'prev_execution_date': <Proxy at 0x7f7cfac70d70 with factory functools.partial(<function lazy_mapping_from_context.<locals>._deprecated_proxy_factory at 0x7f7cfad195f0>, 'prev_execution_date', DateTime(2023, 10, 20, 23, 39, 28, 344140, tzinfo=Timezone('UTC')))>, 'prev_execution_date_success': <Proxy at 0x7f7cfabf5be0 with factory functools.partial(<function lazy_mapping_from_context.<locals>._deprecated_proxy_factory at 0x7f7cfad195f0>, 'prev_execution_date_success', DateTime(2023, 10, 19, 0, 0, 0, tzinfo=Timezone('UTC')))>, 'prev_start_date_success': DateTime(2023, 10, 20, 23, 39, 26, 966381, tzinfo=Timezone('UTC')), 'run_id': 'manual__2023-10-20T23:39:28.344140+00:00', 'task': <Task(PythonOperator): print_context>, 'task_instance': <TaskInstance: dag_print_context.print_context manual__2023-10-20T23:39:28.344140+00:00 [running]>, 'task_instance_key_str': 'dag_print_context__print_context__20231020', 'test_mode': False, 'ti': <TaskInstance: dag_print_context.print_context manual__2023-10-20T23:39:28.344140+00:00 [running]>, 'tomorrow_ds': <Proxy at 0x7f7cfabfc050 with factory functools.partial(<function lazy_mapping_from_context.<locals>._deprecated_proxy_factory at 0x7f7cfad195f0>, 'tomorrow_ds', '2023-10-21')>, 'tomorrow_ds_nodash': <Proxy at 0x7f7cfabfc0a0 with factory functools.partial(<function lazy_mapping_from_context.<locals>._deprecated_proxy_factory at 0x7f7cfad195f0>, 'tomorrow_ds_nodash', '20231021')>, 'ts': '2023-10-20T23:39:28.344140+00:00', 'ts_nodash': '20231020T233928', 'ts_nodash_with_tz': '20231020T233928.344140+0000', 'var': {'json': None, 'value': None}, 'conn': None, 'yesterday_ds': <Proxy at 0x7f7cfabfc0f0 with factory functools.partial(<function lazy_mapping_from_context.<locals>._deprecated_proxy_factory at 0x7f7cfad195f0>, 'yesterday_ds', '2023-10-19')>, 'yesterday_ds_nodash': <Proxy at 0x7f7cfabfc140 with factory functools.partial(<function lazy_mapping_from_context.<locals>._deprecated_proxy_factory at 0x7f7cfad195f0>, 'yesterday_ds_nodash', '20231019')>, 'templates_dict': None}
[2023-10-20 23:39:29,560] {logging_mixin.py:115} INFO - Inicio:(<Proxy at 0x7f7cfacac690 with factory functools.partial(<function lazy_mapping_from_context.<locals>._deprecated_proxy_factory at 0x7f7cfad195f0>, 'execution_date', DateTime(2023, 10, 20, 23, 39, 28, 344140, tzinfo=Timezone('UTC')))>,), Fin: (<Proxy at 0x7f7cfacac8c0 with factory functools.partial(<function lazy_mapping_from_context.<locals>._deprecated_proxy_factory at 0x7f7cfad195f0>, 'next_execution_date', DateTime(2023, 10, 20, 23, 39, 28, 344140, tzinfo=Timezone('UTC')))>,)
[2023-10-20 23:39:29,561] {python.py:173} INFO - Done. Returned value was: None
[2023-10-20 23:39:29,575] {taskinstance.py:1420} INFO - Marking task as SUCCESS. dag_id=dag_print_context, task_id=print_context, execution_date=20231020T233928, start_date=20231020T233929, end_date=20231020T233929
[2023-10-20 23:39:29,620] {local_task_job.py:156} INFO - Task exited with return code 0
[2023-10-20 23:39:29,671] {local_task_job.py:273} INFO - 0 downstream tasks scheduled from follow-on schedule check
