[2023-10-20 23:32:36,212] {taskinstance.py:1179} INFO - Dependencies all met for <TaskInstance: mi_primer_dar_con_PythonOperator.aloha_david scheduled__2022-10-09T00:00:00+00:00 [queued]>
[2023-10-20 23:32:36,235] {taskinstance.py:1179} INFO - Dependencies all met for <TaskInstance: mi_primer_dar_con_PythonOperator.aloha_david scheduled__2022-10-09T00:00:00+00:00 [queued]>
[2023-10-20 23:32:36,254] {taskinstance.py:1376} INFO - 
--------------------------------------------------------------------------------
[2023-10-20 23:32:36,266] {taskinstance.py:1377} INFO - Starting attempt 1 of 6
[2023-10-20 23:32:36,267] {taskinstance.py:1378} INFO - 
--------------------------------------------------------------------------------
[2023-10-20 23:32:36,293] {taskinstance.py:1397} INFO - Executing <Task(PythonOperator): aloha_david> on 2022-10-09 00:00:00+00:00
[2023-10-20 23:32:36,301] {standard_task_runner.py:52} INFO - Started process 473 to run task
[2023-10-20 23:32:36,305] {standard_task_runner.py:79} INFO - Running: ['***', 'tasks', 'run', 'mi_primer_dar_con_PythonOperator', 'aloha_david', 'scheduled__2022-10-09T00:00:00+00:00', '--job-id', '1682', '--raw', '--subdir', 'DAGS_FOLDER/mi_primer_dag_pythonoperator.py', '--cfg-path', '/tmp/tmpfkxd5lta', '--error-file', '/tmp/tmpds9f2sc8']
[2023-10-20 23:32:36,313] {standard_task_runner.py:80} INFO - Job 1682: Subtask aloha_david
[2023-10-20 23:32:36,401] {task_command.py:371} INFO - Running <TaskInstance: mi_primer_dar_con_PythonOperator.aloha_david scheduled__2022-10-09T00:00:00+00:00 [running]> on host dfdda228c9fc
[2023-10-20 23:32:36,482] {taskinstance.py:1591} INFO - Exporting the following env vars:
AIRFLOW_CTX_DAG_OWNER=DavidBU
AIRFLOW_CTX_DAG_ID=mi_primer_dar_con_PythonOperator
AIRFLOW_CTX_TASK_ID=aloha_david
AIRFLOW_CTX_EXECUTION_DATE=2022-10-09T00:00:00+00:00
AIRFLOW_CTX_TRY_NUMBER=1
AIRFLOW_CTX_DAG_RUN_ID=scheduled__2022-10-09T00:00:00+00:00
[2023-10-20 23:32:36,483] {logging_mixin.py:115} INFO - Aloha Mundo soy yo!
[2023-10-20 23:32:36,484] {python.py:173} INFO - Done. Returned value was: None
[2023-10-20 23:32:36,515] {taskinstance.py:1420} INFO - Marking task as SUCCESS. dag_id=mi_primer_dar_con_PythonOperator, task_id=aloha_david, execution_date=20221009T000000, start_date=20231020T233236, end_date=20231020T233236
[2023-10-20 23:32:36,567] {local_task_job.py:156} INFO - Task exited with return code 0
[2023-10-20 23:32:36,625] {local_task_job.py:273} INFO - 0 downstream tasks scheduled from follow-on schedule check
