[2023-10-20 23:21:18,636] {taskinstance.py:1179} INFO - Dependencies all met for <TaskInstance: mi_primer_dag_v3.primera_tarea scheduled__2022-12-03T00:00:00+00:00 [queued]>
[2023-10-20 23:21:18,647] {taskinstance.py:1179} INFO - Dependencies all met for <TaskInstance: mi_primer_dag_v3.primera_tarea scheduled__2022-12-03T00:00:00+00:00 [queued]>
[2023-10-20 23:21:18,648] {taskinstance.py:1376} INFO - 
--------------------------------------------------------------------------------
[2023-10-20 23:21:18,648] {taskinstance.py:1377} INFO - Starting attempt 1 of 6
[2023-10-20 23:21:18,649] {taskinstance.py:1378} INFO - 
--------------------------------------------------------------------------------
[2023-10-20 23:21:18,666] {taskinstance.py:1397} INFO - Executing <Task(BashOperator): primera_tarea> on 2022-12-03 00:00:00+00:00
[2023-10-20 23:21:18,671] {standard_task_runner.py:52} INFO - Started process 1355 to run task
[2023-10-20 23:21:18,674] {standard_task_runner.py:79} INFO - Running: ['***', 'tasks', 'run', 'mi_primer_dag_v3', 'primera_tarea', 'scheduled__2022-12-03T00:00:00+00:00', '--job-id', '375', '--raw', '--subdir', 'DAGS_FOLDER/primer_dag_v3.py', '--cfg-path', '/tmp/tmp8ma5tt8k', '--error-file', '/tmp/tmpar1xd9o5']
[2023-10-20 23:21:18,675] {standard_task_runner.py:80} INFO - Job 375: Subtask primera_tarea
[2023-10-20 23:21:18,749] {task_command.py:371} INFO - Running <TaskInstance: mi_primer_dag_v3.primera_tarea scheduled__2022-12-03T00:00:00+00:00 [running]> on host dfdda228c9fc
[2023-10-20 23:21:18,834] {taskinstance.py:1591} INFO - Exporting the following env vars:
AIRFLOW_CTX_DAG_OWNER=DavidBU
AIRFLOW_CTX_DAG_ID=mi_primer_dag_v3
AIRFLOW_CTX_TASK_ID=primera_tarea
AIRFLOW_CTX_EXECUTION_DATE=2022-12-03T00:00:00+00:00
AIRFLOW_CTX_TRY_NUMBER=1
AIRFLOW_CTX_DAG_RUN_ID=scheduled__2022-12-03T00:00:00+00:00
[2023-10-20 23:21:18,835] {subprocess.py:62} INFO - Tmp dir root location: 
 /tmp
[2023-10-20 23:21:18,836] {subprocess.py:74} INFO - Running command: ['bash', '-c', 'echo hola mundo, esta es nuestra primera tarea!']
[2023-10-20 23:21:18,846] {subprocess.py:85} INFO - Output:
[2023-10-20 23:21:18,847] {subprocess.py:92} INFO - hola mundo, esta es nuestra primera tarea!
[2023-10-20 23:21:18,848] {subprocess.py:96} INFO - Command exited with return code 0
[2023-10-20 23:21:18,919] {taskinstance.py:1420} INFO - Marking task as SUCCESS. dag_id=mi_primer_dag_v3, task_id=primera_tarea, execution_date=20221203T000000, start_date=20231020T232118, end_date=20231020T232118
[2023-10-20 23:21:18,966] {local_task_job.py:156} INFO - Task exited with return code 0
[2023-10-20 23:21:19,012] {local_task_job.py:273} INFO - 2 downstream tasks scheduled from follow-on schedule check
