[2023-10-20 23:20:54,431] {taskinstance.py:1179} INFO - Dependencies all met for <TaskInstance: mi_primer_dag_v3.segunda_tarea scheduled__2022-10-10T00:00:00+00:00 [queued]>
[2023-10-20 23:20:54,460] {taskinstance.py:1179} INFO - Dependencies all met for <TaskInstance: mi_primer_dag_v3.segunda_tarea scheduled__2022-10-10T00:00:00+00:00 [queued]>
[2023-10-20 23:20:54,461] {taskinstance.py:1376} INFO - 
--------------------------------------------------------------------------------
[2023-10-20 23:20:54,462] {taskinstance.py:1377} INFO - Starting attempt 1 of 6
[2023-10-20 23:20:54,464] {taskinstance.py:1378} INFO - 
--------------------------------------------------------------------------------
[2023-10-20 23:20:54,490] {taskinstance.py:1397} INFO - Executing <Task(BashOperator): segunda_tarea> on 2022-10-10 00:00:00+00:00
[2023-10-20 23:20:54,496] {standard_task_runner.py:52} INFO - Started process 878 to run task
[2023-10-20 23:20:54,504] {standard_task_runner.py:79} INFO - Running: ['***', 'tasks', 'run', 'mi_primer_dag_v3', 'segunda_tarea', 'scheduled__2022-10-10T00:00:00+00:00', '--job-id', '219', '--raw', '--subdir', 'DAGS_FOLDER/primer_dag_v3.py', '--cfg-path', '/tmp/tmpk5g4g5kd', '--error-file', '/tmp/tmprq5_hxdy']
[2023-10-20 23:20:54,505] {standard_task_runner.py:80} INFO - Job 219: Subtask segunda_tarea
[2023-10-20 23:20:54,627] {task_command.py:371} INFO - Running <TaskInstance: mi_primer_dag_v3.segunda_tarea scheduled__2022-10-10T00:00:00+00:00 [running]> on host dfdda228c9fc
[2023-10-20 23:20:54,750] {taskinstance.py:1591} INFO - Exporting the following env vars:
AIRFLOW_CTX_DAG_OWNER=DavidBU
AIRFLOW_CTX_DAG_ID=mi_primer_dag_v3
AIRFLOW_CTX_TASK_ID=segunda_tarea
AIRFLOW_CTX_EXECUTION_DATE=2022-10-10T00:00:00+00:00
AIRFLOW_CTX_TRY_NUMBER=1
AIRFLOW_CTX_DAG_RUN_ID=scheduled__2022-10-10T00:00:00+00:00
[2023-10-20 23:20:54,751] {subprocess.py:62} INFO - Tmp dir root location: 
 /tmp
[2023-10-20 23:20:54,753] {subprocess.py:74} INFO - Running command: ['bash', '-c', 'echo hola, soy la tarea 2 y sere corrida luego de la Tarea 1']
[2023-10-20 23:20:54,767] {subprocess.py:85} INFO - Output:
[2023-10-20 23:20:54,769] {subprocess.py:92} INFO - hola, soy la tarea 2 y sere corrida luego de la Tarea 1
[2023-10-20 23:20:54,773] {subprocess.py:96} INFO - Command exited with return code 0
[2023-10-20 23:20:54,837] {taskinstance.py:1420} INFO - Marking task as SUCCESS. dag_id=mi_primer_dag_v3, task_id=segunda_tarea, execution_date=20221010T000000, start_date=20231020T232054, end_date=20231020T232054
[2023-10-20 23:20:54,874] {local_task_job.py:156} INFO - Task exited with return code 0
[2023-10-20 23:20:54,921] {local_task_job.py:273} INFO - 0 downstream tasks scheduled from follow-on schedule check
