[2023-10-20 23:29:08,894] {taskinstance.py:1179} INFO - Dependencies all met for <TaskInstance: mi_primer_dag.primer_task scheduled__2022-10-22T00:00:00+00:00 [queued]>
[2023-10-20 23:29:08,906] {taskinstance.py:1179} INFO - Dependencies all met for <TaskInstance: mi_primer_dag.primer_task scheduled__2022-10-22T00:00:00+00:00 [queued]>
[2023-10-20 23:29:08,907] {taskinstance.py:1376} INFO - 
--------------------------------------------------------------------------------
[2023-10-20 23:29:08,907] {taskinstance.py:1377} INFO - Starting attempt 1 of 6
[2023-10-20 23:29:08,908] {taskinstance.py:1378} INFO - 
--------------------------------------------------------------------------------
[2023-10-20 23:29:08,926] {taskinstance.py:1397} INFO - Executing <Task(BashOperator): primer_task> on 2022-10-22 00:00:00+00:00
[2023-10-20 23:29:08,930] {standard_task_runner.py:52} INFO - Started process 1026 to run task
[2023-10-20 23:29:08,933] {standard_task_runner.py:79} INFO - Running: ['***', 'tasks', 'run', 'mi_primer_dag', 'primer_task', 'scheduled__2022-10-22T00:00:00+00:00', '--job-id', '1412', '--raw', '--subdir', 'DAGS_FOLDER/mi_primer_dag.py', '--cfg-path', '/tmp/tmp81tqremw', '--error-file', '/tmp/tmpi5gm2s7n']
[2023-10-20 23:29:08,935] {standard_task_runner.py:80} INFO - Job 1412: Subtask primer_task
[2023-10-20 23:29:09,015] {task_command.py:371} INFO - Running <TaskInstance: mi_primer_dag.primer_task scheduled__2022-10-22T00:00:00+00:00 [running]> on host dfdda228c9fc
[2023-10-20 23:29:09,106] {taskinstance.py:1591} INFO - Exporting the following env vars:
AIRFLOW_CTX_DAG_OWNER=DavidBU
AIRFLOW_CTX_DAG_ID=mi_primer_dag
AIRFLOW_CTX_TASK_ID=primer_task
AIRFLOW_CTX_EXECUTION_DATE=2022-10-22T00:00:00+00:00
AIRFLOW_CTX_TRY_NUMBER=1
AIRFLOW_CTX_DAG_RUN_ID=scheduled__2022-10-22T00:00:00+00:00
[2023-10-20 23:29:09,108] {subprocess.py:62} INFO - Tmp dir root location: 
 /tmp
[2023-10-20 23:29:09,109] {subprocess.py:74} INFO - Running command: ['bash', '-c', 'echo hola mundo, esta es nuestra primera tarea usando bash operator!']
[2023-10-20 23:29:09,116] {subprocess.py:85} INFO - Output:
[2023-10-20 23:29:09,118] {subprocess.py:92} INFO - hola mundo, esta es nuestra primera tarea usando bash operator!
[2023-10-20 23:29:09,119] {subprocess.py:96} INFO - Command exited with return code 0
[2023-10-20 23:29:09,151] {taskinstance.py:1420} INFO - Marking task as SUCCESS. dag_id=mi_primer_dag, task_id=primer_task, execution_date=20221022T000000, start_date=20231020T232908, end_date=20231020T232909
[2023-10-20 23:29:09,186] {local_task_job.py:156} INFO - Task exited with return code 0
[2023-10-20 23:29:09,248] {local_task_job.py:273} INFO - 0 downstream tasks scheduled from follow-on schedule check
