[2023-10-20 23:22:51,582] {taskinstance.py:1179} INFO - Dependencies all met for <TaskInstance: mi_primer_dag_v3.segunda_tarea scheduled__2023-06-03T00:00:00+00:00 [queued]>
[2023-10-20 23:22:51,600] {taskinstance.py:1179} INFO - Dependencies all met for <TaskInstance: mi_primer_dag_v3.segunda_tarea scheduled__2023-06-03T00:00:00+00:00 [queued]>
[2023-10-20 23:22:51,601] {taskinstance.py:1376} INFO - 
--------------------------------------------------------------------------------
[2023-10-20 23:22:51,602] {taskinstance.py:1377} INFO - Starting attempt 1 of 6
[2023-10-20 23:22:51,603] {taskinstance.py:1378} INFO - 
--------------------------------------------------------------------------------
[2023-10-20 23:22:51,627] {taskinstance.py:1397} INFO - Executing <Task(BashOperator): segunda_tarea> on 2023-06-03 00:00:00+00:00
[2023-10-20 23:22:51,634] {standard_task_runner.py:52} INFO - Started process 3063 to run task
[2023-10-20 23:22:51,638] {standard_task_runner.py:79} INFO - Running: ['***', 'tasks', 'run', 'mi_primer_dag_v3', 'segunda_tarea', 'scheduled__2023-06-03T00:00:00+00:00', '--job-id', '927', '--raw', '--subdir', 'DAGS_FOLDER/primer_dag_v3.py', '--cfg-path', '/tmp/tmp464wusjd', '--error-file', '/tmp/tmptdumexql']
[2023-10-20 23:22:51,640] {standard_task_runner.py:80} INFO - Job 927: Subtask segunda_tarea
[2023-10-20 23:22:51,753] {task_command.py:371} INFO - Running <TaskInstance: mi_primer_dag_v3.segunda_tarea scheduled__2023-06-03T00:00:00+00:00 [running]> on host dfdda228c9fc
[2023-10-20 23:22:51,911] {taskinstance.py:1591} INFO - Exporting the following env vars:
AIRFLOW_CTX_DAG_OWNER=DavidBU
AIRFLOW_CTX_DAG_ID=mi_primer_dag_v3
AIRFLOW_CTX_TASK_ID=segunda_tarea
AIRFLOW_CTX_EXECUTION_DATE=2023-06-03T00:00:00+00:00
AIRFLOW_CTX_TRY_NUMBER=1
AIRFLOW_CTX_DAG_RUN_ID=scheduled__2023-06-03T00:00:00+00:00
[2023-10-20 23:22:51,912] {subprocess.py:62} INFO - Tmp dir root location: 
 /tmp
[2023-10-20 23:22:51,913] {subprocess.py:74} INFO - Running command: ['bash', '-c', 'echo hola, soy la tarea 2 y sere corrida luego de la Tarea 1']
[2023-10-20 23:22:51,924] {subprocess.py:85} INFO - Output:
[2023-10-20 23:22:51,926] {subprocess.py:92} INFO - hola, soy la tarea 2 y sere corrida luego de la Tarea 1
[2023-10-20 23:22:51,927] {subprocess.py:96} INFO - Command exited with return code 0
[2023-10-20 23:22:51,976] {taskinstance.py:1420} INFO - Marking task as SUCCESS. dag_id=mi_primer_dag_v3, task_id=segunda_tarea, execution_date=20230603T000000, start_date=20231020T232251, end_date=20231020T232251
[2023-10-20 23:22:52,014] {local_task_job.py:156} INFO - Task exited with return code 0
[2023-10-20 23:22:52,143] {local_task_job.py:273} INFO - 0 downstream tasks scheduled from follow-on schedule check
