[2023-10-20 23:28:56,786] {taskinstance.py:1179} INFO - Dependencies all met for <TaskInstance: mi_primer_dag.primer_task scheduled__2022-09-25T00:00:00+00:00 [queued]>
[2023-10-20 23:28:56,804] {taskinstance.py:1179} INFO - Dependencies all met for <TaskInstance: mi_primer_dag.primer_task scheduled__2022-09-25T00:00:00+00:00 [queued]>
[2023-10-20 23:28:56,810] {taskinstance.py:1376} INFO - 
--------------------------------------------------------------------------------
[2023-10-20 23:28:56,811] {taskinstance.py:1377} INFO - Starting attempt 1 of 6
[2023-10-20 23:28:56,816] {taskinstance.py:1378} INFO - 
--------------------------------------------------------------------------------
[2023-10-20 23:28:56,838] {taskinstance.py:1397} INFO - Executing <Task(BashOperator): primer_task> on 2022-09-25 00:00:00+00:00
[2023-10-20 23:28:56,844] {standard_task_runner.py:52} INFO - Started process 935 to run task
[2023-10-20 23:28:56,850] {standard_task_runner.py:79} INFO - Running: ['***', 'tasks', 'run', 'mi_primer_dag', 'primer_task', 'scheduled__2022-09-25T00:00:00+00:00', '--job-id', '1385', '--raw', '--subdir', 'DAGS_FOLDER/mi_primer_dag.py', '--cfg-path', '/tmp/tmpgz6wxnxb', '--error-file', '/tmp/tmpdct2xc8g']
[2023-10-20 23:28:56,853] {standard_task_runner.py:80} INFO - Job 1385: Subtask primer_task
[2023-10-20 23:28:56,957] {task_command.py:371} INFO - Running <TaskInstance: mi_primer_dag.primer_task scheduled__2022-09-25T00:00:00+00:00 [running]> on host dfdda228c9fc
[2023-10-20 23:28:57,074] {taskinstance.py:1591} INFO - Exporting the following env vars:
AIRFLOW_CTX_DAG_OWNER=DavidBU
AIRFLOW_CTX_DAG_ID=mi_primer_dag
AIRFLOW_CTX_TASK_ID=primer_task
AIRFLOW_CTX_EXECUTION_DATE=2022-09-25T00:00:00+00:00
AIRFLOW_CTX_TRY_NUMBER=1
AIRFLOW_CTX_DAG_RUN_ID=scheduled__2022-09-25T00:00:00+00:00
[2023-10-20 23:28:57,075] {subprocess.py:62} INFO - Tmp dir root location: 
 /tmp
[2023-10-20 23:28:57,076] {subprocess.py:74} INFO - Running command: ['bash', '-c', 'echo hola mundo, esta es nuestra primera tarea usando bash operator!']
[2023-10-20 23:28:57,084] {subprocess.py:85} INFO - Output:
[2023-10-20 23:28:57,085] {subprocess.py:92} INFO - hola mundo, esta es nuestra primera tarea usando bash operator!
[2023-10-20 23:28:57,090] {subprocess.py:96} INFO - Command exited with return code 0
[2023-10-20 23:28:57,128] {taskinstance.py:1420} INFO - Marking task as SUCCESS. dag_id=mi_primer_dag, task_id=primer_task, execution_date=20220925T000000, start_date=20231020T232856, end_date=20231020T232857
[2023-10-20 23:28:57,187] {local_task_job.py:156} INFO - Task exited with return code 0
[2023-10-20 23:28:57,237] {local_task_job.py:273} INFO - 0 downstream tasks scheduled from follow-on schedule check
