[2023-10-20 23:22:06,339] {taskinstance.py:1179} INFO - Dependencies all met for <TaskInstance: mi_primer_dag_v3.primera_tarea scheduled__2023-03-04T00:00:00+00:00 [queued]>
[2023-10-20 23:22:06,353] {taskinstance.py:1179} INFO - Dependencies all met for <TaskInstance: mi_primer_dag_v3.primera_tarea scheduled__2023-03-04T00:00:00+00:00 [queued]>
[2023-10-20 23:22:06,354] {taskinstance.py:1376} INFO - 
--------------------------------------------------------------------------------
[2023-10-20 23:22:06,356] {taskinstance.py:1377} INFO - Starting attempt 1 of 6
[2023-10-20 23:22:06,357] {taskinstance.py:1378} INFO - 
--------------------------------------------------------------------------------
[2023-10-20 23:22:06,387] {taskinstance.py:1397} INFO - Executing <Task(BashOperator): primera_tarea> on 2023-03-04 00:00:00+00:00
[2023-10-20 23:22:06,394] {standard_task_runner.py:52} INFO - Started process 2180 to run task
[2023-10-20 23:22:06,398] {standard_task_runner.py:79} INFO - Running: ['***', 'tasks', 'run', 'mi_primer_dag_v3', 'primera_tarea', 'scheduled__2023-03-04T00:00:00+00:00', '--job-id', '642', '--raw', '--subdir', 'DAGS_FOLDER/primer_dag_v3.py', '--cfg-path', '/tmp/tmpywacqda3', '--error-file', '/tmp/tmp4s7el609']
[2023-10-20 23:22:06,400] {standard_task_runner.py:80} INFO - Job 642: Subtask primera_tarea
[2023-10-20 23:22:06,494] {task_command.py:371} INFO - Running <TaskInstance: mi_primer_dag_v3.primera_tarea scheduled__2023-03-04T00:00:00+00:00 [running]> on host dfdda228c9fc
[2023-10-20 23:22:06,627] {taskinstance.py:1591} INFO - Exporting the following env vars:
AIRFLOW_CTX_DAG_OWNER=DavidBU
AIRFLOW_CTX_DAG_ID=mi_primer_dag_v3
AIRFLOW_CTX_TASK_ID=primera_tarea
AIRFLOW_CTX_EXECUTION_DATE=2023-03-04T00:00:00+00:00
AIRFLOW_CTX_TRY_NUMBER=1
AIRFLOW_CTX_DAG_RUN_ID=scheduled__2023-03-04T00:00:00+00:00
[2023-10-20 23:22:06,629] {subprocess.py:62} INFO - Tmp dir root location: 
 /tmp
[2023-10-20 23:22:06,630] {subprocess.py:74} INFO - Running command: ['bash', '-c', 'echo hola mundo, esta es nuestra primera tarea!']
[2023-10-20 23:22:06,644] {subprocess.py:85} INFO - Output:
[2023-10-20 23:22:06,645] {subprocess.py:92} INFO - hola mundo, esta es nuestra primera tarea!
[2023-10-20 23:22:06,646] {subprocess.py:96} INFO - Command exited with return code 0
[2023-10-20 23:22:06,687] {taskinstance.py:1420} INFO - Marking task as SUCCESS. dag_id=mi_primer_dag_v3, task_id=primera_tarea, execution_date=20230304T000000, start_date=20231020T232206, end_date=20231020T232206
[2023-10-20 23:22:06,732] {local_task_job.py:156} INFO - Task exited with return code 0
[2023-10-20 23:22:06,797] {local_task_job.py:273} INFO - 2 downstream tasks scheduled from follow-on schedule check
