[2023-10-20 23:22:41,539] {taskinstance.py:1179} INFO - Dependencies all met for <TaskInstance: mi_primer_dag_v3.primera_tarea scheduled__2023-05-17T00:00:00+00:00 [queued]>
[2023-10-20 23:22:41,557] {taskinstance.py:1179} INFO - Dependencies all met for <TaskInstance: mi_primer_dag_v3.primera_tarea scheduled__2023-05-17T00:00:00+00:00 [queued]>
[2023-10-20 23:22:41,558] {taskinstance.py:1376} INFO - 
--------------------------------------------------------------------------------
[2023-10-20 23:22:41,559] {taskinstance.py:1377} INFO - Starting attempt 1 of 6
[2023-10-20 23:22:41,559] {taskinstance.py:1378} INFO - 
--------------------------------------------------------------------------------
[2023-10-20 23:22:41,584] {taskinstance.py:1397} INFO - Executing <Task(BashOperator): primera_tarea> on 2023-05-17 00:00:00+00:00
[2023-10-20 23:22:41,589] {standard_task_runner.py:52} INFO - Started process 2854 to run task
[2023-10-20 23:22:41,593] {standard_task_runner.py:79} INFO - Running: ['***', 'tasks', 'run', 'mi_primer_dag_v3', 'primera_tarea', 'scheduled__2023-05-17T00:00:00+00:00', '--job-id', '862', '--raw', '--subdir', 'DAGS_FOLDER/primer_dag_v3.py', '--cfg-path', '/tmp/tmpngy_y2bm', '--error-file', '/tmp/tmpn3vu91cz']
[2023-10-20 23:22:41,595] {standard_task_runner.py:80} INFO - Job 862: Subtask primera_tarea
[2023-10-20 23:22:41,721] {task_command.py:371} INFO - Running <TaskInstance: mi_primer_dag_v3.primera_tarea scheduled__2023-05-17T00:00:00+00:00 [running]> on host dfdda228c9fc
[2023-10-20 23:22:41,837] {taskinstance.py:1591} INFO - Exporting the following env vars:
AIRFLOW_CTX_DAG_OWNER=DavidBU
AIRFLOW_CTX_DAG_ID=mi_primer_dag_v3
AIRFLOW_CTX_TASK_ID=primera_tarea
AIRFLOW_CTX_EXECUTION_DATE=2023-05-17T00:00:00+00:00
AIRFLOW_CTX_TRY_NUMBER=1
AIRFLOW_CTX_DAG_RUN_ID=scheduled__2023-05-17T00:00:00+00:00
[2023-10-20 23:22:41,838] {subprocess.py:62} INFO - Tmp dir root location: 
 /tmp
[2023-10-20 23:22:41,839] {subprocess.py:74} INFO - Running command: ['bash', '-c', 'echo hola mundo, esta es nuestra primera tarea!']
[2023-10-20 23:22:41,850] {subprocess.py:85} INFO - Output:
[2023-10-20 23:22:41,851] {subprocess.py:92} INFO - hola mundo, esta es nuestra primera tarea!
[2023-10-20 23:22:41,852] {subprocess.py:96} INFO - Command exited with return code 0
[2023-10-20 23:22:41,900] {taskinstance.py:1420} INFO - Marking task as SUCCESS. dag_id=mi_primer_dag_v3, task_id=primera_tarea, execution_date=20230517T000000, start_date=20231020T232241, end_date=20231020T232241
[2023-10-20 23:22:41,973] {local_task_job.py:156} INFO - Task exited with return code 0
[2023-10-20 23:22:42,036] {local_task_job.py:273} INFO - 2 downstream tasks scheduled from follow-on schedule check
