[2023-10-20 23:20:31,440] {taskinstance.py:1179} INFO - Dependencies all met for <TaskInstance: mi_primer_dag_v3.tercera_tarea scheduled__2022-08-22T00:00:00+00:00 [queued]>
[2023-10-20 23:20:31,455] {taskinstance.py:1179} INFO - Dependencies all met for <TaskInstance: mi_primer_dag_v3.tercera_tarea scheduled__2022-08-22T00:00:00+00:00 [queued]>
[2023-10-20 23:20:31,456] {taskinstance.py:1376} INFO - 
--------------------------------------------------------------------------------
[2023-10-20 23:20:31,457] {taskinstance.py:1377} INFO - Starting attempt 1 of 6
[2023-10-20 23:20:31,457] {taskinstance.py:1378} INFO - 
--------------------------------------------------------------------------------
[2023-10-20 23:20:31,480] {taskinstance.py:1397} INFO - Executing <Task(BashOperator): tercera_tarea> on 2022-08-22 00:00:00+00:00
[2023-10-20 23:20:31,485] {standard_task_runner.py:52} INFO - Started process 417 to run task
[2023-10-20 23:20:31,488] {standard_task_runner.py:79} INFO - Running: ['***', 'tasks', 'run', 'mi_primer_dag_v3', 'tercera_tarea', 'scheduled__2022-08-22T00:00:00+00:00', '--job-id', '70', '--raw', '--subdir', 'DAGS_FOLDER/primer_dag_v3.py', '--cfg-path', '/tmp/tmpiqhny9wu', '--error-file', '/tmp/tmpmp_yyto8']
[2023-10-20 23:20:31,490] {standard_task_runner.py:80} INFO - Job 70: Subtask tercera_tarea
[2023-10-20 23:20:31,579] {task_command.py:371} INFO - Running <TaskInstance: mi_primer_dag_v3.tercera_tarea scheduled__2022-08-22T00:00:00+00:00 [running]> on host dfdda228c9fc
[2023-10-20 23:20:31,663] {taskinstance.py:1591} INFO - Exporting the following env vars:
AIRFLOW_CTX_DAG_OWNER=DavidBU
AIRFLOW_CTX_DAG_ID=mi_primer_dag_v3
AIRFLOW_CTX_TASK_ID=tercera_tarea
AIRFLOW_CTX_EXECUTION_DATE=2022-08-22T00:00:00+00:00
AIRFLOW_CTX_TRY_NUMBER=1
AIRFLOW_CTX_DAG_RUN_ID=scheduled__2022-08-22T00:00:00+00:00
[2023-10-20 23:20:31,664] {subprocess.py:62} INFO - Tmp dir root location: 
 /tmp
[2023-10-20 23:20:31,665] {subprocess.py:74} INFO - Running command: ['bash', '-c', 'echo hola, soy la tarea 3 y sere corrida luego de Tarea 1 al mismo tiempo que Tarea 2']
[2023-10-20 23:20:31,675] {subprocess.py:85} INFO - Output:
[2023-10-20 23:20:31,676] {subprocess.py:92} INFO - hola, soy la tarea 3 y sere corrida luego de Tarea 1 al mismo tiempo que Tarea 2
[2023-10-20 23:20:31,677] {subprocess.py:96} INFO - Command exited with return code 0
[2023-10-20 23:20:31,707] {taskinstance.py:1420} INFO - Marking task as SUCCESS. dag_id=mi_primer_dag_v3, task_id=tercera_tarea, execution_date=20220822T000000, start_date=20231020T232031, end_date=20231020T232031
[2023-10-20 23:20:31,741] {local_task_job.py:156} INFO - Task exited with return code 0
[2023-10-20 23:20:31,772] {local_task_job.py:273} INFO - 0 downstream tasks scheduled from follow-on schedule check
