[2023-10-20 23:22:06,102] {taskinstance.py:1179} INFO - Dependencies all met for <TaskInstance: mi_primer_dag_v3.primera_tarea scheduled__2023-03-02T00:00:00+00:00 [queued]>
[2023-10-20 23:22:06,118] {taskinstance.py:1179} INFO - Dependencies all met for <TaskInstance: mi_primer_dag_v3.primera_tarea scheduled__2023-03-02T00:00:00+00:00 [queued]>
[2023-10-20 23:22:06,119] {taskinstance.py:1376} INFO - 
--------------------------------------------------------------------------------
[2023-10-20 23:22:06,120] {taskinstance.py:1377} INFO - Starting attempt 1 of 6
[2023-10-20 23:22:06,121] {taskinstance.py:1378} INFO - 
--------------------------------------------------------------------------------
[2023-10-20 23:22:06,149] {taskinstance.py:1397} INFO - Executing <Task(BashOperator): primera_tarea> on 2023-03-02 00:00:00+00:00
[2023-10-20 23:22:06,153] {standard_task_runner.py:52} INFO - Started process 2174 to run task
[2023-10-20 23:22:06,157] {standard_task_runner.py:79} INFO - Running: ['***', 'tasks', 'run', 'mi_primer_dag_v3', 'primera_tarea', 'scheduled__2023-03-02T00:00:00+00:00', '--job-id', '640', '--raw', '--subdir', 'DAGS_FOLDER/primer_dag_v3.py', '--cfg-path', '/tmp/tmph2tlkjd0', '--error-file', '/tmp/tmpkgh06lxm']
[2023-10-20 23:22:06,159] {standard_task_runner.py:80} INFO - Job 640: Subtask primera_tarea
[2023-10-20 23:22:06,248] {task_command.py:371} INFO - Running <TaskInstance: mi_primer_dag_v3.primera_tarea scheduled__2023-03-02T00:00:00+00:00 [running]> on host dfdda228c9fc
[2023-10-20 23:22:06,339] {taskinstance.py:1591} INFO - Exporting the following env vars:
AIRFLOW_CTX_DAG_OWNER=DavidBU
AIRFLOW_CTX_DAG_ID=mi_primer_dag_v3
AIRFLOW_CTX_TASK_ID=primera_tarea
AIRFLOW_CTX_EXECUTION_DATE=2023-03-02T00:00:00+00:00
AIRFLOW_CTX_TRY_NUMBER=1
AIRFLOW_CTX_DAG_RUN_ID=scheduled__2023-03-02T00:00:00+00:00
[2023-10-20 23:22:06,340] {subprocess.py:62} INFO - Tmp dir root location: 
 /tmp
[2023-10-20 23:22:06,341] {subprocess.py:74} INFO - Running command: ['bash', '-c', 'echo hola mundo, esta es nuestra primera tarea!']
[2023-10-20 23:22:06,351] {subprocess.py:85} INFO - Output:
[2023-10-20 23:22:06,352] {subprocess.py:92} INFO - hola mundo, esta es nuestra primera tarea!
[2023-10-20 23:22:06,353] {subprocess.py:96} INFO - Command exited with return code 0
[2023-10-20 23:22:06,397] {taskinstance.py:1420} INFO - Marking task as SUCCESS. dag_id=mi_primer_dag_v3, task_id=primera_tarea, execution_date=20230302T000000, start_date=20231020T232206, end_date=20231020T232206
[2023-10-20 23:22:06,450] {local_task_job.py:156} INFO - Task exited with return code 0
[2023-10-20 23:22:06,497] {local_task_job.py:273} INFO - 2 downstream tasks scheduled from follow-on schedule check
