[2023-10-20 23:31:54,407] {taskinstance.py:1179} INFO - Dependencies all met for <TaskInstance: mi_primer_dag.primer_task scheduled__2023-04-24T00:00:00+00:00 [queued]>
[2023-10-20 23:31:54,424] {taskinstance.py:1179} INFO - Dependencies all met for <TaskInstance: mi_primer_dag.primer_task scheduled__2023-04-24T00:00:00+00:00 [queued]>
[2023-10-20 23:31:54,425] {taskinstance.py:1376} INFO - 
--------------------------------------------------------------------------------
[2023-10-20 23:31:54,426] {taskinstance.py:1377} INFO - Starting attempt 1 of 6
[2023-10-20 23:31:54,426] {taskinstance.py:1378} INFO - 
--------------------------------------------------------------------------------
[2023-10-20 23:31:54,455] {taskinstance.py:1397} INFO - Executing <Task(BashOperator): primer_task> on 2023-04-24 00:00:00+00:00
[2023-10-20 23:31:54,460] {standard_task_runner.py:52} INFO - Started process 231 to run task
[2023-10-20 23:31:54,465] {standard_task_runner.py:79} INFO - Running: ['***', 'tasks', 'run', 'mi_primer_dag', 'primer_task', 'scheduled__2023-04-24T00:00:00+00:00', '--job-id', '1598', '--raw', '--subdir', 'DAGS_FOLDER/mi_primer_dag.py', '--cfg-path', '/tmp/tmpw3fl0h1a', '--error-file', '/tmp/tmpz8yv_8uf']
[2023-10-20 23:31:54,469] {standard_task_runner.py:80} INFO - Job 1598: Subtask primer_task
[2023-10-20 23:31:54,597] {task_command.py:371} INFO - Running <TaskInstance: mi_primer_dag.primer_task scheduled__2023-04-24T00:00:00+00:00 [running]> on host dfdda228c9fc
[2023-10-20 23:31:54,735] {taskinstance.py:1591} INFO - Exporting the following env vars:
AIRFLOW_CTX_DAG_OWNER=DavidBU
AIRFLOW_CTX_DAG_ID=mi_primer_dag
AIRFLOW_CTX_TASK_ID=primer_task
AIRFLOW_CTX_EXECUTION_DATE=2023-04-24T00:00:00+00:00
AIRFLOW_CTX_TRY_NUMBER=1
AIRFLOW_CTX_DAG_RUN_ID=scheduled__2023-04-24T00:00:00+00:00
[2023-10-20 23:31:54,737] {subprocess.py:62} INFO - Tmp dir root location: 
 /tmp
[2023-10-20 23:31:54,738] {subprocess.py:74} INFO - Running command: ['bash', '-c', 'echo hola mundo, esta es nuestra primera tarea usando bash operator!']
[2023-10-20 23:31:54,750] {subprocess.py:85} INFO - Output:
[2023-10-20 23:31:54,753] {subprocess.py:92} INFO - hola mundo, esta es nuestra primera tarea usando bash operator!
[2023-10-20 23:31:54,754] {subprocess.py:96} INFO - Command exited with return code 0
[2023-10-20 23:31:54,809] {taskinstance.py:1420} INFO - Marking task as SUCCESS. dag_id=mi_primer_dag, task_id=primer_task, execution_date=20230424T000000, start_date=20231020T233154, end_date=20231020T233154
[2023-10-20 23:31:54,841] {local_task_job.py:156} INFO - Task exited with return code 0
[2023-10-20 23:31:54,899] {local_task_job.py:273} INFO - 0 downstream tasks scheduled from follow-on schedule check
