[2023-10-20 23:28:21,085] {taskinstance.py:1179} INFO - Dependencies all met for <TaskInstance: mi_primer_dag_v3.tercera_tarea scheduled__2023-09-18T00:00:00+00:00 [queued]>
[2023-10-20 23:28:21,110] {taskinstance.py:1179} INFO - Dependencies all met for <TaskInstance: mi_primer_dag_v3.tercera_tarea scheduled__2023-09-18T00:00:00+00:00 [queued]>
[2023-10-20 23:28:21,112] {taskinstance.py:1376} INFO - 
--------------------------------------------------------------------------------
[2023-10-20 23:28:21,113] {taskinstance.py:1377} INFO - Starting attempt 1 of 6
[2023-10-20 23:28:21,113] {taskinstance.py:1378} INFO - 
--------------------------------------------------------------------------------
[2023-10-20 23:28:21,142] {taskinstance.py:1397} INFO - Executing <Task(BashOperator): tercera_tarea> on 2023-09-18 00:00:00+00:00
[2023-10-20 23:28:21,148] {standard_task_runner.py:52} INFO - Started process 516 to run task
[2023-10-20 23:28:21,153] {standard_task_runner.py:79} INFO - Running: ['***', 'tasks', 'run', 'mi_primer_dag_v3', 'tercera_tarea', 'scheduled__2023-09-18T00:00:00+00:00', '--job-id', '1257', '--raw', '--subdir', 'DAGS_FOLDER/primer_dag_v3.py', '--cfg-path', '/tmp/tmpy625f09q', '--error-file', '/tmp/tmp5tc1m49l']
[2023-10-20 23:28:21,155] {standard_task_runner.py:80} INFO - Job 1257: Subtask tercera_tarea
[2023-10-20 23:28:21,289] {task_command.py:371} INFO - Running <TaskInstance: mi_primer_dag_v3.tercera_tarea scheduled__2023-09-18T00:00:00+00:00 [running]> on host dfdda228c9fc
[2023-10-20 23:28:21,444] {taskinstance.py:1591} INFO - Exporting the following env vars:
AIRFLOW_CTX_DAG_OWNER=DavidBU
AIRFLOW_CTX_DAG_ID=mi_primer_dag_v3
AIRFLOW_CTX_TASK_ID=tercera_tarea
AIRFLOW_CTX_EXECUTION_DATE=2023-09-18T00:00:00+00:00
AIRFLOW_CTX_TRY_NUMBER=1
AIRFLOW_CTX_DAG_RUN_ID=scheduled__2023-09-18T00:00:00+00:00
[2023-10-20 23:28:21,445] {subprocess.py:62} INFO - Tmp dir root location: 
 /tmp
[2023-10-20 23:28:21,447] {subprocess.py:74} INFO - Running command: ['bash', '-c', 'echo hola, soy la tarea 3 y sere corrida luego de Tarea 1 al mismo tiempo que Tarea 2']
[2023-10-20 23:28:21,458] {subprocess.py:85} INFO - Output:
[2023-10-20 23:28:21,461] {subprocess.py:92} INFO - hola, soy la tarea 3 y sere corrida luego de Tarea 1 al mismo tiempo que Tarea 2
[2023-10-20 23:28:21,462] {subprocess.py:96} INFO - Command exited with return code 0
[2023-10-20 23:28:21,502] {taskinstance.py:1420} INFO - Marking task as SUCCESS. dag_id=mi_primer_dag_v3, task_id=tercera_tarea, execution_date=20230918T000000, start_date=20231020T232821, end_date=20231020T232821
[2023-10-20 23:28:21,528] {local_task_job.py:156} INFO - Task exited with return code 0
[2023-10-20 23:28:21,572] {local_task_job.py:273} INFO - 0 downstream tasks scheduled from follow-on schedule check
