[2023-10-20 23:23:07,204] {taskinstance.py:1179} INFO - Dependencies all met for <TaskInstance: mi_primer_dag_v3.tercera_tarea scheduled__2023-07-06T00:00:00+00:00 [queued]>
[2023-10-20 23:23:07,231] {taskinstance.py:1179} INFO - Dependencies all met for <TaskInstance: mi_primer_dag_v3.tercera_tarea scheduled__2023-07-06T00:00:00+00:00 [queued]>
[2023-10-20 23:23:07,232] {taskinstance.py:1376} INFO - 
--------------------------------------------------------------------------------
[2023-10-20 23:23:07,235] {taskinstance.py:1377} INFO - Starting attempt 1 of 6
[2023-10-20 23:23:07,236] {taskinstance.py:1378} INFO - 
--------------------------------------------------------------------------------
[2023-10-20 23:23:07,265] {taskinstance.py:1397} INFO - Executing <Task(BashOperator): tercera_tarea> on 2023-07-06 00:00:00+00:00
[2023-10-20 23:23:07,272] {standard_task_runner.py:52} INFO - Started process 3376 to run task
[2023-10-20 23:23:07,277] {standard_task_runner.py:79} INFO - Running: ['***', 'tasks', 'run', 'mi_primer_dag_v3', 'tercera_tarea', 'scheduled__2023-07-06T00:00:00+00:00', '--job-id', '1028', '--raw', '--subdir', 'DAGS_FOLDER/primer_dag_v3.py', '--cfg-path', '/tmp/tmpb956jer2', '--error-file', '/tmp/tmpsq2lajs4']
[2023-10-20 23:23:07,279] {standard_task_runner.py:80} INFO - Job 1028: Subtask tercera_tarea
[2023-10-20 23:23:07,482] {task_command.py:371} INFO - Running <TaskInstance: mi_primer_dag_v3.tercera_tarea scheduled__2023-07-06T00:00:00+00:00 [running]> on host dfdda228c9fc
[2023-10-20 23:23:07,631] {taskinstance.py:1591} INFO - Exporting the following env vars:
AIRFLOW_CTX_DAG_OWNER=DavidBU
AIRFLOW_CTX_DAG_ID=mi_primer_dag_v3
AIRFLOW_CTX_TASK_ID=tercera_tarea
AIRFLOW_CTX_EXECUTION_DATE=2023-07-06T00:00:00+00:00
AIRFLOW_CTX_TRY_NUMBER=1
AIRFLOW_CTX_DAG_RUN_ID=scheduled__2023-07-06T00:00:00+00:00
[2023-10-20 23:23:07,633] {subprocess.py:62} INFO - Tmp dir root location: 
 /tmp
[2023-10-20 23:23:07,636] {subprocess.py:74} INFO - Running command: ['bash', '-c', 'echo hola, soy la tarea 3 y sere corrida luego de Tarea 1 al mismo tiempo que Tarea 2']
[2023-10-20 23:23:07,660] {subprocess.py:85} INFO - Output:
[2023-10-20 23:23:07,664] {subprocess.py:92} INFO - hola, soy la tarea 3 y sere corrida luego de Tarea 1 al mismo tiempo que Tarea 2
[2023-10-20 23:23:07,666] {subprocess.py:96} INFO - Command exited with return code 0
[2023-10-20 23:23:07,762] {taskinstance.py:1420} INFO - Marking task as SUCCESS. dag_id=mi_primer_dag_v3, task_id=tercera_tarea, execution_date=20230706T000000, start_date=20231020T232307, end_date=20231020T232307
[2023-10-20 23:23:07,819] {local_task_job.py:156} INFO - Task exited with return code 0
[2023-10-20 23:23:08,016] {local_task_job.py:273} INFO - 0 downstream tasks scheduled from follow-on schedule check
