[2023-10-20 23:20:43,088] {taskinstance.py:1179} INFO - Dependencies all met for <TaskInstance: mi_primer_dag_v3.primera_tarea scheduled__2022-09-19T00:00:00+00:00 [queued]>
[2023-10-20 23:20:43,107] {taskinstance.py:1179} INFO - Dependencies all met for <TaskInstance: mi_primer_dag_v3.primera_tarea scheduled__2022-09-19T00:00:00+00:00 [queued]>
[2023-10-20 23:20:43,108] {taskinstance.py:1376} INFO - 
--------------------------------------------------------------------------------
[2023-10-20 23:20:43,109] {taskinstance.py:1377} INFO - Starting attempt 1 of 6
[2023-10-20 23:20:43,109] {taskinstance.py:1378} INFO - 
--------------------------------------------------------------------------------
[2023-10-20 23:20:43,156] {taskinstance.py:1397} INFO - Executing <Task(BashOperator): primera_tarea> on 2022-09-19 00:00:00+00:00
[2023-10-20 23:20:43,164] {standard_task_runner.py:52} INFO - Started process 636 to run task
[2023-10-20 23:20:43,169] {standard_task_runner.py:79} INFO - Running: ['***', 'tasks', 'run', 'mi_primer_dag_v3', 'primera_tarea', 'scheduled__2022-09-19T00:00:00+00:00', '--job-id', '138', '--raw', '--subdir', 'DAGS_FOLDER/primer_dag_v3.py', '--cfg-path', '/tmp/tmp6vq6sw3u', '--error-file', '/tmp/tmpl2bsdpub']
[2023-10-20 23:20:43,172] {standard_task_runner.py:80} INFO - Job 138: Subtask primera_tarea
[2023-10-20 23:20:43,293] {task_command.py:371} INFO - Running <TaskInstance: mi_primer_dag_v3.primera_tarea scheduled__2022-09-19T00:00:00+00:00 [running]> on host dfdda228c9fc
[2023-10-20 23:20:43,455] {taskinstance.py:1591} INFO - Exporting the following env vars:
AIRFLOW_CTX_DAG_OWNER=DavidBU
AIRFLOW_CTX_DAG_ID=mi_primer_dag_v3
AIRFLOW_CTX_TASK_ID=primera_tarea
AIRFLOW_CTX_EXECUTION_DATE=2022-09-19T00:00:00+00:00
AIRFLOW_CTX_TRY_NUMBER=1
AIRFLOW_CTX_DAG_RUN_ID=scheduled__2022-09-19T00:00:00+00:00
[2023-10-20 23:20:43,457] {subprocess.py:62} INFO - Tmp dir root location: 
 /tmp
[2023-10-20 23:20:43,460] {subprocess.py:74} INFO - Running command: ['bash', '-c', 'echo hola mundo, esta es nuestra primera tarea!']
[2023-10-20 23:20:43,474] {subprocess.py:85} INFO - Output:
[2023-10-20 23:20:43,478] {subprocess.py:92} INFO - hola mundo, esta es nuestra primera tarea!
[2023-10-20 23:20:43,479] {subprocess.py:96} INFO - Command exited with return code 0
[2023-10-20 23:20:43,574] {taskinstance.py:1420} INFO - Marking task as SUCCESS. dag_id=mi_primer_dag_v3, task_id=primera_tarea, execution_date=20220919T000000, start_date=20231020T232043, end_date=20231020T232043
[2023-10-20 23:20:43,627] {local_task_job.py:156} INFO - Task exited with return code 0
[2023-10-20 23:20:43,702] {local_task_job.py:273} INFO - 2 downstream tasks scheduled from follow-on schedule check
