[2023-10-20 23:39:27,197] {taskinstance.py:1179} INFO - Dependencies all met for <TaskInstance: dag_print_context.print_context scheduled__2023-10-19T00:00:00+00:00 [queued]>
[2023-10-20 23:39:27,207] {taskinstance.py:1179} INFO - Dependencies all met for <TaskInstance: dag_print_context.print_context scheduled__2023-10-19T00:00:00+00:00 [queued]>
[2023-10-20 23:39:27,208] {taskinstance.py:1376} INFO - 
--------------------------------------------------------------------------------
[2023-10-20 23:39:27,208] {taskinstance.py:1377} INFO - Starting attempt 1 of 1
[2023-10-20 23:39:27,209] {taskinstance.py:1378} INFO - 
--------------------------------------------------------------------------------
[2023-10-20 23:39:27,222] {taskinstance.py:1397} INFO - Executing <Task(PythonOperator): print_context> on 2023-10-19 00:00:00+00:00
[2023-10-20 23:39:27,226] {standard_task_runner.py:52} INFO - Started process 346 to run task
[2023-10-20 23:39:27,228] {standard_task_runner.py:79} INFO - Running: ['***', 'tasks', 'run', 'dag_print_context', 'print_context', 'scheduled__2023-10-19T00:00:00+00:00', '--job-id', '2007', '--raw', '--subdir', 'DAGS_FOLDER/example_template.py', '--cfg-path', '/tmp/tmpvh5_msu_', '--error-file', '/tmp/tmpl72529in']
[2023-10-20 23:39:27,230] {standard_task_runner.py:80} INFO - Job 2007: Subtask print_context
[2023-10-20 23:39:27,291] {task_command.py:371} INFO - Running <TaskInstance: dag_print_context.print_context scheduled__2023-10-19T00:00:00+00:00 [running]> on host dfdda228c9fc
[2023-10-20 23:39:27,369] {taskinstance.py:1591} INFO - Exporting the following env vars:
AIRFLOW_CTX_DAG_OWNER=***
AIRFLOW_CTX_DAG_ID=dag_print_context
AIRFLOW_CTX_TASK_ID=print_context
AIRFLOW_CTX_EXECUTION_DATE=2023-10-19T00:00:00+00:00
AIRFLOW_CTX_TRY_NUMBER=1
AIRFLOW_CTX_DAG_RUN_ID=scheduled__2023-10-19T00:00:00+00:00
[2023-10-20 23:39:27,371] {logging_mixin.py:115} INFO - {'conf': <***.configuration.AirflowConfigParser object at 0x7f7d0444c150>, 'dag': <DAG: dag_print_context>, 'dag_run': <DagRun dag_print_context @ 2023-10-19 00:00:00+00:00: scheduled__2023-10-19T00:00:00+00:00, externally triggered: False>, 'data_interval_end': DateTime(2023, 10, 20, 0, 0, 0, tzinfo=Timezone('UTC')), 'data_interval_start': DateTime(2023, 10, 19, 0, 0, 0, tzinfo=Timezone('UTC')), 'ds': '2023-10-19', 'ds_nodash': '20231019', 'execution_date': <Proxy at 0x7f7cfabef5f0 with factory functools.partial(<function lazy_mapping_from_context.<locals>._deprecated_proxy_factory at 0x7f7cfac90ef0>, 'execution_date', DateTime(2023, 10, 19, 0, 0, 0, tzinfo=Timezone('UTC')))>, 'inlets': [], 'logical_date': DateTime(2023, 10, 19, 0, 0, 0, tzinfo=Timezone('UTC')), 'macros': <module '***.macros' from '/home/***/.local/lib/python3.7/site-packages/***/macros/__init__.py'>, 'next_ds': <Proxy at 0x7f7cfabef5a0 with factory functools.partial(<function lazy_mapping_from_context.<locals>._deprecated_proxy_factory at 0x7f7cfac90ef0>, 'next_ds', '2023-10-20')>, 'next_ds_nodash': <Proxy at 0x7f7cfabef690 with factory functools.partial(<function lazy_mapping_from_context.<locals>._deprecated_proxy_factory at 0x7f7cfac90ef0>, 'next_ds_nodash', '20231020')>, 'next_execution_date': <Proxy at 0x7f7cfabef820 with factory functools.partial(<function lazy_mapping_from_context.<locals>._deprecated_proxy_factory at 0x7f7cfac90ef0>, 'next_execution_date', DateTime(2023, 10, 20, 0, 0, 0, tzinfo=Timezone('UTC')))>, 'outlets': [], 'params': {}, 'prev_data_interval_start_success': None, 'prev_data_interval_end_success': None, 'prev_ds': <Proxy at 0x7f7cfabef780 with factory functools.partial(<function lazy_mapping_from_context.<locals>._deprecated_proxy_factory at 0x7f7cfac90ef0>, 'prev_ds', '2023-10-18')>, 'prev_ds_nodash': <Proxy at 0x7f7cfacddaa0 with factory functools.partial(<function lazy_mapping_from_context.<locals>._deprecated_proxy_factory at 0x7f7cfac90ef0>, 'prev_ds_nodash', '20231018')>, 'prev_execution_date': <Proxy at 0x7f7cfac74c80 with factory functools.partial(<function lazy_mapping_from_context.<locals>._deprecated_proxy_factory at 0x7f7cfac90ef0>, 'prev_execution_date', DateTime(2023, 10, 18, 0, 0, 0, tzinfo=Timezone('UTC')))>, 'prev_execution_date_success': <Proxy at 0x7f7cfabf8b40 with factory functools.partial(<function lazy_mapping_from_context.<locals>._deprecated_proxy_factory at 0x7f7cfac90ef0>, 'prev_execution_date_success', None)>, 'prev_start_date_success': None, 'run_id': 'scheduled__2023-10-19T00:00:00+00:00', 'task': <Task(PythonOperator): print_context>, 'task_instance': <TaskInstance: dag_print_context.print_context scheduled__2023-10-19T00:00:00+00:00 [running]>, 'task_instance_key_str': 'dag_print_context__print_context__20231019', 'test_mode': False, 'ti': <TaskInstance: dag_print_context.print_context scheduled__2023-10-19T00:00:00+00:00 [running]>, 'tomorrow_ds': <Proxy at 0x7f7cfabf8f50 with factory functools.partial(<function lazy_mapping_from_context.<locals>._deprecated_proxy_factory at 0x7f7cfac90ef0>, 'tomorrow_ds', '2023-10-20')>, 'tomorrow_ds_nodash': <Proxy at 0x7f7cfabf8fa0 with factory functools.partial(<function lazy_mapping_from_context.<locals>._deprecated_proxy_factory at 0x7f7cfac90ef0>, 'tomorrow_ds_nodash', '20231020')>, 'ts': '2023-10-19T00:00:00+00:00', 'ts_nodash': '20231019T000000', 'ts_nodash_with_tz': '20231019T000000+0000', 'var': {'json': None, 'value': None}, 'conn': None, 'yesterday_ds': <Proxy at 0x7f7cfac01050 with factory functools.partial(<function lazy_mapping_from_context.<locals>._deprecated_proxy_factory at 0x7f7cfac90ef0>, 'yesterday_ds', '2023-10-18')>, 'yesterday_ds_nodash': <Proxy at 0x7f7cfac010a0 with factory functools.partial(<function lazy_mapping_from_context.<locals>._deprecated_proxy_factory at 0x7f7cfac90ef0>, 'yesterday_ds_nodash', '20231018')>, 'templates_dict': None}
[2023-10-20 23:39:27,371] {logging_mixin.py:115} INFO - Inicio:(<Proxy at 0x7f7cfabef5f0 with factory functools.partial(<function lazy_mapping_from_context.<locals>._deprecated_proxy_factory at 0x7f7cfac90ef0>, 'execution_date', DateTime(2023, 10, 19, 0, 0, 0, tzinfo=Timezone('UTC')))>,), Fin: (<Proxy at 0x7f7cfabef820 with factory functools.partial(<function lazy_mapping_from_context.<locals>._deprecated_proxy_factory at 0x7f7cfac90ef0>, 'next_execution_date', DateTime(2023, 10, 20, 0, 0, 0, tzinfo=Timezone('UTC')))>,)
[2023-10-20 23:39:27,372] {python.py:173} INFO - Done. Returned value was: None
[2023-10-20 23:39:27,384] {taskinstance.py:1420} INFO - Marking task as SUCCESS. dag_id=dag_print_context, task_id=print_context, execution_date=20231019T000000, start_date=20231020T233927, end_date=20231020T233927
[2023-10-20 23:39:27,401] {local_task_job.py:156} INFO - Task exited with return code 0
[2023-10-20 23:39:27,435] {local_task_job.py:273} INFO - 0 downstream tasks scheduled from follow-on schedule check
