[2023-10-20 23:22:36,378] {taskinstance.py:1179} INFO - Dependencies all met for <TaskInstance: mi_primer_dag_v3.tercera_tarea scheduled__2023-04-30T00:00:00+00:00 [queued]>
[2023-10-20 23:22:36,393] {taskinstance.py:1179} INFO - Dependencies all met for <TaskInstance: mi_primer_dag_v3.tercera_tarea scheduled__2023-04-30T00:00:00+00:00 [queued]>
[2023-10-20 23:22:36,394] {taskinstance.py:1376} INFO - 
--------------------------------------------------------------------------------
[2023-10-20 23:22:36,394] {taskinstance.py:1377} INFO - Starting attempt 1 of 6
[2023-10-20 23:22:36,395] {taskinstance.py:1378} INFO - 
--------------------------------------------------------------------------------
[2023-10-20 23:22:36,420] {taskinstance.py:1397} INFO - Executing <Task(BashOperator): tercera_tarea> on 2023-04-30 00:00:00+00:00
[2023-10-20 23:22:36,425] {standard_task_runner.py:52} INFO - Started process 2739 to run task
[2023-10-20 23:22:36,429] {standard_task_runner.py:79} INFO - Running: ['***', 'tasks', 'run', 'mi_primer_dag_v3', 'tercera_tarea', 'scheduled__2023-04-30T00:00:00+00:00', '--job-id', '824', '--raw', '--subdir', 'DAGS_FOLDER/primer_dag_v3.py', '--cfg-path', '/tmp/tmp3o_d0msr', '--error-file', '/tmp/tmpc6_xgm02']
[2023-10-20 23:22:36,430] {standard_task_runner.py:80} INFO - Job 824: Subtask tercera_tarea
[2023-10-20 23:22:36,548] {task_command.py:371} INFO - Running <TaskInstance: mi_primer_dag_v3.tercera_tarea scheduled__2023-04-30T00:00:00+00:00 [running]> on host dfdda228c9fc
[2023-10-20 23:22:36,683] {taskinstance.py:1591} INFO - Exporting the following env vars:
AIRFLOW_CTX_DAG_OWNER=DavidBU
AIRFLOW_CTX_DAG_ID=mi_primer_dag_v3
AIRFLOW_CTX_TASK_ID=tercera_tarea
AIRFLOW_CTX_EXECUTION_DATE=2023-04-30T00:00:00+00:00
AIRFLOW_CTX_TRY_NUMBER=1
AIRFLOW_CTX_DAG_RUN_ID=scheduled__2023-04-30T00:00:00+00:00
[2023-10-20 23:22:36,685] {subprocess.py:62} INFO - Tmp dir root location: 
 /tmp
[2023-10-20 23:22:36,686] {subprocess.py:74} INFO - Running command: ['bash', '-c', 'echo hola, soy la tarea 3 y sere corrida luego de Tarea 1 al mismo tiempo que Tarea 2']
[2023-10-20 23:22:36,697] {subprocess.py:85} INFO - Output:
[2023-10-20 23:22:36,701] {subprocess.py:92} INFO - hola, soy la tarea 3 y sere corrida luego de Tarea 1 al mismo tiempo que Tarea 2
[2023-10-20 23:22:36,702] {subprocess.py:96} INFO - Command exited with return code 0
[2023-10-20 23:22:36,756] {taskinstance.py:1420} INFO - Marking task as SUCCESS. dag_id=mi_primer_dag_v3, task_id=tercera_tarea, execution_date=20230430T000000, start_date=20231020T232236, end_date=20231020T232236
[2023-10-20 23:22:36,804] {local_task_job.py:156} INFO - Task exited with return code 0
[2023-10-20 23:22:36,869] {local_task_job.py:273} INFO - 0 downstream tasks scheduled from follow-on schedule check
