[2023-10-20 23:23:18,026] {taskinstance.py:1179} INFO - Dependencies all met for <TaskInstance: mi_primer_dag_v3.primera_tarea scheduled__2023-08-02T00:00:00+00:00 [queued]>
[2023-10-20 23:23:18,045] {taskinstance.py:1179} INFO - Dependencies all met for <TaskInstance: mi_primer_dag_v3.primera_tarea scheduled__2023-08-02T00:00:00+00:00 [queued]>
[2023-10-20 23:23:18,046] {taskinstance.py:1376} INFO - 
--------------------------------------------------------------------------------
[2023-10-20 23:23:18,046] {taskinstance.py:1377} INFO - Starting attempt 1 of 6
[2023-10-20 23:23:18,047] {taskinstance.py:1378} INFO - 
--------------------------------------------------------------------------------
[2023-10-20 23:23:18,077] {taskinstance.py:1397} INFO - Executing <Task(BashOperator): primera_tarea> on 2023-08-02 00:00:00+00:00
[2023-10-20 23:23:18,087] {standard_task_runner.py:52} INFO - Started process 3572 to run task
[2023-10-20 23:23:18,091] {standard_task_runner.py:79} INFO - Running: ['***', 'tasks', 'run', 'mi_primer_dag_v3', 'primera_tarea', 'scheduled__2023-08-02T00:00:00+00:00', '--job-id', '1093', '--raw', '--subdir', 'DAGS_FOLDER/primer_dag_v3.py', '--cfg-path', '/tmp/tmpgryb3cz1', '--error-file', '/tmp/tmpthu7zu69']
[2023-10-20 23:23:18,094] {standard_task_runner.py:80} INFO - Job 1093: Subtask primera_tarea
[2023-10-20 23:23:18,200] {task_command.py:371} INFO - Running <TaskInstance: mi_primer_dag_v3.primera_tarea scheduled__2023-08-02T00:00:00+00:00 [running]> on host dfdda228c9fc
[2023-10-20 23:23:18,334] {taskinstance.py:1591} INFO - Exporting the following env vars:
AIRFLOW_CTX_DAG_OWNER=DavidBU
AIRFLOW_CTX_DAG_ID=mi_primer_dag_v3
AIRFLOW_CTX_TASK_ID=primera_tarea
AIRFLOW_CTX_EXECUTION_DATE=2023-08-02T00:00:00+00:00
AIRFLOW_CTX_TRY_NUMBER=1
AIRFLOW_CTX_DAG_RUN_ID=scheduled__2023-08-02T00:00:00+00:00
[2023-10-20 23:23:18,336] {subprocess.py:62} INFO - Tmp dir root location: 
 /tmp
[2023-10-20 23:23:18,337] {subprocess.py:74} INFO - Running command: ['bash', '-c', 'echo hola mundo, esta es nuestra primera tarea!']
[2023-10-20 23:23:18,349] {subprocess.py:85} INFO - Output:
[2023-10-20 23:23:18,352] {subprocess.py:92} INFO - hola mundo, esta es nuestra primera tarea!
[2023-10-20 23:23:18,353] {subprocess.py:96} INFO - Command exited with return code 0
[2023-10-20 23:23:18,422] {taskinstance.py:1420} INFO - Marking task as SUCCESS. dag_id=mi_primer_dag_v3, task_id=primera_tarea, execution_date=20230802T000000, start_date=20231020T232318, end_date=20231020T232318
[2023-10-20 23:23:18,467] {local_task_job.py:156} INFO - Task exited with return code 0
[2023-10-20 23:23:18,546] {local_task_job.py:273} INFO - 2 downstream tasks scheduled from follow-on schedule check
