[2023-10-20 23:21:03,859] {taskinstance.py:1179} INFO - Dependencies all met for <TaskInstance: mi_primer_dag_v3.tercera_tarea scheduled__2022-10-31T00:00:00+00:00 [queued]>
[2023-10-20 23:21:03,877] {taskinstance.py:1179} INFO - Dependencies all met for <TaskInstance: mi_primer_dag_v3.tercera_tarea scheduled__2022-10-31T00:00:00+00:00 [queued]>
[2023-10-20 23:21:03,877] {taskinstance.py:1376} INFO - 
--------------------------------------------------------------------------------
[2023-10-20 23:21:03,878] {taskinstance.py:1377} INFO - Starting attempt 1 of 6
[2023-10-20 23:21:03,879] {taskinstance.py:1378} INFO - 
--------------------------------------------------------------------------------
[2023-10-20 23:21:03,904] {taskinstance.py:1397} INFO - Executing <Task(BashOperator): tercera_tarea> on 2022-10-31 00:00:00+00:00
[2023-10-20 23:21:03,911] {standard_task_runner.py:52} INFO - Started process 1064 to run task
[2023-10-20 23:21:03,915] {standard_task_runner.py:79} INFO - Running: ['***', 'tasks', 'run', 'mi_primer_dag_v3', 'tercera_tarea', 'scheduled__2022-10-31T00:00:00+00:00', '--job-id', '282', '--raw', '--subdir', 'DAGS_FOLDER/primer_dag_v3.py', '--cfg-path', '/tmp/tmpf7zrpt22', '--error-file', '/tmp/tmpx_38ecrm']
[2023-10-20 23:21:03,918] {standard_task_runner.py:80} INFO - Job 282: Subtask tercera_tarea
[2023-10-20 23:21:04,063] {task_command.py:371} INFO - Running <TaskInstance: mi_primer_dag_v3.tercera_tarea scheduled__2022-10-31T00:00:00+00:00 [running]> on host dfdda228c9fc
[2023-10-20 23:21:04,226] {taskinstance.py:1591} INFO - Exporting the following env vars:
AIRFLOW_CTX_DAG_OWNER=DavidBU
AIRFLOW_CTX_DAG_ID=mi_primer_dag_v3
AIRFLOW_CTX_TASK_ID=tercera_tarea
AIRFLOW_CTX_EXECUTION_DATE=2022-10-31T00:00:00+00:00
AIRFLOW_CTX_TRY_NUMBER=1
AIRFLOW_CTX_DAG_RUN_ID=scheduled__2022-10-31T00:00:00+00:00
[2023-10-20 23:21:04,227] {subprocess.py:62} INFO - Tmp dir root location: 
 /tmp
[2023-10-20 23:21:04,228] {subprocess.py:74} INFO - Running command: ['bash', '-c', 'echo hola, soy la tarea 3 y sere corrida luego de Tarea 1 al mismo tiempo que Tarea 2']
[2023-10-20 23:21:04,242] {subprocess.py:85} INFO - Output:
[2023-10-20 23:21:04,244] {subprocess.py:92} INFO - hola, soy la tarea 3 y sere corrida luego de Tarea 1 al mismo tiempo que Tarea 2
[2023-10-20 23:21:04,246] {subprocess.py:96} INFO - Command exited with return code 0
[2023-10-20 23:21:04,296] {taskinstance.py:1420} INFO - Marking task as SUCCESS. dag_id=mi_primer_dag_v3, task_id=tercera_tarea, execution_date=20221031T000000, start_date=20231020T232103, end_date=20231020T232104
[2023-10-20 23:21:04,335] {local_task_job.py:156} INFO - Task exited with return code 0
[2023-10-20 23:21:04,408] {local_task_job.py:273} INFO - 0 downstream tasks scheduled from follow-on schedule check
