[2023-10-20 23:23:02,288] {taskinstance.py:1179} INFO - Dependencies all met for <TaskInstance: mi_primer_dag_v3.tercera_tarea scheduled__2023-06-27T00:00:00+00:00 [queued]>
[2023-10-20 23:23:02,309] {taskinstance.py:1179} INFO - Dependencies all met for <TaskInstance: mi_primer_dag_v3.tercera_tarea scheduled__2023-06-27T00:00:00+00:00 [queued]>
[2023-10-20 23:23:02,310] {taskinstance.py:1376} INFO - 
--------------------------------------------------------------------------------
[2023-10-20 23:23:02,312] {taskinstance.py:1377} INFO - Starting attempt 1 of 6
[2023-10-20 23:23:02,313] {taskinstance.py:1378} INFO - 
--------------------------------------------------------------------------------
[2023-10-20 23:23:02,352] {taskinstance.py:1397} INFO - Executing <Task(BashOperator): tercera_tarea> on 2023-06-27 00:00:00+00:00
[2023-10-20 23:23:02,361] {standard_task_runner.py:52} INFO - Started process 3287 to run task
[2023-10-20 23:23:02,366] {standard_task_runner.py:79} INFO - Running: ['***', 'tasks', 'run', 'mi_primer_dag_v3', 'tercera_tarea', 'scheduled__2023-06-27T00:00:00+00:00', '--job-id', '999', '--raw', '--subdir', 'DAGS_FOLDER/primer_dag_v3.py', '--cfg-path', '/tmp/tmp204b45kt', '--error-file', '/tmp/tmpoube8pih']
[2023-10-20 23:23:02,369] {standard_task_runner.py:80} INFO - Job 999: Subtask tercera_tarea
[2023-10-20 23:23:02,497] {task_command.py:371} INFO - Running <TaskInstance: mi_primer_dag_v3.tercera_tarea scheduled__2023-06-27T00:00:00+00:00 [running]> on host dfdda228c9fc
[2023-10-20 23:23:02,690] {taskinstance.py:1591} INFO - Exporting the following env vars:
AIRFLOW_CTX_DAG_OWNER=DavidBU
AIRFLOW_CTX_DAG_ID=mi_primer_dag_v3
AIRFLOW_CTX_TASK_ID=tercera_tarea
AIRFLOW_CTX_EXECUTION_DATE=2023-06-27T00:00:00+00:00
AIRFLOW_CTX_TRY_NUMBER=1
AIRFLOW_CTX_DAG_RUN_ID=scheduled__2023-06-27T00:00:00+00:00
[2023-10-20 23:23:02,691] {subprocess.py:62} INFO - Tmp dir root location: 
 /tmp
[2023-10-20 23:23:02,692] {subprocess.py:74} INFO - Running command: ['bash', '-c', 'echo hola, soy la tarea 3 y sere corrida luego de Tarea 1 al mismo tiempo que Tarea 2']
[2023-10-20 23:23:02,705] {subprocess.py:85} INFO - Output:
[2023-10-20 23:23:02,708] {subprocess.py:92} INFO - hola, soy la tarea 3 y sere corrida luego de Tarea 1 al mismo tiempo que Tarea 2
[2023-10-20 23:23:02,709] {subprocess.py:96} INFO - Command exited with return code 0
[2023-10-20 23:23:02,888] {taskinstance.py:1420} INFO - Marking task as SUCCESS. dag_id=mi_primer_dag_v3, task_id=tercera_tarea, execution_date=20230627T000000, start_date=20231020T232302, end_date=20231020T232302
[2023-10-20 23:23:02,951] {local_task_job.py:156} INFO - Task exited with return code 0
[2023-10-20 23:23:03,144] {local_task_job.py:273} INFO - 0 downstream tasks scheduled from follow-on schedule check
