[2023-10-20 23:23:25,167] {taskinstance.py:1179} INFO - Dependencies all met for <TaskInstance: mi_primer_dag_v3.segunda_tarea scheduled__2023-08-14T00:00:00+00:00 [queued]>
[2023-10-20 23:23:25,183] {taskinstance.py:1179} INFO - Dependencies all met for <TaskInstance: mi_primer_dag_v3.segunda_tarea scheduled__2023-08-14T00:00:00+00:00 [queued]>
[2023-10-20 23:23:25,184] {taskinstance.py:1376} INFO - 
--------------------------------------------------------------------------------
[2023-10-20 23:23:25,185] {taskinstance.py:1377} INFO - Starting attempt 1 of 6
[2023-10-20 23:23:25,187] {taskinstance.py:1378} INFO - 
--------------------------------------------------------------------------------
[2023-10-20 23:23:25,233] {taskinstance.py:1397} INFO - Executing <Task(BashOperator): segunda_tarea> on 2023-08-14 00:00:00+00:00
[2023-10-20 23:23:25,240] {standard_task_runner.py:52} INFO - Started process 3727 to run task
[2023-10-20 23:23:25,245] {standard_task_runner.py:79} INFO - Running: ['***', 'tasks', 'run', 'mi_primer_dag_v3', 'segunda_tarea', 'scheduled__2023-08-14T00:00:00+00:00', '--job-id', '1142', '--raw', '--subdir', 'DAGS_FOLDER/primer_dag_v3.py', '--cfg-path', '/tmp/tmp27c8r8is', '--error-file', '/tmp/tmpebclgmnv']
[2023-10-20 23:23:25,247] {standard_task_runner.py:80} INFO - Job 1142: Subtask segunda_tarea
[2023-10-20 23:23:25,365] {task_command.py:371} INFO - Running <TaskInstance: mi_primer_dag_v3.segunda_tarea scheduled__2023-08-14T00:00:00+00:00 [running]> on host dfdda228c9fc
[2023-10-20 23:23:25,503] {taskinstance.py:1591} INFO - Exporting the following env vars:
AIRFLOW_CTX_DAG_OWNER=DavidBU
AIRFLOW_CTX_DAG_ID=mi_primer_dag_v3
AIRFLOW_CTX_TASK_ID=segunda_tarea
AIRFLOW_CTX_EXECUTION_DATE=2023-08-14T00:00:00+00:00
AIRFLOW_CTX_TRY_NUMBER=1
AIRFLOW_CTX_DAG_RUN_ID=scheduled__2023-08-14T00:00:00+00:00
[2023-10-20 23:23:25,505] {subprocess.py:62} INFO - Tmp dir root location: 
 /tmp
[2023-10-20 23:23:25,506] {subprocess.py:74} INFO - Running command: ['bash', '-c', 'echo hola, soy la tarea 2 y sere corrida luego de la Tarea 1']
[2023-10-20 23:23:25,535] {subprocess.py:85} INFO - Output:
[2023-10-20 23:23:25,546] {subprocess.py:92} INFO - hola, soy la tarea 2 y sere corrida luego de la Tarea 1
[2023-10-20 23:23:25,548] {subprocess.py:96} INFO - Command exited with return code 0
[2023-10-20 23:23:25,621] {taskinstance.py:1420} INFO - Marking task as SUCCESS. dag_id=mi_primer_dag_v3, task_id=segunda_tarea, execution_date=20230814T000000, start_date=20231020T232325, end_date=20231020T232325
[2023-10-20 23:23:25,661] {local_task_job.py:156} INFO - Task exited with return code 0
[2023-10-20 23:23:25,710] {local_task_job.py:273} INFO - 0 downstream tasks scheduled from follow-on schedule check
