[2023-10-20 23:21:38,627] {taskinstance.py:1179} INFO - Dependencies all met for <TaskInstance: mi_primer_dag_v3.primera_tarea scheduled__2023-01-12T00:00:00+00:00 [queued]>
[2023-10-20 23:21:38,654] {taskinstance.py:1179} INFO - Dependencies all met for <TaskInstance: mi_primer_dag_v3.primera_tarea scheduled__2023-01-12T00:00:00+00:00 [queued]>
[2023-10-20 23:21:38,655] {taskinstance.py:1376} INFO - 
--------------------------------------------------------------------------------
[2023-10-20 23:21:38,656] {taskinstance.py:1377} INFO - Starting attempt 1 of 6
[2023-10-20 23:21:38,657] {taskinstance.py:1378} INFO - 
--------------------------------------------------------------------------------
[2023-10-20 23:21:38,688] {taskinstance.py:1397} INFO - Executing <Task(BashOperator): primera_tarea> on 2023-01-12 00:00:00+00:00
[2023-10-20 23:21:38,695] {standard_task_runner.py:52} INFO - Started process 1697 to run task
[2023-10-20 23:21:38,706] {standard_task_runner.py:79} INFO - Running: ['***', 'tasks', 'run', 'mi_primer_dag_v3', 'primera_tarea', 'scheduled__2023-01-12T00:00:00+00:00', '--job-id', '487', '--raw', '--subdir', 'DAGS_FOLDER/primer_dag_v3.py', '--cfg-path', '/tmp/tmpy6wjl3_d', '--error-file', '/tmp/tmp_a_y1b4d']
[2023-10-20 23:21:38,709] {standard_task_runner.py:80} INFO - Job 487: Subtask primera_tarea
[2023-10-20 23:21:38,869] {task_command.py:371} INFO - Running <TaskInstance: mi_primer_dag_v3.primera_tarea scheduled__2023-01-12T00:00:00+00:00 [running]> on host dfdda228c9fc
[2023-10-20 23:21:39,045] {taskinstance.py:1591} INFO - Exporting the following env vars:
AIRFLOW_CTX_DAG_OWNER=DavidBU
AIRFLOW_CTX_DAG_ID=mi_primer_dag_v3
AIRFLOW_CTX_TASK_ID=primera_tarea
AIRFLOW_CTX_EXECUTION_DATE=2023-01-12T00:00:00+00:00
AIRFLOW_CTX_TRY_NUMBER=1
AIRFLOW_CTX_DAG_RUN_ID=scheduled__2023-01-12T00:00:00+00:00
[2023-10-20 23:21:39,047] {subprocess.py:62} INFO - Tmp dir root location: 
 /tmp
[2023-10-20 23:21:39,048] {subprocess.py:74} INFO - Running command: ['bash', '-c', 'echo hola mundo, esta es nuestra primera tarea!']
[2023-10-20 23:21:39,065] {subprocess.py:85} INFO - Output:
[2023-10-20 23:21:39,068] {subprocess.py:92} INFO - hola mundo, esta es nuestra primera tarea!
[2023-10-20 23:21:39,069] {subprocess.py:96} INFO - Command exited with return code 0
[2023-10-20 23:21:39,163] {taskinstance.py:1420} INFO - Marking task as SUCCESS. dag_id=mi_primer_dag_v3, task_id=primera_tarea, execution_date=20230112T000000, start_date=20231020T232138, end_date=20231020T232139
[2023-10-20 23:21:39,208] {local_task_job.py:156} INFO - Task exited with return code 0
[2023-10-20 23:21:39,289] {local_task_job.py:273} INFO - 2 downstream tasks scheduled from follow-on schedule check
