[2023-10-20 23:28:42,979] {taskinstance.py:1179} INFO - Dependencies all met for <TaskInstance: mi_primer_dag.primer_task scheduled__2022-08-24T00:00:00+00:00 [queued]>
[2023-10-20 23:28:42,991] {taskinstance.py:1179} INFO - Dependencies all met for <TaskInstance: mi_primer_dag.primer_task scheduled__2022-08-24T00:00:00+00:00 [queued]>
[2023-10-20 23:28:42,992] {taskinstance.py:1376} INFO - 
--------------------------------------------------------------------------------
[2023-10-20 23:28:42,993] {taskinstance.py:1377} INFO - Starting attempt 1 of 6
[2023-10-20 23:28:42,994] {taskinstance.py:1378} INFO - 
--------------------------------------------------------------------------------
[2023-10-20 23:28:43,013] {taskinstance.py:1397} INFO - Executing <Task(BashOperator): primer_task> on 2022-08-24 00:00:00+00:00
[2023-10-20 23:28:43,018] {standard_task_runner.py:52} INFO - Started process 819 to run task
[2023-10-20 23:28:43,020] {standard_task_runner.py:79} INFO - Running: ['***', 'tasks', 'run', 'mi_primer_dag', 'primer_task', 'scheduled__2022-08-24T00:00:00+00:00', '--job-id', '1353', '--raw', '--subdir', 'DAGS_FOLDER/mi_primer_dag.py', '--cfg-path', '/tmp/tmp4anqmxxv', '--error-file', '/tmp/tmp_pfictft']
[2023-10-20 23:28:43,022] {standard_task_runner.py:80} INFO - Job 1353: Subtask primer_task
[2023-10-20 23:28:43,097] {task_command.py:371} INFO - Running <TaskInstance: mi_primer_dag.primer_task scheduled__2022-08-24T00:00:00+00:00 [running]> on host dfdda228c9fc
[2023-10-20 23:28:43,171] {taskinstance.py:1591} INFO - Exporting the following env vars:
AIRFLOW_CTX_DAG_OWNER=DavidBU
AIRFLOW_CTX_DAG_ID=mi_primer_dag
AIRFLOW_CTX_TASK_ID=primer_task
AIRFLOW_CTX_EXECUTION_DATE=2022-08-24T00:00:00+00:00
AIRFLOW_CTX_TRY_NUMBER=1
AIRFLOW_CTX_DAG_RUN_ID=scheduled__2022-08-24T00:00:00+00:00
[2023-10-20 23:28:43,172] {subprocess.py:62} INFO - Tmp dir root location: 
 /tmp
[2023-10-20 23:28:43,173] {subprocess.py:74} INFO - Running command: ['bash', '-c', 'echo hola mundo, esta es nuestra primera tarea usando bash operator!']
[2023-10-20 23:28:43,181] {subprocess.py:85} INFO - Output:
[2023-10-20 23:28:43,182] {subprocess.py:92} INFO - hola mundo, esta es nuestra primera tarea usando bash operator!
[2023-10-20 23:28:43,183] {subprocess.py:96} INFO - Command exited with return code 0
[2023-10-20 23:28:43,210] {taskinstance.py:1420} INFO - Marking task as SUCCESS. dag_id=mi_primer_dag, task_id=primer_task, execution_date=20220824T000000, start_date=20231020T232842, end_date=20231020T232843
[2023-10-20 23:28:43,233] {local_task_job.py:156} INFO - Task exited with return code 0
[2023-10-20 23:28:43,262] {local_task_job.py:273} INFO - 0 downstream tasks scheduled from follow-on schedule check
