[2023-10-20 23:34:09,151] {taskinstance.py:1179} INFO - Dependencies all met for <TaskInstance: mi_primer_dar_con_PythonOperator.aloha_david scheduled__2023-04-10T00:00:00+00:00 [queued]>
[2023-10-20 23:34:09,164] {taskinstance.py:1179} INFO - Dependencies all met for <TaskInstance: mi_primer_dar_con_PythonOperator.aloha_david scheduled__2023-04-10T00:00:00+00:00 [queued]>
[2023-10-20 23:34:09,165] {taskinstance.py:1376} INFO - 
--------------------------------------------------------------------------------
[2023-10-20 23:34:09,166] {taskinstance.py:1377} INFO - Starting attempt 1 of 6
[2023-10-20 23:34:09,166] {taskinstance.py:1378} INFO - 
--------------------------------------------------------------------------------
[2023-10-20 23:34:09,184] {taskinstance.py:1397} INFO - Executing <Task(PythonOperator): aloha_david> on 2023-04-10 00:00:00+00:00
[2023-10-20 23:34:09,188] {standard_task_runner.py:52} INFO - Started process 975 to run task
[2023-10-20 23:34:09,192] {standard_task_runner.py:79} INFO - Running: ['***', 'tasks', 'run', 'mi_primer_dar_con_PythonOperator', 'aloha_david', 'scheduled__2023-04-10T00:00:00+00:00', '--job-id', '1865', '--raw', '--subdir', 'DAGS_FOLDER/mi_primer_dag_pythonoperator.py', '--cfg-path', '/tmp/tmp4uzktar7', '--error-file', '/tmp/tmpwcd3gkqc']
[2023-10-20 23:34:09,193] {standard_task_runner.py:80} INFO - Job 1865: Subtask aloha_david
[2023-10-20 23:34:09,264] {task_command.py:371} INFO - Running <TaskInstance: mi_primer_dar_con_PythonOperator.aloha_david scheduled__2023-04-10T00:00:00+00:00 [running]> on host dfdda228c9fc
[2023-10-20 23:34:09,337] {taskinstance.py:1591} INFO - Exporting the following env vars:
AIRFLOW_CTX_DAG_OWNER=DavidBU
AIRFLOW_CTX_DAG_ID=mi_primer_dar_con_PythonOperator
AIRFLOW_CTX_TASK_ID=aloha_david
AIRFLOW_CTX_EXECUTION_DATE=2023-04-10T00:00:00+00:00
AIRFLOW_CTX_TRY_NUMBER=1
AIRFLOW_CTX_DAG_RUN_ID=scheduled__2023-04-10T00:00:00+00:00
[2023-10-20 23:34:09,338] {logging_mixin.py:115} INFO - Aloha Mundo soy yo!
[2023-10-20 23:34:09,339] {python.py:173} INFO - Done. Returned value was: None
[2023-10-20 23:34:09,351] {taskinstance.py:1420} INFO - Marking task as SUCCESS. dag_id=mi_primer_dar_con_PythonOperator, task_id=aloha_david, execution_date=20230410T000000, start_date=20231020T233409, end_date=20231020T233409
[2023-10-20 23:34:09,404] {local_task_job.py:156} INFO - Task exited with return code 0
[2023-10-20 23:34:09,436] {local_task_job.py:273} INFO - 0 downstream tasks scheduled from follow-on schedule check
