[2023-10-20 23:20:53,760] {taskinstance.py:1179} INFO - Dependencies all met for <TaskInstance: mi_primer_dag_v3.primera_tarea scheduled__2022-10-12T00:00:00+00:00 [queued]>
[2023-10-20 23:20:53,778] {taskinstance.py:1179} INFO - Dependencies all met for <TaskInstance: mi_primer_dag_v3.primera_tarea scheduled__2022-10-12T00:00:00+00:00 [queued]>
[2023-10-20 23:20:53,779] {taskinstance.py:1376} INFO - 
--------------------------------------------------------------------------------
[2023-10-20 23:20:53,780] {taskinstance.py:1377} INFO - Starting attempt 1 of 6
[2023-10-20 23:20:53,781] {taskinstance.py:1378} INFO - 
--------------------------------------------------------------------------------
[2023-10-20 23:20:53,809] {taskinstance.py:1397} INFO - Executing <Task(BashOperator): primera_tarea> on 2022-10-12 00:00:00+00:00
[2023-10-20 23:20:53,814] {standard_task_runner.py:52} INFO - Started process 852 to run task
[2023-10-20 23:20:53,819] {standard_task_runner.py:79} INFO - Running: ['***', 'tasks', 'run', 'mi_primer_dag_v3', 'primera_tarea', 'scheduled__2022-10-12T00:00:00+00:00', '--job-id', '211', '--raw', '--subdir', 'DAGS_FOLDER/primer_dag_v3.py', '--cfg-path', '/tmp/tmp02vtiptr', '--error-file', '/tmp/tmp430fs48z']
[2023-10-20 23:20:53,821] {standard_task_runner.py:80} INFO - Job 211: Subtask primera_tarea
[2023-10-20 23:20:53,919] {task_command.py:371} INFO - Running <TaskInstance: mi_primer_dag_v3.primera_tarea scheduled__2022-10-12T00:00:00+00:00 [running]> on host dfdda228c9fc
[2023-10-20 23:20:54,052] {taskinstance.py:1591} INFO - Exporting the following env vars:
AIRFLOW_CTX_DAG_OWNER=DavidBU
AIRFLOW_CTX_DAG_ID=mi_primer_dag_v3
AIRFLOW_CTX_TASK_ID=primera_tarea
AIRFLOW_CTX_EXECUTION_DATE=2022-10-12T00:00:00+00:00
AIRFLOW_CTX_TRY_NUMBER=1
AIRFLOW_CTX_DAG_RUN_ID=scheduled__2022-10-12T00:00:00+00:00
[2023-10-20 23:20:54,056] {subprocess.py:62} INFO - Tmp dir root location: 
 /tmp
[2023-10-20 23:20:54,057] {subprocess.py:74} INFO - Running command: ['bash', '-c', 'echo hola mundo, esta es nuestra primera tarea!']
[2023-10-20 23:20:54,077] {subprocess.py:85} INFO - Output:
[2023-10-20 23:20:54,078] {subprocess.py:92} INFO - hola mundo, esta es nuestra primera tarea!
[2023-10-20 23:20:54,080] {subprocess.py:96} INFO - Command exited with return code 0
[2023-10-20 23:20:54,234] {taskinstance.py:1420} INFO - Marking task as SUCCESS. dag_id=mi_primer_dag_v3, task_id=primera_tarea, execution_date=20221012T000000, start_date=20231020T232053, end_date=20231020T232054
[2023-10-20 23:20:54,278] {local_task_job.py:156} INFO - Task exited with return code 0
[2023-10-20 23:20:54,352] {local_task_job.py:273} INFO - 2 downstream tasks scheduled from follow-on schedule check
