[2023-10-20 23:22:38,698] {taskinstance.py:1179} INFO - Dependencies all met for <TaskInstance: mi_primer_dag_v3.segunda_tarea scheduled__2023-05-08T00:00:00+00:00 [queued]>
[2023-10-20 23:22:38,710] {taskinstance.py:1179} INFO - Dependencies all met for <TaskInstance: mi_primer_dag_v3.segunda_tarea scheduled__2023-05-08T00:00:00+00:00 [queued]>
[2023-10-20 23:22:38,711] {taskinstance.py:1376} INFO - 
--------------------------------------------------------------------------------
[2023-10-20 23:22:38,711] {taskinstance.py:1377} INFO - Starting attempt 1 of 6
[2023-10-20 23:22:38,712] {taskinstance.py:1378} INFO - 
--------------------------------------------------------------------------------
[2023-10-20 23:22:38,729] {taskinstance.py:1397} INFO - Executing <Task(BashOperator): segunda_tarea> on 2023-05-08 00:00:00+00:00
[2023-10-20 23:22:38,733] {standard_task_runner.py:52} INFO - Started process 2800 to run task
[2023-10-20 23:22:38,737] {standard_task_runner.py:79} INFO - Running: ['***', 'tasks', 'run', 'mi_primer_dag_v3', 'segunda_tarea', 'scheduled__2023-05-08T00:00:00+00:00', '--job-id', '847', '--raw', '--subdir', 'DAGS_FOLDER/primer_dag_v3.py', '--cfg-path', '/tmp/tmpxqpw6o39', '--error-file', '/tmp/tmplnsqdctg']
[2023-10-20 23:22:38,739] {standard_task_runner.py:80} INFO - Job 847: Subtask segunda_tarea
[2023-10-20 23:22:38,824] {task_command.py:371} INFO - Running <TaskInstance: mi_primer_dag_v3.segunda_tarea scheduled__2023-05-08T00:00:00+00:00 [running]> on host dfdda228c9fc
[2023-10-20 23:22:38,916] {taskinstance.py:1591} INFO - Exporting the following env vars:
AIRFLOW_CTX_DAG_OWNER=DavidBU
AIRFLOW_CTX_DAG_ID=mi_primer_dag_v3
AIRFLOW_CTX_TASK_ID=segunda_tarea
AIRFLOW_CTX_EXECUTION_DATE=2023-05-08T00:00:00+00:00
AIRFLOW_CTX_TRY_NUMBER=1
AIRFLOW_CTX_DAG_RUN_ID=scheduled__2023-05-08T00:00:00+00:00
[2023-10-20 23:22:38,918] {subprocess.py:62} INFO - Tmp dir root location: 
 /tmp
[2023-10-20 23:22:38,918] {subprocess.py:74} INFO - Running command: ['bash', '-c', 'echo hola, soy la tarea 2 y sere corrida luego de la Tarea 1']
[2023-10-20 23:22:38,927] {subprocess.py:85} INFO - Output:
[2023-10-20 23:22:38,928] {subprocess.py:92} INFO - hola, soy la tarea 2 y sere corrida luego de la Tarea 1
[2023-10-20 23:22:38,929] {subprocess.py:96} INFO - Command exited with return code 0
[2023-10-20 23:22:38,964] {taskinstance.py:1420} INFO - Marking task as SUCCESS. dag_id=mi_primer_dag_v3, task_id=segunda_tarea, execution_date=20230508T000000, start_date=20231020T232238, end_date=20231020T232238
[2023-10-20 23:22:38,989] {local_task_job.py:156} INFO - Task exited with return code 0
[2023-10-20 23:22:39,032] {local_task_job.py:273} INFO - 0 downstream tasks scheduled from follow-on schedule check
