[2023-10-20 23:33:13,611] {taskinstance.py:1179} INFO - Dependencies all met for <TaskInstance: mi_primer_dar_con_PythonOperator.aloha_david scheduled__2022-12-21T00:00:00+00:00 [queued]>
[2023-10-20 23:33:13,623] {taskinstance.py:1179} INFO - Dependencies all met for <TaskInstance: mi_primer_dar_con_PythonOperator.aloha_david scheduled__2022-12-21T00:00:00+00:00 [queued]>
[2023-10-20 23:33:13,624] {taskinstance.py:1376} INFO - 
--------------------------------------------------------------------------------
[2023-10-20 23:33:13,626] {taskinstance.py:1377} INFO - Starting attempt 1 of 6
[2023-10-20 23:33:13,627] {taskinstance.py:1378} INFO - 
--------------------------------------------------------------------------------
[2023-10-20 23:33:13,643] {taskinstance.py:1397} INFO - Executing <Task(PythonOperator): aloha_david> on 2022-12-21 00:00:00+00:00
[2023-10-20 23:33:13,648] {standard_task_runner.py:52} INFO - Started process 679 to run task
[2023-10-20 23:33:13,651] {standard_task_runner.py:79} INFO - Running: ['***', 'tasks', 'run', 'mi_primer_dar_con_PythonOperator', 'aloha_david', 'scheduled__2022-12-21T00:00:00+00:00', '--job-id', '1755', '--raw', '--subdir', 'DAGS_FOLDER/mi_primer_dag_pythonoperator.py', '--cfg-path', '/tmp/tmp4gtycsaq', '--error-file', '/tmp/tmp3zvtenqm']
[2023-10-20 23:33:13,653] {standard_task_runner.py:80} INFO - Job 1755: Subtask aloha_david
[2023-10-20 23:33:13,745] {task_command.py:371} INFO - Running <TaskInstance: mi_primer_dar_con_PythonOperator.aloha_david scheduled__2022-12-21T00:00:00+00:00 [running]> on host dfdda228c9fc
[2023-10-20 23:33:13,836] {taskinstance.py:1591} INFO - Exporting the following env vars:
AIRFLOW_CTX_DAG_OWNER=DavidBU
AIRFLOW_CTX_DAG_ID=mi_primer_dar_con_PythonOperator
AIRFLOW_CTX_TASK_ID=aloha_david
AIRFLOW_CTX_EXECUTION_DATE=2022-12-21T00:00:00+00:00
AIRFLOW_CTX_TRY_NUMBER=1
AIRFLOW_CTX_DAG_RUN_ID=scheduled__2022-12-21T00:00:00+00:00
[2023-10-20 23:33:13,837] {logging_mixin.py:115} INFO - Aloha Mundo soy yo!
[2023-10-20 23:33:13,838] {python.py:173} INFO - Done. Returned value was: None
[2023-10-20 23:33:13,856] {taskinstance.py:1420} INFO - Marking task as SUCCESS. dag_id=mi_primer_dar_con_PythonOperator, task_id=aloha_david, execution_date=20221221T000000, start_date=20231020T233313, end_date=20231020T233313
[2023-10-20 23:33:13,905] {local_task_job.py:156} INFO - Task exited with return code 0
[2023-10-20 23:33:13,962] {local_task_job.py:273} INFO - 0 downstream tasks scheduled from follow-on schedule check
