[2023-10-20 23:29:57,806] {taskinstance.py:1179} INFO - Dependencies all met for <TaskInstance: mi_primer_dag.primer_task scheduled__2023-02-15T00:00:00+00:00 [queued]>
[2023-10-20 23:29:57,821] {taskinstance.py:1179} INFO - Dependencies all met for <TaskInstance: mi_primer_dag.primer_task scheduled__2023-02-15T00:00:00+00:00 [queued]>
[2023-10-20 23:29:57,821] {taskinstance.py:1376} INFO - 
--------------------------------------------------------------------------------
[2023-10-20 23:29:57,822] {taskinstance.py:1377} INFO - Starting attempt 1 of 6
[2023-10-20 23:29:57,823] {taskinstance.py:1378} INFO - 
--------------------------------------------------------------------------------
[2023-10-20 23:29:57,845] {taskinstance.py:1397} INFO - Executing <Task(BashOperator): primer_task> on 2023-02-15 00:00:00+00:00
[2023-10-20 23:29:57,849] {standard_task_runner.py:52} INFO - Started process 1427 to run task
[2023-10-20 23:29:57,854] {standard_task_runner.py:79} INFO - Running: ['***', 'tasks', 'run', 'mi_primer_dag', 'primer_task', 'scheduled__2023-02-15T00:00:00+00:00', '--job-id', '1529', '--raw', '--subdir', 'DAGS_FOLDER/mi_primer_dag.py', '--cfg-path', '/tmp/tmpb2jy5d88', '--error-file', '/tmp/tmpx2pr393a']
[2023-10-20 23:29:57,855] {standard_task_runner.py:80} INFO - Job 1529: Subtask primer_task
[2023-10-20 23:29:57,947] {task_command.py:371} INFO - Running <TaskInstance: mi_primer_dag.primer_task scheduled__2023-02-15T00:00:00+00:00 [running]> on host dfdda228c9fc
[2023-10-20 23:29:58,058] {taskinstance.py:1591} INFO - Exporting the following env vars:
AIRFLOW_CTX_DAG_OWNER=DavidBU
AIRFLOW_CTX_DAG_ID=mi_primer_dag
AIRFLOW_CTX_TASK_ID=primer_task
AIRFLOW_CTX_EXECUTION_DATE=2023-02-15T00:00:00+00:00
AIRFLOW_CTX_TRY_NUMBER=1
AIRFLOW_CTX_DAG_RUN_ID=scheduled__2023-02-15T00:00:00+00:00
[2023-10-20 23:29:58,059] {subprocess.py:62} INFO - Tmp dir root location: 
 /tmp
[2023-10-20 23:29:58,060] {subprocess.py:74} INFO - Running command: ['bash', '-c', 'echo hola mundo, esta es nuestra primera tarea usando bash operator!']
[2023-10-20 23:29:58,068] {subprocess.py:85} INFO - Output:
[2023-10-20 23:29:58,070] {subprocess.py:92} INFO - hola mundo, esta es nuestra primera tarea usando bash operator!
[2023-10-20 23:29:58,071] {subprocess.py:96} INFO - Command exited with return code 0
[2023-10-20 23:29:58,110] {taskinstance.py:1420} INFO - Marking task as SUCCESS. dag_id=mi_primer_dag, task_id=primer_task, execution_date=20230215T000000, start_date=20231020T232957, end_date=20231020T232958
[2023-10-20 23:29:58,147] {local_task_job.py:156} INFO - Task exited with return code 0
[2023-10-20 23:29:58,212] {local_task_job.py:273} INFO - 0 downstream tasks scheduled from follow-on schedule check
