[2023-10-20 23:23:08,566] {taskinstance.py:1179} INFO - Dependencies all met for <TaskInstance: mi_primer_dag_v3.tercera_tarea scheduled__2023-07-12T00:00:00+00:00 [queued]>
[2023-10-20 23:23:08,588] {taskinstance.py:1179} INFO - Dependencies all met for <TaskInstance: mi_primer_dag_v3.tercera_tarea scheduled__2023-07-12T00:00:00+00:00 [queued]>
[2023-10-20 23:23:08,589] {taskinstance.py:1376} INFO - 
--------------------------------------------------------------------------------
[2023-10-20 23:23:08,590] {taskinstance.py:1377} INFO - Starting attempt 1 of 6
[2023-10-20 23:23:08,590] {taskinstance.py:1378} INFO - 
--------------------------------------------------------------------------------
[2023-10-20 23:23:08,617] {taskinstance.py:1397} INFO - Executing <Task(BashOperator): tercera_tarea> on 2023-07-12 00:00:00+00:00
[2023-10-20 23:23:08,624] {standard_task_runner.py:52} INFO - Started process 3420 to run task
[2023-10-20 23:23:08,629] {standard_task_runner.py:79} INFO - Running: ['***', 'tasks', 'run', 'mi_primer_dag_v3', 'tercera_tarea', 'scheduled__2023-07-12T00:00:00+00:00', '--job-id', '1047', '--raw', '--subdir', 'DAGS_FOLDER/primer_dag_v3.py', '--cfg-path', '/tmp/tmpl03g2z32', '--error-file', '/tmp/tmp7xehabr8']
[2023-10-20 23:23:08,632] {standard_task_runner.py:80} INFO - Job 1047: Subtask tercera_tarea
[2023-10-20 23:23:08,749] {task_command.py:371} INFO - Running <TaskInstance: mi_primer_dag_v3.tercera_tarea scheduled__2023-07-12T00:00:00+00:00 [running]> on host dfdda228c9fc
[2023-10-20 23:23:08,879] {taskinstance.py:1591} INFO - Exporting the following env vars:
AIRFLOW_CTX_DAG_OWNER=DavidBU
AIRFLOW_CTX_DAG_ID=mi_primer_dag_v3
AIRFLOW_CTX_TASK_ID=tercera_tarea
AIRFLOW_CTX_EXECUTION_DATE=2023-07-12T00:00:00+00:00
AIRFLOW_CTX_TRY_NUMBER=1
AIRFLOW_CTX_DAG_RUN_ID=scheduled__2023-07-12T00:00:00+00:00
[2023-10-20 23:23:08,881] {subprocess.py:62} INFO - Tmp dir root location: 
 /tmp
[2023-10-20 23:23:08,882] {subprocess.py:74} INFO - Running command: ['bash', '-c', 'echo hola, soy la tarea 3 y sere corrida luego de Tarea 1 al mismo tiempo que Tarea 2']
[2023-10-20 23:23:08,894] {subprocess.py:85} INFO - Output:
[2023-10-20 23:23:08,896] {subprocess.py:92} INFO - hola, soy la tarea 3 y sere corrida luego de Tarea 1 al mismo tiempo que Tarea 2
[2023-10-20 23:23:08,897] {subprocess.py:96} INFO - Command exited with return code 0
[2023-10-20 23:23:08,948] {taskinstance.py:1420} INFO - Marking task as SUCCESS. dag_id=mi_primer_dag_v3, task_id=tercera_tarea, execution_date=20230712T000000, start_date=20231020T232308, end_date=20231020T232308
[2023-10-20 23:23:09,003] {local_task_job.py:156} INFO - Task exited with return code 0
[2023-10-20 23:23:09,052] {local_task_job.py:273} INFO - 0 downstream tasks scheduled from follow-on schedule check
