[2023-10-20 23:32:57,268] {taskinstance.py:1179} INFO - Dependencies all met for <TaskInstance: mi_primer_dar_con_PythonOperator.aloha_david scheduled__2022-11-26T00:00:00+00:00 [queued]>
[2023-10-20 23:32:57,281] {taskinstance.py:1179} INFO - Dependencies all met for <TaskInstance: mi_primer_dar_con_PythonOperator.aloha_david scheduled__2022-11-26T00:00:00+00:00 [queued]>
[2023-10-20 23:32:57,282] {taskinstance.py:1376} INFO - 
--------------------------------------------------------------------------------
[2023-10-20 23:32:57,283] {taskinstance.py:1377} INFO - Starting attempt 1 of 6
[2023-10-20 23:32:57,283] {taskinstance.py:1378} INFO - 
--------------------------------------------------------------------------------
[2023-10-20 23:32:57,301] {taskinstance.py:1397} INFO - Executing <Task(PythonOperator): aloha_david> on 2022-11-26 00:00:00+00:00
[2023-10-20 23:32:57,306] {standard_task_runner.py:52} INFO - Started process 600 to run task
[2023-10-20 23:32:57,310] {standard_task_runner.py:79} INFO - Running: ['***', 'tasks', 'run', 'mi_primer_dar_con_PythonOperator', 'aloha_david', 'scheduled__2022-11-26T00:00:00+00:00', '--job-id', '1730', '--raw', '--subdir', 'DAGS_FOLDER/mi_primer_dag_pythonoperator.py', '--cfg-path', '/tmp/tmpg4u8qi5x', '--error-file', '/tmp/tmpybka8syf']
[2023-10-20 23:32:57,311] {standard_task_runner.py:80} INFO - Job 1730: Subtask aloha_david
[2023-10-20 23:32:57,384] {task_command.py:371} INFO - Running <TaskInstance: mi_primer_dar_con_PythonOperator.aloha_david scheduled__2022-11-26T00:00:00+00:00 [running]> on host dfdda228c9fc
[2023-10-20 23:32:57,457] {taskinstance.py:1591} INFO - Exporting the following env vars:
AIRFLOW_CTX_DAG_OWNER=DavidBU
AIRFLOW_CTX_DAG_ID=mi_primer_dar_con_PythonOperator
AIRFLOW_CTX_TASK_ID=aloha_david
AIRFLOW_CTX_EXECUTION_DATE=2022-11-26T00:00:00+00:00
AIRFLOW_CTX_TRY_NUMBER=1
AIRFLOW_CTX_DAG_RUN_ID=scheduled__2022-11-26T00:00:00+00:00
[2023-10-20 23:32:57,458] {logging_mixin.py:115} INFO - Aloha Mundo soy yo!
[2023-10-20 23:32:57,459] {python.py:173} INFO - Done. Returned value was: None
[2023-10-20 23:32:57,471] {taskinstance.py:1420} INFO - Marking task as SUCCESS. dag_id=mi_primer_dar_con_PythonOperator, task_id=aloha_david, execution_date=20221126T000000, start_date=20231020T233257, end_date=20231020T233257
[2023-10-20 23:32:57,523] {local_task_job.py:156} INFO - Task exited with return code 0
[2023-10-20 23:32:57,586] {local_task_job.py:273} INFO - 0 downstream tasks scheduled from follow-on schedule check
