[2023-10-20 23:29:05,607] {taskinstance.py:1179} INFO - Dependencies all met for <TaskInstance: mi_primer_dag.primer_task scheduled__2022-10-11T00:00:00+00:00 [queued]>
[2023-10-20 23:29:05,619] {taskinstance.py:1179} INFO - Dependencies all met for <TaskInstance: mi_primer_dag.primer_task scheduled__2022-10-11T00:00:00+00:00 [queued]>
[2023-10-20 23:29:05,620] {taskinstance.py:1376} INFO - 
--------------------------------------------------------------------------------
[2023-10-20 23:29:05,620] {taskinstance.py:1377} INFO - Starting attempt 1 of 6
[2023-10-20 23:29:05,621] {taskinstance.py:1378} INFO - 
--------------------------------------------------------------------------------
[2023-10-20 23:29:05,639] {taskinstance.py:1397} INFO - Executing <Task(BashOperator): primer_task> on 2022-10-11 00:00:00+00:00
[2023-10-20 23:29:05,644] {standard_task_runner.py:52} INFO - Started process 989 to run task
[2023-10-20 23:29:05,648] {standard_task_runner.py:79} INFO - Running: ['***', 'tasks', 'run', 'mi_primer_dag', 'primer_task', 'scheduled__2022-10-11T00:00:00+00:00', '--job-id', '1401', '--raw', '--subdir', 'DAGS_FOLDER/mi_primer_dag.py', '--cfg-path', '/tmp/tmpppw81cpo', '--error-file', '/tmp/tmp0az5bkp_']
[2023-10-20 23:29:05,649] {standard_task_runner.py:80} INFO - Job 1401: Subtask primer_task
[2023-10-20 23:29:05,729] {task_command.py:371} INFO - Running <TaskInstance: mi_primer_dag.primer_task scheduled__2022-10-11T00:00:00+00:00 [running]> on host dfdda228c9fc
[2023-10-20 23:29:05,828] {taskinstance.py:1591} INFO - Exporting the following env vars:
AIRFLOW_CTX_DAG_OWNER=DavidBU
AIRFLOW_CTX_DAG_ID=mi_primer_dag
AIRFLOW_CTX_TASK_ID=primer_task
AIRFLOW_CTX_EXECUTION_DATE=2022-10-11T00:00:00+00:00
AIRFLOW_CTX_TRY_NUMBER=1
AIRFLOW_CTX_DAG_RUN_ID=scheduled__2022-10-11T00:00:00+00:00
[2023-10-20 23:29:05,829] {subprocess.py:62} INFO - Tmp dir root location: 
 /tmp
[2023-10-20 23:29:05,830] {subprocess.py:74} INFO - Running command: ['bash', '-c', 'echo hola mundo, esta es nuestra primera tarea usando bash operator!']
[2023-10-20 23:29:05,839] {subprocess.py:85} INFO - Output:
[2023-10-20 23:29:05,841] {subprocess.py:92} INFO - hola mundo, esta es nuestra primera tarea usando bash operator!
[2023-10-20 23:29:05,841] {subprocess.py:96} INFO - Command exited with return code 0
[2023-10-20 23:29:05,879] {taskinstance.py:1420} INFO - Marking task as SUCCESS. dag_id=mi_primer_dag, task_id=primer_task, execution_date=20221011T000000, start_date=20231020T232905, end_date=20231020T232905
[2023-10-20 23:29:05,940] {local_task_job.py:156} INFO - Task exited with return code 0
[2023-10-20 23:29:05,976] {local_task_job.py:273} INFO - 0 downstream tasks scheduled from follow-on schedule check
