[2023-10-20 23:21:03,871] {taskinstance.py:1179} INFO - Dependencies all met for <TaskInstance: mi_primer_dag_v3.segunda_tarea scheduled__2022-10-30T00:00:00+00:00 [queued]>
[2023-10-20 23:21:03,889] {taskinstance.py:1179} INFO - Dependencies all met for <TaskInstance: mi_primer_dag_v3.segunda_tarea scheduled__2022-10-30T00:00:00+00:00 [queued]>
[2023-10-20 23:21:03,889] {taskinstance.py:1376} INFO - 
--------------------------------------------------------------------------------
[2023-10-20 23:21:03,890] {taskinstance.py:1377} INFO - Starting attempt 1 of 6
[2023-10-20 23:21:03,891] {taskinstance.py:1378} INFO - 
--------------------------------------------------------------------------------
[2023-10-20 23:21:03,922] {taskinstance.py:1397} INFO - Executing <Task(BashOperator): segunda_tarea> on 2022-10-30 00:00:00+00:00
[2023-10-20 23:21:03,930] {standard_task_runner.py:52} INFO - Started process 1066 to run task
[2023-10-20 23:21:03,935] {standard_task_runner.py:79} INFO - Running: ['***', 'tasks', 'run', 'mi_primer_dag_v3', 'segunda_tarea', 'scheduled__2022-10-30T00:00:00+00:00', '--job-id', '280', '--raw', '--subdir', 'DAGS_FOLDER/primer_dag_v3.py', '--cfg-path', '/tmp/tmpzchvw6y9', '--error-file', '/tmp/tmpn1sq9fpz']
[2023-10-20 23:21:03,937] {standard_task_runner.py:80} INFO - Job 280: Subtask segunda_tarea
[2023-10-20 23:21:04,074] {task_command.py:371} INFO - Running <TaskInstance: mi_primer_dag_v3.segunda_tarea scheduled__2022-10-30T00:00:00+00:00 [running]> on host dfdda228c9fc
[2023-10-20 23:21:04,239] {taskinstance.py:1591} INFO - Exporting the following env vars:
AIRFLOW_CTX_DAG_OWNER=DavidBU
AIRFLOW_CTX_DAG_ID=mi_primer_dag_v3
AIRFLOW_CTX_TASK_ID=segunda_tarea
AIRFLOW_CTX_EXECUTION_DATE=2022-10-30T00:00:00+00:00
AIRFLOW_CTX_TRY_NUMBER=1
AIRFLOW_CTX_DAG_RUN_ID=scheduled__2022-10-30T00:00:00+00:00
[2023-10-20 23:21:04,241] {subprocess.py:62} INFO - Tmp dir root location: 
 /tmp
[2023-10-20 23:21:04,243] {subprocess.py:74} INFO - Running command: ['bash', '-c', 'echo hola, soy la tarea 2 y sere corrida luego de la Tarea 1']
[2023-10-20 23:21:04,255] {subprocess.py:85} INFO - Output:
[2023-10-20 23:21:04,257] {subprocess.py:92} INFO - hola, soy la tarea 2 y sere corrida luego de la Tarea 1
[2023-10-20 23:21:04,258] {subprocess.py:96} INFO - Command exited with return code 0
[2023-10-20 23:21:04,315] {taskinstance.py:1420} INFO - Marking task as SUCCESS. dag_id=mi_primer_dag_v3, task_id=segunda_tarea, execution_date=20221030T000000, start_date=20231020T232103, end_date=20231020T232104
[2023-10-20 23:21:04,354] {local_task_job.py:156} INFO - Task exited with return code 0
[2023-10-20 23:21:04,460] {local_task_job.py:273} INFO - 0 downstream tasks scheduled from follow-on schedule check
