[2023-10-20 23:29:05,945] {taskinstance.py:1179} INFO - Dependencies all met for <TaskInstance: mi_primer_dag.primer_task scheduled__2022-10-15T00:00:00+00:00 [queued]>
[2023-10-20 23:29:05,958] {taskinstance.py:1179} INFO - Dependencies all met for <TaskInstance: mi_primer_dag.primer_task scheduled__2022-10-15T00:00:00+00:00 [queued]>
[2023-10-20 23:29:05,959] {taskinstance.py:1376} INFO - 
--------------------------------------------------------------------------------
[2023-10-20 23:29:05,960] {taskinstance.py:1377} INFO - Starting attempt 1 of 6
[2023-10-20 23:29:05,961] {taskinstance.py:1378} INFO - 
--------------------------------------------------------------------------------
[2023-10-20 23:29:05,980] {taskinstance.py:1397} INFO - Executing <Task(BashOperator): primer_task> on 2022-10-15 00:00:00+00:00
[2023-10-20 23:29:05,989] {standard_task_runner.py:52} INFO - Started process 1006 to run task
[2023-10-20 23:29:05,994] {standard_task_runner.py:79} INFO - Running: ['***', 'tasks', 'run', 'mi_primer_dag', 'primer_task', 'scheduled__2022-10-15T00:00:00+00:00', '--job-id', '1405', '--raw', '--subdir', 'DAGS_FOLDER/mi_primer_dag.py', '--cfg-path', '/tmp/tmp4bn9ys8b', '--error-file', '/tmp/tmppmykx75r']
[2023-10-20 23:29:05,996] {standard_task_runner.py:80} INFO - Job 1405: Subtask primer_task
[2023-10-20 23:29:06,093] {task_command.py:371} INFO - Running <TaskInstance: mi_primer_dag.primer_task scheduled__2022-10-15T00:00:00+00:00 [running]> on host dfdda228c9fc
[2023-10-20 23:29:06,196] {taskinstance.py:1591} INFO - Exporting the following env vars:
AIRFLOW_CTX_DAG_OWNER=DavidBU
AIRFLOW_CTX_DAG_ID=mi_primer_dag
AIRFLOW_CTX_TASK_ID=primer_task
AIRFLOW_CTX_EXECUTION_DATE=2022-10-15T00:00:00+00:00
AIRFLOW_CTX_TRY_NUMBER=1
AIRFLOW_CTX_DAG_RUN_ID=scheduled__2022-10-15T00:00:00+00:00
[2023-10-20 23:29:06,198] {subprocess.py:62} INFO - Tmp dir root location: 
 /tmp
[2023-10-20 23:29:06,199] {subprocess.py:74} INFO - Running command: ['bash', '-c', 'echo hola mundo, esta es nuestra primera tarea usando bash operator!']
[2023-10-20 23:29:06,206] {subprocess.py:85} INFO - Output:
[2023-10-20 23:29:06,208] {subprocess.py:92} INFO - hola mundo, esta es nuestra primera tarea usando bash operator!
[2023-10-20 23:29:06,208] {subprocess.py:96} INFO - Command exited with return code 0
[2023-10-20 23:29:06,240] {taskinstance.py:1420} INFO - Marking task as SUCCESS. dag_id=mi_primer_dag, task_id=primer_task, execution_date=20221015T000000, start_date=20231020T232905, end_date=20231020T232906
[2023-10-20 23:29:06,289] {local_task_job.py:156} INFO - Task exited with return code 0
[2023-10-20 23:29:06,320] {local_task_job.py:273} INFO - 0 downstream tasks scheduled from follow-on schedule check
