[2023-10-20 23:21:53,076] {taskinstance.py:1179} INFO - Dependencies all met for <TaskInstance: mi_primer_dag_v3.segunda_tarea scheduled__2023-02-04T00:00:00+00:00 [queued]>
[2023-10-20 23:21:53,091] {taskinstance.py:1179} INFO - Dependencies all met for <TaskInstance: mi_primer_dag_v3.segunda_tarea scheduled__2023-02-04T00:00:00+00:00 [queued]>
[2023-10-20 23:21:53,092] {taskinstance.py:1376} INFO - 
--------------------------------------------------------------------------------
[2023-10-20 23:21:53,093] {taskinstance.py:1377} INFO - Starting attempt 1 of 6
[2023-10-20 23:21:53,094] {taskinstance.py:1378} INFO - 
--------------------------------------------------------------------------------
[2023-10-20 23:21:53,115] {taskinstance.py:1397} INFO - Executing <Task(BashOperator): segunda_tarea> on 2023-02-04 00:00:00+00:00
[2023-10-20 23:21:53,121] {standard_task_runner.py:52} INFO - Started process 1937 to run task
[2023-10-20 23:21:53,126] {standard_task_runner.py:79} INFO - Running: ['***', 'tasks', 'run', 'mi_primer_dag_v3', 'segunda_tarea', 'scheduled__2023-02-04T00:00:00+00:00', '--job-id', '564', '--raw', '--subdir', 'DAGS_FOLDER/primer_dag_v3.py', '--cfg-path', '/tmp/tmpds1y4278', '--error-file', '/tmp/tmppw968_nv']
[2023-10-20 23:21:53,127] {standard_task_runner.py:80} INFO - Job 564: Subtask segunda_tarea
[2023-10-20 23:21:53,228] {task_command.py:371} INFO - Running <TaskInstance: mi_primer_dag_v3.segunda_tarea scheduled__2023-02-04T00:00:00+00:00 [running]> on host dfdda228c9fc
[2023-10-20 23:21:53,347] {taskinstance.py:1591} INFO - Exporting the following env vars:
AIRFLOW_CTX_DAG_OWNER=DavidBU
AIRFLOW_CTX_DAG_ID=mi_primer_dag_v3
AIRFLOW_CTX_TASK_ID=segunda_tarea
AIRFLOW_CTX_EXECUTION_DATE=2023-02-04T00:00:00+00:00
AIRFLOW_CTX_TRY_NUMBER=1
AIRFLOW_CTX_DAG_RUN_ID=scheduled__2023-02-04T00:00:00+00:00
[2023-10-20 23:21:53,349] {subprocess.py:62} INFO - Tmp dir root location: 
 /tmp
[2023-10-20 23:21:53,350] {subprocess.py:74} INFO - Running command: ['bash', '-c', 'echo hola, soy la tarea 2 y sere corrida luego de la Tarea 1']
[2023-10-20 23:21:53,360] {subprocess.py:85} INFO - Output:
[2023-10-20 23:21:53,362] {subprocess.py:92} INFO - hola, soy la tarea 2 y sere corrida luego de la Tarea 1
[2023-10-20 23:21:53,363] {subprocess.py:96} INFO - Command exited with return code 0
[2023-10-20 23:21:53,402] {taskinstance.py:1420} INFO - Marking task as SUCCESS. dag_id=mi_primer_dag_v3, task_id=segunda_tarea, execution_date=20230204T000000, start_date=20231020T232153, end_date=20231020T232153
[2023-10-20 23:21:53,458] {local_task_job.py:156} INFO - Task exited with return code 0
[2023-10-20 23:21:53,583] {local_task_job.py:273} INFO - 0 downstream tasks scheduled from follow-on schedule check
