[2023-10-20 23:34:23,464] {taskinstance.py:1179} INFO - Dependencies all met for <TaskInstance: mi_primer_dar_con_PythonOperator.aloha_david scheduled__2023-05-05T00:00:00+00:00 [queued]>
[2023-10-20 23:34:23,478] {taskinstance.py:1179} INFO - Dependencies all met for <TaskInstance: mi_primer_dar_con_PythonOperator.aloha_david scheduled__2023-05-05T00:00:00+00:00 [queued]>
[2023-10-20 23:34:23,500] {taskinstance.py:1376} INFO - 
--------------------------------------------------------------------------------
[2023-10-20 23:34:23,505] {taskinstance.py:1377} INFO - Starting attempt 1 of 6
[2023-10-20 23:34:23,510] {taskinstance.py:1378} INFO - 
--------------------------------------------------------------------------------
[2023-10-20 23:34:23,537] {taskinstance.py:1397} INFO - Executing <Task(PythonOperator): aloha_david> on 2023-05-05 00:00:00+00:00
[2023-10-20 23:34:23,544] {standard_task_runner.py:52} INFO - Started process 1039 to run task
[2023-10-20 23:34:23,548] {standard_task_runner.py:79} INFO - Running: ['***', 'tasks', 'run', 'mi_primer_dar_con_PythonOperator', 'aloha_david', 'scheduled__2023-05-05T00:00:00+00:00', '--job-id', '1890', '--raw', '--subdir', 'DAGS_FOLDER/mi_primer_dag_pythonoperator.py', '--cfg-path', '/tmp/tmpmzxyaonq', '--error-file', '/tmp/tmpjkuh1g9f']
[2023-10-20 23:34:23,550] {standard_task_runner.py:80} INFO - Job 1890: Subtask aloha_david
[2023-10-20 23:34:23,650] {task_command.py:371} INFO - Running <TaskInstance: mi_primer_dar_con_PythonOperator.aloha_david scheduled__2023-05-05T00:00:00+00:00 [running]> on host dfdda228c9fc
[2023-10-20 23:34:23,741] {taskinstance.py:1591} INFO - Exporting the following env vars:
AIRFLOW_CTX_DAG_OWNER=DavidBU
AIRFLOW_CTX_DAG_ID=mi_primer_dar_con_PythonOperator
AIRFLOW_CTX_TASK_ID=aloha_david
AIRFLOW_CTX_EXECUTION_DATE=2023-05-05T00:00:00+00:00
AIRFLOW_CTX_TRY_NUMBER=1
AIRFLOW_CTX_DAG_RUN_ID=scheduled__2023-05-05T00:00:00+00:00
[2023-10-20 23:34:23,742] {logging_mixin.py:115} INFO - Aloha Mundo soy yo!
[2023-10-20 23:34:23,743] {python.py:173} INFO - Done. Returned value was: None
[2023-10-20 23:34:23,759] {taskinstance.py:1420} INFO - Marking task as SUCCESS. dag_id=mi_primer_dar_con_PythonOperator, task_id=aloha_david, execution_date=20230505T000000, start_date=20231020T233423, end_date=20231020T233423
[2023-10-20 23:34:23,801] {local_task_job.py:156} INFO - Task exited with return code 0
[2023-10-20 23:34:23,848] {local_task_job.py:273} INFO - 0 downstream tasks scheduled from follow-on schedule check
