[2023-10-20 23:30:19,451] {taskinstance.py:1179} INFO - Dependencies all met for <TaskInstance: mi_primer_dag.primer_task scheduled__2023-03-29T00:00:00+00:00 [queued]>
[2023-10-20 23:30:19,466] {taskinstance.py:1179} INFO - Dependencies all met for <TaskInstance: mi_primer_dag.primer_task scheduled__2023-03-29T00:00:00+00:00 [queued]>
[2023-10-20 23:30:19,468] {taskinstance.py:1376} INFO - 
--------------------------------------------------------------------------------
[2023-10-20 23:30:19,468] {taskinstance.py:1377} INFO - Starting attempt 1 of 6
[2023-10-20 23:30:19,470] {taskinstance.py:1378} INFO - 
--------------------------------------------------------------------------------
[2023-10-20 23:30:19,497] {taskinstance.py:1397} INFO - Executing <Task(BashOperator): primer_task> on 2023-03-29 00:00:00+00:00
[2023-10-20 23:30:19,503] {standard_task_runner.py:52} INFO - Started process 1573 to run task
[2023-10-20 23:30:19,509] {standard_task_runner.py:79} INFO - Running: ['***', 'tasks', 'run', 'mi_primer_dag', 'primer_task', 'scheduled__2023-03-29T00:00:00+00:00', '--job-id', '1571', '--raw', '--subdir', 'DAGS_FOLDER/mi_primer_dag.py', '--cfg-path', '/tmp/tmpafp8hxes', '--error-file', '/tmp/tmp_w_7vj9y']
[2023-10-20 23:30:19,512] {standard_task_runner.py:80} INFO - Job 1571: Subtask primer_task
[2023-10-20 23:30:19,615] {task_command.py:371} INFO - Running <TaskInstance: mi_primer_dag.primer_task scheduled__2023-03-29T00:00:00+00:00 [running]> on host dfdda228c9fc
[2023-10-20 23:30:19,703] {taskinstance.py:1591} INFO - Exporting the following env vars:
AIRFLOW_CTX_DAG_OWNER=DavidBU
AIRFLOW_CTX_DAG_ID=mi_primer_dag
AIRFLOW_CTX_TASK_ID=primer_task
AIRFLOW_CTX_EXECUTION_DATE=2023-03-29T00:00:00+00:00
AIRFLOW_CTX_TRY_NUMBER=1
AIRFLOW_CTX_DAG_RUN_ID=scheduled__2023-03-29T00:00:00+00:00
[2023-10-20 23:30:19,705] {subprocess.py:62} INFO - Tmp dir root location: 
 /tmp
[2023-10-20 23:30:19,710] {subprocess.py:74} INFO - Running command: ['bash', '-c', 'echo hola mundo, esta es nuestra primera tarea usando bash operator!']
[2023-10-20 23:30:19,720] {subprocess.py:85} INFO - Output:
[2023-10-20 23:30:19,730] {subprocess.py:92} INFO - hola mundo, esta es nuestra primera tarea usando bash operator!
[2023-10-20 23:30:19,731] {subprocess.py:96} INFO - Command exited with return code 0
[2023-10-20 23:30:19,774] {taskinstance.py:1420} INFO - Marking task as SUCCESS. dag_id=mi_primer_dag, task_id=primer_task, execution_date=20230329T000000, start_date=20231020T233019, end_date=20231020T233019
[2023-10-20 23:30:19,803] {local_task_job.py:156} INFO - Task exited with return code 0
[2023-10-20 23:30:19,845] {local_task_job.py:273} INFO - 0 downstream tasks scheduled from follow-on schedule check
