[2023-10-22 22:46:39,734] {taskinstance.py:1179} INFO - Dependencies all met for <TaskInstance: dag_print_context.print_context scheduled__2023-10-21T00:00:00+00:00 [queued]>
[2023-10-22 22:46:39,745] {taskinstance.py:1179} INFO - Dependencies all met for <TaskInstance: dag_print_context.print_context scheduled__2023-10-21T00:00:00+00:00 [queued]>
[2023-10-22 22:46:39,746] {taskinstance.py:1376} INFO - 
--------------------------------------------------------------------------------
[2023-10-22 22:46:39,747] {taskinstance.py:1377} INFO - Starting attempt 1 of 1
[2023-10-22 22:46:39,748] {taskinstance.py:1378} INFO - 
--------------------------------------------------------------------------------
[2023-10-22 22:46:39,763] {taskinstance.py:1397} INFO - Executing <Task(PythonOperator): print_context> on 2023-10-21 00:00:00+00:00
[2023-10-22 22:46:39,766] {standard_task_runner.py:52} INFO - Started process 197 to run task
[2023-10-22 22:46:39,770] {standard_task_runner.py:79} INFO - Running: ['***', 'tasks', 'run', 'dag_print_context', 'print_context', 'scheduled__2023-10-21T00:00:00+00:00', '--job-id', '2011', '--raw', '--subdir', 'DAGS_FOLDER/example_template.py', '--cfg-path', '/tmp/tmpqg9em3kt', '--error-file', '/tmp/tmp15r7i3u3']
[2023-10-22 22:46:39,771] {standard_task_runner.py:80} INFO - Job 2011: Subtask print_context
[2023-10-22 22:46:39,840] {task_command.py:371} INFO - Running <TaskInstance: dag_print_context.print_context scheduled__2023-10-21T00:00:00+00:00 [running]> on host dfdda228c9fc
[2023-10-22 22:46:39,925] {taskinstance.py:1591} INFO - Exporting the following env vars:
AIRFLOW_CTX_DAG_OWNER=***
AIRFLOW_CTX_DAG_ID=dag_print_context
AIRFLOW_CTX_TASK_ID=print_context
AIRFLOW_CTX_EXECUTION_DATE=2023-10-21T00:00:00+00:00
AIRFLOW_CTX_TRY_NUMBER=1
AIRFLOW_CTX_DAG_RUN_ID=scheduled__2023-10-21T00:00:00+00:00
[2023-10-22 22:46:39,927] {logging_mixin.py:115} INFO - {'conf': <***.configuration.AirflowConfigParser object at 0x7f36687b6650>, 'dag': <DAG: dag_print_context>, 'dag_run': <DagRun dag_print_context @ 2023-10-21 00:00:00+00:00: scheduled__2023-10-21T00:00:00+00:00, externally triggered: False>, 'data_interval_end': DateTime(2023, 10, 22, 0, 0, 0, tzinfo=Timezone('UTC')), 'data_interval_start': DateTime(2023, 10, 21, 0, 0, 0, tzinfo=Timezone('UTC')), 'ds': '2023-10-21', 'ds_nodash': '20231021', 'execution_date': <Proxy at 0x7f3660ab54b0 with factory functools.partial(<function lazy_mapping_from_context.<locals>._deprecated_proxy_factory at 0x7f3660b55ef0>, 'execution_date', DateTime(2023, 10, 21, 0, 0, 0, tzinfo=Timezone('UTC')))>, 'inlets': [], 'logical_date': DateTime(2023, 10, 21, 0, 0, 0, tzinfo=Timezone('UTC')), 'macros': <module '***.macros' from '/home/***/.local/lib/python3.7/site-packages/***/macros/__init__.py'>, 'next_ds': <Proxy at 0x7f3660ab5460 with factory functools.partial(<function lazy_mapping_from_context.<locals>._deprecated_proxy_factory at 0x7f3660b55ef0>, 'next_ds', '2023-10-22')>, 'next_ds_nodash': <Proxy at 0x7f3660ab5550 with factory functools.partial(<function lazy_mapping_from_context.<locals>._deprecated_proxy_factory at 0x7f3660b55ef0>, 'next_ds_nodash', '20231022')>, 'next_execution_date': <Proxy at 0x7f3660ab56e0 with factory functools.partial(<function lazy_mapping_from_context.<locals>._deprecated_proxy_factory at 0x7f3660b55ef0>, 'next_execution_date', DateTime(2023, 10, 22, 0, 0, 0, tzinfo=Timezone('UTC')))>, 'outlets': [], 'params': {}, 'prev_data_interval_start_success': DateTime(2023, 10, 19, 0, 0, 0, tzinfo=Timezone('UTC')), 'prev_data_interval_end_success': DateTime(2023, 10, 20, 0, 0, 0, tzinfo=Timezone('UTC')), 'prev_ds': <Proxy at 0x7f3660ab5640 with factory functools.partial(<function lazy_mapping_from_context.<locals>._deprecated_proxy_factory at 0x7f3660b55ef0>, 'prev_ds', '2023-10-20')>, 'prev_ds_nodash': <Proxy at 0x7f3660b90d70 with factory functools.partial(<function lazy_mapping_from_context.<locals>._deprecated_proxy_factory at 0x7f3660b55ef0>, 'prev_ds_nodash', '20231020')>, 'prev_execution_date': <Proxy at 0x7f3660b38820 with factory functools.partial(<function lazy_mapping_from_context.<locals>._deprecated_proxy_factory at 0x7f3660b55ef0>, 'prev_execution_date', DateTime(2023, 10, 20, 0, 0, 0, tzinfo=Timezone('UTC')))>, 'prev_execution_date_success': <Proxy at 0x7f3660abc9b0 with factory functools.partial(<function lazy_mapping_from_context.<locals>._deprecated_proxy_factory at 0x7f3660b55ef0>, 'prev_execution_date_success', DateTime(2023, 10, 20, 23, 39, 28, 344140, tzinfo=Timezone('UTC')))>, 'prev_start_date_success': DateTime(2023, 10, 20, 23, 39, 29, 21744, tzinfo=Timezone('UTC')), 'run_id': 'scheduled__2023-10-21T00:00:00+00:00', 'task': <Task(PythonOperator): print_context>, 'task_instance': <TaskInstance: dag_print_context.print_context scheduled__2023-10-21T00:00:00+00:00 [running]>, 'task_instance_key_str': 'dag_print_context__print_context__20231021', 'test_mode': False, 'ti': <TaskInstance: dag_print_context.print_context scheduled__2023-10-21T00:00:00+00:00 [running]>, 'tomorrow_ds': <Proxy at 0x7f3660abce10 with factory functools.partial(<function lazy_mapping_from_context.<locals>._deprecated_proxy_factory at 0x7f3660b55ef0>, 'tomorrow_ds', '2023-10-22')>, 'tomorrow_ds_nodash': <Proxy at 0x7f3660abce60 with factory functools.partial(<function lazy_mapping_from_context.<locals>._deprecated_proxy_factory at 0x7f3660b55ef0>, 'tomorrow_ds_nodash', '20231022')>, 'ts': '2023-10-21T00:00:00+00:00', 'ts_nodash': '20231021T000000', 'ts_nodash_with_tz': '20231021T000000+0000', 'var': {'json': None, 'value': None}, 'conn': None, 'yesterday_ds': <Proxy at 0x7f3660abceb0 with factory functools.partial(<function lazy_mapping_from_context.<locals>._deprecated_proxy_factory at 0x7f3660b55ef0>, 'yesterday_ds', '2023-10-20')>, 'yesterday_ds_nodash': <Proxy at 0x7f3660abcf00 with factory functools.partial(<function lazy_mapping_from_context.<locals>._deprecated_proxy_factory at 0x7f3660b55ef0>, 'yesterday_ds_nodash', '20231020')>, 'templates_dict': None}
[2023-10-22 22:46:39,928] {logging_mixin.py:115} INFO - Inicio:(<Proxy at 0x7f3660ab54b0 with factory functools.partial(<function lazy_mapping_from_context.<locals>._deprecated_proxy_factory at 0x7f3660b55ef0>, 'execution_date', DateTime(2023, 10, 21, 0, 0, 0, tzinfo=Timezone('UTC')))>,), Fin: (<Proxy at 0x7f3660ab56e0 with factory functools.partial(<function lazy_mapping_from_context.<locals>._deprecated_proxy_factory at 0x7f3660b55ef0>, 'next_execution_date', DateTime(2023, 10, 22, 0, 0, 0, tzinfo=Timezone('UTC')))>,)
[2023-10-22 22:46:39,928] {python.py:173} INFO - Done. Returned value was: None
[2023-10-22 22:46:39,943] {taskinstance.py:1420} INFO - Marking task as SUCCESS. dag_id=dag_print_context, task_id=print_context, execution_date=20231021T000000, start_date=20231022T224639, end_date=20231022T224639
[2023-10-22 22:46:39,982] {local_task_job.py:156} INFO - Task exited with return code 0
[2023-10-22 22:46:40,011] {local_task_job.py:273} INFO - 0 downstream tasks scheduled from follow-on schedule check
