[2023-10-20 23:30:18,208] {taskinstance.py:1179} INFO - Dependencies all met for <TaskInstance: mi_primer_dag.primer_task scheduled__2023-03-28T00:00:00+00:00 [queued]>
[2023-10-20 23:30:18,218] {taskinstance.py:1179} INFO - Dependencies all met for <TaskInstance: mi_primer_dag.primer_task scheduled__2023-03-28T00:00:00+00:00 [queued]>
[2023-10-20 23:30:18,219] {taskinstance.py:1376} INFO - 
--------------------------------------------------------------------------------
[2023-10-20 23:30:18,220] {taskinstance.py:1377} INFO - Starting attempt 1 of 6
[2023-10-20 23:30:18,221] {taskinstance.py:1378} INFO - 
--------------------------------------------------------------------------------
[2023-10-20 23:30:18,240] {taskinstance.py:1397} INFO - Executing <Task(BashOperator): primer_task> on 2023-03-28 00:00:00+00:00
[2023-10-20 23:30:18,245] {standard_task_runner.py:52} INFO - Started process 1570 to run task
[2023-10-20 23:30:18,249] {standard_task_runner.py:79} INFO - Running: ['***', 'tasks', 'run', 'mi_primer_dag', 'primer_task', 'scheduled__2023-03-28T00:00:00+00:00', '--job-id', '1570', '--raw', '--subdir', 'DAGS_FOLDER/mi_primer_dag.py', '--cfg-path', '/tmp/tmp5ub8tvxk', '--error-file', '/tmp/tmpb_lgw0hs']
[2023-10-20 23:30:18,251] {standard_task_runner.py:80} INFO - Job 1570: Subtask primer_task
[2023-10-20 23:30:18,322] {task_command.py:371} INFO - Running <TaskInstance: mi_primer_dag.primer_task scheduled__2023-03-28T00:00:00+00:00 [running]> on host dfdda228c9fc
[2023-10-20 23:30:18,401] {taskinstance.py:1591} INFO - Exporting the following env vars:
AIRFLOW_CTX_DAG_OWNER=DavidBU
AIRFLOW_CTX_DAG_ID=mi_primer_dag
AIRFLOW_CTX_TASK_ID=primer_task
AIRFLOW_CTX_EXECUTION_DATE=2023-03-28T00:00:00+00:00
AIRFLOW_CTX_TRY_NUMBER=1
AIRFLOW_CTX_DAG_RUN_ID=scheduled__2023-03-28T00:00:00+00:00
[2023-10-20 23:30:18,403] {subprocess.py:62} INFO - Tmp dir root location: 
 /tmp
[2023-10-20 23:30:18,404] {subprocess.py:74} INFO - Running command: ['bash', '-c', 'echo hola mundo, esta es nuestra primera tarea usando bash operator!']
[2023-10-20 23:30:18,415] {subprocess.py:85} INFO - Output:
[2023-10-20 23:30:18,417] {subprocess.py:92} INFO - hola mundo, esta es nuestra primera tarea usando bash operator!
[2023-10-20 23:30:18,418] {subprocess.py:96} INFO - Command exited with return code 0
[2023-10-20 23:30:18,456] {taskinstance.py:1420} INFO - Marking task as SUCCESS. dag_id=mi_primer_dag, task_id=primer_task, execution_date=20230328T000000, start_date=20231020T233018, end_date=20231020T233018
[2023-10-20 23:30:18,503] {local_task_job.py:156} INFO - Task exited with return code 0
[2023-10-20 23:30:18,547] {local_task_job.py:273} INFO - 0 downstream tasks scheduled from follow-on schedule check
