[2023-10-20 23:22:01,630] {taskinstance.py:1179} INFO - Dependencies all met for <TaskInstance: mi_primer_dag_v3.segunda_tarea scheduled__2023-02-21T00:00:00+00:00 [queued]>
[2023-10-20 23:22:01,658] {taskinstance.py:1179} INFO - Dependencies all met for <TaskInstance: mi_primer_dag_v3.segunda_tarea scheduled__2023-02-21T00:00:00+00:00 [queued]>
[2023-10-20 23:22:01,659] {taskinstance.py:1376} INFO - 
--------------------------------------------------------------------------------
[2023-10-20 23:22:01,661] {taskinstance.py:1377} INFO - Starting attempt 1 of 6
[2023-10-20 23:22:01,661] {taskinstance.py:1378} INFO - 
--------------------------------------------------------------------------------
[2023-10-20 23:22:01,696] {taskinstance.py:1397} INFO - Executing <Task(BashOperator): segunda_tarea> on 2023-02-21 00:00:00+00:00
[2023-10-20 23:22:01,706] {standard_task_runner.py:52} INFO - Started process 2123 to run task
[2023-10-20 23:22:01,714] {standard_task_runner.py:79} INFO - Running: ['***', 'tasks', 'run', 'mi_primer_dag_v3', 'segunda_tarea', 'scheduled__2023-02-21T00:00:00+00:00', '--job-id', '622', '--raw', '--subdir', 'DAGS_FOLDER/primer_dag_v3.py', '--cfg-path', '/tmp/tmp_bqea1wu', '--error-file', '/tmp/tmpu0x7kfp9']
[2023-10-20 23:22:01,718] {standard_task_runner.py:80} INFO - Job 622: Subtask segunda_tarea
[2023-10-20 23:22:01,906] {task_command.py:371} INFO - Running <TaskInstance: mi_primer_dag_v3.segunda_tarea scheduled__2023-02-21T00:00:00+00:00 [running]> on host dfdda228c9fc
[2023-10-20 23:22:02,108] {taskinstance.py:1591} INFO - Exporting the following env vars:
AIRFLOW_CTX_DAG_OWNER=DavidBU
AIRFLOW_CTX_DAG_ID=mi_primer_dag_v3
AIRFLOW_CTX_TASK_ID=segunda_tarea
AIRFLOW_CTX_EXECUTION_DATE=2023-02-21T00:00:00+00:00
AIRFLOW_CTX_TRY_NUMBER=1
AIRFLOW_CTX_DAG_RUN_ID=scheduled__2023-02-21T00:00:00+00:00
[2023-10-20 23:22:02,119] {subprocess.py:62} INFO - Tmp dir root location: 
 /tmp
[2023-10-20 23:22:02,121] {subprocess.py:74} INFO - Running command: ['bash', '-c', 'echo hola, soy la tarea 2 y sere corrida luego de la Tarea 1']
[2023-10-20 23:22:02,149] {subprocess.py:85} INFO - Output:
[2023-10-20 23:22:02,153] {subprocess.py:92} INFO - hola, soy la tarea 2 y sere corrida luego de la Tarea 1
[2023-10-20 23:22:02,154] {subprocess.py:96} INFO - Command exited with return code 0
[2023-10-20 23:22:02,294] {taskinstance.py:1420} INFO - Marking task as SUCCESS. dag_id=mi_primer_dag_v3, task_id=segunda_tarea, execution_date=20230221T000000, start_date=20231020T232201, end_date=20231020T232202
[2023-10-20 23:22:02,349] {local_task_job.py:156} INFO - Task exited with return code 0
[2023-10-20 23:22:02,406] {local_task_job.py:273} INFO - 0 downstream tasks scheduled from follow-on schedule check
