[2023-10-20 23:23:24,124] {taskinstance.py:1179} INFO - Dependencies all met for <TaskInstance: mi_primer_dag_v3.primera_tarea scheduled__2023-08-14T00:00:00+00:00 [queued]>
[2023-10-20 23:23:24,138] {taskinstance.py:1179} INFO - Dependencies all met for <TaskInstance: mi_primer_dag_v3.primera_tarea scheduled__2023-08-14T00:00:00+00:00 [queued]>
[2023-10-20 23:23:24,139] {taskinstance.py:1376} INFO - 
--------------------------------------------------------------------------------
[2023-10-20 23:23:24,140] {taskinstance.py:1377} INFO - Starting attempt 1 of 6
[2023-10-20 23:23:24,140] {taskinstance.py:1378} INFO - 
--------------------------------------------------------------------------------
[2023-10-20 23:23:24,166] {taskinstance.py:1397} INFO - Executing <Task(BashOperator): primera_tarea> on 2023-08-14 00:00:00+00:00
[2023-10-20 23:23:24,172] {standard_task_runner.py:52} INFO - Started process 3685 to run task
[2023-10-20 23:23:24,176] {standard_task_runner.py:79} INFO - Running: ['***', 'tasks', 'run', 'mi_primer_dag_v3', 'primera_tarea', 'scheduled__2023-08-14T00:00:00+00:00', '--job-id', '1129', '--raw', '--subdir', 'DAGS_FOLDER/primer_dag_v3.py', '--cfg-path', '/tmp/tmpypg29tdm', '--error-file', '/tmp/tmp0f1z_809']
[2023-10-20 23:23:24,178] {standard_task_runner.py:80} INFO - Job 1129: Subtask primera_tarea
[2023-10-20 23:23:24,269] {task_command.py:371} INFO - Running <TaskInstance: mi_primer_dag_v3.primera_tarea scheduled__2023-08-14T00:00:00+00:00 [running]> on host dfdda228c9fc
[2023-10-20 23:23:24,377] {taskinstance.py:1591} INFO - Exporting the following env vars:
AIRFLOW_CTX_DAG_OWNER=DavidBU
AIRFLOW_CTX_DAG_ID=mi_primer_dag_v3
AIRFLOW_CTX_TASK_ID=primera_tarea
AIRFLOW_CTX_EXECUTION_DATE=2023-08-14T00:00:00+00:00
AIRFLOW_CTX_TRY_NUMBER=1
AIRFLOW_CTX_DAG_RUN_ID=scheduled__2023-08-14T00:00:00+00:00
[2023-10-20 23:23:24,378] {subprocess.py:62} INFO - Tmp dir root location: 
 /tmp
[2023-10-20 23:23:24,379] {subprocess.py:74} INFO - Running command: ['bash', '-c', 'echo hola mundo, esta es nuestra primera tarea!']
[2023-10-20 23:23:24,391] {subprocess.py:85} INFO - Output:
[2023-10-20 23:23:24,392] {subprocess.py:92} INFO - hola mundo, esta es nuestra primera tarea!
[2023-10-20 23:23:24,393] {subprocess.py:96} INFO - Command exited with return code 0
[2023-10-20 23:23:24,476] {taskinstance.py:1420} INFO - Marking task as SUCCESS. dag_id=mi_primer_dag_v3, task_id=primera_tarea, execution_date=20230814T000000, start_date=20231020T232324, end_date=20231020T232324
[2023-10-20 23:23:24,509] {local_task_job.py:156} INFO - Task exited with return code 0
[2023-10-20 23:23:24,572] {local_task_job.py:273} INFO - 2 downstream tasks scheduled from follow-on schedule check
