[2023-10-20 23:23:07,901] {taskinstance.py:1179} INFO - Dependencies all met for <TaskInstance: mi_primer_dag_v3.segunda_tarea scheduled__2023-07-10T00:00:00+00:00 [queued]>
[2023-10-20 23:23:07,924] {taskinstance.py:1179} INFO - Dependencies all met for <TaskInstance: mi_primer_dag_v3.segunda_tarea scheduled__2023-07-10T00:00:00+00:00 [queued]>
[2023-10-20 23:23:07,925] {taskinstance.py:1376} INFO - 
--------------------------------------------------------------------------------
[2023-10-20 23:23:07,926] {taskinstance.py:1377} INFO - Starting attempt 1 of 6
[2023-10-20 23:23:07,926] {taskinstance.py:1378} INFO - 
--------------------------------------------------------------------------------
[2023-10-20 23:23:07,954] {taskinstance.py:1397} INFO - Executing <Task(BashOperator): segunda_tarea> on 2023-07-10 00:00:00+00:00
[2023-10-20 23:23:07,962] {standard_task_runner.py:52} INFO - Started process 3400 to run task
[2023-10-20 23:23:07,971] {standard_task_runner.py:79} INFO - Running: ['***', 'tasks', 'run', 'mi_primer_dag_v3', 'segunda_tarea', 'scheduled__2023-07-10T00:00:00+00:00', '--job-id', '1039', '--raw', '--subdir', 'DAGS_FOLDER/primer_dag_v3.py', '--cfg-path', '/tmp/tmp4rasjd7v', '--error-file', '/tmp/tmpp7yuo5py']
[2023-10-20 23:23:07,973] {standard_task_runner.py:80} INFO - Job 1039: Subtask segunda_tarea
[2023-10-20 23:23:08,140] {task_command.py:371} INFO - Running <TaskInstance: mi_primer_dag_v3.segunda_tarea scheduled__2023-07-10T00:00:00+00:00 [running]> on host dfdda228c9fc
[2023-10-20 23:23:08,272] {taskinstance.py:1591} INFO - Exporting the following env vars:
AIRFLOW_CTX_DAG_OWNER=DavidBU
AIRFLOW_CTX_DAG_ID=mi_primer_dag_v3
AIRFLOW_CTX_TASK_ID=segunda_tarea
AIRFLOW_CTX_EXECUTION_DATE=2023-07-10T00:00:00+00:00
AIRFLOW_CTX_TRY_NUMBER=1
AIRFLOW_CTX_DAG_RUN_ID=scheduled__2023-07-10T00:00:00+00:00
[2023-10-20 23:23:08,274] {subprocess.py:62} INFO - Tmp dir root location: 
 /tmp
[2023-10-20 23:23:08,275] {subprocess.py:74} INFO - Running command: ['bash', '-c', 'echo hola, soy la tarea 2 y sere corrida luego de la Tarea 1']
[2023-10-20 23:23:08,289] {subprocess.py:85} INFO - Output:
[2023-10-20 23:23:08,291] {subprocess.py:92} INFO - hola, soy la tarea 2 y sere corrida luego de la Tarea 1
[2023-10-20 23:23:08,292] {subprocess.py:96} INFO - Command exited with return code 0
[2023-10-20 23:23:08,350] {taskinstance.py:1420} INFO - Marking task as SUCCESS. dag_id=mi_primer_dag_v3, task_id=segunda_tarea, execution_date=20230710T000000, start_date=20231020T232307, end_date=20231020T232308
[2023-10-20 23:23:08,426] {local_task_job.py:156} INFO - Task exited with return code 0
[2023-10-20 23:23:08,480] {local_task_job.py:273} INFO - 0 downstream tasks scheduled from follow-on schedule check
