[2023-10-20 23:22:06,796] {taskinstance.py:1179} INFO - Dependencies all met for <TaskInstance: mi_primer_dag_v3.tercera_tarea scheduled__2023-03-01T00:00:00+00:00 [queued]>
[2023-10-20 23:22:06,815] {taskinstance.py:1179} INFO - Dependencies all met for <TaskInstance: mi_primer_dag_v3.tercera_tarea scheduled__2023-03-01T00:00:00+00:00 [queued]>
[2023-10-20 23:22:06,816] {taskinstance.py:1376} INFO - 
--------------------------------------------------------------------------------
[2023-10-20 23:22:06,816] {taskinstance.py:1377} INFO - Starting attempt 1 of 6
[2023-10-20 23:22:06,817] {taskinstance.py:1378} INFO - 
--------------------------------------------------------------------------------
[2023-10-20 23:22:06,844] {taskinstance.py:1397} INFO - Executing <Task(BashOperator): tercera_tarea> on 2023-03-01 00:00:00+00:00
[2023-10-20 23:22:06,850] {standard_task_runner.py:52} INFO - Started process 2195 to run task
[2023-10-20 23:22:06,855] {standard_task_runner.py:79} INFO - Running: ['***', 'tasks', 'run', 'mi_primer_dag_v3', 'tercera_tarea', 'scheduled__2023-03-01T00:00:00+00:00', '--job-id', '646', '--raw', '--subdir', 'DAGS_FOLDER/primer_dag_v3.py', '--cfg-path', '/tmp/tmpzgzqcn96', '--error-file', '/tmp/tmp7mz247ks']
[2023-10-20 23:22:06,858] {standard_task_runner.py:80} INFO - Job 646: Subtask tercera_tarea
[2023-10-20 23:22:06,971] {task_command.py:371} INFO - Running <TaskInstance: mi_primer_dag_v3.tercera_tarea scheduled__2023-03-01T00:00:00+00:00 [running]> on host dfdda228c9fc
[2023-10-20 23:22:07,113] {taskinstance.py:1591} INFO - Exporting the following env vars:
AIRFLOW_CTX_DAG_OWNER=DavidBU
AIRFLOW_CTX_DAG_ID=mi_primer_dag_v3
AIRFLOW_CTX_TASK_ID=tercera_tarea
AIRFLOW_CTX_EXECUTION_DATE=2023-03-01T00:00:00+00:00
AIRFLOW_CTX_TRY_NUMBER=1
AIRFLOW_CTX_DAG_RUN_ID=scheduled__2023-03-01T00:00:00+00:00
[2023-10-20 23:22:07,115] {subprocess.py:62} INFO - Tmp dir root location: 
 /tmp
[2023-10-20 23:22:07,117] {subprocess.py:74} INFO - Running command: ['bash', '-c', 'echo hola, soy la tarea 3 y sere corrida luego de Tarea 1 al mismo tiempo que Tarea 2']
[2023-10-20 23:22:07,133] {subprocess.py:85} INFO - Output:
[2023-10-20 23:22:07,136] {subprocess.py:92} INFO - hola, soy la tarea 3 y sere corrida luego de Tarea 1 al mismo tiempo que Tarea 2
[2023-10-20 23:22:07,137] {subprocess.py:96} INFO - Command exited with return code 0
[2023-10-20 23:22:07,200] {taskinstance.py:1420} INFO - Marking task as SUCCESS. dag_id=mi_primer_dag_v3, task_id=tercera_tarea, execution_date=20230301T000000, start_date=20231020T232206, end_date=20231020T232207
[2023-10-20 23:22:07,269] {local_task_job.py:156} INFO - Task exited with return code 0
[2023-10-20 23:22:07,343] {local_task_job.py:273} INFO - 0 downstream tasks scheduled from follow-on schedule check
