[2023-10-20 23:20:42,740] {taskinstance.py:1179} INFO - Dependencies all met for <TaskInstance: mi_primer_dag_v3.primera_tarea scheduled__2022-09-17T00:00:00+00:00 [queued]>
[2023-10-20 23:20:42,755] {taskinstance.py:1179} INFO - Dependencies all met for <TaskInstance: mi_primer_dag_v3.primera_tarea scheduled__2022-09-17T00:00:00+00:00 [queued]>
[2023-10-20 23:20:42,755] {taskinstance.py:1376} INFO - 
--------------------------------------------------------------------------------
[2023-10-20 23:20:42,756] {taskinstance.py:1377} INFO - Starting attempt 1 of 6
[2023-10-20 23:20:42,757] {taskinstance.py:1378} INFO - 
--------------------------------------------------------------------------------
[2023-10-20 23:20:42,780] {taskinstance.py:1397} INFO - Executing <Task(BashOperator): primera_tarea> on 2022-09-17 00:00:00+00:00
[2023-10-20 23:20:42,785] {standard_task_runner.py:52} INFO - Started process 622 to run task
[2023-10-20 23:20:42,790] {standard_task_runner.py:79} INFO - Running: ['***', 'tasks', 'run', 'mi_primer_dag_v3', 'primera_tarea', 'scheduled__2022-09-17T00:00:00+00:00', '--job-id', '136', '--raw', '--subdir', 'DAGS_FOLDER/primer_dag_v3.py', '--cfg-path', '/tmp/tmpiqh_7je0', '--error-file', '/tmp/tmp347j14lz']
[2023-10-20 23:20:42,793] {standard_task_runner.py:80} INFO - Job 136: Subtask primera_tarea
[2023-10-20 23:20:42,900] {task_command.py:371} INFO - Running <TaskInstance: mi_primer_dag_v3.primera_tarea scheduled__2022-09-17T00:00:00+00:00 [running]> on host dfdda228c9fc
[2023-10-20 23:20:43,038] {taskinstance.py:1591} INFO - Exporting the following env vars:
AIRFLOW_CTX_DAG_OWNER=DavidBU
AIRFLOW_CTX_DAG_ID=mi_primer_dag_v3
AIRFLOW_CTX_TASK_ID=primera_tarea
AIRFLOW_CTX_EXECUTION_DATE=2022-09-17T00:00:00+00:00
AIRFLOW_CTX_TRY_NUMBER=1
AIRFLOW_CTX_DAG_RUN_ID=scheduled__2022-09-17T00:00:00+00:00
[2023-10-20 23:20:43,039] {subprocess.py:62} INFO - Tmp dir root location: 
 /tmp
[2023-10-20 23:20:43,041] {subprocess.py:74} INFO - Running command: ['bash', '-c', 'echo hola mundo, esta es nuestra primera tarea!']
[2023-10-20 23:20:43,053] {subprocess.py:85} INFO - Output:
[2023-10-20 23:20:43,055] {subprocess.py:92} INFO - hola mundo, esta es nuestra primera tarea!
[2023-10-20 23:20:43,056] {subprocess.py:96} INFO - Command exited with return code 0
[2023-10-20 23:20:43,110] {taskinstance.py:1420} INFO - Marking task as SUCCESS. dag_id=mi_primer_dag_v3, task_id=primera_tarea, execution_date=20220917T000000, start_date=20231020T232042, end_date=20231020T232043
[2023-10-20 23:20:43,162] {local_task_job.py:156} INFO - Task exited with return code 0
[2023-10-20 23:20:43,237] {local_task_job.py:273} INFO - 2 downstream tasks scheduled from follow-on schedule check
