[2023-10-20 23:20:33,417] {taskinstance.py:1179} INFO - Dependencies all met for <TaskInstance: mi_primer_dag_v3.tercera_tarea scheduled__2022-08-25T00:00:00+00:00 [queued]>
[2023-10-20 23:20:33,434] {taskinstance.py:1179} INFO - Dependencies all met for <TaskInstance: mi_primer_dag_v3.tercera_tarea scheduled__2022-08-25T00:00:00+00:00 [queued]>
[2023-10-20 23:20:33,435] {taskinstance.py:1376} INFO - 
--------------------------------------------------------------------------------
[2023-10-20 23:20:33,435] {taskinstance.py:1377} INFO - Starting attempt 1 of 6
[2023-10-20 23:20:33,436] {taskinstance.py:1378} INFO - 
--------------------------------------------------------------------------------
[2023-10-20 23:20:33,455] {taskinstance.py:1397} INFO - Executing <Task(BashOperator): tercera_tarea> on 2022-08-25 00:00:00+00:00
[2023-10-20 23:20:33,460] {standard_task_runner.py:52} INFO - Started process 453 to run task
[2023-10-20 23:20:33,465] {standard_task_runner.py:79} INFO - Running: ['***', 'tasks', 'run', 'mi_primer_dag_v3', 'tercera_tarea', 'scheduled__2022-08-25T00:00:00+00:00', '--job-id', '81', '--raw', '--subdir', 'DAGS_FOLDER/primer_dag_v3.py', '--cfg-path', '/tmp/tmpvi3vw_ac', '--error-file', '/tmp/tmp4ejb0e2c']
[2023-10-20 23:20:33,467] {standard_task_runner.py:80} INFO - Job 81: Subtask tercera_tarea
[2023-10-20 23:20:33,559] {task_command.py:371} INFO - Running <TaskInstance: mi_primer_dag_v3.tercera_tarea scheduled__2022-08-25T00:00:00+00:00 [running]> on host dfdda228c9fc
[2023-10-20 23:20:33,658] {taskinstance.py:1591} INFO - Exporting the following env vars:
AIRFLOW_CTX_DAG_OWNER=DavidBU
AIRFLOW_CTX_DAG_ID=mi_primer_dag_v3
AIRFLOW_CTX_TASK_ID=tercera_tarea
AIRFLOW_CTX_EXECUTION_DATE=2022-08-25T00:00:00+00:00
AIRFLOW_CTX_TRY_NUMBER=1
AIRFLOW_CTX_DAG_RUN_ID=scheduled__2022-08-25T00:00:00+00:00
[2023-10-20 23:20:33,659] {subprocess.py:62} INFO - Tmp dir root location: 
 /tmp
[2023-10-20 23:20:33,661] {subprocess.py:74} INFO - Running command: ['bash', '-c', 'echo hola, soy la tarea 3 y sere corrida luego de Tarea 1 al mismo tiempo que Tarea 2']
[2023-10-20 23:20:33,675] {subprocess.py:85} INFO - Output:
[2023-10-20 23:20:33,678] {subprocess.py:92} INFO - hola, soy la tarea 3 y sere corrida luego de Tarea 1 al mismo tiempo que Tarea 2
[2023-10-20 23:20:33,680] {subprocess.py:96} INFO - Command exited with return code 0
[2023-10-20 23:20:33,755] {taskinstance.py:1420} INFO - Marking task as SUCCESS. dag_id=mi_primer_dag_v3, task_id=tercera_tarea, execution_date=20220825T000000, start_date=20231020T232033, end_date=20231020T232033
[2023-10-20 23:20:33,797] {local_task_job.py:156} INFO - Task exited with return code 0
[2023-10-20 23:20:33,839] {local_task_job.py:273} INFO - 0 downstream tasks scheduled from follow-on schedule check
