[2023-10-20 23:23:14,553] {taskinstance.py:1179} INFO - Dependencies all met for <TaskInstance: mi_primer_dag_v3.segunda_tarea scheduled__2023-07-22T00:00:00+00:00 [queued]>
[2023-10-20 23:23:14,583] {taskinstance.py:1179} INFO - Dependencies all met for <TaskInstance: mi_primer_dag_v3.segunda_tarea scheduled__2023-07-22T00:00:00+00:00 [queued]>
[2023-10-20 23:23:14,584] {taskinstance.py:1376} INFO - 
--------------------------------------------------------------------------------
[2023-10-20 23:23:14,586] {taskinstance.py:1377} INFO - Starting attempt 1 of 6
[2023-10-20 23:23:14,587] {taskinstance.py:1378} INFO - 
--------------------------------------------------------------------------------
[2023-10-20 23:23:14,623] {taskinstance.py:1397} INFO - Executing <Task(BashOperator): segunda_tarea> on 2023-07-22 00:00:00+00:00
[2023-10-20 23:23:14,661] {standard_task_runner.py:52} INFO - Started process 3516 to run task
[2023-10-20 23:23:14,666] {standard_task_runner.py:79} INFO - Running: ['***', 'tasks', 'run', 'mi_primer_dag_v3', 'segunda_tarea', 'scheduled__2023-07-22T00:00:00+00:00', '--job-id', '1074', '--raw', '--subdir', 'DAGS_FOLDER/primer_dag_v3.py', '--cfg-path', '/tmp/tmpufaug7uq', '--error-file', '/tmp/tmp5gqm1mtg']
[2023-10-20 23:23:14,669] {standard_task_runner.py:80} INFO - Job 1074: Subtask segunda_tarea
[2023-10-20 23:23:14,836] {task_command.py:371} INFO - Running <TaskInstance: mi_primer_dag_v3.segunda_tarea scheduled__2023-07-22T00:00:00+00:00 [running]> on host dfdda228c9fc
[2023-10-20 23:23:14,970] {taskinstance.py:1591} INFO - Exporting the following env vars:
AIRFLOW_CTX_DAG_OWNER=DavidBU
AIRFLOW_CTX_DAG_ID=mi_primer_dag_v3
AIRFLOW_CTX_TASK_ID=segunda_tarea
AIRFLOW_CTX_EXECUTION_DATE=2023-07-22T00:00:00+00:00
AIRFLOW_CTX_TRY_NUMBER=1
AIRFLOW_CTX_DAG_RUN_ID=scheduled__2023-07-22T00:00:00+00:00
[2023-10-20 23:23:14,972] {subprocess.py:62} INFO - Tmp dir root location: 
 /tmp
[2023-10-20 23:23:14,974] {subprocess.py:74} INFO - Running command: ['bash', '-c', 'echo hola, soy la tarea 2 y sere corrida luego de la Tarea 1']
[2023-10-20 23:23:14,992] {subprocess.py:85} INFO - Output:
[2023-10-20 23:23:14,995] {subprocess.py:92} INFO - hola, soy la tarea 2 y sere corrida luego de la Tarea 1
[2023-10-20 23:23:14,996] {subprocess.py:96} INFO - Command exited with return code 0
[2023-10-20 23:23:15,108] {taskinstance.py:1420} INFO - Marking task as SUCCESS. dag_id=mi_primer_dag_v3, task_id=segunda_tarea, execution_date=20230722T000000, start_date=20231020T232314, end_date=20231020T232315
[2023-10-20 23:23:15,165] {local_task_job.py:156} INFO - Task exited with return code 0
[2023-10-20 23:23:15,229] {local_task_job.py:273} INFO - 0 downstream tasks scheduled from follow-on schedule check
