[2023-10-20 23:29:55,029] {taskinstance.py:1179} INFO - Dependencies all met for <TaskInstance: mi_primer_dag.primer_task scheduled__2023-02-10T00:00:00+00:00 [queued]>
[2023-10-20 23:29:55,043] {taskinstance.py:1179} INFO - Dependencies all met for <TaskInstance: mi_primer_dag.primer_task scheduled__2023-02-10T00:00:00+00:00 [queued]>
[2023-10-20 23:29:55,044] {taskinstance.py:1376} INFO - 
--------------------------------------------------------------------------------
[2023-10-20 23:29:55,044] {taskinstance.py:1377} INFO - Starting attempt 1 of 6
[2023-10-20 23:29:55,045] {taskinstance.py:1378} INFO - 
--------------------------------------------------------------------------------
[2023-10-20 23:29:55,066] {taskinstance.py:1397} INFO - Executing <Task(BashOperator): primer_task> on 2023-02-10 00:00:00+00:00
[2023-10-20 23:29:55,071] {standard_task_runner.py:52} INFO - Started process 1402 to run task
[2023-10-20 23:29:55,075] {standard_task_runner.py:79} INFO - Running: ['***', 'tasks', 'run', 'mi_primer_dag', 'primer_task', 'scheduled__2023-02-10T00:00:00+00:00', '--job-id', '1524', '--raw', '--subdir', 'DAGS_FOLDER/mi_primer_dag.py', '--cfg-path', '/tmp/tmpcdmbe1oz', '--error-file', '/tmp/tmpamxu0f_e']
[2023-10-20 23:29:55,076] {standard_task_runner.py:80} INFO - Job 1524: Subtask primer_task
[2023-10-20 23:29:55,153] {task_command.py:371} INFO - Running <TaskInstance: mi_primer_dag.primer_task scheduled__2023-02-10T00:00:00+00:00 [running]> on host dfdda228c9fc
[2023-10-20 23:29:55,232] {taskinstance.py:1591} INFO - Exporting the following env vars:
AIRFLOW_CTX_DAG_OWNER=DavidBU
AIRFLOW_CTX_DAG_ID=mi_primer_dag
AIRFLOW_CTX_TASK_ID=primer_task
AIRFLOW_CTX_EXECUTION_DATE=2023-02-10T00:00:00+00:00
AIRFLOW_CTX_TRY_NUMBER=1
AIRFLOW_CTX_DAG_RUN_ID=scheduled__2023-02-10T00:00:00+00:00
[2023-10-20 23:29:55,234] {subprocess.py:62} INFO - Tmp dir root location: 
 /tmp
[2023-10-20 23:29:55,235] {subprocess.py:74} INFO - Running command: ['bash', '-c', 'echo hola mundo, esta es nuestra primera tarea usando bash operator!']
[2023-10-20 23:29:55,243] {subprocess.py:85} INFO - Output:
[2023-10-20 23:29:55,244] {subprocess.py:92} INFO - hola mundo, esta es nuestra primera tarea usando bash operator!
[2023-10-20 23:29:55,245] {subprocess.py:96} INFO - Command exited with return code 0
[2023-10-20 23:29:55,274] {taskinstance.py:1420} INFO - Marking task as SUCCESS. dag_id=mi_primer_dag, task_id=primer_task, execution_date=20230210T000000, start_date=20231020T232955, end_date=20231020T232955
[2023-10-20 23:29:55,327] {local_task_job.py:156} INFO - Task exited with return code 0
[2023-10-20 23:29:55,359] {local_task_job.py:273} INFO - 0 downstream tasks scheduled from follow-on schedule check
