[2023-10-20 23:23:06,647] {taskinstance.py:1179} INFO - Dependencies all met for <TaskInstance: mi_primer_dag_v3.primera_tarea scheduled__2023-07-10T00:00:00+00:00 [queued]>
[2023-10-20 23:23:06,661] {taskinstance.py:1179} INFO - Dependencies all met for <TaskInstance: mi_primer_dag_v3.primera_tarea scheduled__2023-07-10T00:00:00+00:00 [queued]>
[2023-10-20 23:23:06,662] {taskinstance.py:1376} INFO - 
--------------------------------------------------------------------------------
[2023-10-20 23:23:06,663] {taskinstance.py:1377} INFO - Starting attempt 1 of 6
[2023-10-20 23:23:06,664] {taskinstance.py:1378} INFO - 
--------------------------------------------------------------------------------
[2023-10-20 23:23:06,691] {taskinstance.py:1397} INFO - Executing <Task(BashOperator): primera_tarea> on 2023-07-10 00:00:00+00:00
[2023-10-20 23:23:06,698] {standard_task_runner.py:52} INFO - Started process 3356 to run task
[2023-10-20 23:23:06,702] {standard_task_runner.py:79} INFO - Running: ['***', 'tasks', 'run', 'mi_primer_dag_v3', 'primera_tarea', 'scheduled__2023-07-10T00:00:00+00:00', '--job-id', '1024', '--raw', '--subdir', 'DAGS_FOLDER/primer_dag_v3.py', '--cfg-path', '/tmp/tmp7o8_v66g', '--error-file', '/tmp/tmpf_rxec2d']
[2023-10-20 23:23:06,704] {standard_task_runner.py:80} INFO - Job 1024: Subtask primera_tarea
[2023-10-20 23:23:06,786] {task_command.py:371} INFO - Running <TaskInstance: mi_primer_dag_v3.primera_tarea scheduled__2023-07-10T00:00:00+00:00 [running]> on host dfdda228c9fc
[2023-10-20 23:23:06,931] {taskinstance.py:1591} INFO - Exporting the following env vars:
AIRFLOW_CTX_DAG_OWNER=DavidBU
AIRFLOW_CTX_DAG_ID=mi_primer_dag_v3
AIRFLOW_CTX_TASK_ID=primera_tarea
AIRFLOW_CTX_EXECUTION_DATE=2023-07-10T00:00:00+00:00
AIRFLOW_CTX_TRY_NUMBER=1
AIRFLOW_CTX_DAG_RUN_ID=scheduled__2023-07-10T00:00:00+00:00
[2023-10-20 23:23:06,932] {subprocess.py:62} INFO - Tmp dir root location: 
 /tmp
[2023-10-20 23:23:06,934] {subprocess.py:74} INFO - Running command: ['bash', '-c', 'echo hola mundo, esta es nuestra primera tarea!']
[2023-10-20 23:23:06,946] {subprocess.py:85} INFO - Output:
[2023-10-20 23:23:06,948] {subprocess.py:92} INFO - hola mundo, esta es nuestra primera tarea!
[2023-10-20 23:23:06,950] {subprocess.py:96} INFO - Command exited with return code 0
[2023-10-20 23:23:07,030] {taskinstance.py:1420} INFO - Marking task as SUCCESS. dag_id=mi_primer_dag_v3, task_id=primera_tarea, execution_date=20230710T000000, start_date=20231020T232306, end_date=20231020T232307
[2023-10-20 23:23:07,076] {local_task_job.py:156} INFO - Task exited with return code 0
[2023-10-20 23:23:07,157] {local_task_job.py:273} INFO - 2 downstream tasks scheduled from follow-on schedule check
