[2023-10-20 23:28:19,052] {taskinstance.py:1179} INFO - Dependencies all met for <TaskInstance: mi_primer_dag_v3.primera_tarea scheduled__2023-09-12T00:00:00+00:00 [queued]>
[2023-10-20 23:28:19,067] {taskinstance.py:1179} INFO - Dependencies all met for <TaskInstance: mi_primer_dag_v3.primera_tarea scheduled__2023-09-12T00:00:00+00:00 [queued]>
[2023-10-20 23:28:19,067] {taskinstance.py:1376} INFO - 
--------------------------------------------------------------------------------
[2023-10-20 23:28:19,068] {taskinstance.py:1377} INFO - Starting attempt 1 of 6
[2023-10-20 23:28:19,068] {taskinstance.py:1378} INFO - 
--------------------------------------------------------------------------------
[2023-10-20 23:28:19,087] {taskinstance.py:1397} INFO - Executing <Task(BashOperator): primera_tarea> on 2023-09-12 00:00:00+00:00
[2023-10-20 23:28:19,092] {standard_task_runner.py:52} INFO - Started process 442 to run task
[2023-10-20 23:28:19,096] {standard_task_runner.py:79} INFO - Running: ['***', 'tasks', 'run', 'mi_primer_dag_v3', 'primera_tarea', 'scheduled__2023-09-12T00:00:00+00:00', '--job-id', '1233', '--raw', '--subdir', 'DAGS_FOLDER/primer_dag_v3.py', '--cfg-path', '/tmp/tmpzz2g57lt', '--error-file', '/tmp/tmpgd813s87']
[2023-10-20 23:28:19,098] {standard_task_runner.py:80} INFO - Job 1233: Subtask primera_tarea
[2023-10-20 23:28:19,181] {task_command.py:371} INFO - Running <TaskInstance: mi_primer_dag_v3.primera_tarea scheduled__2023-09-12T00:00:00+00:00 [running]> on host dfdda228c9fc
[2023-10-20 23:28:19,284] {taskinstance.py:1591} INFO - Exporting the following env vars:
AIRFLOW_CTX_DAG_OWNER=DavidBU
AIRFLOW_CTX_DAG_ID=mi_primer_dag_v3
AIRFLOW_CTX_TASK_ID=primera_tarea
AIRFLOW_CTX_EXECUTION_DATE=2023-09-12T00:00:00+00:00
AIRFLOW_CTX_TRY_NUMBER=1
AIRFLOW_CTX_DAG_RUN_ID=scheduled__2023-09-12T00:00:00+00:00
[2023-10-20 23:28:19,286] {subprocess.py:62} INFO - Tmp dir root location: 
 /tmp
[2023-10-20 23:28:19,287] {subprocess.py:74} INFO - Running command: ['bash', '-c', 'echo hola mundo, esta es nuestra primera tarea!']
[2023-10-20 23:28:19,296] {subprocess.py:85} INFO - Output:
[2023-10-20 23:28:19,298] {subprocess.py:92} INFO - hola mundo, esta es nuestra primera tarea!
[2023-10-20 23:28:19,298] {subprocess.py:96} INFO - Command exited with return code 0
[2023-10-20 23:28:19,335] {taskinstance.py:1420} INFO - Marking task as SUCCESS. dag_id=mi_primer_dag_v3, task_id=primera_tarea, execution_date=20230912T000000, start_date=20231020T232819, end_date=20231020T232819
[2023-10-20 23:28:19,389] {local_task_job.py:156} INFO - Task exited with return code 0
[2023-10-20 23:28:19,484] {local_task_job.py:273} INFO - 0 downstream tasks scheduled from follow-on schedule check
