[2023-10-20 23:31:51,060] {taskinstance.py:1179} INFO - Dependencies all met for <TaskInstance: mi_primer_dag.primer_task scheduled__2023-04-15T00:00:00+00:00 [queued]>
[2023-10-20 23:31:51,076] {taskinstance.py:1179} INFO - Dependencies all met for <TaskInstance: mi_primer_dag.primer_task scheduled__2023-04-15T00:00:00+00:00 [queued]>
[2023-10-20 23:31:51,076] {taskinstance.py:1376} INFO - 
--------------------------------------------------------------------------------
[2023-10-20 23:31:51,077] {taskinstance.py:1377} INFO - Starting attempt 1 of 6
[2023-10-20 23:31:51,078] {taskinstance.py:1378} INFO - 
--------------------------------------------------------------------------------
[2023-10-20 23:31:51,101] {taskinstance.py:1397} INFO - Executing <Task(BashOperator): primer_task> on 2023-04-15 00:00:00+00:00
[2023-10-20 23:31:51,106] {standard_task_runner.py:52} INFO - Started process 203 to run task
[2023-10-20 23:31:51,110] {standard_task_runner.py:79} INFO - Running: ['***', 'tasks', 'run', 'mi_primer_dag', 'primer_task', 'scheduled__2023-04-15T00:00:00+00:00', '--job-id', '1587', '--raw', '--subdir', 'DAGS_FOLDER/mi_primer_dag.py', '--cfg-path', '/tmp/tmpvv9eox7r', '--error-file', '/tmp/tmpsjbw9k8p']
[2023-10-20 23:31:51,112] {standard_task_runner.py:80} INFO - Job 1587: Subtask primer_task
[2023-10-20 23:31:51,218] {task_command.py:371} INFO - Running <TaskInstance: mi_primer_dag.primer_task scheduled__2023-04-15T00:00:00+00:00 [running]> on host dfdda228c9fc
[2023-10-20 23:31:51,328] {taskinstance.py:1591} INFO - Exporting the following env vars:
AIRFLOW_CTX_DAG_OWNER=DavidBU
AIRFLOW_CTX_DAG_ID=mi_primer_dag
AIRFLOW_CTX_TASK_ID=primer_task
AIRFLOW_CTX_EXECUTION_DATE=2023-04-15T00:00:00+00:00
AIRFLOW_CTX_TRY_NUMBER=1
AIRFLOW_CTX_DAG_RUN_ID=scheduled__2023-04-15T00:00:00+00:00
[2023-10-20 23:31:51,331] {subprocess.py:62} INFO - Tmp dir root location: 
 /tmp
[2023-10-20 23:31:51,332] {subprocess.py:74} INFO - Running command: ['bash', '-c', 'echo hola mundo, esta es nuestra primera tarea usando bash operator!']
[2023-10-20 23:31:51,343] {subprocess.py:85} INFO - Output:
[2023-10-20 23:31:51,345] {subprocess.py:92} INFO - hola mundo, esta es nuestra primera tarea usando bash operator!
[2023-10-20 23:31:51,346] {subprocess.py:96} INFO - Command exited with return code 0
[2023-10-20 23:31:51,456] {taskinstance.py:1420} INFO - Marking task as SUCCESS. dag_id=mi_primer_dag, task_id=primer_task, execution_date=20230415T000000, start_date=20231020T233151, end_date=20231020T233151
[2023-10-20 23:31:51,485] {local_task_job.py:156} INFO - Task exited with return code 0
[2023-10-20 23:31:51,529] {local_task_job.py:273} INFO - 0 downstream tasks scheduled from follow-on schedule check
