[2023-10-20 23:28:24,715] {taskinstance.py:1179} INFO - Dependencies all met for <TaskInstance: mi_primer_dag_v3.primera_tarea scheduled__2023-09-28T00:00:00+00:00 [queued]>
[2023-10-20 23:28:24,728] {taskinstance.py:1179} INFO - Dependencies all met for <TaskInstance: mi_primer_dag_v3.primera_tarea scheduled__2023-09-28T00:00:00+00:00 [queued]>
[2023-10-20 23:28:24,729] {taskinstance.py:1376} INFO - 
--------------------------------------------------------------------------------
[2023-10-20 23:28:24,730] {taskinstance.py:1377} INFO - Starting attempt 1 of 6
[2023-10-20 23:28:24,731] {taskinstance.py:1378} INFO - 
--------------------------------------------------------------------------------
[2023-10-20 23:28:24,748] {taskinstance.py:1397} INFO - Executing <Task(BashOperator): primera_tarea> on 2023-09-28 00:00:00+00:00
[2023-10-20 23:28:24,754] {standard_task_runner.py:52} INFO - Started process 568 to run task
[2023-10-20 23:28:24,759] {standard_task_runner.py:79} INFO - Running: ['***', 'tasks', 'run', 'mi_primer_dag_v3', 'primera_tarea', 'scheduled__2023-09-28T00:00:00+00:00', '--job-id', '1275', '--raw', '--subdir', 'DAGS_FOLDER/primer_dag_v3.py', '--cfg-path', '/tmp/tmp4zbtwk9n', '--error-file', '/tmp/tmpbyvtixrg']
[2023-10-20 23:28:24,762] {standard_task_runner.py:80} INFO - Job 1275: Subtask primera_tarea
[2023-10-20 23:28:24,847] {task_command.py:371} INFO - Running <TaskInstance: mi_primer_dag_v3.primera_tarea scheduled__2023-09-28T00:00:00+00:00 [running]> on host dfdda228c9fc
[2023-10-20 23:28:24,970] {taskinstance.py:1591} INFO - Exporting the following env vars:
AIRFLOW_CTX_DAG_OWNER=DavidBU
AIRFLOW_CTX_DAG_ID=mi_primer_dag_v3
AIRFLOW_CTX_TASK_ID=primera_tarea
AIRFLOW_CTX_EXECUTION_DATE=2023-09-28T00:00:00+00:00
AIRFLOW_CTX_TRY_NUMBER=1
AIRFLOW_CTX_DAG_RUN_ID=scheduled__2023-09-28T00:00:00+00:00
[2023-10-20 23:28:24,972] {subprocess.py:62} INFO - Tmp dir root location: 
 /tmp
[2023-10-20 23:28:24,973] {subprocess.py:74} INFO - Running command: ['bash', '-c', 'echo hola mundo, esta es nuestra primera tarea!']
[2023-10-20 23:28:24,984] {subprocess.py:85} INFO - Output:
[2023-10-20 23:28:24,986] {subprocess.py:92} INFO - hola mundo, esta es nuestra primera tarea!
[2023-10-20 23:28:24,987] {subprocess.py:96} INFO - Command exited with return code 0
[2023-10-20 23:28:25,047] {taskinstance.py:1420} INFO - Marking task as SUCCESS. dag_id=mi_primer_dag_v3, task_id=primera_tarea, execution_date=20230928T000000, start_date=20231020T232824, end_date=20231020T232825
[2023-10-20 23:28:25,091] {local_task_job.py:156} INFO - Task exited with return code 0
[2023-10-20 23:28:25,155] {local_task_job.py:273} INFO - 2 downstream tasks scheduled from follow-on schedule check
