[2023-10-20 23:20:47,719] {taskinstance.py:1179} INFO - Dependencies all met for <TaskInstance: mi_primer_dag_v3.primera_tarea scheduled__2022-09-28T00:00:00+00:00 [queued]>
[2023-10-20 23:20:47,736] {taskinstance.py:1179} INFO - Dependencies all met for <TaskInstance: mi_primer_dag_v3.primera_tarea scheduled__2022-09-28T00:00:00+00:00 [queued]>
[2023-10-20 23:20:47,737] {taskinstance.py:1376} INFO - 
--------------------------------------------------------------------------------
[2023-10-20 23:20:47,738] {taskinstance.py:1377} INFO - Starting attempt 1 of 6
[2023-10-20 23:20:47,739] {taskinstance.py:1378} INFO - 
--------------------------------------------------------------------------------
[2023-10-20 23:20:47,769] {taskinstance.py:1397} INFO - Executing <Task(BashOperator): primera_tarea> on 2022-09-28 00:00:00+00:00
[2023-10-20 23:20:47,775] {standard_task_runner.py:52} INFO - Started process 727 to run task
[2023-10-20 23:20:47,779] {standard_task_runner.py:79} INFO - Running: ['***', 'tasks', 'run', 'mi_primer_dag_v3', 'primera_tarea', 'scheduled__2022-09-28T00:00:00+00:00', '--job-id', '171', '--raw', '--subdir', 'DAGS_FOLDER/primer_dag_v3.py', '--cfg-path', '/tmp/tmp211a6xsn', '--error-file', '/tmp/tmp6pyysrlw']
[2023-10-20 23:20:47,780] {standard_task_runner.py:80} INFO - Job 171: Subtask primera_tarea
[2023-10-20 23:20:47,863] {task_command.py:371} INFO - Running <TaskInstance: mi_primer_dag_v3.primera_tarea scheduled__2022-09-28T00:00:00+00:00 [running]> on host dfdda228c9fc
[2023-10-20 23:20:48,009] {taskinstance.py:1591} INFO - Exporting the following env vars:
AIRFLOW_CTX_DAG_OWNER=DavidBU
AIRFLOW_CTX_DAG_ID=mi_primer_dag_v3
AIRFLOW_CTX_TASK_ID=primera_tarea
AIRFLOW_CTX_EXECUTION_DATE=2022-09-28T00:00:00+00:00
AIRFLOW_CTX_TRY_NUMBER=1
AIRFLOW_CTX_DAG_RUN_ID=scheduled__2022-09-28T00:00:00+00:00
[2023-10-20 23:20:48,010] {subprocess.py:62} INFO - Tmp dir root location: 
 /tmp
[2023-10-20 23:20:48,011] {subprocess.py:74} INFO - Running command: ['bash', '-c', 'echo hola mundo, esta es nuestra primera tarea!']
[2023-10-20 23:20:48,024] {subprocess.py:85} INFO - Output:
[2023-10-20 23:20:48,027] {subprocess.py:92} INFO - hola mundo, esta es nuestra primera tarea!
[2023-10-20 23:20:48,030] {subprocess.py:96} INFO - Command exited with return code 0
[2023-10-20 23:20:48,103] {taskinstance.py:1420} INFO - Marking task as SUCCESS. dag_id=mi_primer_dag_v3, task_id=primera_tarea, execution_date=20220928T000000, start_date=20231020T232047, end_date=20231020T232048
[2023-10-20 23:20:48,154] {local_task_job.py:156} INFO - Task exited with return code 0
[2023-10-20 23:20:48,219] {local_task_job.py:273} INFO - 2 downstream tasks scheduled from follow-on schedule check
