[2023-10-20 23:30:03,903] {taskinstance.py:1179} INFO - Dependencies all met for <TaskInstance: mi_primer_dag.primer_task scheduled__2023-03-01T00:00:00+00:00 [queued]>
[2023-10-20 23:30:03,915] {taskinstance.py:1179} INFO - Dependencies all met for <TaskInstance: mi_primer_dag.primer_task scheduled__2023-03-01T00:00:00+00:00 [queued]>
[2023-10-20 23:30:03,916] {taskinstance.py:1376} INFO - 
--------------------------------------------------------------------------------
[2023-10-20 23:30:03,916] {taskinstance.py:1377} INFO - Starting attempt 1 of 6
[2023-10-20 23:30:03,917] {taskinstance.py:1378} INFO - 
--------------------------------------------------------------------------------
[2023-10-20 23:30:03,936] {taskinstance.py:1397} INFO - Executing <Task(BashOperator): primer_task> on 2023-03-01 00:00:00+00:00
[2023-10-20 23:30:03,940] {standard_task_runner.py:52} INFO - Started process 1470 to run task
[2023-10-20 23:30:03,944] {standard_task_runner.py:79} INFO - Running: ['***', 'tasks', 'run', 'mi_primer_dag', 'primer_task', 'scheduled__2023-03-01T00:00:00+00:00', '--job-id', '1543', '--raw', '--subdir', 'DAGS_FOLDER/mi_primer_dag.py', '--cfg-path', '/tmp/tmp8jzizf33', '--error-file', '/tmp/tmpyp96jzgw']
[2023-10-20 23:30:03,945] {standard_task_runner.py:80} INFO - Job 1543: Subtask primer_task
[2023-10-20 23:30:04,027] {task_command.py:371} INFO - Running <TaskInstance: mi_primer_dag.primer_task scheduled__2023-03-01T00:00:00+00:00 [running]> on host dfdda228c9fc
[2023-10-20 23:30:04,119] {taskinstance.py:1591} INFO - Exporting the following env vars:
AIRFLOW_CTX_DAG_OWNER=DavidBU
AIRFLOW_CTX_DAG_ID=mi_primer_dag
AIRFLOW_CTX_TASK_ID=primer_task
AIRFLOW_CTX_EXECUTION_DATE=2023-03-01T00:00:00+00:00
AIRFLOW_CTX_TRY_NUMBER=1
AIRFLOW_CTX_DAG_RUN_ID=scheduled__2023-03-01T00:00:00+00:00
[2023-10-20 23:30:04,121] {subprocess.py:62} INFO - Tmp dir root location: 
 /tmp
[2023-10-20 23:30:04,122] {subprocess.py:74} INFO - Running command: ['bash', '-c', 'echo hola mundo, esta es nuestra primera tarea usando bash operator!']
[2023-10-20 23:30:04,132] {subprocess.py:85} INFO - Output:
[2023-10-20 23:30:04,134] {subprocess.py:92} INFO - hola mundo, esta es nuestra primera tarea usando bash operator!
[2023-10-20 23:30:04,135] {subprocess.py:96} INFO - Command exited with return code 0
[2023-10-20 23:30:04,190] {taskinstance.py:1420} INFO - Marking task as SUCCESS. dag_id=mi_primer_dag, task_id=primer_task, execution_date=20230301T000000, start_date=20231020T233003, end_date=20231020T233004
[2023-10-20 23:30:04,237] {local_task_job.py:156} INFO - Task exited with return code 0
[2023-10-20 23:30:04,283] {local_task_job.py:273} INFO - 0 downstream tasks scheduled from follow-on schedule check
