[2023-10-20 23:32:51,594] {taskinstance.py:1179} INFO - Dependencies all met for <TaskInstance: mi_primer_dar_con_PythonOperator.aloha_david scheduled__2022-11-14T00:00:00+00:00 [queued]>
[2023-10-20 23:32:51,610] {taskinstance.py:1179} INFO - Dependencies all met for <TaskInstance: mi_primer_dar_con_PythonOperator.aloha_david scheduled__2022-11-14T00:00:00+00:00 [queued]>
[2023-10-20 23:32:51,611] {taskinstance.py:1376} INFO - 
--------------------------------------------------------------------------------
[2023-10-20 23:32:51,612] {taskinstance.py:1377} INFO - Starting attempt 1 of 6
[2023-10-20 23:32:51,613] {taskinstance.py:1378} INFO - 
--------------------------------------------------------------------------------
[2023-10-20 23:32:51,633] {taskinstance.py:1397} INFO - Executing <Task(PythonOperator): aloha_david> on 2022-11-14 00:00:00+00:00
[2023-10-20 23:32:51,638] {standard_task_runner.py:52} INFO - Started process 562 to run task
[2023-10-20 23:32:51,642] {standard_task_runner.py:79} INFO - Running: ['***', 'tasks', 'run', 'mi_primer_dar_con_PythonOperator', 'aloha_david', 'scheduled__2022-11-14T00:00:00+00:00', '--job-id', '1718', '--raw', '--subdir', 'DAGS_FOLDER/mi_primer_dag_pythonoperator.py', '--cfg-path', '/tmp/tmpn2vuxnno', '--error-file', '/tmp/tmp8no465gh']
[2023-10-20 23:32:51,644] {standard_task_runner.py:80} INFO - Job 1718: Subtask aloha_david
[2023-10-20 23:32:51,728] {task_command.py:371} INFO - Running <TaskInstance: mi_primer_dar_con_PythonOperator.aloha_david scheduled__2022-11-14T00:00:00+00:00 [running]> on host dfdda228c9fc
[2023-10-20 23:32:51,824] {taskinstance.py:1591} INFO - Exporting the following env vars:
AIRFLOW_CTX_DAG_OWNER=DavidBU
AIRFLOW_CTX_DAG_ID=mi_primer_dar_con_PythonOperator
AIRFLOW_CTX_TASK_ID=aloha_david
AIRFLOW_CTX_EXECUTION_DATE=2022-11-14T00:00:00+00:00
AIRFLOW_CTX_TRY_NUMBER=1
AIRFLOW_CTX_DAG_RUN_ID=scheduled__2022-11-14T00:00:00+00:00
[2023-10-20 23:32:51,826] {logging_mixin.py:115} INFO - Aloha Mundo soy yo!
[2023-10-20 23:32:51,826] {python.py:173} INFO - Done. Returned value was: None
[2023-10-20 23:32:51,843] {taskinstance.py:1420} INFO - Marking task as SUCCESS. dag_id=mi_primer_dar_con_PythonOperator, task_id=aloha_david, execution_date=20221114T000000, start_date=20231020T233251, end_date=20231020T233251
[2023-10-20 23:32:51,894] {local_task_job.py:156} INFO - Task exited with return code 0
[2023-10-20 23:32:51,947] {local_task_job.py:273} INFO - 0 downstream tasks scheduled from follow-on schedule check
