[2023-10-20 23:20:37,316] {taskinstance.py:1179} INFO - Dependencies all met for <TaskInstance: mi_primer_dag_v3.primera_tarea scheduled__2022-09-02T00:00:00+00:00 [queued]>
[2023-10-20 23:20:37,327] {taskinstance.py:1179} INFO - Dependencies all met for <TaskInstance: mi_primer_dag_v3.primera_tarea scheduled__2022-09-02T00:00:00+00:00 [queued]>
[2023-10-20 23:20:37,328] {taskinstance.py:1376} INFO - 
--------------------------------------------------------------------------------
[2023-10-20 23:20:37,329] {taskinstance.py:1377} INFO - Starting attempt 1 of 6
[2023-10-20 23:20:37,329] {taskinstance.py:1378} INFO - 
--------------------------------------------------------------------------------
[2023-10-20 23:20:37,347] {taskinstance.py:1397} INFO - Executing <Task(BashOperator): primera_tarea> on 2022-09-02 00:00:00+00:00
[2023-10-20 23:20:37,352] {standard_task_runner.py:52} INFO - Started process 500 to run task
[2023-10-20 23:20:37,355] {standard_task_runner.py:79} INFO - Running: ['***', 'tasks', 'run', 'mi_primer_dag_v3', 'primera_tarea', 'scheduled__2022-09-02T00:00:00+00:00', '--job-id', '97', '--raw', '--subdir', 'DAGS_FOLDER/primer_dag_v3.py', '--cfg-path', '/tmp/tmp0xl_xruf', '--error-file', '/tmp/tmpjp66xa06']
[2023-10-20 23:20:37,357] {standard_task_runner.py:80} INFO - Job 97: Subtask primera_tarea
[2023-10-20 23:20:37,427] {task_command.py:371} INFO - Running <TaskInstance: mi_primer_dag_v3.primera_tarea scheduled__2022-09-02T00:00:00+00:00 [running]> on host dfdda228c9fc
[2023-10-20 23:20:37,515] {taskinstance.py:1591} INFO - Exporting the following env vars:
AIRFLOW_CTX_DAG_OWNER=DavidBU
AIRFLOW_CTX_DAG_ID=mi_primer_dag_v3
AIRFLOW_CTX_TASK_ID=primera_tarea
AIRFLOW_CTX_EXECUTION_DATE=2022-09-02T00:00:00+00:00
AIRFLOW_CTX_TRY_NUMBER=1
AIRFLOW_CTX_DAG_RUN_ID=scheduled__2022-09-02T00:00:00+00:00
[2023-10-20 23:20:37,517] {subprocess.py:62} INFO - Tmp dir root location: 
 /tmp
[2023-10-20 23:20:37,518] {subprocess.py:74} INFO - Running command: ['bash', '-c', 'echo hola mundo, esta es nuestra primera tarea!']
[2023-10-20 23:20:37,527] {subprocess.py:85} INFO - Output:
[2023-10-20 23:20:37,529] {subprocess.py:92} INFO - hola mundo, esta es nuestra primera tarea!
[2023-10-20 23:20:37,530] {subprocess.py:96} INFO - Command exited with return code 0
[2023-10-20 23:20:37,571] {taskinstance.py:1420} INFO - Marking task as SUCCESS. dag_id=mi_primer_dag_v3, task_id=primera_tarea, execution_date=20220902T000000, start_date=20231020T232037, end_date=20231020T232037
[2023-10-20 23:20:37,609] {local_task_job.py:156} INFO - Task exited with return code 0
[2023-10-20 23:20:37,678] {local_task_job.py:273} INFO - 0 downstream tasks scheduled from follow-on schedule check
