[2023-10-20 23:22:31,531] {taskinstance.py:1179} INFO - Dependencies all met for <TaskInstance: mi_primer_dag_v3.segunda_tarea scheduled__2023-04-19T00:00:00+00:00 [queued]>
[2023-10-20 23:22:31,551] {taskinstance.py:1179} INFO - Dependencies all met for <TaskInstance: mi_primer_dag_v3.segunda_tarea scheduled__2023-04-19T00:00:00+00:00 [queued]>
[2023-10-20 23:22:31,552] {taskinstance.py:1376} INFO - 
--------------------------------------------------------------------------------
[2023-10-20 23:22:31,553] {taskinstance.py:1377} INFO - Starting attempt 1 of 6
[2023-10-20 23:22:31,553] {taskinstance.py:1378} INFO - 
--------------------------------------------------------------------------------
[2023-10-20 23:22:31,576] {taskinstance.py:1397} INFO - Executing <Task(BashOperator): segunda_tarea> on 2023-04-19 00:00:00+00:00
[2023-10-20 23:22:31,582] {standard_task_runner.py:52} INFO - Started process 2643 to run task
[2023-10-20 23:22:31,587] {standard_task_runner.py:79} INFO - Running: ['***', 'tasks', 'run', 'mi_primer_dag_v3', 'segunda_tarea', 'scheduled__2023-04-19T00:00:00+00:00', '--job-id', '792', '--raw', '--subdir', 'DAGS_FOLDER/primer_dag_v3.py', '--cfg-path', '/tmp/tmp5ofll5zf', '--error-file', '/tmp/tmp8ikekx01']
[2023-10-20 23:22:31,589] {standard_task_runner.py:80} INFO - Job 792: Subtask segunda_tarea
[2023-10-20 23:22:31,725] {task_command.py:371} INFO - Running <TaskInstance: mi_primer_dag_v3.segunda_tarea scheduled__2023-04-19T00:00:00+00:00 [running]> on host dfdda228c9fc
[2023-10-20 23:22:31,861] {taskinstance.py:1591} INFO - Exporting the following env vars:
AIRFLOW_CTX_DAG_OWNER=DavidBU
AIRFLOW_CTX_DAG_ID=mi_primer_dag_v3
AIRFLOW_CTX_TASK_ID=segunda_tarea
AIRFLOW_CTX_EXECUTION_DATE=2023-04-19T00:00:00+00:00
AIRFLOW_CTX_TRY_NUMBER=1
AIRFLOW_CTX_DAG_RUN_ID=scheduled__2023-04-19T00:00:00+00:00
[2023-10-20 23:22:31,863] {subprocess.py:62} INFO - Tmp dir root location: 
 /tmp
[2023-10-20 23:22:31,865] {subprocess.py:74} INFO - Running command: ['bash', '-c', 'echo hola, soy la tarea 2 y sere corrida luego de la Tarea 1']
[2023-10-20 23:22:31,879] {subprocess.py:85} INFO - Output:
[2023-10-20 23:22:31,880] {subprocess.py:92} INFO - hola, soy la tarea 2 y sere corrida luego de la Tarea 1
[2023-10-20 23:22:31,881] {subprocess.py:96} INFO - Command exited with return code 0
[2023-10-20 23:22:31,960] {taskinstance.py:1420} INFO - Marking task as SUCCESS. dag_id=mi_primer_dag_v3, task_id=segunda_tarea, execution_date=20230419T000000, start_date=20231020T232231, end_date=20231020T232231
[2023-10-20 23:22:32,005] {local_task_job.py:156} INFO - Task exited with return code 0
[2023-10-20 23:22:32,070] {local_task_job.py:273} INFO - 0 downstream tasks scheduled from follow-on schedule check
