[2023-10-20 23:21:46,150] {taskinstance.py:1179} INFO - Dependencies all met for <TaskInstance: mi_primer_dag_v3.tercera_tarea scheduled__2023-01-21T00:00:00+00:00 [queued]>
[2023-10-20 23:21:46,169] {taskinstance.py:1179} INFO - Dependencies all met for <TaskInstance: mi_primer_dag_v3.tercera_tarea scheduled__2023-01-21T00:00:00+00:00 [queued]>
[2023-10-20 23:21:46,170] {taskinstance.py:1376} INFO - 
--------------------------------------------------------------------------------
[2023-10-20 23:21:46,171] {taskinstance.py:1377} INFO - Starting attempt 1 of 6
[2023-10-20 23:21:46,171] {taskinstance.py:1378} INFO - 
--------------------------------------------------------------------------------
[2023-10-20 23:21:46,193] {taskinstance.py:1397} INFO - Executing <Task(BashOperator): tercera_tarea> on 2023-01-21 00:00:00+00:00
[2023-10-20 23:21:46,199] {standard_task_runner.py:52} INFO - Started process 1818 to run task
[2023-10-20 23:21:46,203] {standard_task_runner.py:79} INFO - Running: ['***', 'tasks', 'run', 'mi_primer_dag_v3', 'tercera_tarea', 'scheduled__2023-01-21T00:00:00+00:00', '--job-id', '525', '--raw', '--subdir', 'DAGS_FOLDER/primer_dag_v3.py', '--cfg-path', '/tmp/tmpbcaf2pct', '--error-file', '/tmp/tmpuhqt3mrb']
[2023-10-20 23:21:46,205] {standard_task_runner.py:80} INFO - Job 525: Subtask tercera_tarea
[2023-10-20 23:21:46,287] {task_command.py:371} INFO - Running <TaskInstance: mi_primer_dag_v3.tercera_tarea scheduled__2023-01-21T00:00:00+00:00 [running]> on host dfdda228c9fc
[2023-10-20 23:21:46,375] {taskinstance.py:1591} INFO - Exporting the following env vars:
AIRFLOW_CTX_DAG_OWNER=DavidBU
AIRFLOW_CTX_DAG_ID=mi_primer_dag_v3
AIRFLOW_CTX_TASK_ID=tercera_tarea
AIRFLOW_CTX_EXECUTION_DATE=2023-01-21T00:00:00+00:00
AIRFLOW_CTX_TRY_NUMBER=1
AIRFLOW_CTX_DAG_RUN_ID=scheduled__2023-01-21T00:00:00+00:00
[2023-10-20 23:21:46,376] {subprocess.py:62} INFO - Tmp dir root location: 
 /tmp
[2023-10-20 23:21:46,377] {subprocess.py:74} INFO - Running command: ['bash', '-c', 'echo hola, soy la tarea 3 y sere corrida luego de Tarea 1 al mismo tiempo que Tarea 2']
[2023-10-20 23:21:46,386] {subprocess.py:85} INFO - Output:
[2023-10-20 23:21:46,388] {subprocess.py:92} INFO - hola, soy la tarea 3 y sere corrida luego de Tarea 1 al mismo tiempo que Tarea 2
[2023-10-20 23:21:46,389] {subprocess.py:96} INFO - Command exited with return code 0
[2023-10-20 23:21:46,421] {taskinstance.py:1420} INFO - Marking task as SUCCESS. dag_id=mi_primer_dag_v3, task_id=tercera_tarea, execution_date=20230121T000000, start_date=20231020T232146, end_date=20231020T232146
[2023-10-20 23:21:46,456] {local_task_job.py:156} INFO - Task exited with return code 0
[2023-10-20 23:21:46,487] {local_task_job.py:273} INFO - 0 downstream tasks scheduled from follow-on schedule check
