[2023-10-20 23:28:15,229] {taskinstance.py:1179} INFO - Dependencies all met for <TaskInstance: mi_primer_dag_v3.tercera_tarea scheduled__2023-09-06T00:00:00+00:00 [queued]>
[2023-10-20 23:28:15,247] {taskinstance.py:1179} INFO - Dependencies all met for <TaskInstance: mi_primer_dag_v3.tercera_tarea scheduled__2023-09-06T00:00:00+00:00 [queued]>
[2023-10-20 23:28:15,248] {taskinstance.py:1376} INFO - 
--------------------------------------------------------------------------------
[2023-10-20 23:28:15,252] {taskinstance.py:1377} INFO - Starting attempt 1 of 6
[2023-10-20 23:28:15,252] {taskinstance.py:1378} INFO - 
--------------------------------------------------------------------------------
[2023-10-20 23:28:15,284] {taskinstance.py:1397} INFO - Executing <Task(BashOperator): tercera_tarea> on 2023-09-06 00:00:00+00:00
[2023-10-20 23:28:15,290] {standard_task_runner.py:52} INFO - Started process 405 to run task
[2023-10-20 23:28:15,295] {standard_task_runner.py:79} INFO - Running: ['***', 'tasks', 'run', 'mi_primer_dag_v3', 'tercera_tarea', 'scheduled__2023-09-06T00:00:00+00:00', '--job-id', '1221', '--raw', '--subdir', 'DAGS_FOLDER/primer_dag_v3.py', '--cfg-path', '/tmp/tmp24raui2a', '--error-file', '/tmp/tmpay4s0d45']
[2023-10-20 23:28:15,297] {standard_task_runner.py:80} INFO - Job 1221: Subtask tercera_tarea
[2023-10-20 23:28:15,417] {task_command.py:371} INFO - Running <TaskInstance: mi_primer_dag_v3.tercera_tarea scheduled__2023-09-06T00:00:00+00:00 [running]> on host dfdda228c9fc
[2023-10-20 23:28:15,514] {taskinstance.py:1591} INFO - Exporting the following env vars:
AIRFLOW_CTX_DAG_OWNER=DavidBU
AIRFLOW_CTX_DAG_ID=mi_primer_dag_v3
AIRFLOW_CTX_TASK_ID=tercera_tarea
AIRFLOW_CTX_EXECUTION_DATE=2023-09-06T00:00:00+00:00
AIRFLOW_CTX_TRY_NUMBER=1
AIRFLOW_CTX_DAG_RUN_ID=scheduled__2023-09-06T00:00:00+00:00
[2023-10-20 23:28:15,516] {subprocess.py:62} INFO - Tmp dir root location: 
 /tmp
[2023-10-20 23:28:15,517] {subprocess.py:74} INFO - Running command: ['bash', '-c', 'echo hola, soy la tarea 3 y sere corrida luego de Tarea 1 al mismo tiempo que Tarea 2']
[2023-10-20 23:28:15,528] {subprocess.py:85} INFO - Output:
[2023-10-20 23:28:15,529] {subprocess.py:92} INFO - hola, soy la tarea 3 y sere corrida luego de Tarea 1 al mismo tiempo que Tarea 2
[2023-10-20 23:28:15,530] {subprocess.py:96} INFO - Command exited with return code 0
[2023-10-20 23:28:15,566] {taskinstance.py:1420} INFO - Marking task as SUCCESS. dag_id=mi_primer_dag_v3, task_id=tercera_tarea, execution_date=20230906T000000, start_date=20231020T232815, end_date=20231020T232815
[2023-10-20 23:28:15,588] {local_task_job.py:156} INFO - Task exited with return code 0
[2023-10-20 23:28:15,626] {local_task_job.py:273} INFO - 0 downstream tasks scheduled from follow-on schedule check
