[2023-10-20 23:22:38,691] {taskinstance.py:1179} INFO - Dependencies all met for <TaskInstance: mi_primer_dag_v3.segunda_tarea scheduled__2023-05-07T00:00:00+00:00 [queued]>
[2023-10-20 23:22:38,704] {taskinstance.py:1179} INFO - Dependencies all met for <TaskInstance: mi_primer_dag_v3.segunda_tarea scheduled__2023-05-07T00:00:00+00:00 [queued]>
[2023-10-20 23:22:38,704] {taskinstance.py:1376} INFO - 
--------------------------------------------------------------------------------
[2023-10-20 23:22:38,705] {taskinstance.py:1377} INFO - Starting attempt 1 of 6
[2023-10-20 23:22:38,705] {taskinstance.py:1378} INFO - 
--------------------------------------------------------------------------------
[2023-10-20 23:22:38,721] {taskinstance.py:1397} INFO - Executing <Task(BashOperator): segunda_tarea> on 2023-05-07 00:00:00+00:00
[2023-10-20 23:22:38,725] {standard_task_runner.py:52} INFO - Started process 2798 to run task
[2023-10-20 23:22:38,728] {standard_task_runner.py:79} INFO - Running: ['***', 'tasks', 'run', 'mi_primer_dag_v3', 'segunda_tarea', 'scheduled__2023-05-07T00:00:00+00:00', '--job-id', '842', '--raw', '--subdir', 'DAGS_FOLDER/primer_dag_v3.py', '--cfg-path', '/tmp/tmpmpc4y1o8', '--error-file', '/tmp/tmpvok9h4qk']
[2023-10-20 23:22:38,730] {standard_task_runner.py:80} INFO - Job 842: Subtask segunda_tarea
[2023-10-20 23:22:38,814] {task_command.py:371} INFO - Running <TaskInstance: mi_primer_dag_v3.segunda_tarea scheduled__2023-05-07T00:00:00+00:00 [running]> on host dfdda228c9fc
[2023-10-20 23:22:38,903] {taskinstance.py:1591} INFO - Exporting the following env vars:
AIRFLOW_CTX_DAG_OWNER=DavidBU
AIRFLOW_CTX_DAG_ID=mi_primer_dag_v3
AIRFLOW_CTX_TASK_ID=segunda_tarea
AIRFLOW_CTX_EXECUTION_DATE=2023-05-07T00:00:00+00:00
AIRFLOW_CTX_TRY_NUMBER=1
AIRFLOW_CTX_DAG_RUN_ID=scheduled__2023-05-07T00:00:00+00:00
[2023-10-20 23:22:38,904] {subprocess.py:62} INFO - Tmp dir root location: 
 /tmp
[2023-10-20 23:22:38,905] {subprocess.py:74} INFO - Running command: ['bash', '-c', 'echo hola, soy la tarea 2 y sere corrida luego de la Tarea 1']
[2023-10-20 23:22:38,914] {subprocess.py:85} INFO - Output:
[2023-10-20 23:22:38,916] {subprocess.py:92} INFO - hola, soy la tarea 2 y sere corrida luego de la Tarea 1
[2023-10-20 23:22:38,917] {subprocess.py:96} INFO - Command exited with return code 0
[2023-10-20 23:22:38,953] {taskinstance.py:1420} INFO - Marking task as SUCCESS. dag_id=mi_primer_dag_v3, task_id=segunda_tarea, execution_date=20230507T000000, start_date=20231020T232238, end_date=20231020T232238
[2023-10-20 23:22:38,981] {local_task_job.py:156} INFO - Task exited with return code 0
[2023-10-20 23:22:39,035] {local_task_job.py:273} INFO - 0 downstream tasks scheduled from follow-on schedule check
