[2023-10-20 23:20:23,732] {taskinstance.py:1179} INFO - Dependencies all met for <TaskInstance: mi_primer_dag_v3.tercera_tarea scheduled__2022-08-05T00:00:00+00:00 [queued]>
[2023-10-20 23:20:23,752] {taskinstance.py:1179} INFO - Dependencies all met for <TaskInstance: mi_primer_dag_v3.tercera_tarea scheduled__2022-08-05T00:00:00+00:00 [queued]>
[2023-10-20 23:20:23,752] {taskinstance.py:1376} INFO - 
--------------------------------------------------------------------------------
[2023-10-20 23:20:23,759] {taskinstance.py:1377} INFO - Starting attempt 1 of 6
[2023-10-20 23:20:23,760] {taskinstance.py:1378} INFO - 
--------------------------------------------------------------------------------
[2023-10-20 23:20:23,789] {taskinstance.py:1397} INFO - Executing <Task(BashOperator): tercera_tarea> on 2022-08-05 00:00:00+00:00
[2023-10-20 23:20:23,795] {standard_task_runner.py:52} INFO - Started process 258 to run task
[2023-10-20 23:20:23,800] {standard_task_runner.py:79} INFO - Running: ['***', 'tasks', 'run', 'mi_primer_dag_v3', 'tercera_tarea', 'scheduled__2022-08-05T00:00:00+00:00', '--job-id', '18', '--raw', '--subdir', 'DAGS_FOLDER/primer_dag_v3.py', '--cfg-path', '/tmp/tmpfki9qjc9', '--error-file', '/tmp/tmp8bxdi1k7']
[2023-10-20 23:20:23,803] {standard_task_runner.py:80} INFO - Job 18: Subtask tercera_tarea
[2023-10-20 23:20:23,915] {task_command.py:371} INFO - Running <TaskInstance: mi_primer_dag_v3.tercera_tarea scheduled__2022-08-05T00:00:00+00:00 [running]> on host dfdda228c9fc
[2023-10-20 23:20:24,055] {taskinstance.py:1591} INFO - Exporting the following env vars:
AIRFLOW_CTX_DAG_OWNER=DavidBU
AIRFLOW_CTX_DAG_ID=mi_primer_dag_v3
AIRFLOW_CTX_TASK_ID=tercera_tarea
AIRFLOW_CTX_EXECUTION_DATE=2022-08-05T00:00:00+00:00
AIRFLOW_CTX_TRY_NUMBER=1
AIRFLOW_CTX_DAG_RUN_ID=scheduled__2022-08-05T00:00:00+00:00
[2023-10-20 23:20:24,059] {subprocess.py:62} INFO - Tmp dir root location: 
 /tmp
[2023-10-20 23:20:24,060] {subprocess.py:74} INFO - Running command: ['bash', '-c', 'echo hola, soy la tarea 3 y sere corrida luego de Tarea 1 al mismo tiempo que Tarea 2']
[2023-10-20 23:20:24,078] {subprocess.py:85} INFO - Output:
[2023-10-20 23:20:24,081] {subprocess.py:92} INFO - hola, soy la tarea 3 y sere corrida luego de Tarea 1 al mismo tiempo que Tarea 2
[2023-10-20 23:20:24,082] {subprocess.py:96} INFO - Command exited with return code 0
[2023-10-20 23:20:24,157] {taskinstance.py:1420} INFO - Marking task as SUCCESS. dag_id=mi_primer_dag_v3, task_id=tercera_tarea, execution_date=20220805T000000, start_date=20231020T232023, end_date=20231020T232024
[2023-10-20 23:20:24,222] {local_task_job.py:156} INFO - Task exited with return code 0
[2023-10-20 23:20:24,287] {local_task_job.py:273} INFO - 0 downstream tasks scheduled from follow-on schedule check
