[2023-10-20 23:21:03,831] {taskinstance.py:1179} INFO - Dependencies all met for <TaskInstance: mi_primer_dag_v3.segunda_tarea scheduled__2022-10-29T00:00:00+00:00 [queued]>
[2023-10-20 23:21:03,850] {taskinstance.py:1179} INFO - Dependencies all met for <TaskInstance: mi_primer_dag_v3.segunda_tarea scheduled__2022-10-29T00:00:00+00:00 [queued]>
[2023-10-20 23:21:03,850] {taskinstance.py:1376} INFO - 
--------------------------------------------------------------------------------
[2023-10-20 23:21:03,852] {taskinstance.py:1377} INFO - Starting attempt 1 of 6
[2023-10-20 23:21:03,853] {taskinstance.py:1378} INFO - 
--------------------------------------------------------------------------------
[2023-10-20 23:21:03,878] {taskinstance.py:1397} INFO - Executing <Task(BashOperator): segunda_tarea> on 2022-10-29 00:00:00+00:00
[2023-10-20 23:21:03,884] {standard_task_runner.py:52} INFO - Started process 1063 to run task
[2023-10-20 23:21:03,888] {standard_task_runner.py:79} INFO - Running: ['***', 'tasks', 'run', 'mi_primer_dag_v3', 'segunda_tarea', 'scheduled__2022-10-29T00:00:00+00:00', '--job-id', '277', '--raw', '--subdir', 'DAGS_FOLDER/primer_dag_v3.py', '--cfg-path', '/tmp/tmp4djshpcu', '--error-file', '/tmp/tmpfrlc828c']
[2023-10-20 23:21:03,891] {standard_task_runner.py:80} INFO - Job 277: Subtask segunda_tarea
[2023-10-20 23:21:04,011] {task_command.py:371} INFO - Running <TaskInstance: mi_primer_dag_v3.segunda_tarea scheduled__2022-10-29T00:00:00+00:00 [running]> on host dfdda228c9fc
[2023-10-20 23:21:04,180] {taskinstance.py:1591} INFO - Exporting the following env vars:
AIRFLOW_CTX_DAG_OWNER=DavidBU
AIRFLOW_CTX_DAG_ID=mi_primer_dag_v3
AIRFLOW_CTX_TASK_ID=segunda_tarea
AIRFLOW_CTX_EXECUTION_DATE=2022-10-29T00:00:00+00:00
AIRFLOW_CTX_TRY_NUMBER=1
AIRFLOW_CTX_DAG_RUN_ID=scheduled__2022-10-29T00:00:00+00:00
[2023-10-20 23:21:04,182] {subprocess.py:62} INFO - Tmp dir root location: 
 /tmp
[2023-10-20 23:21:04,184] {subprocess.py:74} INFO - Running command: ['bash', '-c', 'echo hola, soy la tarea 2 y sere corrida luego de la Tarea 1']
[2023-10-20 23:21:04,197] {subprocess.py:85} INFO - Output:
[2023-10-20 23:21:04,199] {subprocess.py:92} INFO - hola, soy la tarea 2 y sere corrida luego de la Tarea 1
[2023-10-20 23:21:04,200] {subprocess.py:96} INFO - Command exited with return code 0
[2023-10-20 23:21:04,305] {taskinstance.py:1420} INFO - Marking task as SUCCESS. dag_id=mi_primer_dag_v3, task_id=segunda_tarea, execution_date=20221029T000000, start_date=20231020T232103, end_date=20231020T232104
[2023-10-20 23:21:04,346] {local_task_job.py:156} INFO - Task exited with return code 0
[2023-10-20 23:21:04,435] {local_task_job.py:273} INFO - 0 downstream tasks scheduled from follow-on schedule check
