[2023-10-20 23:28:24,579] {taskinstance.py:1179} INFO - Dependencies all met for <TaskInstance: mi_primer_dag_v3.primera_tarea scheduled__2023-09-27T00:00:00+00:00 [queued]>
[2023-10-20 23:28:24,590] {taskinstance.py:1179} INFO - Dependencies all met for <TaskInstance: mi_primer_dag_v3.primera_tarea scheduled__2023-09-27T00:00:00+00:00 [queued]>
[2023-10-20 23:28:24,590] {taskinstance.py:1376} INFO - 
--------------------------------------------------------------------------------
[2023-10-20 23:28:24,591] {taskinstance.py:1377} INFO - Starting attempt 1 of 6
[2023-10-20 23:28:24,591] {taskinstance.py:1378} INFO - 
--------------------------------------------------------------------------------
[2023-10-20 23:28:24,609] {taskinstance.py:1397} INFO - Executing <Task(BashOperator): primera_tarea> on 2023-09-27 00:00:00+00:00
[2023-10-20 23:28:24,613] {standard_task_runner.py:52} INFO - Started process 562 to run task
[2023-10-20 23:28:24,616] {standard_task_runner.py:79} INFO - Running: ['***', 'tasks', 'run', 'mi_primer_dag_v3', 'primera_tarea', 'scheduled__2023-09-27T00:00:00+00:00', '--job-id', '1274', '--raw', '--subdir', 'DAGS_FOLDER/primer_dag_v3.py', '--cfg-path', '/tmp/tmpl_04e9k1', '--error-file', '/tmp/tmpocoy367x']
[2023-10-20 23:28:24,618] {standard_task_runner.py:80} INFO - Job 1274: Subtask primera_tarea
[2023-10-20 23:28:24,697] {task_command.py:371} INFO - Running <TaskInstance: mi_primer_dag_v3.primera_tarea scheduled__2023-09-27T00:00:00+00:00 [running]> on host dfdda228c9fc
[2023-10-20 23:28:24,793] {taskinstance.py:1591} INFO - Exporting the following env vars:
AIRFLOW_CTX_DAG_OWNER=DavidBU
AIRFLOW_CTX_DAG_ID=mi_primer_dag_v3
AIRFLOW_CTX_TASK_ID=primera_tarea
AIRFLOW_CTX_EXECUTION_DATE=2023-09-27T00:00:00+00:00
AIRFLOW_CTX_TRY_NUMBER=1
AIRFLOW_CTX_DAG_RUN_ID=scheduled__2023-09-27T00:00:00+00:00
[2023-10-20 23:28:24,795] {subprocess.py:62} INFO - Tmp dir root location: 
 /tmp
[2023-10-20 23:28:24,795] {subprocess.py:74} INFO - Running command: ['bash', '-c', 'echo hola mundo, esta es nuestra primera tarea!']
[2023-10-20 23:28:24,804] {subprocess.py:85} INFO - Output:
[2023-10-20 23:28:24,805] {subprocess.py:92} INFO - hola mundo, esta es nuestra primera tarea!
[2023-10-20 23:28:24,806] {subprocess.py:96} INFO - Command exited with return code 0
[2023-10-20 23:28:24,854] {taskinstance.py:1420} INFO - Marking task as SUCCESS. dag_id=mi_primer_dag_v3, task_id=primera_tarea, execution_date=20230927T000000, start_date=20231020T232824, end_date=20231020T232824
[2023-10-20 23:28:24,909] {local_task_job.py:156} INFO - Task exited with return code 0
[2023-10-20 23:28:24,979] {local_task_job.py:273} INFO - 2 downstream tasks scheduled from follow-on schedule check
