[2023-10-20 23:32:30,046] {taskinstance.py:1179} INFO - Dependencies all met for <TaskInstance: mi_primer_dar_con_PythonOperator.aloha_david scheduled__2022-09-30T00:00:00+00:00 [queued]>
[2023-10-20 23:32:30,060] {taskinstance.py:1179} INFO - Dependencies all met for <TaskInstance: mi_primer_dar_con_PythonOperator.aloha_david scheduled__2022-09-30T00:00:00+00:00 [queued]>
[2023-10-20 23:32:30,060] {taskinstance.py:1376} INFO - 
--------------------------------------------------------------------------------
[2023-10-20 23:32:30,061] {taskinstance.py:1377} INFO - Starting attempt 1 of 6
[2023-10-20 23:32:30,062] {taskinstance.py:1378} INFO - 
--------------------------------------------------------------------------------
[2023-10-20 23:32:30,080] {taskinstance.py:1397} INFO - Executing <Task(PythonOperator): aloha_david> on 2022-09-30 00:00:00+00:00
[2023-10-20 23:32:30,086] {standard_task_runner.py:52} INFO - Started process 440 to run task
[2023-10-20 23:32:30,089] {standard_task_runner.py:79} INFO - Running: ['***', 'tasks', 'run', 'mi_primer_dar_con_PythonOperator', 'aloha_david', 'scheduled__2022-09-30T00:00:00+00:00', '--job-id', '1673', '--raw', '--subdir', 'DAGS_FOLDER/mi_primer_dag_pythonoperator.py', '--cfg-path', '/tmp/tmpvs14u2q9', '--error-file', '/tmp/tmp2d7hlv2t']
[2023-10-20 23:32:30,103] {standard_task_runner.py:80} INFO - Job 1673: Subtask aloha_david
[2023-10-20 23:32:30,179] {task_command.py:371} INFO - Running <TaskInstance: mi_primer_dar_con_PythonOperator.aloha_david scheduled__2022-09-30T00:00:00+00:00 [running]> on host dfdda228c9fc
[2023-10-20 23:32:30,283] {taskinstance.py:1591} INFO - Exporting the following env vars:
AIRFLOW_CTX_DAG_OWNER=DavidBU
AIRFLOW_CTX_DAG_ID=mi_primer_dar_con_PythonOperator
AIRFLOW_CTX_TASK_ID=aloha_david
AIRFLOW_CTX_EXECUTION_DATE=2022-09-30T00:00:00+00:00
AIRFLOW_CTX_TRY_NUMBER=1
AIRFLOW_CTX_DAG_RUN_ID=scheduled__2022-09-30T00:00:00+00:00
[2023-10-20 23:32:30,284] {logging_mixin.py:115} INFO - Aloha Mundo soy yo!
[2023-10-20 23:32:30,285] {python.py:173} INFO - Done. Returned value was: None
[2023-10-20 23:32:30,298] {taskinstance.py:1420} INFO - Marking task as SUCCESS. dag_id=mi_primer_dar_con_PythonOperator, task_id=aloha_david, execution_date=20220930T000000, start_date=20231020T233230, end_date=20231020T233230
[2023-10-20 23:32:30,342] {local_task_job.py:156} INFO - Task exited with return code 0
[2023-10-20 23:32:30,385] {local_task_job.py:273} INFO - 0 downstream tasks scheduled from follow-on schedule check
